[0.019s] Invoking command in '/home/nfl/husarion_rusak/src/build/btcpp_ros2_interfaces': CMAKE_PREFIX_PATH=${CMAKE_PREFIX_PATH}:/opt/ros/jazzy DEBUGINFOD_URLS=https://debuginfod.ubuntu.com /usr/bin/cmake --build /home/nfl/husarion_rusak/src/build/btcpp_ros2_interfaces -- -j16 -l16
[0.061s] [  1%] Built target btcpp_ros2_interfaces__rosidl_generator_type_description
[0.065s] [  1%] Built target ament_cmake_python_symlink_btcpp_ros2_interfaces
[0.080s] [ 22%] Built target btcpp_ros2_interfaces__rosidl_generator_c
[0.087s] [ 24%] Built target btcpp_ros2_interfaces__cpp
[0.116s] [ 42%] Built target btcpp_ros2_interfaces__rosidl_typesupport_fastrtps_c
[0.116s] [ 55%] Built target btcpp_ros2_interfaces__rosidl_typesupport_introspection_cpp
[0.116s] [ 57%] Built target btcpp_ros2_interfaces__rosidl_typesupport_introspection_c
[0.116s] [ 61%] Built target btcpp_ros2_interfaces__rosidl_typesupport_c
[0.116s] [ 70%] Built target btcpp_ros2_interfaces__rosidl_typesupport_cpp
[0.117s] [ 79%] Built target btcpp_ros2_interfaces__rosidl_typesupport_fastrtps_cpp
[0.137s] [ 79%] Built target btcpp_ros2_interfaces
[0.152s] [ 81%] Built target btcpp_ros2_interfaces__py
[0.179s] [ 88%] Built target btcpp_ros2_interfaces__rosidl_generator_py
[0.197s] [ 92%] Built target btcpp_ros2_interfaces_s__rosidl_typesupport_introspection_c
[0.199s] [ 96%] Built target btcpp_ros2_interfaces_s__rosidl_typesupport_c
[0.199s] [100%] Built target btcpp_ros2_interfaces_s__rosidl_typesupport_fastrtps_c
[0.247s] running egg_info
[0.261s] writing btcpp_ros2_interfaces.egg-info/PKG-INFO
[0.261s] writing dependency_links to btcpp_ros2_interfaces.egg-info/dependency_links.txt
[0.261s] writing top-level names to btcpp_ros2_interfaces.egg-info/top_level.txt
[0.302s] reading manifest file 'btcpp_ros2_interfaces.egg-info/SOURCES.txt'
[0.302s] writing manifest file 'btcpp_ros2_interfaces.egg-info/SOURCES.txt'
[0.324s] [100%] Built target ament_cmake_python_build_btcpp_ros2_interfaces_egg
[0.335s] Invoked command in '/home/nfl/husarion_rusak/src/build/btcpp_ros2_interfaces' returned '0': CMAKE_PREFIX_PATH=${CMAKE_PREFIX_PATH}:/opt/ros/jazzy DEBUGINFOD_URLS=https://debuginfod.ubuntu.com /usr/bin/cmake --build /home/nfl/husarion_rusak/src/build/btcpp_ros2_interfaces -- -j16 -l16
[0.336s] Invoking command in '/home/nfl/husarion_rusak/src/build/btcpp_ros2_interfaces': CMAKE_PREFIX_PATH=${CMAKE_PREFIX_PATH}:/opt/ros/jazzy DEBUGINFOD_URLS=https://debuginfod.ubuntu.com /usr/bin/cmake --install /home/nfl/husarion_rusak/src/build/btcpp_ros2_interfaces
[0.344s] -- Install configuration: "Release"
[0.344s] -- Execute custom install script
[0.344s] -- Up-to-date symlink: /home/nfl/husarion_rusak/src/install/btcpp_ros2_interfaces/share/ament_index/resource_index/rosidl_interfaces/btcpp_ros2_interfaces
[0.344s] -- Up-to-date symlink: /home/nfl/husarion_rusak/src/install/btcpp_ros2_interfaces/share/btcpp_ros2_interfaces/msg/NodeStatus.json
[0.344s] -- Up-to-date symlink: /home/nfl/husarion_rusak/src/install/btcpp_ros2_interfaces/share/btcpp_ros2_interfaces/action/ExecuteTree.json
[0.344s] -- Up-to-date symlink: /home/nfl/husarion_rusak/src/install/btcpp_ros2_interfaces/share/btcpp_ros2_interfaces/action/Sleep.json
[0.345s] -- Up-to-date symlink: /home/nfl/husarion_rusak/src/install/btcpp_ros2_interfaces/include/btcpp_ros2_interfaces/btcpp_ros2_interfaces/action/detail/execute_tree__functions.h
[0.345s] -- Up-to-date symlink: /home/nfl/husarion_rusak/src/install/btcpp_ros2_interfaces/include/btcpp_ros2_interfaces/btcpp_ros2_interfaces/action/detail/execute_tree__struct.h
[0.345s] -- Up-to-date symlink: /home/nfl/husarion_rusak/src/install/btcpp_ros2_interfaces/include/btcpp_ros2_interfaces/btcpp_ros2_interfaces/action/detail/execute_tree__type_support.h
[0.345s] -- Up-to-date symlink: /home/nfl/husarion_rusak/src/install/btcpp_ros2_interfaces/include/btcpp_ros2_interfaces/btcpp_ros2_interfaces/action/detail/sleep__functions.h
[0.345s] -- Up-to-date symlink: /home/nfl/husarion_rusak/src/install/btcpp_ros2_interfaces/include/btcpp_ros2_interfaces/btcpp_ros2_interfaces/action/detail/sleep__struct.h
[0.345s] -- Up-to-date symlink: /home/nfl/husarion_rusak/src/install/btcpp_ros2_interfaces/include/btcpp_ros2_interfaces/btcpp_ros2_interfaces/action/detail/sleep__type_support.h
[0.345s] -- Up-to-date symlink: /home/nfl/husarion_rusak/src/install/btcpp_ros2_interfaces/include/btcpp_ros2_interfaces/btcpp_ros2_interfaces/action/execute_tree.h
[0.345s] -- Up-to-date symlink: /home/nfl/husarion_rusak/src/install/btcpp_ros2_interfaces/include/btcpp_ros2_interfaces/btcpp_ros2_interfaces/action/sleep.h
[0.345s] -- Up-to-date symlink: /home/nfl/husarion_rusak/src/install/btcpp_ros2_interfaces/include/btcpp_ros2_interfaces/btcpp_ros2_interfaces/msg/detail/node_status__functions.h
[0.345s] -- Up-to-date symlink: /home/nfl/husarion_rusak/src/install/btcpp_ros2_interfaces/include/btcpp_ros2_interfaces/btcpp_ros2_interfaces/msg/detail/node_status__struct.h
[0.346s] -- Up-to-date symlink: /home/nfl/husarion_rusak/src/install/btcpp_ros2_interfaces/include/btcpp_ros2_interfaces/btcpp_ros2_interfaces/msg/detail/node_status__type_support.h
[0.346s] -- Up-to-date symlink: /home/nfl/husarion_rusak/src/install/btcpp_ros2_interfaces/include/btcpp_ros2_interfaces/btcpp_ros2_interfaces/msg/node_status.h
[0.346s] -- Up-to-date symlink: /home/nfl/husarion_rusak/src/install/btcpp_ros2_interfaces/include/btcpp_ros2_interfaces/btcpp_ros2_interfaces/msg/rosidl_generator_c__visibility_control.h
[0.346s] -- Up-to-date symlink: /home/nfl/husarion_rusak/src/install/btcpp_ros2_interfaces/share/btcpp_ros2_interfaces/environment/library_path.sh
[0.346s] -- Up-to-date symlink: /home/nfl/husarion_rusak/src/install/btcpp_ros2_interfaces/share/btcpp_ros2_interfaces/environment/library_path.dsv
[0.346s] -- Up-to-date symlink: /home/nfl/husarion_rusak/src/install/btcpp_ros2_interfaces/include/btcpp_ros2_interfaces/btcpp_ros2_interfaces/action/detail/execute_tree__rosidl_typesupport_fastrtps_c.h
[0.346s] -- Up-to-date symlink: /home/nfl/husarion_rusak/src/install/btcpp_ros2_interfaces/include/btcpp_ros2_interfaces/btcpp_ros2_interfaces/action/detail/sleep__rosidl_typesupport_fastrtps_c.h
[0.346s] -- Up-to-date symlink: /home/nfl/husarion_rusak/src/install/btcpp_ros2_interfaces/include/btcpp_ros2_interfaces/btcpp_ros2_interfaces/msg/detail/node_status__rosidl_typesupport_fastrtps_c.h
[0.346s] -- Up-to-date symlink: /home/nfl/husarion_rusak/src/install/btcpp_ros2_interfaces/include/btcpp_ros2_interfaces/btcpp_ros2_interfaces/msg/rosidl_typesupport_fastrtps_c__visibility_control.h
[0.346s] -- Up-to-date symlink: /home/nfl/husarion_rusak/src/install/btcpp_ros2_interfaces/include/btcpp_ros2_interfaces/btcpp_ros2_interfaces/action/detail/execute_tree__rosidl_typesupport_introspection_c.h
[0.346s] -- Up-to-date symlink: /home/nfl/husarion_rusak/src/install/btcpp_ros2_interfaces/include/btcpp_ros2_interfaces/btcpp_ros2_interfaces/action/detail/sleep__rosidl_typesupport_introspection_c.h
[0.347s] -- Up-to-date symlink: /home/nfl/husarion_rusak/src/install/btcpp_ros2_interfaces/include/btcpp_ros2_interfaces/btcpp_ros2_interfaces/msg/detail/node_status__rosidl_typesupport_introspection_c.h
[0.347s] -- Up-to-date symlink: /home/nfl/husarion_rusak/src/install/btcpp_ros2_interfaces/include/btcpp_ros2_interfaces/btcpp_ros2_interfaces/msg/rosidl_typesupport_introspection_c__visibility_control.h
[0.347s] -- Up-to-date symlink: /home/nfl/husarion_rusak/src/install/btcpp_ros2_interfaces/include/btcpp_ros2_interfaces/btcpp_ros2_interfaces/action/detail/execute_tree__builder.hpp
[0.347s] -- Up-to-date symlink: /home/nfl/husarion_rusak/src/install/btcpp_ros2_interfaces/include/btcpp_ros2_interfaces/btcpp_ros2_interfaces/action/detail/execute_tree__struct.hpp
[0.347s] -- Up-to-date symlink: /home/nfl/husarion_rusak/src/install/btcpp_ros2_interfaces/include/btcpp_ros2_interfaces/btcpp_ros2_interfaces/action/detail/execute_tree__traits.hpp
[0.347s] -- Up-to-date symlink: /home/nfl/husarion_rusak/src/install/btcpp_ros2_interfaces/include/btcpp_ros2_interfaces/btcpp_ros2_interfaces/action/detail/execute_tree__type_support.hpp
[0.347s] -- Up-to-date symlink: /home/nfl/husarion_rusak/src/install/btcpp_ros2_interfaces/include/btcpp_ros2_interfaces/btcpp_ros2_interfaces/action/detail/sleep__builder.hpp
[0.347s] -- Up-to-date symlink: /home/nfl/husarion_rusak/src/install/btcpp_ros2_interfaces/include/btcpp_ros2_interfaces/btcpp_ros2_interfaces/action/detail/sleep__struct.hpp
[0.347s] -- Up-to-date symlink: /home/nfl/husarion_rusak/src/install/btcpp_ros2_interfaces/include/btcpp_ros2_interfaces/btcpp_ros2_interfaces/action/detail/sleep__traits.hpp
[0.347s] -- Up-to-date symlink: /home/nfl/husarion_rusak/src/install/btcpp_ros2_interfaces/include/btcpp_ros2_interfaces/btcpp_ros2_interfaces/action/detail/sleep__type_support.hpp
[0.347s] -- Up-to-date symlink: /home/nfl/husarion_rusak/src/install/btcpp_ros2_interfaces/include/btcpp_ros2_interfaces/btcpp_ros2_interfaces/action/execute_tree.hpp
[0.347s] -- Up-to-date symlink: /home/nfl/husarion_rusak/src/install/btcpp_ros2_interfaces/include/btcpp_ros2_interfaces/btcpp_ros2_interfaces/action/sleep.hpp
[0.347s] -- Up-to-date symlink: /home/nfl/husarion_rusak/src/install/btcpp_ros2_interfaces/include/btcpp_ros2_interfaces/btcpp_ros2_interfaces/msg/detail/node_status__builder.hpp
[0.347s] -- Up-to-date symlink: /home/nfl/husarion_rusak/src/install/btcpp_ros2_interfaces/include/btcpp_ros2_interfaces/btcpp_ros2_interfaces/msg/detail/node_status__struct.hpp
[0.348s] -- Up-to-date symlink: /home/nfl/husarion_rusak/src/install/btcpp_ros2_interfaces/include/btcpp_ros2_interfaces/btcpp_ros2_interfaces/msg/detail/node_status__traits.hpp
[0.348s] -- Up-to-date symlink: /home/nfl/husarion_rusak/src/install/btcpp_ros2_interfaces/include/btcpp_ros2_interfaces/btcpp_ros2_interfaces/msg/detail/node_status__type_support.hpp
[0.348s] -- Up-to-date symlink: /home/nfl/husarion_rusak/src/install/btcpp_ros2_interfaces/include/btcpp_ros2_interfaces/btcpp_ros2_interfaces/msg/node_status.hpp
[0.348s] -- Up-to-date symlink: /home/nfl/husarion_rusak/src/install/btcpp_ros2_interfaces/include/btcpp_ros2_interfaces/btcpp_ros2_interfaces/msg/rosidl_generator_cpp__visibility_control.hpp
[0.348s] -- Up-to-date symlink: /home/nfl/husarion_rusak/src/install/btcpp_ros2_interfaces/include/btcpp_ros2_interfaces/btcpp_ros2_interfaces/action/detail/execute_tree__rosidl_typesupport_fastrtps_cpp.hpp
[0.348s] -- Up-to-date symlink: /home/nfl/husarion_rusak/src/install/btcpp_ros2_interfaces/include/btcpp_ros2_interfaces/btcpp_ros2_interfaces/action/detail/sleep__rosidl_typesupport_fastrtps_cpp.hpp
[0.348s] -- Up-to-date symlink: /home/nfl/husarion_rusak/src/install/btcpp_ros2_interfaces/include/btcpp_ros2_interfaces/btcpp_ros2_interfaces/msg/detail/node_status__rosidl_typesupport_fastrtps_cpp.hpp
[0.348s] -- Up-to-date symlink: /home/nfl/husarion_rusak/src/install/btcpp_ros2_interfaces/include/btcpp_ros2_interfaces/btcpp_ros2_interfaces/msg/rosidl_typesupport_fastrtps_cpp__visibility_control.h
[0.348s] -- Up-to-date symlink: /home/nfl/husarion_rusak/src/install/btcpp_ros2_interfaces/include/btcpp_ros2_interfaces/btcpp_ros2_interfaces/action/detail/execute_tree__rosidl_typesupport_introspection_cpp.hpp
[0.348s] -- Up-to-date symlink: /home/nfl/husarion_rusak/src/install/btcpp_ros2_interfaces/include/btcpp_ros2_interfaces/btcpp_ros2_interfaces/action/detail/sleep__rosidl_typesupport_introspection_cpp.hpp
[0.348s] -- Up-to-date symlink: /home/nfl/husarion_rusak/src/install/btcpp_ros2_interfaces/include/btcpp_ros2_interfaces/btcpp_ros2_interfaces/msg/detail/node_status__rosidl_typesupport_introspection_cpp.hpp
[0.349s] -- Up-to-date symlink: /home/nfl/husarion_rusak/src/install/btcpp_ros2_interfaces/share/btcpp_ros2_interfaces/environment/pythonpath.sh
[0.349s] -- Up-to-date symlink: /home/nfl/husarion_rusak/src/install/btcpp_ros2_interfaces/share/btcpp_ros2_interfaces/environment/pythonpath.dsv
[0.349s] -- Up-to-date symlink: /home/nfl/husarion_rusak/src/install/btcpp_ros2_interfaces/lib/python3.12/site-packages/btcpp_ros2_interfaces-0.2.0-py3.12.egg-info/PKG-INFO
[0.349s] -- Up-to-date symlink: /home/nfl/husarion_rusak/src/install/btcpp_ros2_interfaces/lib/python3.12/site-packages/btcpp_ros2_interfaces-0.2.0-py3.12.egg-info/SOURCES.txt
[0.349s] -- Up-to-date symlink: /home/nfl/husarion_rusak/src/install/btcpp_ros2_interfaces/lib/python3.12/site-packages/btcpp_ros2_interfaces-0.2.0-py3.12.egg-info/dependency_links.txt
[0.349s] -- Up-to-date symlink: /home/nfl/husarion_rusak/src/install/btcpp_ros2_interfaces/lib/python3.12/site-packages/btcpp_ros2_interfaces-0.2.0-py3.12.egg-info/top_level.txt
[0.349s] -- Up-to-date symlink: /home/nfl/husarion_rusak/src/install/btcpp_ros2_interfaces/lib/python3.12/site-packages/btcpp_ros2_interfaces/__init__.py
[0.350s] -- Up-to-date symlink: /home/nfl/husarion_rusak/src/install/btcpp_ros2_interfaces/lib/python3.12/site-packages/btcpp_ros2_interfaces/_btcpp_ros2_interfaces_s.ep.rosidl_typesupport_c.c
[0.350s] -- Up-to-date symlink: /home/nfl/husarion_rusak/src/install/btcpp_ros2_interfaces/lib/python3.12/site-packages/btcpp_ros2_interfaces/_btcpp_ros2_interfaces_s.ep.rosidl_typesupport_fastrtps_c.c
[0.350s] -- Up-to-date symlink: /home/nfl/husarion_rusak/src/install/btcpp_ros2_interfaces/lib/python3.12/site-packages/btcpp_ros2_interfaces/_btcpp_ros2_interfaces_s.ep.rosidl_typesupport_introspection_c.c
[0.350s] -- Up-to-date symlink: /home/nfl/husarion_rusak/src/install/btcpp_ros2_interfaces/lib/python3.12/site-packages/btcpp_ros2_interfaces/action/__init__.py
[0.350s] -- Up-to-date symlink: /home/nfl/husarion_rusak/src/install/btcpp_ros2_interfaces/lib/python3.12/site-packages/btcpp_ros2_interfaces/action/_execute_tree.py
[0.350s] -- Up-to-date symlink: /home/nfl/husarion_rusak/src/install/btcpp_ros2_interfaces/lib/python3.12/site-packages/btcpp_ros2_interfaces/action/_execute_tree_s.c
[0.350s] -- Up-to-date symlink: /home/nfl/husarion_rusak/src/install/btcpp_ros2_interfaces/lib/python3.12/site-packages/btcpp_ros2_interfaces/action/_sleep.py
[0.350s] -- Up-to-date symlink: /home/nfl/husarion_rusak/src/install/btcpp_ros2_interfaces/lib/python3.12/site-packages/btcpp_ros2_interfaces/action/_sleep_s.c
[0.350s] -- Up-to-date symlink: /home/nfl/husarion_rusak/src/install/btcpp_ros2_interfaces/lib/python3.12/site-packages/btcpp_ros2_interfaces/btcpp_ros2_interfaces_s__rosidl_typesupport_c.so
[0.350s] -- Up-to-date symlink: /home/nfl/husarion_rusak/src/install/btcpp_ros2_interfaces/lib/python3.12/site-packages/btcpp_ros2_interfaces/btcpp_ros2_interfaces_s__rosidl_typesupport_fastrtps_c.so
[0.350s] -- Up-to-date symlink: /home/nfl/husarion_rusak/src/install/btcpp_ros2_interfaces/lib/python3.12/site-packages/btcpp_ros2_interfaces/btcpp_ros2_interfaces_s__rosidl_typesupport_introspection_c.so
[0.350s] -- Up-to-date symlink: /home/nfl/husarion_rusak/src/install/btcpp_ros2_interfaces/lib/python3.12/site-packages/btcpp_ros2_interfaces/msg/__init__.py
[0.351s] -- Up-to-date symlink: /home/nfl/husarion_rusak/src/install/btcpp_ros2_interfaces/lib/python3.12/site-packages/btcpp_ros2_interfaces/msg/_node_status.py
[0.351s] -- Up-to-date symlink: /home/nfl/husarion_rusak/src/install/btcpp_ros2_interfaces/lib/python3.12/site-packages/btcpp_ros2_interfaces/msg/_node_status_s.c
[0.351s] -- Up-to-date symlink: /home/nfl/husarion_rusak/src/install/btcpp_ros2_interfaces/lib/python3.12/site-packages/btcpp_ros2_interfaces/btcpp_ros2_interfaces_s__rosidl_typesupport_fastrtps_c.so
[0.351s] -- Up-to-date symlink: /home/nfl/husarion_rusak/src/install/btcpp_ros2_interfaces/lib/python3.12/site-packages/btcpp_ros2_interfaces/btcpp_ros2_interfaces_s__rosidl_typesupport_introspection_c.so
[0.351s] -- Up-to-date symlink: /home/nfl/husarion_rusak/src/install/btcpp_ros2_interfaces/lib/python3.12/site-packages/btcpp_ros2_interfaces/btcpp_ros2_interfaces_s__rosidl_typesupport_c.so
[0.351s] -- Up-to-date symlink: /home/nfl/husarion_rusak/src/install/btcpp_ros2_interfaces/share/btcpp_ros2_interfaces/msg/NodeStatus.idl
[0.351s] -- Up-to-date symlink: /home/nfl/husarion_rusak/src/install/btcpp_ros2_interfaces/share/btcpp_ros2_interfaces/action/ExecuteTree.idl
[0.351s] -- Up-to-date symlink: /home/nfl/husarion_rusak/src/install/btcpp_ros2_interfaces/share/btcpp_ros2_interfaces/action/Sleep.idl
[0.351s] -- Up-to-date symlink: /home/nfl/husarion_rusak/src/install/btcpp_ros2_interfaces/share/btcpp_ros2_interfaces/msg/NodeStatus.msg
[0.351s] -- Up-to-date symlink: /home/nfl/husarion_rusak/src/install/btcpp_ros2_interfaces/share/btcpp_ros2_interfaces/action/ExecuteTree.action
[0.351s] -- Up-to-date symlink: /home/nfl/husarion_rusak/src/install/btcpp_ros2_interfaces/share/btcpp_ros2_interfaces/action/Sleep.action
[0.351s] -- Up-to-date symlink: /home/nfl/husarion_rusak/src/install/btcpp_ros2_interfaces/share/ament_index/resource_index/package_run_dependencies/btcpp_ros2_interfaces
[0.351s] -- Up-to-date symlink: /home/nfl/husarion_rusak/src/install/btcpp_ros2_interfaces/share/ament_index/resource_index/parent_prefix_path/btcpp_ros2_interfaces
[0.351s] -- Up-to-date symlink: /home/nfl/husarion_rusak/src/install/btcpp_ros2_interfaces/share/btcpp_ros2_interfaces/environment/ament_prefix_path.sh
[0.351s] -- Up-to-date symlink: /home/nfl/husarion_rusak/src/install/btcpp_ros2_interfaces/share/btcpp_ros2_interfaces/environment/ament_prefix_path.dsv
[0.351s] -- Up-to-date symlink: /home/nfl/husarion_rusak/src/install/btcpp_ros2_interfaces/share/btcpp_ros2_interfaces/environment/path.sh
[0.352s] -- Up-to-date symlink: /home/nfl/husarion_rusak/src/install/btcpp_ros2_interfaces/share/btcpp_ros2_interfaces/environment/path.dsv
[0.352s] -- Up-to-date symlink: /home/nfl/husarion_rusak/src/install/btcpp_ros2_interfaces/share/btcpp_ros2_interfaces/local_setup.bash
[0.352s] -- Up-to-date symlink: /home/nfl/husarion_rusak/src/install/btcpp_ros2_interfaces/share/btcpp_ros2_interfaces/local_setup.sh
[0.352s] -- Up-to-date symlink: /home/nfl/husarion_rusak/src/install/btcpp_ros2_interfaces/share/btcpp_ros2_interfaces/local_setup.zsh
[0.352s] -- Up-to-date symlink: /home/nfl/husarion_rusak/src/install/btcpp_ros2_interfaces/share/btcpp_ros2_interfaces/local_setup.dsv
[0.352s] -- Symlinking: /home/nfl/husarion_rusak/src/install/btcpp_ros2_interfaces/share/btcpp_ros2_interfaces/package.dsv
[0.359s] -- Up-to-date symlink: /home/nfl/husarion_rusak/src/install/btcpp_ros2_interfaces/share/ament_index/resource_index/packages/btcpp_ros2_interfaces
[0.359s] -- Up-to-date symlink: /home/nfl/husarion_rusak/src/install/btcpp_ros2_interfaces/share/btcpp_ros2_interfaces/cmake/rosidl_cmake-extras.cmake
[0.359s] -- Up-to-date symlink: /home/nfl/husarion_rusak/src/install/btcpp_ros2_interfaces/share/btcpp_ros2_interfaces/cmake/ament_cmake_export_dependencies-extras.cmake
[0.359s] -- Up-to-date symlink: /home/nfl/husarion_rusak/src/install/btcpp_ros2_interfaces/share/btcpp_ros2_interfaces/cmake/ament_cmake_export_include_directories-extras.cmake
[0.359s] -- Up-to-date symlink: /home/nfl/husarion_rusak/src/install/btcpp_ros2_interfaces/share/btcpp_ros2_interfaces/cmake/ament_cmake_export_libraries-extras.cmake
[0.359s] -- Up-to-date symlink: /home/nfl/husarion_rusak/src/install/btcpp_ros2_interfaces/share/btcpp_ros2_interfaces/cmake/ament_cmake_export_targets-extras.cmake
[0.359s] -- Up-to-date symlink: /home/nfl/husarion_rusak/src/install/btcpp_ros2_interfaces/share/btcpp_ros2_interfaces/cmake/rosidl_cmake_export_typesupport_targets-extras.cmake
[0.359s] -- Up-to-date symlink: /home/nfl/husarion_rusak/src/install/btcpp_ros2_interfaces/share/btcpp_ros2_interfaces/cmake/rosidl_cmake_export_typesupport_libraries-extras.cmake
[0.359s] -- Up-to-date symlink: /home/nfl/husarion_rusak/src/install/btcpp_ros2_interfaces/share/btcpp_ros2_interfaces/cmake/btcpp_ros2_interfacesConfig.cmake
[0.359s] -- Up-to-date symlink: /home/nfl/husarion_rusak/src/install/btcpp_ros2_interfaces/share/btcpp_ros2_interfaces/cmake/btcpp_ros2_interfacesConfig-version.cmake
[0.359s] -- Up-to-date symlink: /home/nfl/husarion_rusak/src/install/btcpp_ros2_interfaces/share/btcpp_ros2_interfaces/package.xml
[0.360s] -- Up-to-date: /home/nfl/husarion_rusak/src/install/btcpp_ros2_interfaces/lib/libbtcpp_ros2_interfaces__rosidl_generator_c.so
[0.360s] -- Up-to-date: /home/nfl/husarion_rusak/src/install/btcpp_ros2_interfaces/lib/libbtcpp_ros2_interfaces__rosidl_typesupport_fastrtps_c.so
[0.360s] -- Up-to-date: /home/nfl/husarion_rusak/src/install/btcpp_ros2_interfaces/lib/libbtcpp_ros2_interfaces__rosidl_typesupport_introspection_c.so
[0.360s] -- Up-to-date: /home/nfl/husarion_rusak/src/install/btcpp_ros2_interfaces/lib/libbtcpp_ros2_interfaces__rosidl_typesupport_c.so
[0.360s] -- Up-to-date: /home/nfl/husarion_rusak/src/install/btcpp_ros2_interfaces/lib/libbtcpp_ros2_interfaces__rosidl_typesupport_fastrtps_cpp.so
[0.360s] -- Up-to-date: /home/nfl/husarion_rusak/src/install/btcpp_ros2_interfaces/lib/libbtcpp_ros2_interfaces__rosidl_typesupport_introspection_cpp.so
[0.360s] -- Up-to-date: /home/nfl/husarion_rusak/src/install/btcpp_ros2_interfaces/lib/libbtcpp_ros2_interfaces__rosidl_typesupport_cpp.so
[0.387s] Listing '/home/nfl/husarion_rusak/src/install/btcpp_ros2_interfaces/lib/python3.12/site-packages/btcpp_ros2_interfaces'...
[0.387s] Listing '/home/nfl/husarion_rusak/src/install/btcpp_ros2_interfaces/lib/python3.12/site-packages/btcpp_ros2_interfaces/action'...
[0.387s] Listing '/home/nfl/husarion_rusak/src/install/btcpp_ros2_interfaces/lib/python3.12/site-packages/btcpp_ros2_interfaces/msg'...
[0.391s] -- Up-to-date: /home/nfl/husarion_rusak/src/install/btcpp_ros2_interfaces/lib/libbtcpp_ros2_interfaces__rosidl_generator_py.so
[0.391s] -- Up-to-date: /home/nfl/husarion_rusak/src/install/btcpp_ros2_interfaces/share/btcpp_ros2_interfaces/cmake/export_btcpp_ros2_interfaces__rosidl_generator_cExport.cmake
[0.391s] -- Up-to-date: /home/nfl/husarion_rusak/src/install/btcpp_ros2_interfaces/share/btcpp_ros2_interfaces/cmake/export_btcpp_ros2_interfaces__rosidl_generator_cExport-release.cmake
[0.391s] -- Up-to-date: /home/nfl/husarion_rusak/src/install/btcpp_ros2_interfaces/share/btcpp_ros2_interfaces/cmake/export_btcpp_ros2_interfaces__rosidl_typesupport_fastrtps_cExport.cmake
[0.391s] -- Up-to-date: /home/nfl/husarion_rusak/src/install/btcpp_ros2_interfaces/share/btcpp_ros2_interfaces/cmake/export_btcpp_ros2_interfaces__rosidl_typesupport_fastrtps_cExport-release.cmake
[0.391s] -- Up-to-date: /home/nfl/husarion_rusak/src/install/btcpp_ros2_interfaces/share/btcpp_ros2_interfaces/cmake/btcpp_ros2_interfaces__rosidl_typesupport_introspection_cExport.cmake
[0.391s] -- Up-to-date: /home/nfl/husarion_rusak/src/install/btcpp_ros2_interfaces/share/btcpp_ros2_interfaces/cmake/btcpp_ros2_interfaces__rosidl_typesupport_introspection_cExport-release.cmake
[0.391s] -- Up-to-date: /home/nfl/husarion_rusak/src/install/btcpp_ros2_interfaces/share/btcpp_ros2_interfaces/cmake/btcpp_ros2_interfaces__rosidl_typesupport_cExport.cmake
[0.391s] -- Up-to-date: /home/nfl/husarion_rusak/src/install/btcpp_ros2_interfaces/share/btcpp_ros2_interfaces/cmake/btcpp_ros2_interfaces__rosidl_typesupport_cExport-release.cmake
[0.391s] -- Up-to-date: /home/nfl/husarion_rusak/src/install/btcpp_ros2_interfaces/share/btcpp_ros2_interfaces/cmake/export_btcpp_ros2_interfaces__rosidl_generator_cppExport.cmake
[0.391s] -- Up-to-date: /home/nfl/husarion_rusak/src/install/btcpp_ros2_interfaces/share/btcpp_ros2_interfaces/cmake/export_btcpp_ros2_interfaces__rosidl_typesupport_fastrtps_cppExport.cmake
[0.391s] -- Up-to-date: /home/nfl/husarion_rusak/src/install/btcpp_ros2_interfaces/share/btcpp_ros2_interfaces/cmake/export_btcpp_ros2_interfaces__rosidl_typesupport_fastrtps_cppExport-release.cmake
[0.391s] -- Up-to-date: /home/nfl/husarion_rusak/src/install/btcpp_ros2_interfaces/share/btcpp_ros2_interfaces/cmake/btcpp_ros2_interfaces__rosidl_typesupport_introspection_cppExport.cmake
[0.391s] -- Up-to-date: /home/nfl/husarion_rusak/src/install/btcpp_ros2_interfaces/share/btcpp_ros2_interfaces/cmake/btcpp_ros2_interfaces__rosidl_typesupport_introspection_cppExport-release.cmake
[0.391s] -- Up-to-date: /home/nfl/husarion_rusak/src/install/btcpp_ros2_interfaces/share/btcpp_ros2_interfaces/cmake/btcpp_ros2_interfaces__rosidl_typesupport_cppExport.cmake
[0.391s] -- Up-to-date: /home/nfl/husarion_rusak/src/install/btcpp_ros2_interfaces/share/btcpp_ros2_interfaces/cmake/btcpp_ros2_interfaces__rosidl_typesupport_cppExport-release.cmake
[0.392s] -- Up-to-date: /home/nfl/husarion_rusak/src/install/btcpp_ros2_interfaces/share/btcpp_ros2_interfaces/cmake/export_btcpp_ros2_interfaces__rosidl_generator_pyExport.cmake
[0.392s] -- Up-to-date: /home/nfl/husarion_rusak/src/install/btcpp_ros2_interfaces/share/btcpp_ros2_interfaces/cmake/export_btcpp_ros2_interfaces__rosidl_generator_pyExport-release.cmake
[0.408s] Invoked command in '/home/nfl/husarion_rusak/src/build/btcpp_ros2_interfaces' returned '0': CMAKE_PREFIX_PATH=${CMAKE_PREFIX_PATH}:/opt/ros/jazzy DEBUGINFOD_URLS=https://debuginfod.ubuntu.com /usr/bin/cmake --install /home/nfl/husarion_rusak/src/build/btcpp_ros2_interfaces
