[  0%] Built target EStop_autogen_timestamp_deps
[  0%] Built target LEDStrip_autogen_timestamp_deps
[  0%] Built target zone_marker_node_autogen_timestamp_deps
[ 10%] Built target estop_system
[ 15%] Built target LEDStrip_autogen
[ 21%] Built target zone_marker_node_autogen
[ 26%] Built target EStop_autogen
[ 47%] Built target LEDStrip
[ 68%] Built target zone_marker_node
[100%] Built target EStop
-- Install configuration: "Release"
-- Execute custom install script
-- Up-to-date symlink: /home/nfl/husarion_rusak/src/install/husarion_ugv_gazebo/include/husarion_ugv_gazebo/husarion_ugv_gazebo/estop_system.hpp
-- Up-to-date symlink: /home/nfl/husarion_rusak/src/install/husarion_ugv_gazebo/include/husarion_ugv_gazebo/husarion_ugv_gazebo/gui/e_stop.hpp
-- Up-to-date symlink: /home/nfl/husarion_rusak/src/install/husarion_ugv_gazebo/include/husarion_ugv_gazebo/husarion_ugv_gazebo/gui/minimap.hpp
-- Up-to-date symlink: /home/nfl/husarion_rusak/src/install/husarion_ugv_gazebo/include/husarion_ugv_gazebo/husarion_ugv_gazebo/led_strip.hpp
-- Up-to-date symlink: /home/nfl/husarion_rusak/src/install/husarion_ugv_gazebo/include/husarion_ugv_gazebo/husarion_ugv_gazebo/minimap.hpp
-- Up-to-date symlink: /home/nfl/husarion_rusak/src/install/husarion_ugv_gazebo/share/husarion_ugv_gazebo/config/battery_plugin.yaml
-- Up-to-date symlink: /home/nfl/husarion_rusak/src/install/husarion_ugv_gazebo/share/husarion_ugv_gazebo/config/gz_bridge.yaml
-- Up-to-date symlink: /home/nfl/husarion_rusak/src/install/husarion_ugv_gazebo/share/husarion_ugv_gazebo/config/robot_bridge.yaml
-- Up-to-date symlink: /home/nfl/husarion_rusak/src/install/husarion_ugv_gazebo/share/husarion_ugv_gazebo/config/teleop_with_estop.config
-- Up-to-date symlink: /home/nfl/husarion_rusak/src/install/husarion_ugv_gazebo/share/husarion_ugv_gazebo/launch/simulate_robot.launch.py
-- Up-to-date symlink: /home/nfl/husarion_rusak/src/install/husarion_ugv_gazebo/share/husarion_ugv_gazebo/launch/simulation.launch.py
-- Up-to-date symlink: /home/nfl/husarion_rusak/src/install/husarion_ugv_gazebo/share/husarion_ugv_gazebo/launch/spawn_robot.launch.py
-- Up-to-date symlink: /home/nfl/husarion_rusak/src/install/husarion_ugv_gazebo/lib/husarion_ugv_gazebo/libLEDStrip.so
-- Up-to-date symlink: /home/nfl/husarion_rusak/src/install/husarion_ugv_gazebo/lib/husarion_ugv_gazebo/zone_marker_node
-- Up-to-date symlink: /home/nfl/husarion_rusak/src/install/husarion_ugv_gazebo/share/husarion_ugv_gazebo/environment/setup_envs.sh
-- Up-to-date symlink: /home/nfl/husarion_rusak/src/install/husarion_ugv_gazebo/share/husarion_ugv_gazebo/environment/library_path.sh
-- Up-to-date symlink: /home/nfl/husarion_rusak/src/install/husarion_ugv_gazebo/share/husarion_ugv_gazebo/environment/library_path.dsv
-- Up-to-date symlink: /home/nfl/husarion_rusak/src/install/husarion_ugv_gazebo/share/husarion_ugv_gazebo//plugins.xml
-- Up-to-date symlink: /home/nfl/husarion_rusak/src/install/husarion_ugv_gazebo/share/ament_index/resource_index/package_run_dependencies/husarion_ugv_gazebo
-- Up-to-date symlink: /home/nfl/husarion_rusak/src/install/husarion_ugv_gazebo/share/ament_index/resource_index/parent_prefix_path/husarion_ugv_gazebo
-- Up-to-date symlink: /home/nfl/husarion_rusak/src/install/husarion_ugv_gazebo/share/husarion_ugv_gazebo/environment/ament_prefix_path.sh
-- Up-to-date symlink: /home/nfl/husarion_rusak/src/install/husarion_ugv_gazebo/share/husarion_ugv_gazebo/environment/ament_prefix_path.dsv
-- Up-to-date symlink: /home/nfl/husarion_rusak/src/install/husarion_ugv_gazebo/share/husarion_ugv_gazebo/environment/path.sh
-- Up-to-date symlink: /home/nfl/husarion_rusak/src/install/husarion_ugv_gazebo/share/husarion_ugv_gazebo/environment/path.dsv
-- Up-to-date symlink: /home/nfl/husarion_rusak/src/install/husarion_ugv_gazebo/share/husarion_ugv_gazebo/local_setup.bash
-- Up-to-date symlink: /home/nfl/husarion_rusak/src/install/husarion_ugv_gazebo/share/husarion_ugv_gazebo/local_setup.sh
-- Up-to-date symlink: /home/nfl/husarion_rusak/src/install/husarion_ugv_gazebo/share/husarion_ugv_gazebo/local_setup.zsh
-- Up-to-date symlink: /home/nfl/husarion_rusak/src/install/husarion_ugv_gazebo/share/husarion_ugv_gazebo/local_setup.dsv
-- Symlinking: /home/nfl/husarion_rusak/src/install/husarion_ugv_gazebo/share/husarion_ugv_gazebo/package.dsv
-- Up-to-date symlink: /home/nfl/husarion_rusak/src/install/husarion_ugv_gazebo/share/ament_index/resource_index/packages/husarion_ugv_gazebo
-- Up-to-date symlink: /home/nfl/husarion_rusak/src/install/husarion_ugv_gazebo/share/ament_index/resource_index/gz_ros2_control__pluginlib__plugin/husarion_ugv_gazebo
-- Up-to-date symlink: /home/nfl/husarion_rusak/src/install/husarion_ugv_gazebo/share/husarion_ugv_gazebo/cmake/ament_cmake_export_dependencies-extras.cmake
-- Up-to-date symlink: /home/nfl/husarion_rusak/src/install/husarion_ugv_gazebo/share/husarion_ugv_gazebo/cmake/ament_cmake_export_include_directories-extras.cmake
-- Up-to-date symlink: /home/nfl/husarion_rusak/src/install/husarion_ugv_gazebo/share/husarion_ugv_gazebo/cmake/ament_cmake_export_targets-extras.cmake
-- Up-to-date symlink: /home/nfl/husarion_rusak/src/install/husarion_ugv_gazebo/share/husarion_ugv_gazebo/cmake/husarion_ugv_gazeboConfig.cmake
-- Up-to-date symlink: /home/nfl/husarion_rusak/src/install/husarion_ugv_gazebo/share/husarion_ugv_gazebo/cmake/husarion_ugv_gazeboConfig-version.cmake
-- Up-to-date symlink: /home/nfl/husarion_rusak/src/install/husarion_ugv_gazebo/share/husarion_ugv_gazebo/package.xml
-- Up-to-date: /home/nfl/husarion_rusak/src/install/husarion_ugv_gazebo/lib/libestop_system.so
-- Up-to-date: /home/nfl/husarion_rusak/src/install/husarion_ugv_gazebo/lib/libEStop.so
-- Up-to-date: /home/nfl/husarion_rusak/src/install/husarion_ugv_gazebo/lib/libLEDStrip.so
-- Up-to-date: /home/nfl/husarion_rusak/src/install/husarion_ugv_gazebo/share/husarion_ugv_gazebo/cmake/export_husarion_ugv_gazeboExport.cmake
-- Up-to-date: /home/nfl/husarion_rusak/src/install/husarion_ugv_gazebo/share/husarion_ugv_gazebo/cmake/export_husarion_ugv_gazeboExport-release.cmake
