[0.016s] Invoking command in '/home/nfl/husarion_rusak/src/build/husarion_gz_worlds': CMAKE_PREFIX_PATH=${CMAKE_PREFIX_PATH}:/opt/ros/jazzy DEBUGINFOD_URLS=https://debuginfod.ubuntu.com /usr/bin/cmake --build /home/nfl/husarion_rusak/src/build/husarion_gz_worlds -- -j16 -l16
[0.053s] Invoked command in '/home/nfl/husarion_rusak/src/build/husarion_gz_worlds' returned '0': CMAKE_PREFIX_PATH=${CMAKE_PREFIX_PATH}:/opt/ros/jazzy DEBUGINFOD_URLS=https://debuginfod.ubuntu.com /usr/bin/cmake --build /home/nfl/husarion_rusak/src/build/husarion_gz_worlds -- -j16 -l16
[0.055s] Invoking command in '/home/nfl/husarion_rusak/src/build/husarion_gz_worlds': CMAKE_PREFIX_PATH=${CMAKE_PREFIX_PATH}:/opt/ros/jazzy DEBUGINFOD_URLS=https://debuginfod.ubuntu.com /usr/bin/cmake --install /home/nfl/husarion_rusak/src/build/husarion_gz_worlds
[0.062s] -- Install configuration: "Release"
[0.062s] -- Execute custom install script
[0.063s] -- Up-to-date symlink: /home/nfl/husarion_rusak/src/install/husarion_gz_worlds/share/husarion_gz_worlds/config/minimap_gui.config
[0.063s] -- Up-to-date symlink: /home/nfl/husarion_rusak/src/install/husarion_gz_worlds/share/husarion_gz_worlds/config/teleop.config
[0.063s] -- Up-to-date symlink: /home/nfl/husarion_rusak/src/install/husarion_gz_worlds/share/husarion_gz_worlds/launch/gz_sim.launch.py
[0.064s] -- Up-to-date symlink: /home/nfl/husarion_rusak/src/install/husarion_gz_worlds/share/husarion_gz_worlds/launch/gz_sim_minimap.launch.py
[0.069s] -- Up-to-date symlink: /home/nfl/husarion_rusak/src/install/husarion_gz_worlds/share/husarion_gz_worlds/models/ConferenceTable/meshes/conference_table.stl
[0.069s] -- Up-to-date symlink: /home/nfl/husarion_rusak/src/install/husarion_gz_worlds/share/husarion_gz_worlds/models/ConferenceTable/model.config
[0.070s] -- Up-to-date symlink: /home/nfl/husarion_rusak/src/install/husarion_gz_worlds/share/husarion_gz_worlds/models/ConferenceTable/model.sdf
[0.070s] -- Up-to-date symlink: /home/nfl/husarion_rusak/src/install/husarion_gz_worlds/share/husarion_gz_worlds/models/Crosley_Alarm_Clock_Vintage_Metal/materials/textures/texture.png
[0.070s] -- Up-to-date symlink: /home/nfl/husarion_rusak/src/install/husarion_gz_worlds/share/husarion_gz_worlds/models/Crosley_Alarm_Clock_Vintage_Metal/meshes/model.mtl
[0.071s] -- Up-to-date symlink: /home/nfl/husarion_rusak/src/install/husarion_gz_worlds/share/husarion_gz_worlds/models/Crosley_Alarm_Clock_Vintage_Metal/meshes/model.obj
[0.071s] -- Up-to-date symlink: /home/nfl/husarion_rusak/src/install/husarion_gz_worlds/share/husarion_gz_worlds/models/Crosley_Alarm_Clock_Vintage_Metal/metadata.pbtxt
[0.071s] -- Up-to-date symlink: /home/nfl/husarion_rusak/src/install/husarion_gz_worlds/share/husarion_gz_worlds/models/Crosley_Alarm_Clock_Vintage_Metal/model.config
[0.071s] -- Up-to-date symlink: /home/nfl/husarion_rusak/src/install/husarion_gz_worlds/share/husarion_gz_worlds/models/Crosley_Alarm_Clock_Vintage_Metal/model.sdf
[0.071s] -- Up-to-date symlink: /home/nfl/husarion_rusak/src/install/husarion_gz_worlds/share/husarion_gz_worlds/models/Crosley_Alarm_Clock_Vintage_Metal/thumbnails/0.jpg
[0.072s] -- Up-to-date symlink: /home/nfl/husarion_rusak/src/install/husarion_gz_worlds/share/husarion_gz_worlds/models/Crosley_Alarm_Clock_Vintage_Metal/thumbnails/1.jpg
[0.072s] -- Up-to-date symlink: /home/nfl/husarion_rusak/src/install/husarion_gz_worlds/share/husarion_gz_worlds/models/Crosley_Alarm_Clock_Vintage_Metal/thumbnails/2.jpg
[0.072s] -- Up-to-date symlink: /home/nfl/husarion_rusak/src/install/husarion_gz_worlds/share/husarion_gz_worlds/models/Crosley_Alarm_Clock_Vintage_Metal/thumbnails/3.jpg
[0.072s] -- Up-to-date symlink: /home/nfl/husarion_rusak/src/install/husarion_gz_worlds/share/husarion_gz_worlds/models/Crosley_Alarm_Clock_Vintage_Metal/thumbnails/4.jpg
[0.072s] -- Up-to-date symlink: /home/nfl/husarion_rusak/src/install/husarion_gz_worlds/share/husarion_gz_worlds/models/DPC_Handmade_Hat_Brown/materials/textures/texture.png
[0.073s] -- Up-to-date symlink: /home/nfl/husarion_rusak/src/install/husarion_gz_worlds/share/husarion_gz_worlds/models/DPC_Handmade_Hat_Brown/meshes/model.mtl
[0.073s] -- Up-to-date symlink: /home/nfl/husarion_rusak/src/install/husarion_gz_worlds/share/husarion_gz_worlds/models/DPC_Handmade_Hat_Brown/meshes/model.obj
[0.073s] -- Up-to-date symlink: /home/nfl/husarion_rusak/src/install/husarion_gz_worlds/share/husarion_gz_worlds/models/DPC_Handmade_Hat_Brown/metadata.pbtxt
[0.073s] -- Up-to-date symlink: /home/nfl/husarion_rusak/src/install/husarion_gz_worlds/share/husarion_gz_worlds/models/DPC_Handmade_Hat_Brown/model.config
[0.074s] -- Up-to-date symlink: /home/nfl/husarion_rusak/src/install/husarion_gz_worlds/share/husarion_gz_worlds/models/DPC_Handmade_Hat_Brown/model.sdf
[0.075s] -- Up-to-date symlink: /home/nfl/husarion_rusak/src/install/husarion_gz_worlds/share/husarion_gz_worlds/models/DPC_Handmade_Hat_Brown/thumbnails/0.jpg
[0.075s] -- Up-to-date symlink: /home/nfl/husarion_rusak/src/install/husarion_gz_worlds/share/husarion_gz_worlds/models/DPC_Handmade_Hat_Brown/thumbnails/1.jpg
[0.075s] -- Up-to-date symlink: /home/nfl/husarion_rusak/src/install/husarion_gz_worlds/share/husarion_gz_worlds/models/DPC_Handmade_Hat_Brown/thumbnails/2.jpg
[0.075s] -- Up-to-date symlink: /home/nfl/husarion_rusak/src/install/husarion_gz_worlds/share/husarion_gz_worlds/models/DPC_Handmade_Hat_Brown/thumbnails/3.jpg
[0.075s] -- Up-to-date symlink: /home/nfl/husarion_rusak/src/install/husarion_gz_worlds/share/husarion_gz_worlds/models/DPC_Handmade_Hat_Brown/thumbnails/4.jpg
[0.075s] -- Up-to-date symlink: /home/nfl/husarion_rusak/src/install/husarion_gz_worlds/share/husarion_gz_worlds/models/Door/meshes/door.stl
[0.076s] -- Up-to-date symlink: /home/nfl/husarion_rusak/src/install/husarion_gz_worlds/share/husarion_gz_worlds/models/Door/model.config
[0.076s] -- Up-to-date symlink: /home/nfl/husarion_rusak/src/install/husarion_gz_worlds/share/husarion_gz_worlds/models/Door/model.sdf
[0.076s] -- Up-to-date symlink: /home/nfl/husarion_rusak/src/install/husarion_gz_worlds/share/husarion_gz_worlds/models/Extinguisher/materials/textures/Extinguisher.png
[0.076s] -- Up-to-date symlink: /home/nfl/husarion_rusak/src/install/husarion_gz_worlds/share/husarion_gz_worlds/models/Extinguisher/meshes/Extinguisher.dae
[0.076s] -- Up-to-date symlink: /home/nfl/husarion_rusak/src/install/husarion_gz_worlds/share/husarion_gz_worlds/models/Extinguisher/model.config
[0.077s] -- Up-to-date symlink: /home/nfl/husarion_rusak/src/install/husarion_gz_worlds/share/husarion_gz_worlds/models/Extinguisher/model.sdf
[0.077s] -- Up-to-date symlink: /home/nfl/husarion_rusak/src/install/husarion_gz_worlds/share/husarion_gz_worlds/models/Extinguisher/thumbnails/1.png
[0.077s] -- Up-to-date symlink: /home/nfl/husarion_rusak/src/install/husarion_gz_worlds/share/husarion_gz_worlds/models/Extinguisher/thumbnails/2.png
[0.077s] -- Up-to-date symlink: /home/nfl/husarion_rusak/src/install/husarion_gz_worlds/share/husarion_gz_worlds/models/Extinguisher/thumbnails/3.png
[0.078s] -- Up-to-date symlink: /home/nfl/husarion_rusak/src/install/husarion_gz_worlds/share/husarion_gz_worlds/models/Extinguisher/thumbnails/4.png
[0.078s] -- Up-to-date symlink: /home/nfl/husarion_rusak/src/install/husarion_gz_worlds/share/husarion_gz_worlds/models/Extinguisher/thumbnails/5.png
[0.078s] -- Up-to-date symlink: /home/nfl/husarion_rusak/src/install/husarion_gz_worlds/share/husarion_gz_worlds/models/Grais Finnish v3.stl
[0.078s] -- Up-to-date symlink: /home/nfl/husarion_rusak/src/install/husarion_gz_worlds/share/husarion_gz_worlds/models/HusarionLogo/meshes/husarion_logo.dae
[0.079s] -- Up-to-date symlink: /home/nfl/husarion_rusak/src/install/husarion_gz_worlds/share/husarion_gz_worlds/models/Kitchen/meshes/kitchen.stl
[0.079s] -- Up-to-date symlink: /home/nfl/husarion_rusak/src/install/husarion_gz_worlds/share/husarion_gz_worlds/models/Kitchen/model.config
[0.079s] -- Up-to-date symlink: /home/nfl/husarion_rusak/src/install/husarion_gz_worlds/share/husarion_gz_worlds/models/Kitchen/model.sdf
[0.079s] -- Up-to-date symlink: /home/nfl/husarion_rusak/src/install/husarion_gz_worlds/share/husarion_gz_worlds/models/Laptop/meshes/laptop.stl
[0.079s] -- Up-to-date symlink: /home/nfl/husarion_rusak/src/install/husarion_gz_worlds/share/husarion_gz_worlds/models/Laptop/model.config
[0.079s] -- Up-to-date symlink: /home/nfl/husarion_rusak/src/install/husarion_gz_worlds/share/husarion_gz_worlds/models/Laptop/model.sdf
[0.080s] -- Up-to-date symlink: /home/nfl/husarion_rusak/src/install/husarion_gz_worlds/share/husarion_gz_worlds/models/Rosbot/meshes/astra.dae
[0.080s] -- Up-to-date symlink: /home/nfl/husarion_rusak/src/install/husarion_gz_worlds/share/husarion_gz_worlds/models/Rosbot/meshes/box.dae
[0.080s] -- Up-to-date symlink: /home/nfl/husarion_rusak/src/install/husarion_gz_worlds/share/husarion_gz_worlds/models/Rosbot/meshes/rplidar.dae
[0.080s] -- Up-to-date symlink: /home/nfl/husarion_rusak/src/install/husarion_gz_worlds/share/husarion_gz_worlds/models/Rosbot/meshes/upper.dae
[0.081s] -- Up-to-date symlink: /home/nfl/husarion_rusak/src/install/husarion_gz_worlds/share/husarion_gz_worlds/models/Rosbot/meshes/wheel.dae
[0.081s] -- Up-to-date symlink: /home/nfl/husarion_rusak/src/install/husarion_gz_worlds/share/husarion_gz_worlds/models/Rosbot/model.config
[0.081s] -- Up-to-date symlink: /home/nfl/husarion_rusak/src/install/husarion_gz_worlds/share/husarion_gz_worlds/models/Rosbot/model.sdf
[0.081s] -- Up-to-date symlink: /home/nfl/husarion_rusak/src/install/husarion_gz_worlds/share/husarion_gz_worlds/models/Squirrel/materials/textures/texture.png
[0.082s] -- Up-to-date symlink: /home/nfl/husarion_rusak/src/install/husarion_gz_worlds/share/husarion_gz_worlds/models/Squirrel/meshes/model.mtl
[0.082s] -- Up-to-date symlink: /home/nfl/husarion_rusak/src/install/husarion_gz_worlds/share/husarion_gz_worlds/models/Squirrel/meshes/model.obj
[0.082s] -- Up-to-date symlink: /home/nfl/husarion_rusak/src/install/husarion_gz_worlds/share/husarion_gz_worlds/models/Squirrel/metadata.pbtxt
[0.082s] -- Up-to-date symlink: /home/nfl/husarion_rusak/src/install/husarion_gz_worlds/share/husarion_gz_worlds/models/Squirrel/model.config
[0.082s] -- Up-to-date symlink: /home/nfl/husarion_rusak/src/install/husarion_gz_worlds/share/husarion_gz_worlds/models/Squirrel/model.sdf
[0.082s] -- Up-to-date symlink: /home/nfl/husarion_rusak/src/install/husarion_gz_worlds/share/husarion_gz_worlds/models/Squirrel/thumbnails/0.jpg
[0.083s] -- Up-to-date symlink: /home/nfl/husarion_rusak/src/install/husarion_gz_worlds/share/husarion_gz_worlds/models/Squirrel/thumbnails/1.jpg
[0.083s] -- Up-to-date symlink: /home/nfl/husarion_rusak/src/install/husarion_gz_worlds/share/husarion_gz_worlds/models/Squirrel/thumbnails/2.jpg
[0.083s] -- Up-to-date symlink: /home/nfl/husarion_rusak/src/install/husarion_gz_worlds/share/husarion_gz_worlds/models/Squirrel/thumbnails/3.jpg
[0.084s] -- Up-to-date symlink: /home/nfl/husarion_rusak/src/install/husarion_gz_worlds/share/husarion_gz_worlds/models/Squirrel/thumbnails/4.jpg
[0.084s] -- Up-to-date symlink: /home/nfl/husarion_rusak/src/install/husarion_gz_worlds/share/husarion_gz_worlds/models/Surfaces/meshes/black_concrete.png
[0.084s] -- Up-to-date symlink: /home/nfl/husarion_rusak/src/install/husarion_gz_worlds/share/husarion_gz_worlds/models/Surfaces/meshes/floor_1.mtl
[0.084s] -- Up-to-date symlink: /home/nfl/husarion_rusak/src/install/husarion_gz_worlds/share/husarion_gz_worlds/models/Surfaces/meshes/floor_1.obj
[0.084s] -- Up-to-date symlink: /home/nfl/husarion_rusak/src/install/husarion_gz_worlds/share/husarion_gz_worlds/models/Surfaces/meshes/floor_10.mtl
[0.084s] -- Up-to-date symlink: /home/nfl/husarion_rusak/src/install/husarion_gz_worlds/share/husarion_gz_worlds/models/Surfaces/meshes/floor_10.obj
[0.084s] -- Up-to-date symlink: /home/nfl/husarion_rusak/src/install/husarion_gz_worlds/share/husarion_gz_worlds/models/Surfaces/meshes/floor_11.mtl
[0.085s] -- Up-to-date symlink: /home/nfl/husarion_rusak/src/install/husarion_gz_worlds/share/husarion_gz_worlds/models/Surfaces/meshes/floor_11.obj
[0.085s] -- Up-to-date symlink: /home/nfl/husarion_rusak/src/install/husarion_gz_worlds/share/husarion_gz_worlds/models/Surfaces/meshes/floor_12.mtl
[0.085s] -- Up-to-date symlink: /home/nfl/husarion_rusak/src/install/husarion_gz_worlds/share/husarion_gz_worlds/models/Surfaces/meshes/floor_12.obj
[0.085s] -- Up-to-date symlink: /home/nfl/husarion_rusak/src/install/husarion_gz_worlds/share/husarion_gz_worlds/models/Surfaces/meshes/floor_13.mtl
[0.085s] -- Up-to-date symlink: /home/nfl/husarion_rusak/src/install/husarion_gz_worlds/share/husarion_gz_worlds/models/Surfaces/meshes/floor_13.obj
[0.085s] -- Up-to-date symlink: /home/nfl/husarion_rusak/src/install/husarion_gz_worlds/share/husarion_gz_worlds/models/Surfaces/meshes/floor_14.mtl
[0.086s] -- Up-to-date symlink: /home/nfl/husarion_rusak/src/install/husarion_gz_worlds/share/husarion_gz_worlds/models/Surfaces/meshes/floor_14.obj
[0.086s] -- Up-to-date symlink: /home/nfl/husarion_rusak/src/install/husarion_gz_worlds/share/husarion_gz_worlds/models/Surfaces/meshes/floor_2.mtl
[0.086s] -- Up-to-date symlink: /home/nfl/husarion_rusak/src/install/husarion_gz_worlds/share/husarion_gz_worlds/models/Surfaces/meshes/floor_2.obj
[0.086s] -- Up-to-date symlink: /home/nfl/husarion_rusak/src/install/husarion_gz_worlds/share/husarion_gz_worlds/models/Surfaces/meshes/floor_3.mtl
[0.086s] -- Up-to-date symlink: /home/nfl/husarion_rusak/src/install/husarion_gz_worlds/share/husarion_gz_worlds/models/Surfaces/meshes/floor_3.obj
[0.087s] -- Up-to-date symlink: /home/nfl/husarion_rusak/src/install/husarion_gz_worlds/share/husarion_gz_worlds/models/Surfaces/meshes/floor_4.mtl
[0.087s] -- Up-to-date symlink: /home/nfl/husarion_rusak/src/install/husarion_gz_worlds/share/husarion_gz_worlds/models/Surfaces/meshes/floor_4.obj
[0.088s] -- Up-to-date symlink: /home/nfl/husarion_rusak/src/install/husarion_gz_worlds/share/husarion_gz_worlds/models/Surfaces/meshes/floor_5.mtl
[0.088s] -- Up-to-date symlink: /home/nfl/husarion_rusak/src/install/husarion_gz_worlds/share/husarion_gz_worlds/models/Surfaces/meshes/floor_5.obj
[0.088s] -- Up-to-date symlink: /home/nfl/husarion_rusak/src/install/husarion_gz_worlds/share/husarion_gz_worlds/models/Surfaces/meshes/floor_6.mtl
[0.088s] -- Up-to-date symlink: /home/nfl/husarion_rusak/src/install/husarion_gz_worlds/share/husarion_gz_worlds/models/Surfaces/meshes/floor_6.obj
[0.088s] -- Up-to-date symlink: /home/nfl/husarion_rusak/src/install/husarion_gz_worlds/share/husarion_gz_worlds/models/Surfaces/meshes/floor_7.mtl
[0.089s] -- Up-to-date symlink: /home/nfl/husarion_rusak/src/install/husarion_gz_worlds/share/husarion_gz_worlds/models/Surfaces/meshes/floor_7.obj
[0.089s] -- Up-to-date symlink: /home/nfl/husarion_rusak/src/install/husarion_gz_worlds/share/husarion_gz_worlds/models/Surfaces/meshes/floor_8.mtl
[0.089s] -- Up-to-date symlink: /home/nfl/husarion_rusak/src/install/husarion_gz_worlds/share/husarion_gz_worlds/models/Surfaces/meshes/floor_8.obj
[0.089s] -- Up-to-date symlink: /home/nfl/husarion_rusak/src/install/husarion_gz_worlds/share/husarion_gz_worlds/models/Surfaces/meshes/floor_9.mtl
[0.090s] -- Up-to-date symlink: /home/nfl/husarion_rusak/src/install/husarion_gz_worlds/share/husarion_gz_worlds/models/Surfaces/meshes/floor_9.obj
[0.090s] -- Up-to-date symlink: /home/nfl/husarion_rusak/src/install/husarion_gz_worlds/share/husarion_gz_worlds/models/Surfaces/meshes/model.material
[0.090s] -- Up-to-date symlink: /home/nfl/husarion_rusak/src/install/husarion_gz_worlds/share/husarion_gz_worlds/models/Surfaces/meshes/wall_1.mtl
[0.090s] -- Up-to-date symlink: /home/nfl/husarion_rusak/src/install/husarion_gz_worlds/share/husarion_gz_worlds/models/Surfaces/meshes/wall_1.obj
[0.090s] -- Up-to-date symlink: /home/nfl/husarion_rusak/src/install/husarion_gz_worlds/share/husarion_gz_worlds/models/Surfaces/meshes/wall_2.mtl
[0.091s] -- Up-to-date symlink: /home/nfl/husarion_rusak/src/install/husarion_gz_worlds/share/husarion_gz_worlds/models/Surfaces/meshes/wall_2.obj
[0.091s] -- Up-to-date symlink: /home/nfl/husarion_rusak/src/install/husarion_gz_worlds/share/husarion_gz_worlds/models/Surfaces/meshes/white_carpet.png
[0.091s] -- Up-to-date symlink: /home/nfl/husarion_rusak/src/install/husarion_gz_worlds/share/husarion_gz_worlds/models/Surfaces/meshes/white_tiles.png
[0.092s] -- Up-to-date symlink: /home/nfl/husarion_rusak/src/install/husarion_gz_worlds/share/husarion_gz_worlds/models/Surfaces/meshes/white_wall.png
[0.092s] -- Up-to-date symlink: /home/nfl/husarion_rusak/src/install/husarion_gz_worlds/share/husarion_gz_worlds/models/Surfaces/meshes/wood1.png
[0.092s] -- Up-to-date symlink: /home/nfl/husarion_rusak/src/install/husarion_gz_worlds/share/husarion_gz_worlds/models/Surfaces/meshes/wood2.png
[0.092s] -- Up-to-date symlink: /home/nfl/husarion_rusak/src/install/husarion_gz_worlds/share/husarion_gz_worlds/models/Surfaces/model.config
[0.092s] -- Up-to-date symlink: /home/nfl/husarion_rusak/src/install/husarion_gz_worlds/share/husarion_gz_worlds/models/Surfaces/model.sdf
[0.095s] -- Up-to-date symlink: /home/nfl/husarion_rusak/src/install/husarion_gz_worlds/share/husarion_gz_worlds/models/Tv/meshes/tv.stl
[0.095s] -- Up-to-date symlink: /home/nfl/husarion_rusak/src/install/husarion_gz_worlds/share/husarion_gz_worlds/models/Tv/model.config
[0.095s] -- Up-to-date symlink: /home/nfl/husarion_rusak/src/install/husarion_gz_worlds/share/husarion_gz_worlds/models/Tv/model.sdf
[0.095s] -- Up-to-date symlink: /home/nfl/husarion_rusak/src/install/husarion_gz_worlds/share/husarion_gz_worlds/models/WaterDispenser/meshes/water_dispenser.dae
[0.095s] -- Up-to-date symlink: /home/nfl/husarion_rusak/src/install/husarion_gz_worlds/share/husarion_gz_worlds/models/WaterDispenser/model.config
[0.095s] -- Up-to-date symlink: /home/nfl/husarion_rusak/src/install/husarion_gz_worlds/share/husarion_gz_worlds/models/WaterDispenser/model.sdf
[0.095s] -- Up-to-date symlink: /home/nfl/husarion_rusak/src/install/husarion_gz_worlds/share/husarion_gz_worlds/models/antenna/meshes/antenna.dae
[0.095s] -- Up-to-date symlink: /home/nfl/husarion_rusak/src/install/husarion_gz_worlds/share/husarion_gz_worlds/models/antenna/meshes/antenna.png
[0.095s] -- Up-to-date symlink: /home/nfl/husarion_rusak/src/install/husarion_gz_worlds/share/husarion_gz_worlds/models/antenna/model.config
[0.095s] -- Up-to-date symlink: /home/nfl/husarion_rusak/src/install/husarion_gz_worlds/share/husarion_gz_worlds/models/antenna/model.sdf
[0.096s] -- Up-to-date symlink: /home/nfl/husarion_rusak/src/install/husarion_gz_worlds/share/husarion_gz_worlds/models/antenna/thumbnails/1.png
[0.096s] -- Up-to-date symlink: /home/nfl/husarion_rusak/src/install/husarion_gz_worlds/share/husarion_gz_worlds/models/antenna/thumbnails/2.png
[0.097s] -- Up-to-date symlink: /home/nfl/husarion_rusak/src/install/husarion_gz_worlds/share/husarion_gz_worlds/models/antenna/thumbnails/3.png
[0.097s] -- Up-to-date symlink: /home/nfl/husarion_rusak/src/install/husarion_gz_worlds/share/husarion_gz_worlds/models/antenna/thumbnails/4.png
[0.097s] -- Up-to-date symlink: /home/nfl/husarion_rusak/src/install/husarion_gz_worlds/share/husarion_gz_worlds/models/antenna/thumbnails/5.png
[0.097s] -- Up-to-date symlink: /home/nfl/husarion_rusak/src/install/husarion_gz_worlds/share/husarion_gz_worlds/models/aruco_pole_textures/aruco_pole_0/model.config
[0.097s] -- Up-to-date symlink: /home/nfl/husarion_rusak/src/install/husarion_gz_worlds/share/husarion_gz_worlds/models/aruco_pole_textures/aruco_pole_0/model.sdf
[0.097s] -- Up-to-date symlink: /home/nfl/husarion_rusak/src/install/husarion_gz_worlds/share/husarion_gz_worlds/models/aruco_pole_textures/aruco_pole_1/model.config
[0.097s] -- Up-to-date symlink: /home/nfl/husarion_rusak/src/install/husarion_gz_worlds/share/husarion_gz_worlds/models/aruco_pole_textures/aruco_pole_1/model.sdf
[0.098s] -- Up-to-date symlink: /home/nfl/husarion_rusak/src/install/husarion_gz_worlds/share/husarion_gz_worlds/models/aruco_pole_textures/aruco_pole_10/model.config
[0.098s] -- Up-to-date symlink: /home/nfl/husarion_rusak/src/install/husarion_gz_worlds/share/husarion_gz_worlds/models/aruco_pole_textures/aruco_pole_10/model.sdf
[0.099s] -- Up-to-date symlink: /home/nfl/husarion_rusak/src/install/husarion_gz_worlds/share/husarion_gz_worlds/models/aruco_pole_textures/aruco_pole_11/model.config
[0.099s] -- Up-to-date symlink: /home/nfl/husarion_rusak/src/install/husarion_gz_worlds/share/husarion_gz_worlds/models/aruco_pole_textures/aruco_pole_11/model.sdf
[0.103s] -- Up-to-date symlink: /home/nfl/husarion_rusak/src/install/husarion_gz_worlds/share/husarion_gz_worlds/models/aruco_pole_textures/aruco_pole_12/model.config
[0.103s] -- Up-to-date symlink: /home/nfl/husarion_rusak/src/install/husarion_gz_worlds/share/husarion_gz_worlds/models/aruco_pole_textures/aruco_pole_12/model.sdf
[0.103s] -- Up-to-date symlink: /home/nfl/husarion_rusak/src/install/husarion_gz_worlds/share/husarion_gz_worlds/models/aruco_pole_textures/aruco_pole_13/model.config
[0.103s] -- Up-to-date symlink: /home/nfl/husarion_rusak/src/install/husarion_gz_worlds/share/husarion_gz_worlds/models/aruco_pole_textures/aruco_pole_13/model.sdf
[0.104s] -- Up-to-date symlink: /home/nfl/husarion_rusak/src/install/husarion_gz_worlds/share/husarion_gz_worlds/models/aruco_pole_textures/aruco_pole_14/model.config
[0.104s] -- Up-to-date symlink: /home/nfl/husarion_rusak/src/install/husarion_gz_worlds/share/husarion_gz_worlds/models/aruco_pole_textures/aruco_pole_14/model.sdf
[0.104s] -- Up-to-date symlink: /home/nfl/husarion_rusak/src/install/husarion_gz_worlds/share/husarion_gz_worlds/models/aruco_pole_textures/aruco_pole_15/model.config
[0.105s] -- Up-to-date symlink: /home/nfl/husarion_rusak/src/install/husarion_gz_worlds/share/husarion_gz_worlds/models/aruco_pole_textures/aruco_pole_15/model.sdf
[0.108s] -- Up-to-date symlink: /home/nfl/husarion_rusak/src/install/husarion_gz_worlds/share/husarion_gz_worlds/models/aruco_pole_textures/aruco_pole_16/model.config
[0.108s] -- Up-to-date symlink: /home/nfl/husarion_rusak/src/install/husarion_gz_worlds/share/husarion_gz_worlds/models/aruco_pole_textures/aruco_pole_16/model.sdf
[0.108s] -- Up-to-date symlink: /home/nfl/husarion_rusak/src/install/husarion_gz_worlds/share/husarion_gz_worlds/models/aruco_pole_textures/aruco_pole_17/model.config
[0.109s] -- Up-to-date symlink: /home/nfl/husarion_rusak/src/install/husarion_gz_worlds/share/husarion_gz_worlds/models/aruco_pole_textures/aruco_pole_17/model.sdf
[0.109s] -- Up-to-date symlink: /home/nfl/husarion_rusak/src/install/husarion_gz_worlds/share/husarion_gz_worlds/models/aruco_pole_textures/aruco_pole_18/model.config
[0.109s] -- Up-to-date symlink: /home/nfl/husarion_rusak/src/install/husarion_gz_worlds/share/husarion_gz_worlds/models/aruco_pole_textures/aruco_pole_18/model.sdf
[0.109s] -- Up-to-date symlink: /home/nfl/husarion_rusak/src/install/husarion_gz_worlds/share/husarion_gz_worlds/models/aruco_pole_textures/aruco_pole_19/model.config
[0.109s] -- Up-to-date symlink: /home/nfl/husarion_rusak/src/install/husarion_gz_worlds/share/husarion_gz_worlds/models/aruco_pole_textures/aruco_pole_19/model.sdf
[0.109s] -- Up-to-date symlink: /home/nfl/husarion_rusak/src/install/husarion_gz_worlds/share/husarion_gz_worlds/models/aruco_pole_textures/aruco_pole_2/model.config
[0.113s] -- Up-to-date symlink: /home/nfl/husarion_rusak/src/install/husarion_gz_worlds/share/husarion_gz_worlds/models/aruco_pole_textures/aruco_pole_2/model.sdf
[0.113s] -- Up-to-date symlink: /home/nfl/husarion_rusak/src/install/husarion_gz_worlds/share/husarion_gz_worlds/models/aruco_pole_textures/aruco_pole_20/model.config
[0.113s] -- Up-to-date symlink: /home/nfl/husarion_rusak/src/install/husarion_gz_worlds/share/husarion_gz_worlds/models/aruco_pole_textures/aruco_pole_20/model.sdf
[0.113s] -- Up-to-date symlink: /home/nfl/husarion_rusak/src/install/husarion_gz_worlds/share/husarion_gz_worlds/models/aruco_pole_textures/aruco_pole_21/model.config
[0.113s] -- Up-to-date symlink: /home/nfl/husarion_rusak/src/install/husarion_gz_worlds/share/husarion_gz_worlds/models/aruco_pole_textures/aruco_pole_21/model.sdf
[0.113s] -- Up-to-date symlink: /home/nfl/husarion_rusak/src/install/husarion_gz_worlds/share/husarion_gz_worlds/models/aruco_pole_textures/aruco_pole_22/model.config
[0.113s] -- Up-to-date symlink: /home/nfl/husarion_rusak/src/install/husarion_gz_worlds/share/husarion_gz_worlds/models/aruco_pole_textures/aruco_pole_22/model.sdf
[0.114s] -- Up-to-date symlink: /home/nfl/husarion_rusak/src/install/husarion_gz_worlds/share/husarion_gz_worlds/models/aruco_pole_textures/aruco_pole_23/model.config
[0.114s] -- Up-to-date symlink: /home/nfl/husarion_rusak/src/install/husarion_gz_worlds/share/husarion_gz_worlds/models/aruco_pole_textures/aruco_pole_23/model.sdf
[0.114s] -- Up-to-date symlink: /home/nfl/husarion_rusak/src/install/husarion_gz_worlds/share/husarion_gz_worlds/models/aruco_pole_textures/aruco_pole_24/model.config
[0.114s] -- Up-to-date symlink: /home/nfl/husarion_rusak/src/install/husarion_gz_worlds/share/husarion_gz_worlds/models/aruco_pole_textures/aruco_pole_24/model.sdf
[0.115s] -- Up-to-date symlink: /home/nfl/husarion_rusak/src/install/husarion_gz_worlds/share/husarion_gz_worlds/models/aruco_pole_textures/aruco_pole_25/model.config
[0.115s] -- Up-to-date symlink: /home/nfl/husarion_rusak/src/install/husarion_gz_worlds/share/husarion_gz_worlds/models/aruco_pole_textures/aruco_pole_25/model.sdf
[0.115s] -- Up-to-date symlink: /home/nfl/husarion_rusak/src/install/husarion_gz_worlds/share/husarion_gz_worlds/models/aruco_pole_textures/aruco_pole_26/model.config
[0.115s] -- Up-to-date symlink: /home/nfl/husarion_rusak/src/install/husarion_gz_worlds/share/husarion_gz_worlds/models/aruco_pole_textures/aruco_pole_26/model.sdf
[0.115s] -- Up-to-date symlink: /home/nfl/husarion_rusak/src/install/husarion_gz_worlds/share/husarion_gz_worlds/models/aruco_pole_textures/aruco_pole_27/model.config
[0.115s] -- Up-to-date symlink: /home/nfl/husarion_rusak/src/install/husarion_gz_worlds/share/husarion_gz_worlds/models/aruco_pole_textures/aruco_pole_27/model.sdf
[0.115s] -- Up-to-date symlink: /home/nfl/husarion_rusak/src/install/husarion_gz_worlds/share/husarion_gz_worlds/models/aruco_pole_textures/aruco_pole_28/model.config
[0.115s] -- Up-to-date symlink: /home/nfl/husarion_rusak/src/install/husarion_gz_worlds/share/husarion_gz_worlds/models/aruco_pole_textures/aruco_pole_28/model.sdf
[0.116s] -- Up-to-date symlink: /home/nfl/husarion_rusak/src/install/husarion_gz_worlds/share/husarion_gz_worlds/models/aruco_pole_textures/aruco_pole_29/model.config
[0.116s] -- Up-to-date symlink: /home/nfl/husarion_rusak/src/install/husarion_gz_worlds/share/husarion_gz_worlds/models/aruco_pole_textures/aruco_pole_29/model.sdf
[0.116s] -- Up-to-date symlink: /home/nfl/husarion_rusak/src/install/husarion_gz_worlds/share/husarion_gz_worlds/models/aruco_pole_textures/aruco_pole_3/model.config
[0.116s] -- Up-to-date symlink: /home/nfl/husarion_rusak/src/install/husarion_gz_worlds/share/husarion_gz_worlds/models/aruco_pole_textures/aruco_pole_3/model.sdf
[0.116s] -- Up-to-date symlink: /home/nfl/husarion_rusak/src/install/husarion_gz_worlds/share/husarion_gz_worlds/models/aruco_pole_textures/aruco_pole_30/model.config
[0.116s] -- Up-to-date symlink: /home/nfl/husarion_rusak/src/install/husarion_gz_worlds/share/husarion_gz_worlds/models/aruco_pole_textures/aruco_pole_30/model.sdf
[0.117s] -- Up-to-date symlink: /home/nfl/husarion_rusak/src/install/husarion_gz_worlds/share/husarion_gz_worlds/models/aruco_pole_textures/aruco_pole_31/model.config
[0.117s] -- Up-to-date symlink: /home/nfl/husarion_rusak/src/install/husarion_gz_worlds/share/husarion_gz_worlds/models/aruco_pole_textures/aruco_pole_31/model.sdf
[0.117s] -- Up-to-date symlink: /home/nfl/husarion_rusak/src/install/husarion_gz_worlds/share/husarion_gz_worlds/models/aruco_pole_textures/aruco_pole_32/model.config
[0.117s] -- Up-to-date symlink: /home/nfl/husarion_rusak/src/install/husarion_gz_worlds/share/husarion_gz_worlds/models/aruco_pole_textures/aruco_pole_32/model.sdf
[0.117s] -- Up-to-date symlink: /home/nfl/husarion_rusak/src/install/husarion_gz_worlds/share/husarion_gz_worlds/models/aruco_pole_textures/aruco_pole_33/model.config
[0.117s] -- Up-to-date symlink: /home/nfl/husarion_rusak/src/install/husarion_gz_worlds/share/husarion_gz_worlds/models/aruco_pole_textures/aruco_pole_33/model.sdf
[0.118s] -- Up-to-date symlink: /home/nfl/husarion_rusak/src/install/husarion_gz_worlds/share/husarion_gz_worlds/models/aruco_pole_textures/aruco_pole_34/model.config
[0.118s] -- Up-to-date symlink: /home/nfl/husarion_rusak/src/install/husarion_gz_worlds/share/husarion_gz_worlds/models/aruco_pole_textures/aruco_pole_34/model.sdf
[0.118s] -- Up-to-date symlink: /home/nfl/husarion_rusak/src/install/husarion_gz_worlds/share/husarion_gz_worlds/models/aruco_pole_textures/aruco_pole_35/model.config
[0.118s] -- Up-to-date symlink: /home/nfl/husarion_rusak/src/install/husarion_gz_worlds/share/husarion_gz_worlds/models/aruco_pole_textures/aruco_pole_35/model.sdf
[0.118s] -- Up-to-date symlink: /home/nfl/husarion_rusak/src/install/husarion_gz_worlds/share/husarion_gz_worlds/models/aruco_pole_textures/aruco_pole_36/model.config
[0.118s] -- Up-to-date symlink: /home/nfl/husarion_rusak/src/install/husarion_gz_worlds/share/husarion_gz_worlds/models/aruco_pole_textures/aruco_pole_36/model.sdf
[0.118s] -- Up-to-date symlink: /home/nfl/husarion_rusak/src/install/husarion_gz_worlds/share/husarion_gz_worlds/models/aruco_pole_textures/aruco_pole_37/model.config
[0.118s] -- Up-to-date symlink: /home/nfl/husarion_rusak/src/install/husarion_gz_worlds/share/husarion_gz_worlds/models/aruco_pole_textures/aruco_pole_37/model.sdf
[0.118s] -- Up-to-date symlink: /home/nfl/husarion_rusak/src/install/husarion_gz_worlds/share/husarion_gz_worlds/models/aruco_pole_textures/aruco_pole_38/model.config
[0.118s] -- Up-to-date symlink: /home/nfl/husarion_rusak/src/install/husarion_gz_worlds/share/husarion_gz_worlds/models/aruco_pole_textures/aruco_pole_38/model.sdf
[0.119s] -- Up-to-date symlink: /home/nfl/husarion_rusak/src/install/husarion_gz_worlds/share/husarion_gz_worlds/models/aruco_pole_textures/aruco_pole_39/model.config
[0.119s] -- Up-to-date symlink: /home/nfl/husarion_rusak/src/install/husarion_gz_worlds/share/husarion_gz_worlds/models/aruco_pole_textures/aruco_pole_39/model.sdf
[0.119s] -- Up-to-date symlink: /home/nfl/husarion_rusak/src/install/husarion_gz_worlds/share/husarion_gz_worlds/models/aruco_pole_textures/aruco_pole_4/model.config
[0.119s] -- Up-to-date symlink: /home/nfl/husarion_rusak/src/install/husarion_gz_worlds/share/husarion_gz_worlds/models/aruco_pole_textures/aruco_pole_4/model.sdf
[0.119s] -- Up-to-date symlink: /home/nfl/husarion_rusak/src/install/husarion_gz_worlds/share/husarion_gz_worlds/models/aruco_pole_textures/aruco_pole_40/model.config
[0.119s] -- Up-to-date symlink: /home/nfl/husarion_rusak/src/install/husarion_gz_worlds/share/husarion_gz_worlds/models/aruco_pole_textures/aruco_pole_40/model.sdf
[0.120s] -- Up-to-date symlink: /home/nfl/husarion_rusak/src/install/husarion_gz_worlds/share/husarion_gz_worlds/models/aruco_pole_textures/aruco_pole_41/model.config
[0.120s] -- Up-to-date symlink: /home/nfl/husarion_rusak/src/install/husarion_gz_worlds/share/husarion_gz_worlds/models/aruco_pole_textures/aruco_pole_41/model.sdf
[0.120s] -- Up-to-date symlink: /home/nfl/husarion_rusak/src/install/husarion_gz_worlds/share/husarion_gz_worlds/models/aruco_pole_textures/aruco_pole_42/model.config
[0.121s] -- Up-to-date symlink: /home/nfl/husarion_rusak/src/install/husarion_gz_worlds/share/husarion_gz_worlds/models/aruco_pole_textures/aruco_pole_42/model.sdf
[0.121s] -- Up-to-date symlink: /home/nfl/husarion_rusak/src/install/husarion_gz_worlds/share/husarion_gz_worlds/models/aruco_pole_textures/aruco_pole_43/model.config
[0.122s] -- Up-to-date symlink: /home/nfl/husarion_rusak/src/install/husarion_gz_worlds/share/husarion_gz_worlds/models/aruco_pole_textures/aruco_pole_43/model.sdf
[0.122s] -- Up-to-date symlink: /home/nfl/husarion_rusak/src/install/husarion_gz_worlds/share/husarion_gz_worlds/models/aruco_pole_textures/aruco_pole_44/model.config
[0.122s] -- Up-to-date symlink: /home/nfl/husarion_rusak/src/install/husarion_gz_worlds/share/husarion_gz_worlds/models/aruco_pole_textures/aruco_pole_44/model.sdf
[0.122s] -- Up-to-date symlink: /home/nfl/husarion_rusak/src/install/husarion_gz_worlds/share/husarion_gz_worlds/models/aruco_pole_textures/aruco_pole_45/model.config
[0.122s] -- Up-to-date symlink: /home/nfl/husarion_rusak/src/install/husarion_gz_worlds/share/husarion_gz_worlds/models/aruco_pole_textures/aruco_pole_45/model.sdf
[0.122s] -- Up-to-date symlink: /home/nfl/husarion_rusak/src/install/husarion_gz_worlds/share/husarion_gz_worlds/models/aruco_pole_textures/aruco_pole_46/model.config
[0.122s] -- Up-to-date symlink: /home/nfl/husarion_rusak/src/install/husarion_gz_worlds/share/husarion_gz_worlds/models/aruco_pole_textures/aruco_pole_46/model.sdf
[0.123s] -- Up-to-date symlink: /home/nfl/husarion_rusak/src/install/husarion_gz_worlds/share/husarion_gz_worlds/models/aruco_pole_textures/aruco_pole_47/model.config
[0.123s] -- Up-to-date symlink: /home/nfl/husarion_rusak/src/install/husarion_gz_worlds/share/husarion_gz_worlds/models/aruco_pole_textures/aruco_pole_47/model.sdf
[0.123s] -- Up-to-date symlink: /home/nfl/husarion_rusak/src/install/husarion_gz_worlds/share/husarion_gz_worlds/models/aruco_pole_textures/aruco_pole_48/model.config
[0.123s] -- Up-to-date symlink: /home/nfl/husarion_rusak/src/install/husarion_gz_worlds/share/husarion_gz_worlds/models/aruco_pole_textures/aruco_pole_48/model.sdf
[0.123s] -- Up-to-date symlink: /home/nfl/husarion_rusak/src/install/husarion_gz_worlds/share/husarion_gz_worlds/models/aruco_pole_textures/aruco_pole_49/model.config
[0.124s] -- Up-to-date symlink: /home/nfl/husarion_rusak/src/install/husarion_gz_worlds/share/husarion_gz_worlds/models/aruco_pole_textures/aruco_pole_49/model.sdf
[0.124s] -- Up-to-date symlink: /home/nfl/husarion_rusak/src/install/husarion_gz_worlds/share/husarion_gz_worlds/models/aruco_pole_textures/aruco_pole_5/model.config
[0.124s] -- Up-to-date symlink: /home/nfl/husarion_rusak/src/install/husarion_gz_worlds/share/husarion_gz_worlds/models/aruco_pole_textures/aruco_pole_5/model.sdf
[0.124s] -- Up-to-date symlink: /home/nfl/husarion_rusak/src/install/husarion_gz_worlds/share/husarion_gz_worlds/models/aruco_pole_textures/aruco_pole_50/model.config
[0.124s] -- Up-to-date symlink: /home/nfl/husarion_rusak/src/install/husarion_gz_worlds/share/husarion_gz_worlds/models/aruco_pole_textures/aruco_pole_50/model.sdf
[0.125s] -- Up-to-date symlink: /home/nfl/husarion_rusak/src/install/husarion_gz_worlds/share/husarion_gz_worlds/models/aruco_pole_textures/aruco_pole_6/model.config
[0.125s] -- Up-to-date symlink: /home/nfl/husarion_rusak/src/install/husarion_gz_worlds/share/husarion_gz_worlds/models/aruco_pole_textures/aruco_pole_6/model.sdf
[0.125s] -- Up-to-date symlink: /home/nfl/husarion_rusak/src/install/husarion_gz_worlds/share/husarion_gz_worlds/models/aruco_pole_textures/aruco_pole_7/model.config
[0.125s] -- Up-to-date symlink: /home/nfl/husarion_rusak/src/install/husarion_gz_worlds/share/husarion_gz_worlds/models/aruco_pole_textures/aruco_pole_7/model.sdf
[0.126s] -- Up-to-date symlink: /home/nfl/husarion_rusak/src/install/husarion_gz_worlds/share/husarion_gz_worlds/models/aruco_pole_textures/aruco_pole_8/model.config
[0.126s] -- Up-to-date symlink: /home/nfl/husarion_rusak/src/install/husarion_gz_worlds/share/husarion_gz_worlds/models/aruco_pole_textures/aruco_pole_8/model.sdf
[0.126s] -- Up-to-date symlink: /home/nfl/husarion_rusak/src/install/husarion_gz_worlds/share/husarion_gz_worlds/models/aruco_pole_textures/aruco_pole_9/model.config
[0.126s] -- Up-to-date symlink: /home/nfl/husarion_rusak/src/install/husarion_gz_worlds/share/husarion_gz_worlds/models/aruco_pole_textures/aruco_pole_9/model.sdf
[0.126s] -- Up-to-date symlink: /home/nfl/husarion_rusak/src/install/husarion_gz_worlds/share/husarion_gz_worlds/models/aruco_pole_textures/generate_poles.py
[0.126s] -- Up-to-date symlink: /home/nfl/husarion_rusak/src/install/husarion_gz_worlds/share/husarion_gz_worlds/models/aruco_pole_textures/materials/textures/aruco_tag_0.png
[0.126s] -- Up-to-date symlink: /home/nfl/husarion_rusak/src/install/husarion_gz_worlds/share/husarion_gz_worlds/models/aruco_pole_textures/materials/textures/aruco_tag_1.png
[0.127s] -- Up-to-date symlink: /home/nfl/husarion_rusak/src/install/husarion_gz_worlds/share/husarion_gz_worlds/models/aruco_pole_textures/materials/textures/aruco_tag_10.png
[0.127s] -- Up-to-date symlink: /home/nfl/husarion_rusak/src/install/husarion_gz_worlds/share/husarion_gz_worlds/models/aruco_pole_textures/materials/textures/aruco_tag_11.png
[0.127s] -- Up-to-date symlink: /home/nfl/husarion_rusak/src/install/husarion_gz_worlds/share/husarion_gz_worlds/models/aruco_pole_textures/materials/textures/aruco_tag_12.png
[0.127s] -- Up-to-date symlink: /home/nfl/husarion_rusak/src/install/husarion_gz_worlds/share/husarion_gz_worlds/models/aruco_pole_textures/materials/textures/aruco_tag_13.png
[0.128s] -- Up-to-date symlink: /home/nfl/husarion_rusak/src/install/husarion_gz_worlds/share/husarion_gz_worlds/models/aruco_pole_textures/materials/textures/aruco_tag_14.png
[0.128s] -- Up-to-date symlink: /home/nfl/husarion_rusak/src/install/husarion_gz_worlds/share/husarion_gz_worlds/models/aruco_pole_textures/materials/textures/aruco_tag_15.png
[0.128s] -- Up-to-date symlink: /home/nfl/husarion_rusak/src/install/husarion_gz_worlds/share/husarion_gz_worlds/models/aruco_pole_textures/materials/textures/aruco_tag_16.png
[0.128s] -- Up-to-date symlink: /home/nfl/husarion_rusak/src/install/husarion_gz_worlds/share/husarion_gz_worlds/models/aruco_pole_textures/materials/textures/aruco_tag_17.png
[0.129s] -- Up-to-date symlink: /home/nfl/husarion_rusak/src/install/husarion_gz_worlds/share/husarion_gz_worlds/models/aruco_pole_textures/materials/textures/aruco_tag_18.png
[0.129s] -- Up-to-date symlink: /home/nfl/husarion_rusak/src/install/husarion_gz_worlds/share/husarion_gz_worlds/models/aruco_pole_textures/materials/textures/aruco_tag_19.png
[0.129s] -- Up-to-date symlink: /home/nfl/husarion_rusak/src/install/husarion_gz_worlds/share/husarion_gz_worlds/models/aruco_pole_textures/materials/textures/aruco_tag_2.png
[0.130s] -- Up-to-date symlink: /home/nfl/husarion_rusak/src/install/husarion_gz_worlds/share/husarion_gz_worlds/models/aruco_pole_textures/materials/textures/aruco_tag_20.png
[0.130s] -- Up-to-date symlink: /home/nfl/husarion_rusak/src/install/husarion_gz_worlds/share/husarion_gz_worlds/models/aruco_pole_textures/materials/textures/aruco_tag_21.png
[0.130s] -- Up-to-date symlink: /home/nfl/husarion_rusak/src/install/husarion_gz_worlds/share/husarion_gz_worlds/models/aruco_pole_textures/materials/textures/aruco_tag_22.png
[0.130s] -- Up-to-date symlink: /home/nfl/husarion_rusak/src/install/husarion_gz_worlds/share/husarion_gz_worlds/models/aruco_pole_textures/materials/textures/aruco_tag_23.png
[0.130s] -- Up-to-date symlink: /home/nfl/husarion_rusak/src/install/husarion_gz_worlds/share/husarion_gz_worlds/models/aruco_pole_textures/materials/textures/aruco_tag_24.png
[0.131s] -- Up-to-date symlink: /home/nfl/husarion_rusak/src/install/husarion_gz_worlds/share/husarion_gz_worlds/models/aruco_pole_textures/materials/textures/aruco_tag_25.png
[0.131s] -- Up-to-date symlink: /home/nfl/husarion_rusak/src/install/husarion_gz_worlds/share/husarion_gz_worlds/models/aruco_pole_textures/materials/textures/aruco_tag_26.png
[0.131s] -- Up-to-date symlink: /home/nfl/husarion_rusak/src/install/husarion_gz_worlds/share/husarion_gz_worlds/models/aruco_pole_textures/materials/textures/aruco_tag_27.png
[0.131s] -- Up-to-date symlink: /home/nfl/husarion_rusak/src/install/husarion_gz_worlds/share/husarion_gz_worlds/models/aruco_pole_textures/materials/textures/aruco_tag_28.png
[0.131s] -- Up-to-date symlink: /home/nfl/husarion_rusak/src/install/husarion_gz_worlds/share/husarion_gz_worlds/models/aruco_pole_textures/materials/textures/aruco_tag_29.png
[0.132s] -- Up-to-date symlink: /home/nfl/husarion_rusak/src/install/husarion_gz_worlds/share/husarion_gz_worlds/models/aruco_pole_textures/materials/textures/aruco_tag_3.png
[0.132s] -- Up-to-date symlink: /home/nfl/husarion_rusak/src/install/husarion_gz_worlds/share/husarion_gz_worlds/models/aruco_pole_textures/materials/textures/aruco_tag_30.png
[0.132s] -- Up-to-date symlink: /home/nfl/husarion_rusak/src/install/husarion_gz_worlds/share/husarion_gz_worlds/models/aruco_pole_textures/materials/textures/aruco_tag_31.png
[0.133s] -- Up-to-date symlink: /home/nfl/husarion_rusak/src/install/husarion_gz_worlds/share/husarion_gz_worlds/models/aruco_pole_textures/materials/textures/aruco_tag_32.png
[0.133s] -- Up-to-date symlink: /home/nfl/husarion_rusak/src/install/husarion_gz_worlds/share/husarion_gz_worlds/models/aruco_pole_textures/materials/textures/aruco_tag_33.png
[0.133s] -- Up-to-date symlink: /home/nfl/husarion_rusak/src/install/husarion_gz_worlds/share/husarion_gz_worlds/models/aruco_pole_textures/materials/textures/aruco_tag_34.png
[0.133s] -- Up-to-date symlink: /home/nfl/husarion_rusak/src/install/husarion_gz_worlds/share/husarion_gz_worlds/models/aruco_pole_textures/materials/textures/aruco_tag_35.png
[0.133s] -- Up-to-date symlink: /home/nfl/husarion_rusak/src/install/husarion_gz_worlds/share/husarion_gz_worlds/models/aruco_pole_textures/materials/textures/aruco_tag_36.png
[0.133s] -- Up-to-date symlink: /home/nfl/husarion_rusak/src/install/husarion_gz_worlds/share/husarion_gz_worlds/models/aruco_pole_textures/materials/textures/aruco_tag_37.png
[0.133s] -- Up-to-date symlink: /home/nfl/husarion_rusak/src/install/husarion_gz_worlds/share/husarion_gz_worlds/models/aruco_pole_textures/materials/textures/aruco_tag_38.png
[0.133s] -- Up-to-date symlink: /home/nfl/husarion_rusak/src/install/husarion_gz_worlds/share/husarion_gz_worlds/models/aruco_pole_textures/materials/textures/aruco_tag_39.png
[0.133s] -- Up-to-date symlink: /home/nfl/husarion_rusak/src/install/husarion_gz_worlds/share/husarion_gz_worlds/models/aruco_pole_textures/materials/textures/aruco_tag_4.png
[0.134s] -- Up-to-date symlink: /home/nfl/husarion_rusak/src/install/husarion_gz_worlds/share/husarion_gz_worlds/models/aruco_pole_textures/materials/textures/aruco_tag_40.png
[0.134s] -- Up-to-date symlink: /home/nfl/husarion_rusak/src/install/husarion_gz_worlds/share/husarion_gz_worlds/models/aruco_pole_textures/materials/textures/aruco_tag_41.png
[0.134s] -- Up-to-date symlink: /home/nfl/husarion_rusak/src/install/husarion_gz_worlds/share/husarion_gz_worlds/models/aruco_pole_textures/materials/textures/aruco_tag_42.png
[0.134s] -- Up-to-date symlink: /home/nfl/husarion_rusak/src/install/husarion_gz_worlds/share/husarion_gz_worlds/models/aruco_pole_textures/materials/textures/aruco_tag_43.png
[0.134s] -- Up-to-date symlink: /home/nfl/husarion_rusak/src/install/husarion_gz_worlds/share/husarion_gz_worlds/models/aruco_pole_textures/materials/textures/aruco_tag_44.png
[0.134s] -- Up-to-date symlink: /home/nfl/husarion_rusak/src/install/husarion_gz_worlds/share/husarion_gz_worlds/models/aruco_pole_textures/materials/textures/aruco_tag_45.png
[0.134s] -- Up-to-date symlink: /home/nfl/husarion_rusak/src/install/husarion_gz_worlds/share/husarion_gz_worlds/models/aruco_pole_textures/materials/textures/aruco_tag_46.png
[0.134s] -- Up-to-date symlink: /home/nfl/husarion_rusak/src/install/husarion_gz_worlds/share/husarion_gz_worlds/models/aruco_pole_textures/materials/textures/aruco_tag_47.png
[0.134s] -- Up-to-date symlink: /home/nfl/husarion_rusak/src/install/husarion_gz_worlds/share/husarion_gz_worlds/models/aruco_pole_textures/materials/textures/aruco_tag_48.png
[0.134s] -- Up-to-date symlink: /home/nfl/husarion_rusak/src/install/husarion_gz_worlds/share/husarion_gz_worlds/models/aruco_pole_textures/materials/textures/aruco_tag_49.png
[0.135s] -- Up-to-date symlink: /home/nfl/husarion_rusak/src/install/husarion_gz_worlds/share/husarion_gz_worlds/models/aruco_pole_textures/materials/textures/aruco_tag_5.png
[0.135s] -- Up-to-date symlink: /home/nfl/husarion_rusak/src/install/husarion_gz_worlds/share/husarion_gz_worlds/models/aruco_pole_textures/materials/textures/aruco_tag_50.png
[0.135s] -- Up-to-date symlink: /home/nfl/husarion_rusak/src/install/husarion_gz_worlds/share/husarion_gz_worlds/models/aruco_pole_textures/materials/textures/aruco_tag_6.png
[0.135s] -- Up-to-date symlink: /home/nfl/husarion_rusak/src/install/husarion_gz_worlds/share/husarion_gz_worlds/models/aruco_pole_textures/materials/textures/aruco_tag_7.png
[0.135s] -- Up-to-date symlink: /home/nfl/husarion_rusak/src/install/husarion_gz_worlds/share/husarion_gz_worlds/models/aruco_pole_textures/materials/textures/aruco_tag_8.png
[0.135s] -- Up-to-date symlink: /home/nfl/husarion_rusak/src/install/husarion_gz_worlds/share/husarion_gz_worlds/models/aruco_pole_textures/materials/textures/aruco_tag_9.png
[0.135s] -- Up-to-date symlink: /home/nfl/husarion_rusak/src/install/husarion_gz_worlds/share/husarion_gz_worlds/models/aruco_pole_textures/materials/textures/generate_textures.py
[0.135s] -- Up-to-date symlink: /home/nfl/husarion_rusak/src/install/husarion_gz_worlds/share/husarion_gz_worlds/models/aruco_pole_textures/model.config
[0.135s] -- Up-to-date symlink: /home/nfl/husarion_rusak/src/install/husarion_gz_worlds/share/husarion_gz_worlds/models/car_wheel/materials/textures/car_wheel.png
[0.135s] -- Up-to-date symlink: /home/nfl/husarion_rusak/src/install/husarion_gz_worlds/share/husarion_gz_worlds/models/car_wheel/meshes/car_wheel.dae
[0.135s] -- Up-to-date symlink: /home/nfl/husarion_rusak/src/install/husarion_gz_worlds/share/husarion_gz_worlds/models/car_wheel/model.config
[0.136s] -- Up-to-date symlink: /home/nfl/husarion_rusak/src/install/husarion_gz_worlds/share/husarion_gz_worlds/models/car_wheel/model.sdf
[0.136s] -- Up-to-date symlink: /home/nfl/husarion_rusak/src/install/husarion_gz_worlds/share/husarion_gz_worlds/models/car_wheel/thumbnails/1.png
[0.136s] -- Up-to-date symlink: /home/nfl/husarion_rusak/src/install/husarion_gz_worlds/share/husarion_gz_worlds/models/car_wheel/thumbnails/2.png
[0.136s] -- Up-to-date symlink: /home/nfl/husarion_rusak/src/install/husarion_gz_worlds/share/husarion_gz_worlds/models/car_wheel/thumbnails/3.png
[0.136s] -- Up-to-date symlink: /home/nfl/husarion_rusak/src/install/husarion_gz_worlds/share/husarion_gz_worlds/models/car_wheel/thumbnails/4.png
[0.136s] -- Up-to-date symlink: /home/nfl/husarion_rusak/src/install/husarion_gz_worlds/share/husarion_gz_worlds/models/car_wheel/thumbnails/5.png
[0.136s] -- Up-to-date symlink: /home/nfl/husarion_rusak/src/install/husarion_gz_worlds/share/husarion_gz_worlds/models/cordless_drill/materials/textures/cordless_drill.png
[0.136s] -- Up-to-date symlink: /home/nfl/husarion_rusak/src/install/husarion_gz_worlds/share/husarion_gz_worlds/models/cordless_drill/meshes/cordless_drill.dae
[0.136s] -- Up-to-date symlink: /home/nfl/husarion_rusak/src/install/husarion_gz_worlds/share/husarion_gz_worlds/models/cordless_drill/meshes/cordless_drill.stl
[0.136s] -- Up-to-date symlink: /home/nfl/husarion_rusak/src/install/husarion_gz_worlds/share/husarion_gz_worlds/models/cordless_drill/model-1_2.sdf
[0.136s] -- Up-to-date symlink: /home/nfl/husarion_rusak/src/install/husarion_gz_worlds/share/husarion_gz_worlds/models/cordless_drill/model-1_3.sdf
[0.136s] -- Up-to-date symlink: /home/nfl/husarion_rusak/src/install/husarion_gz_worlds/share/husarion_gz_worlds/models/cordless_drill/model-1_4.sdf
[0.136s] -- Up-to-date symlink: /home/nfl/husarion_rusak/src/install/husarion_gz_worlds/share/husarion_gz_worlds/models/cordless_drill/model.config
[0.136s] -- Up-to-date symlink: /home/nfl/husarion_rusak/src/install/husarion_gz_worlds/share/husarion_gz_worlds/models/cordless_drill/model.sdf
[0.136s] -- Up-to-date symlink: /home/nfl/husarion_rusak/src/install/husarion_gz_worlds/share/husarion_gz_worlds/models/cordless_drill/thumbnails/1.png
[0.137s] -- Up-to-date symlink: /home/nfl/husarion_rusak/src/install/husarion_gz_worlds/share/husarion_gz_worlds/models/cordless_drill/thumbnails/2.png
[0.137s] -- Up-to-date symlink: /home/nfl/husarion_rusak/src/install/husarion_gz_worlds/share/husarion_gz_worlds/models/cordless_drill/thumbnails/3.png
[0.137s] -- Up-to-date symlink: /home/nfl/husarion_rusak/src/install/husarion_gz_worlds/share/husarion_gz_worlds/models/cordless_drill/thumbnails/4.png
[0.137s] -- Up-to-date symlink: /home/nfl/husarion_rusak/src/install/husarion_gz_worlds/share/husarion_gz_worlds/models/cordless_drill/thumbnails/5.png
[0.138s] -- Up-to-date symlink: /home/nfl/husarion_rusak/src/install/husarion_gz_worlds/share/husarion_gz_worlds/models/fire_hydrant/materials/textures/fire_hydrant_diffuse.png
[0.138s] -- Up-to-date symlink: /home/nfl/husarion_rusak/src/install/husarion_gz_worlds/share/husarion_gz_worlds/models/fire_hydrant/materials/textures/fire_hydrant_spec.png
[0.138s] -- Up-to-date symlink: /home/nfl/husarion_rusak/src/install/husarion_gz_worlds/share/husarion_gz_worlds/models/fire_hydrant/meshes/fire_hydrant.dae
[0.138s] -- Up-to-date symlink: /home/nfl/husarion_rusak/src/install/husarion_gz_worlds/share/husarion_gz_worlds/models/fire_hydrant/model-1_4.sdf
[0.139s] -- Up-to-date symlink: /home/nfl/husarion_rusak/src/install/husarion_gz_worlds/share/husarion_gz_worlds/models/fire_hydrant/model.config
[0.139s] -- Up-to-date symlink: /home/nfl/husarion_rusak/src/install/husarion_gz_worlds/share/husarion_gz_worlds/models/fire_hydrant/model.sdf
[0.139s] -- Up-to-date symlink: /home/nfl/husarion_rusak/src/install/husarion_gz_worlds/share/husarion_gz_worlds/models/fire_hydrant/thumbnails/1.png
[0.139s] -- Up-to-date symlink: /home/nfl/husarion_rusak/src/install/husarion_gz_worlds/share/husarion_gz_worlds/models/fire_hydrant/thumbnails/2.png
[0.140s] -- Up-to-date symlink: /home/nfl/husarion_rusak/src/install/husarion_gz_worlds/share/husarion_gz_worlds/models/fire_hydrant/thumbnails/3.png
[0.140s] -- Up-to-date symlink: /home/nfl/husarion_rusak/src/install/husarion_gz_worlds/share/husarion_gz_worlds/models/fire_hydrant/thumbnails/4.png
[0.140s] -- Up-to-date symlink: /home/nfl/husarion_rusak/src/install/husarion_gz_worlds/share/husarion_gz_worlds/models/fire_hydrant/thumbnails/5.png
[0.140s] -- Symlinking: /home/nfl/husarion_rusak/src/install/husarion_gz_worlds/share/husarion_gz_worlds/models/grais_finnish_v2/meshes/grais_finnish_v2.stl
[0.146s] -- Symlinking: /home/nfl/husarion_rusak/src/install/husarion_gz_worlds/share/husarion_gz_worlds/models/grais_finnish_v2/model.config
[0.157s] -- Symlinking: /home/nfl/husarion_rusak/src/install/husarion_gz_worlds/share/husarion_gz_worlds/models/grais_finnish_v2/model.sdf
[0.166s] -- Up-to-date symlink: /home/nfl/husarion_rusak/src/install/husarion_gz_worlds/share/husarion_gz_worlds/models/helmet/materials/textures/CavingHelmet.jpg
[0.166s] -- Up-to-date symlink: /home/nfl/husarion_rusak/src/install/husarion_gz_worlds/share/husarion_gz_worlds/models/helmet/materials/textures/CavingHelmet_Albedo.jpg
[0.166s] -- Up-to-date symlink: /home/nfl/husarion_rusak/src/install/husarion_gz_worlds/share/husarion_gz_worlds/models/helmet/materials/textures/CavingHelmet_Emissive.jpg
[0.166s] -- Up-to-date symlink: /home/nfl/husarion_rusak/src/install/husarion_gz_worlds/share/husarion_gz_worlds/models/helmet/materials/textures/CavingHelmet_Heatmap_Albedo.png
[0.166s] -- Up-to-date symlink: /home/nfl/husarion_rusak/src/install/husarion_gz_worlds/share/husarion_gz_worlds/models/helmet/materials/textures/CavingHelmet_Normal.jpg
[0.166s] -- Up-to-date symlink: /home/nfl/husarion_rusak/src/install/husarion_gz_worlds/share/husarion_gz_worlds/models/helmet/materials/textures/CavingHelmet_Roughness.jpg
[0.166s] -- Up-to-date symlink: /home/nfl/husarion_rusak/src/install/husarion_gz_worlds/share/husarion_gz_worlds/models/helmet/meshes/CavingHelmet.dae
[0.166s] -- Up-to-date symlink: /home/nfl/husarion_rusak/src/install/husarion_gz_worlds/share/husarion_gz_worlds/models/helmet/model.config
[0.167s] -- Up-to-date symlink: /home/nfl/husarion_rusak/src/install/husarion_gz_worlds/share/husarion_gz_worlds/models/helmet/model.sdf
[0.167s] -- Up-to-date symlink: /home/nfl/husarion_rusak/src/install/husarion_gz_worlds/share/husarion_gz_worlds/models/helmet/thumbnails/1.jpg
[0.167s] -- Up-to-date symlink: /home/nfl/husarion_rusak/src/install/husarion_gz_worlds/share/husarion_gz_worlds/models/helmet/thumbnails/2.jpg
[0.167s] -- Up-to-date symlink: /home/nfl/husarion_rusak/src/install/husarion_gz_worlds/share/husarion_gz_worlds/models/helmet/thumbnails/3.jpg
[0.167s] -- Up-to-date symlink: /home/nfl/husarion_rusak/src/install/husarion_gz_worlds/share/husarion_gz_worlds/models/helmet/thumbnails/4.jpg
[0.167s] -- Up-to-date symlink: /home/nfl/husarion_rusak/src/install/husarion_gz_worlds/share/husarion_gz_worlds/models/landmarks/bottle/meshes/BottleCap_baseColor.png
[0.167s] -- Up-to-date symlink: /home/nfl/husarion_rusak/src/install/husarion_gz_worlds/share/husarion_gz_worlds/models/landmarks/bottle/meshes/BottleCap_metallicRoughness.png
[0.168s] -- Up-to-date symlink: /home/nfl/husarion_rusak/src/install/husarion_gz_worlds/share/husarion_gz_worlds/models/landmarks/bottle/meshes/BottleCap_normal.png
[0.168s] -- Up-to-date symlink: /home/nfl/husarion_rusak/src/install/husarion_gz_worlds/share/husarion_gz_worlds/models/landmarks/bottle/meshes/WaterBottle1_baseColor.png
[0.168s] -- Up-to-date symlink: /home/nfl/husarion_rusak/src/install/husarion_gz_worlds/share/husarion_gz_worlds/models/landmarks/bottle/meshes/WaterBottle1_metallicRoughness.png
[0.168s] -- Up-to-date symlink: /home/nfl/husarion_rusak/src/install/husarion_gz_worlds/share/husarion_gz_worlds/models/landmarks/bottle/meshes/WaterBottle1_normal.png
[0.168s] -- Up-to-date symlink: /home/nfl/husarion_rusak/src/install/husarion_gz_worlds/share/husarion_gz_worlds/models/landmarks/bottle/meshes/bottle.mtl
[0.168s] -- Up-to-date symlink: /home/nfl/husarion_rusak/src/install/husarion_gz_worlds/share/husarion_gz_worlds/models/landmarks/bottle/meshes/bottle.obj
[0.168s] -- Up-to-date symlink: /home/nfl/husarion_rusak/src/install/husarion_gz_worlds/share/husarion_gz_worlds/models/landmarks/bottle/model.config
[0.168s] -- Up-to-date symlink: /home/nfl/husarion_rusak/src/install/husarion_gz_worlds/share/husarion_gz_worlds/models/landmarks/bottle/model.sdf
[0.168s] -- Up-to-date symlink: /home/nfl/husarion_rusak/src/install/husarion_gz_worlds/share/husarion_gz_worlds/models/landmarks/drill/meshes/M_Drill_01_baseColor.png
[0.169s] -- Up-to-date symlink: /home/nfl/husarion_rusak/src/install/husarion_gz_worlds/share/husarion_gz_worlds/models/landmarks/drill/meshes/M_Drill_01_metallicRoughness.png
[0.169s] -- Up-to-date symlink: /home/nfl/husarion_rusak/src/install/husarion_gz_worlds/share/husarion_gz_worlds/models/landmarks/drill/meshes/M_Drill_01_normal.png
[0.169s] -- Up-to-date symlink: /home/nfl/husarion_rusak/src/install/husarion_gz_worlds/share/husarion_gz_worlds/models/landmarks/drill/meshes/drill.mtl
[0.169s] -- Up-to-date symlink: /home/nfl/husarion_rusak/src/install/husarion_gz_worlds/share/husarion_gz_worlds/models/landmarks/drill/meshes/drill.obj
[0.169s] -- Up-to-date symlink: /home/nfl/husarion_rusak/src/install/husarion_gz_worlds/share/husarion_gz_worlds/models/landmarks/drill/meshes/readme.txt
[0.169s] -- Up-to-date symlink: /home/nfl/husarion_rusak/src/install/husarion_gz_worlds/share/husarion_gz_worlds/models/landmarks/drill/model.config
[0.169s] -- Up-to-date symlink: /home/nfl/husarion_rusak/src/install/husarion_gz_worlds/share/husarion_gz_worlds/models/landmarks/drill/model.sdf
[0.169s] -- Up-to-date symlink: /home/nfl/husarion_rusak/src/install/husarion_gz_worlds/share/husarion_gz_worlds/models/landmarks/hammer/meshes/Scene_-_Root_baseColor.png
[0.170s] -- Up-to-date symlink: /home/nfl/husarion_rusak/src/install/husarion_gz_worlds/share/husarion_gz_worlds/models/landmarks/hammer/meshes/Scene_-_Root_metallicRoughness.png
[0.171s] -- Up-to-date symlink: /home/nfl/husarion_rusak/src/install/husarion_gz_worlds/share/husarion_gz_worlds/models/landmarks/hammer/meshes/Scene_-_Root_normal.png
[0.171s] -- Up-to-date symlink: /home/nfl/husarion_rusak/src/install/husarion_gz_worlds/share/husarion_gz_worlds/models/landmarks/hammer/meshes/hammer.mtl
[0.171s] -- Up-to-date symlink: /home/nfl/husarion_rusak/src/install/husarion_gz_worlds/share/husarion_gz_worlds/models/landmarks/hammer/meshes/hammer.obj
[0.171s] -- Up-to-date symlink: /home/nfl/husarion_rusak/src/install/husarion_gz_worlds/share/husarion_gz_worlds/models/landmarks/hammer/model.config
[0.171s] -- Up-to-date symlink: /home/nfl/husarion_rusak/src/install/husarion_gz_worlds/share/husarion_gz_worlds/models/landmarks/hammer/model.sdf
[0.171s] -- Up-to-date symlink: /home/nfl/husarion_rusak/src/install/husarion_gz_worlds/share/husarion_gz_worlds/models/landmarks/helmet/meshes/Helmet-Body_baseColor.jpg
[0.172s] -- Up-to-date symlink: /home/nfl/husarion_rusak/src/install/husarion_gz_worlds/share/husarion_gz_worlds/models/landmarks/helmet/meshes/Helmet-Body_emissive.png
[0.172s] -- Up-to-date symlink: /home/nfl/husarion_rusak/src/install/husarion_gz_worlds/share/husarion_gz_worlds/models/landmarks/helmet/meshes/Helmet-Body_normal.png
[0.172s] -- Up-to-date symlink: /home/nfl/husarion_rusak/src/install/husarion_gz_worlds/share/husarion_gz_worlds/models/landmarks/helmet/meshes/astronaut_helmet.mtl
[0.172s] -- Up-to-date symlink: /home/nfl/husarion_rusak/src/install/husarion_gz_worlds/share/husarion_gz_worlds/models/landmarks/helmet/meshes/astronaut_helmet.obj
[0.172s] -- Up-to-date symlink: /home/nfl/husarion_rusak/src/install/husarion_gz_worlds/share/husarion_gz_worlds/models/landmarks/helmet/meshes/helmet_glass_baseColor.png
[0.172s] -- Up-to-date symlink: /home/nfl/husarion_rusak/src/install/husarion_gz_worlds/share/husarion_gz_worlds/models/landmarks/helmet/model.config
[0.172s] -- Up-to-date symlink: /home/nfl/husarion_rusak/src/install/husarion_gz_worlds/share/husarion_gz_worlds/models/landmarks/helmet/model.sdf
[0.172s] -- Up-to-date symlink: /home/nfl/husarion_rusak/src/install/husarion_gz_worlds/share/husarion_gz_worlds/models/landmarks/his/fire hydrant - used_Mat_BaseColor.png
[0.173s] -- Up-to-date symlink: /home/nfl/husarion_rusak/src/install/husarion_gz_worlds/share/husarion_gz_worlds/models/landmarks/his/fire hydrant - used_Mat_Height.png
[0.173s] -- Up-to-date symlink: /home/nfl/husarion_rusak/src/install/husarion_gz_worlds/share/husarion_gz_worlds/models/landmarks/his/fire hydrant - used_Mat_Metallic.png
[0.173s] -- Up-to-date symlink: /home/nfl/husarion_rusak/src/install/husarion_gz_worlds/share/husarion_gz_worlds/models/landmarks/his/fire hydrant - used_Mat_Normal.png
[0.173s] -- Up-to-date symlink: /home/nfl/husarion_rusak/src/install/husarion_gz_worlds/share/husarion_gz_worlds/models/landmarks/his/fire hydrant - used_Mat_Roughness.png
[0.173s] -- Up-to-date symlink: /home/nfl/husarion_rusak/src/install/husarion_gz_worlds/share/husarion_gz_worlds/models/landmarks/his/fire hydrant.c4d
[0.173s] -- Up-to-date symlink: /home/nfl/husarion_rusak/src/install/husarion_gz_worlds/share/husarion_gz_worlds/models/landmarks/his/fire hydrant.obj
[0.174s] -- Up-to-date symlink: /home/nfl/husarion_rusak/src/install/husarion_gz_worlds/share/husarion_gz_worlds/models/landmarks/hydrant/meshes/NYC_Fire_Hydrant.jpg
[0.174s] -- Up-to-date symlink: /home/nfl/husarion_rusak/src/install/husarion_gz_worlds/share/husarion_gz_worlds/models/landmarks/hydrant/meshes/firehydrant.mtl
[0.174s] -- Up-to-date symlink: /home/nfl/husarion_rusak/src/install/husarion_gz_worlds/share/husarion_gz_worlds/models/landmarks/hydrant/meshes/firehydrant.obj
[0.175s] -- Up-to-date symlink: /home/nfl/husarion_rusak/src/install/husarion_gz_worlds/share/husarion_gz_worlds/models/landmarks/hydrant/model.config
[0.175s] -- Up-to-date symlink: /home/nfl/husarion_rusak/src/install/husarion_gz_worlds/share/husarion_gz_worlds/models/landmarks/hydrant/model.sdf
[0.175s] -- Up-to-date symlink: /home/nfl/husarion_rusak/src/install/husarion_gz_worlds/share/husarion_gz_worlds/models/landmarks/panel/meshes/Material__2_baseColor.png
[0.175s] -- Up-to-date symlink: /home/nfl/husarion_rusak/src/install/husarion_gz_worlds/share/husarion_gz_worlds/models/landmarks/panel/meshes/Material__2_metallicRoughness.png
[0.175s] -- Up-to-date symlink: /home/nfl/husarion_rusak/src/install/husarion_gz_worlds/share/husarion_gz_worlds/models/landmarks/panel/meshes/Material__4_baseColor.png
[0.176s] -- Up-to-date symlink: /home/nfl/husarion_rusak/src/install/husarion_gz_worlds/share/husarion_gz_worlds/models/landmarks/panel/meshes/Material__4_metallicRoughness.png
[0.176s] -- Up-to-date symlink: /home/nfl/husarion_rusak/src/install/husarion_gz_worlds/share/husarion_gz_worlds/models/landmarks/panel/meshes/control_panel.mtl
[0.176s] -- Up-to-date symlink: /home/nfl/husarion_rusak/src/install/husarion_gz_worlds/share/husarion_gz_worlds/models/landmarks/panel/meshes/control_panel.obj
[0.176s] -- Up-to-date symlink: /home/nfl/husarion_rusak/src/install/husarion_gz_worlds/share/husarion_gz_worlds/models/landmarks/panel/model.config
[0.177s] -- Up-to-date symlink: /home/nfl/husarion_rusak/src/install/husarion_gz_worlds/share/husarion_gz_worlds/models/landmarks/panel/model.sdf
[0.177s] -- Up-to-date symlink: /home/nfl/husarion_rusak/src/install/husarion_gz_worlds/share/husarion_gz_worlds/models/landmarks/satellite_dish/meshes/Scene_-_Root_baseColor.png
[0.177s] -- Up-to-date symlink: /home/nfl/husarion_rusak/src/install/husarion_gz_worlds/share/husarion_gz_worlds/models/landmarks/satellite_dish/meshes/Scene_-_Root_emissive.png
[0.177s] -- Up-to-date symlink: /home/nfl/husarion_rusak/src/install/husarion_gz_worlds/share/husarion_gz_worlds/models/landmarks/satellite_dish/meshes/Scene_-_Root_metallicRoughness.png
[0.178s] -- Up-to-date symlink: /home/nfl/husarion_rusak/src/install/husarion_gz_worlds/share/husarion_gz_worlds/models/landmarks/satellite_dish/meshes/Scene_-_Root_normal.png
[0.178s] -- Up-to-date symlink: /home/nfl/husarion_rusak/src/install/husarion_gz_worlds/share/husarion_gz_worlds/models/landmarks/satellite_dish/meshes/satellite_dish.mtl
[0.178s] -- Up-to-date symlink: /home/nfl/husarion_rusak/src/install/husarion_gz_worlds/share/husarion_gz_worlds/models/landmarks/satellite_dish/meshes/satellite_dish.obj
[0.178s] -- Up-to-date symlink: /home/nfl/husarion_rusak/src/install/husarion_gz_worlds/share/husarion_gz_worlds/models/landmarks/satellite_dish/model.config
[0.178s] -- Up-to-date symlink: /home/nfl/husarion_rusak/src/install/husarion_gz_worlds/share/husarion_gz_worlds/models/landmarks/satellite_dish/model.sdf
[0.178s] -- Up-to-date symlink: /home/nfl/husarion_rusak/src/install/husarion_gz_worlds/share/husarion_gz_worlds/models/landmarks/screw_driver/meshes/Scene_-_Root_baseColor.png
[0.178s] -- Up-to-date symlink: /home/nfl/husarion_rusak/src/install/husarion_gz_worlds/share/husarion_gz_worlds/models/landmarks/screw_driver/meshes/Scene_-_Root_metallicRoughness.png
[0.178s] -- Up-to-date symlink: /home/nfl/husarion_rusak/src/install/husarion_gz_worlds/share/husarion_gz_worlds/models/landmarks/screw_driver/meshes/Scene_-_Root_normal.png
[0.179s] -- Up-to-date symlink: /home/nfl/husarion_rusak/src/install/husarion_gz_worlds/share/husarion_gz_worlds/models/landmarks/screw_driver/meshes/screw_driver.mtl
[0.179s] -- Up-to-date symlink: /home/nfl/husarion_rusak/src/install/husarion_gz_worlds/share/husarion_gz_worlds/models/landmarks/screw_driver/meshes/screw_driver.obj
[0.179s] -- Up-to-date symlink: /home/nfl/husarion_rusak/src/install/husarion_gz_worlds/share/husarion_gz_worlds/models/landmarks/screw_driver/model.config
[0.180s] -- Up-to-date symlink: /home/nfl/husarion_rusak/src/install/husarion_gz_worlds/share/husarion_gz_worlds/models/landmarks/screw_driver/model.sdf
[0.180s] -- Up-to-date symlink: /home/nfl/husarion_rusak/src/install/husarion_gz_worlds/share/husarion_gz_worlds/models/landmarks/tool_box/meshes/07_-_Default_baseColor.jpg
[0.180s] -- Up-to-date symlink: /home/nfl/husarion_rusak/src/install/husarion_gz_worlds/share/husarion_gz_worlds/models/landmarks/tool_box/meshes/07_-_Default_metallicRoughness.png
[0.180s] -- Up-to-date symlink: /home/nfl/husarion_rusak/src/install/husarion_gz_worlds/share/husarion_gz_worlds/models/landmarks/tool_box/meshes/07_-_Default_normal.png
[0.181s] -- Up-to-date symlink: /home/nfl/husarion_rusak/src/install/husarion_gz_worlds/share/husarion_gz_worlds/models/landmarks/tool_box/meshes/tool_box.mtl
[0.181s] -- Up-to-date symlink: /home/nfl/husarion_rusak/src/install/husarion_gz_worlds/share/husarion_gz_worlds/models/landmarks/tool_box/meshes/tool_box.obj
[0.181s] -- Up-to-date symlink: /home/nfl/husarion_rusak/src/install/husarion_gz_worlds/share/husarion_gz_worlds/models/landmarks/tool_box/model.config
[0.181s] -- Up-to-date symlink: /home/nfl/husarion_rusak/src/install/husarion_gz_worlds/share/husarion_gz_worlds/models/landmarks/tool_box/model.sdf
[0.181s] -- Up-to-date symlink: /home/nfl/husarion_rusak/src/install/husarion_gz_worlds/share/husarion_gz_worlds/models/landmarks/wrench/meshes/DefaultMaterial_baseColor.jpg
[0.181s] -- Up-to-date symlink: /home/nfl/husarion_rusak/src/install/husarion_gz_worlds/share/husarion_gz_worlds/models/landmarks/wrench/meshes/DefaultMaterial_metallicRoughness.png
[0.182s] -- Up-to-date symlink: /home/nfl/husarion_rusak/src/install/husarion_gz_worlds/share/husarion_gz_worlds/models/landmarks/wrench/meshes/DefaultMaterial_normal.png
[0.182s] -- Up-to-date symlink: /home/nfl/husarion_rusak/src/install/husarion_gz_worlds/share/husarion_gz_worlds/models/landmarks/wrench/meshes/wrench.mtl
[0.182s] -- Up-to-date symlink: /home/nfl/husarion_rusak/src/install/husarion_gz_worlds/share/husarion_gz_worlds/models/landmarks/wrench/meshes/wrench.obj
[0.182s] -- Up-to-date symlink: /home/nfl/husarion_rusak/src/install/husarion_gz_worlds/share/husarion_gz_worlds/models/landmarks/wrench/model.config
[0.182s] -- Up-to-date symlink: /home/nfl/husarion_rusak/src/install/husarion_gz_worlds/share/husarion_gz_worlds/models/landmarks/wrench/model.sdf
[0.182s] -- Up-to-date symlink: /home/nfl/husarion_rusak/src/install/husarion_gz_worlds/share/husarion_gz_worlds/models/lorong_nopal_v2/meshes/lorong_nopal_v2.stl
[0.182s] -- Up-to-date symlink: /home/nfl/husarion_rusak/src/install/husarion_gz_worlds/share/husarion_gz_worlds/models/lorong_nopal_v2/model.config
[0.182s] -- Up-to-date symlink: /home/nfl/husarion_rusak/src/install/husarion_gz_worlds/share/husarion_gz_worlds/models/lorong_nopal_v2/model.sdf
[0.182s] -- Up-to-date symlink: /home/nfl/husarion_rusak/src/install/husarion_gz_worlds/share/husarion_gz_worlds/models/mars_yard/meshes/model.mtl
[0.182s] -- Up-to-date symlink: /home/nfl/husarion_rusak/src/install/husarion_gz_worlds/share/husarion_gz_worlds/models/mars_yard/meshes/model.obj
[0.182s] -- Up-to-date symlink: /home/nfl/husarion_rusak/src/install/husarion_gz_worlds/share/husarion_gz_worlds/models/mars_yard/meshes/texture.png
[0.182s] -- Up-to-date symlink: /home/nfl/husarion_rusak/src/install/husarion_gz_worlds/share/husarion_gz_worlds/models/mars_yard/model.config
[0.182s] -- Up-to-date symlink: /home/nfl/husarion_rusak/src/install/husarion_gz_worlds/share/husarion_gz_worlds/models/mars_yard/model.sdf
[0.182s] -- Up-to-date symlink: /home/nfl/husarion_rusak/src/install/husarion_gz_worlds/share/husarion_gz_worlds/models/marsyard2024/meshes/base_color_4K.png
[0.183s] -- Up-to-date symlink: /home/nfl/husarion_rusak/src/install/husarion_gz_worlds/share/husarion_gz_worlds/models/marsyard2024/meshes/marsyard2024_processed.dae
[0.183s] -- Up-to-date symlink: /home/nfl/husarion_rusak/src/install/husarion_gz_worlds/share/husarion_gz_worlds/models/marsyard2024/meshes/marsyard2024_processed.stl
[0.183s] -- Up-to-date symlink: /home/nfl/husarion_rusak/src/install/husarion_gz_worlds/share/husarion_gz_worlds/models/marsyard2024/model.config
[0.183s] -- Up-to-date symlink: /home/nfl/husarion_rusak/src/install/husarion_gz_worlds/share/husarion_gz_worlds/models/marsyard2024/model.sdf
[0.183s] -- Up-to-date symlink: /home/nfl/husarion_rusak/src/install/husarion_gz_worlds/share/husarion_gz_worlds/models/suitcase/meshes/Suitcase2.mtl
[0.183s] -- Up-to-date symlink: /home/nfl/husarion_rusak/src/install/husarion_gz_worlds/share/husarion_gz_worlds/models/suitcase/meshes/Suitcase2.obj
[0.184s] -- Up-to-date symlink: /home/nfl/husarion_rusak/src/install/husarion_gz_worlds/share/husarion_gz_worlds/models/suitcase/meshes/Suitcase2_Col.mtl
[0.185s] -- Up-to-date symlink: /home/nfl/husarion_rusak/src/install/husarion_gz_worlds/share/husarion_gz_worlds/models/suitcase/meshes/Suitcase2_Col.obj
[0.185s] -- Up-to-date symlink: /home/nfl/husarion_rusak/src/install/husarion_gz_worlds/share/husarion_gz_worlds/models/suitcase/meshes/Suitcase2_Diffuse.png
[0.186s] -- Up-to-date symlink: /home/nfl/husarion_rusak/src/install/husarion_gz_worlds/share/husarion_gz_worlds/models/suitcase/meshes/Suitcase2_Metal.png
[0.186s] -- Up-to-date symlink: /home/nfl/husarion_rusak/src/install/husarion_gz_worlds/share/husarion_gz_worlds/models/suitcase/meshes/Suitcase2_Normal.png
[0.186s] -- Up-to-date symlink: /home/nfl/husarion_rusak/src/install/husarion_gz_worlds/share/husarion_gz_worlds/models/suitcase/meshes/Suitcase2_Rough.png
[0.186s] -- Up-to-date symlink: /home/nfl/husarion_rusak/src/install/husarion_gz_worlds/share/husarion_gz_worlds/models/suitcase/model.config
[0.186s] -- Up-to-date symlink: /home/nfl/husarion_rusak/src/install/husarion_gz_worlds/share/husarion_gz_worlds/models/suitcase/model.sdf
[0.187s] -- Up-to-date symlink: /home/nfl/husarion_rusak/src/install/husarion_gz_worlds/share/husarion_gz_worlds/models/suitcase/thumbnails/1.png
[0.187s] -- Up-to-date symlink: /home/nfl/husarion_rusak/src/install/husarion_gz_worlds/share/husarion_gz_worlds/models/suitcase/thumbnails/2.png
[0.187s] -- Up-to-date symlink: /home/nfl/husarion_rusak/src/install/husarion_gz_worlds/share/husarion_gz_worlds/models/suitcase/thumbnails/3.png
[0.187s] -- Up-to-date symlink: /home/nfl/husarion_rusak/src/install/husarion_gz_worlds/share/husarion_gz_worlds/models/suitcase/thumbnails/4.png
[0.187s] -- Up-to-date symlink: /home/nfl/husarion_rusak/src/install/husarion_gz_worlds/share/husarion_gz_worlds/models/suitcase/thumbnails/5.png
[0.187s] -- Up-to-date symlink: /home/nfl/husarion_rusak/src/install/husarion_gz_worlds/share/husarion_gz_worlds/models/wrench/meshes/monkey_wrench.dae
[0.187s] -- Up-to-date symlink: /home/nfl/husarion_rusak/src/install/husarion_gz_worlds/share/husarion_gz_worlds/models/wrench/model-1_2.sdf
[0.188s] -- Up-to-date symlink: /home/nfl/husarion_rusak/src/install/husarion_gz_worlds/share/husarion_gz_worlds/models/wrench/model-1_3.sdf
[0.188s] -- Up-to-date symlink: /home/nfl/husarion_rusak/src/install/husarion_gz_worlds/share/husarion_gz_worlds/models/wrench/model-1_4.sdf
[0.188s] -- Up-to-date symlink: /home/nfl/husarion_rusak/src/install/husarion_gz_worlds/share/husarion_gz_worlds/models/wrench/model.config
[0.188s] -- Up-to-date symlink: /home/nfl/husarion_rusak/src/install/husarion_gz_worlds/share/husarion_gz_worlds/models/wrench/model.sdf
[0.188s] -- Up-to-date symlink: /home/nfl/husarion_rusak/src/install/husarion_gz_worlds/share/husarion_gz_worlds/models/wrench/thumbnails/1.png
[0.188s] -- Up-to-date symlink: /home/nfl/husarion_rusak/src/install/husarion_gz_worlds/share/husarion_gz_worlds/models/wrench/thumbnails/2.png
[0.188s] -- Up-to-date symlink: /home/nfl/husarion_rusak/src/install/husarion_gz_worlds/share/husarion_gz_worlds/models/wrench/thumbnails/3.png
[0.188s] -- Up-to-date symlink: /home/nfl/husarion_rusak/src/install/husarion_gz_worlds/share/husarion_gz_worlds/models/wrench/thumbnails/4.png
[0.188s] -- Up-to-date symlink: /home/nfl/husarion_rusak/src/install/husarion_gz_worlds/share/husarion_gz_worlds/models/wrench/thumbnails/5.png
[0.188s] -- Up-to-date symlink: /home/nfl/husarion_rusak/src/install/husarion_gz_worlds/share/husarion_gz_worlds/worlds/empty_with_plugins.sdf
[0.188s] -- Up-to-date symlink: /home/nfl/husarion_rusak/src/install/husarion_gz_worlds/share/husarion_gz_worlds/worlds/gen.py
[0.189s] -- Up-to-date symlink: /home/nfl/husarion_rusak/src/install/husarion_gz_worlds/share/husarion_gz_worlds/worlds/husarion_office.sdf
[0.189s] -- Up-to-date symlink: /home/nfl/husarion_rusak/src/install/husarion_gz_worlds/share/husarion_gz_worlds/worlds/husarion_world.sdf
[0.189s] -- Up-to-date symlink: /home/nfl/husarion_rusak/src/install/husarion_gz_worlds/share/husarion_gz_worlds/worlds/mars_yard.sdf
[0.189s] -- Up-to-date symlink: /home/nfl/husarion_rusak/src/install/husarion_gz_worlds/share/husarion_gz_worlds/worlds/marsyard2024.world
[0.189s] -- Up-to-date symlink: /home/nfl/husarion_rusak/src/install/husarion_gz_worlds/share/husarion_gz_worlds/worlds/sonoma_raceway.sdf
[0.190s] -- Up-to-date symlink: /home/nfl/husarion_rusak/src/install/husarion_gz_worlds/share/husarion_gz_worlds/maps/husarion_world.pgm
[0.190s] -- Up-to-date symlink: /home/nfl/husarion_rusak/src/install/husarion_gz_worlds/share/husarion_gz_worlds/maps/husarion_world.yaml
[0.190s] -- Up-to-date symlink: /home/nfl/husarion_rusak/src/install/husarion_gz_worlds/share/husarion_gz_worlds/environment/husarion_gz_worlds.sh
[0.191s] -- Up-to-date symlink: /home/nfl/husarion_rusak/src/install/husarion_gz_worlds/share/ament_index/resource_index/package_run_dependencies/husarion_gz_worlds
[0.191s] -- Up-to-date symlink: /home/nfl/husarion_rusak/src/install/husarion_gz_worlds/share/ament_index/resource_index/parent_prefix_path/husarion_gz_worlds
[0.191s] -- Up-to-date symlink: /home/nfl/husarion_rusak/src/install/husarion_gz_worlds/share/husarion_gz_worlds/environment/ament_prefix_path.sh
[0.192s] -- Up-to-date symlink: /home/nfl/husarion_rusak/src/install/husarion_gz_worlds/share/husarion_gz_worlds/environment/ament_prefix_path.dsv
[0.192s] -- Up-to-date symlink: /home/nfl/husarion_rusak/src/install/husarion_gz_worlds/share/husarion_gz_worlds/environment/path.sh
[0.192s] -- Up-to-date symlink: /home/nfl/husarion_rusak/src/install/husarion_gz_worlds/share/husarion_gz_worlds/environment/path.dsv
[0.192s] -- Up-to-date symlink: /home/nfl/husarion_rusak/src/install/husarion_gz_worlds/share/husarion_gz_worlds/local_setup.bash
[0.192s] -- Up-to-date symlink: /home/nfl/husarion_rusak/src/install/husarion_gz_worlds/share/husarion_gz_worlds/local_setup.sh
[0.192s] -- Up-to-date symlink: /home/nfl/husarion_rusak/src/install/husarion_gz_worlds/share/husarion_gz_worlds/local_setup.zsh
[0.193s] -- Up-to-date symlink: /home/nfl/husarion_rusak/src/install/husarion_gz_worlds/share/husarion_gz_worlds/local_setup.dsv
[0.193s] -- Symlinking: /home/nfl/husarion_rusak/src/install/husarion_gz_worlds/share/husarion_gz_worlds/package.dsv
[0.201s] -- Up-to-date symlink: /home/nfl/husarion_rusak/src/install/husarion_gz_worlds/share/ament_index/resource_index/packages/husarion_gz_worlds
[0.201s] -- Up-to-date symlink: /home/nfl/husarion_rusak/src/install/husarion_gz_worlds/share/husarion_gz_worlds/cmake/husarion_gz_worldsConfig.cmake
[0.202s] -- Up-to-date symlink: /home/nfl/husarion_rusak/src/install/husarion_gz_worlds/share/husarion_gz_worlds/cmake/husarion_gz_worldsConfig-version.cmake
[0.202s] -- Up-to-date symlink: /home/nfl/husarion_rusak/src/install/husarion_gz_worlds/share/husarion_gz_worlds/package.xml
[0.203s] Invoked command in '/home/nfl/husarion_rusak/src/build/husarion_gz_worlds' returned '0': CMAKE_PREFIX_PATH=${CMAKE_PREFIX_PATH}:/opt/ros/jazzy DEBUGINFOD_URLS=https://debuginfod.ubuntu.com /usr/bin/cmake --install /home/nfl/husarion_rusak/src/build/husarion_gz_worlds
