Built target ament_cmake_python_symlink_husarion_ugv_utils
running egg_info
writing husarion_ugv_utils.egg-info/PKG-INFO
writing dependency_links to husarion_ugv_utils.egg-info/dependency_links.txt
writing top-level names to husarion_ugv_utils.egg-info/top_level.txt
reading manifest file 'husarion_ugv_utils.egg-info/SOURCES.txt'
writing manifest file 'husarion_ugv_utils.egg-info/SOURCES.txt'
Built target ament_cmake_python_build_husarion_ugv_utils_egg
-- Install configuration: "Release"
-- Execute custom install script
-- Up-to-date symlink: /home/nfl/husarion_rusak/src/install/husarion_ugv_utils/include/husarion_ugv_utils/husarion_ugv_utils/common_utilities.hpp
-- Up-to-date symlink: /home/nfl/husarion_rusak/src/install/husarion_ugv_utils/include/husarion_ugv_utils/husarion_ugv_utils/configure_rt.hpp
-- Up-to-date symlink: /home/nfl/husarion_rusak/src/install/husarion_ugv_utils/include/husarion_ugv_utils/husarion_ugv_utils/diagnostics.hpp
-- Up-to-date symlink: /home/nfl/husarion_rusak/src/install/husarion_ugv_utils/include/husarion_ugv_utils/husarion_ugv_utils/moving_average.hpp
-- Up-to-date symlink: /home/nfl/husarion_rusak/src/install/husarion_ugv_utils/include/husarion_ugv_utils/husarion_ugv_utils/networking_utils.hpp
-- Up-to-date symlink: /home/nfl/husarion_rusak/src/install/husarion_ugv_utils/include/husarion_ugv_utils/husarion_ugv_utils/ros_utils.hpp
-- Up-to-date symlink: /home/nfl/husarion_rusak/src/install/husarion_ugv_utils/include/husarion_ugv_utils/husarion_ugv_utils/test/ros_test_utils.hpp
-- Up-to-date symlink: /home/nfl/husarion_rusak/src/install/husarion_ugv_utils/include/husarion_ugv_utils/husarion_ugv_utils/test/test_utils.hpp
-- Up-to-date symlink: /home/nfl/husarion_rusak/src/install/husarion_ugv_utils/include/husarion_ugv_utils/husarion_ugv_utils/yaml_utils.hpp
-- Up-to-date symlink: /home/nfl/husarion_rusak/src/install/husarion_ugv_utils/share/husarion_ugv_utils/environment/pythonpath.sh
-- Up-to-date symlink: /home/nfl/husarion_rusak/src/install/husarion_ugv_utils/share/husarion_ugv_utils/environment/pythonpath.dsv
-- Up-to-date symlink: /home/nfl/husarion_rusak/src/install/husarion_ugv_utils/lib/python3.12/site-packages/husarion_ugv_utils-2.3.0-py3.12.egg-info/PKG-INFO
-- Up-to-date symlink: /home/nfl/husarion_rusak/src/install/husarion_ugv_utils/lib/python3.12/site-packages/husarion_ugv_utils-2.3.0-py3.12.egg-info/SOURCES.txt
-- Up-to-date symlink: /home/nfl/husarion_rusak/src/install/husarion_ugv_utils/lib/python3.12/site-packages/husarion_ugv_utils-2.3.0-py3.12.egg-info/dependency_links.txt
-- Up-to-date symlink: /home/nfl/husarion_rusak/src/install/husarion_ugv_utils/lib/python3.12/site-packages/husarion_ugv_utils-2.3.0-py3.12.egg-info/top_level.txt
-- Up-to-date symlink: /home/nfl/husarion_rusak/src/install/husarion_ugv_utils/lib/python3.12/site-packages/husarion_ugv_utils/__init__.py
-- Up-to-date symlink: /home/nfl/husarion_rusak/src/install/husarion_ugv_utils/lib/python3.12/site-packages/husarion_ugv_utils/integration_test_utils.py
-- Up-to-date symlink: /home/nfl/husarion_rusak/src/install/husarion_ugv_utils/lib/python3.12/site-packages/husarion_ugv_utils/logging.py
-- Up-to-date symlink: /home/nfl/husarion_rusak/src/install/husarion_ugv_utils/lib/python3.12/site-packages/husarion_ugv_utils/messages.py
-- Up-to-date symlink: /home/nfl/husarion_rusak/src/install/husarion_ugv_utils/lib/python3.12/site-packages/husarion_ugv_utils/version_check.py
-- Up-to-date symlink: /home/nfl/husarion_rusak/src/install/husarion_ugv_utils/share/ament_index/resource_index/package_run_dependencies/husarion_ugv_utils
-- Up-to-date symlink: /home/nfl/husarion_rusak/src/install/husarion_ugv_utils/share/ament_index/resource_index/parent_prefix_path/husarion_ugv_utils
-- Up-to-date symlink: /home/nfl/husarion_rusak/src/install/husarion_ugv_utils/share/husarion_ugv_utils/environment/ament_prefix_path.sh
-- Up-to-date symlink: /home/nfl/husarion_rusak/src/install/husarion_ugv_utils/share/husarion_ugv_utils/environment/ament_prefix_path.dsv
-- Up-to-date symlink: /home/nfl/husarion_rusak/src/install/husarion_ugv_utils/share/husarion_ugv_utils/environment/path.sh
-- Up-to-date symlink: /home/nfl/husarion_rusak/src/install/husarion_ugv_utils/share/husarion_ugv_utils/environment/path.dsv
-- Up-to-date symlink: /home/nfl/husarion_rusak/src/install/husarion_ugv_utils/share/husarion_ugv_utils/local_setup.bash
-- Up-to-date symlink: /home/nfl/husarion_rusak/src/install/husarion_ugv_utils/share/husarion_ugv_utils/local_setup.sh
-- Up-to-date symlink: /home/nfl/husarion_rusak/src/install/husarion_ugv_utils/share/husarion_ugv_utils/local_setup.zsh
-- Up-to-date symlink: /home/nfl/husarion_rusak/src/install/husarion_ugv_utils/share/husarion_ugv_utils/local_setup.dsv
-- Symlinking: /home/nfl/husarion_rusak/src/install/husarion_ugv_utils/share/husarion_ugv_utils/package.dsv
-- Up-to-date symlink: /home/nfl/husarion_rusak/src/install/husarion_ugv_utils/share/ament_index/resource_index/packages/husarion_ugv_utils
-- Up-to-date symlink: /home/nfl/husarion_rusak/src/install/husarion_ugv_utils/share/husarion_ugv_utils/cmake/ament_cmake_export_dependencies-extras.cmake
-- Up-to-date symlink: /home/nfl/husarion_rusak/src/install/husarion_ugv_utils/share/husarion_ugv_utils/cmake/ament_cmake_export_include_directories-extras.cmake
-- Up-to-date symlink: /home/nfl/husarion_rusak/src/install/husarion_ugv_utils/share/husarion_ugv_utils/cmake/husarion_ugv_utilsConfig.cmake
-- Up-to-date symlink: /home/nfl/husarion_rusak/src/install/husarion_ugv_utils/share/husarion_ugv_utils/cmake/husarion_ugv_utilsConfig-version.cmake
-- Up-to-date symlink: /home/nfl/husarion_rusak/src/install/husarion_ugv_utils/share/husarion_ugv_utils/package.xml
Listing '/home/nfl/husarion_rusak/src/install/husarion_ugv_utils/lib/python3.12/site-packages/husarion_ugv_utils'...
