[0.016s] Invoking command in '/home/nfl/husarion_rusak/src/build/mecanum_drive_controller': CMAKE_PREFIX_PATH=${CMAKE_PREFIX_PATH}:/opt/ros/jazzy DEBUGINFOD_URLS=https://debuginfod.ubuntu.com /usr/bin/cmake --build /home/nfl/husarion_rusak/src/build/mecanum_drive_controller -- -j16 -l16
[0.064s] [ 33%] Built target mecanum_drive_controller_parameters
[0.093s] [100%] Built target mecanum_drive_controller
[0.146s] Invoked command in '/home/nfl/husarion_rusak/src/build/mecanum_drive_controller' returned '0': CMAKE_PREFIX_PATH=${CMAKE_PREFIX_PATH}:/opt/ros/jazzy DEBUGINFOD_URLS=https://debuginfod.ubuntu.com /usr/bin/cmake --build /home/nfl/husarion_rusak/src/build/mecanum_drive_controller -- -j16 -l16
[0.147s] Invoking command in '/home/nfl/husarion_rusak/src/build/mecanum_drive_controller': CMAKE_PREFIX_PATH=${CMAKE_PREFIX_PATH}:/opt/ros/jazzy DEBUGINFOD_URLS=https://debuginfod.ubuntu.com /usr/bin/cmake --install /home/nfl/husarion_rusak/src/build/mecanum_drive_controller
[0.154s] -- Install configuration: "Release"
[0.154s] -- Execute custom install script
[0.155s] -- Up-to-date symlink: /home/nfl/husarion_rusak/src/install/mecanum_drive_controller/include/mecanum_drive_controller/mecanum_drive_controller_parameters.hpp
[0.155s] -- Up-to-date symlink: /home/nfl/husarion_rusak/src/install/mecanum_drive_controller/share/mecanum_drive_controller//mecanum_drive_plugin.xml
[0.156s] -- Up-to-date symlink: /home/nfl/husarion_rusak/src/install/mecanum_drive_controller/include/mecanum_drive_controller/mecanum_drive_controller/mecanum_drive_controller.hpp
[0.156s] -- Up-to-date symlink: /home/nfl/husarion_rusak/src/install/mecanum_drive_controller/include/mecanum_drive_controller/mecanum_drive_controller/odometry.hpp
[0.156s] -- Up-to-date symlink: /home/nfl/husarion_rusak/src/install/mecanum_drive_controller/include/mecanum_drive_controller/mecanum_drive_controller/speed_limiter.hpp
[0.156s] -- Up-to-date symlink: /home/nfl/husarion_rusak/src/install/mecanum_drive_controller/include/mecanum_drive_controller/mecanum_drive_controller/visibility_control.h
[0.156s] -- Up-to-date symlink: /home/nfl/husarion_rusak/src/install/mecanum_drive_controller/share/mecanum_drive_controller/environment/library_path.sh
[0.156s] -- Up-to-date symlink: /home/nfl/husarion_rusak/src/install/mecanum_drive_controller/share/mecanum_drive_controller/environment/library_path.dsv
[0.157s] -- Up-to-date symlink: /home/nfl/husarion_rusak/src/install/mecanum_drive_controller/share/ament_index/resource_index/package_run_dependencies/mecanum_drive_controller
[0.157s] -- Up-to-date symlink: /home/nfl/husarion_rusak/src/install/mecanum_drive_controller/share/ament_index/resource_index/parent_prefix_path/mecanum_drive_controller
[0.157s] -- Up-to-date symlink: /home/nfl/husarion_rusak/src/install/mecanum_drive_controller/share/mecanum_drive_controller/environment/ament_prefix_path.sh
[0.157s] -- Up-to-date symlink: /home/nfl/husarion_rusak/src/install/mecanum_drive_controller/share/mecanum_drive_controller/environment/ament_prefix_path.dsv
[0.158s] -- Up-to-date symlink: /home/nfl/husarion_rusak/src/install/mecanum_drive_controller/share/mecanum_drive_controller/environment/path.sh
[0.158s] -- Up-to-date symlink: /home/nfl/husarion_rusak/src/install/mecanum_drive_controller/share/mecanum_drive_controller/environment/path.dsv
[0.158s] -- Up-to-date symlink: /home/nfl/husarion_rusak/src/install/mecanum_drive_controller/share/mecanum_drive_controller/local_setup.bash
[0.158s] -- Up-to-date symlink: /home/nfl/husarion_rusak/src/install/mecanum_drive_controller/share/mecanum_drive_controller/local_setup.sh
[0.159s] -- Up-to-date symlink: /home/nfl/husarion_rusak/src/install/mecanum_drive_controller/share/mecanum_drive_controller/local_setup.zsh
[0.159s] -- Up-to-date symlink: /home/nfl/husarion_rusak/src/install/mecanum_drive_controller/share/mecanum_drive_controller/local_setup.dsv
[0.159s] -- Symlinking: /home/nfl/husarion_rusak/src/install/mecanum_drive_controller/share/mecanum_drive_controller/package.dsv
[0.168s] -- Up-to-date symlink: /home/nfl/husarion_rusak/src/install/mecanum_drive_controller/share/ament_index/resource_index/packages/mecanum_drive_controller
[0.168s] -- Up-to-date symlink: /home/nfl/husarion_rusak/src/install/mecanum_drive_controller/share/ament_index/resource_index/controller_interface__pluginlib__plugin/mecanum_drive_controller
[0.168s] -- Up-to-date symlink: /home/nfl/husarion_rusak/src/install/mecanum_drive_controller/share/mecanum_drive_controller/cmake/ament_cmake_export_dependencies-extras.cmake
[0.169s] -- Up-to-date symlink: /home/nfl/husarion_rusak/src/install/mecanum_drive_controller/share/mecanum_drive_controller/cmake/ament_cmake_export_targets-extras.cmake
[0.169s] -- Up-to-date symlink: /home/nfl/husarion_rusak/src/install/mecanum_drive_controller/share/mecanum_drive_controller/cmake/mecanum_drive_controllerConfig.cmake
[0.169s] -- Up-to-date symlink: /home/nfl/husarion_rusak/src/install/mecanum_drive_controller/share/mecanum_drive_controller/cmake/mecanum_drive_controllerConfig-version.cmake
[0.169s] -- Up-to-date symlink: /home/nfl/husarion_rusak/src/install/mecanum_drive_controller/share/mecanum_drive_controller/package.xml
[0.170s] -- Up-to-date: /home/nfl/husarion_rusak/src/install/mecanum_drive_controller/lib/libmecanum_drive_controller.so
[0.170s] -- Up-to-date: /home/nfl/husarion_rusak/src/install/mecanum_drive_controller/share/mecanum_drive_controller/cmake/export_mecanum_drive_controllerExport.cmake
[0.170s] -- Up-to-date: /home/nfl/husarion_rusak/src/install/mecanum_drive_controller/share/mecanum_drive_controller/cmake/export_mecanum_drive_controllerExport-release.cmake
[0.173s] Invoked command in '/home/nfl/husarion_rusak/src/build/mecanum_drive_controller' returned '0': CMAKE_PREFIX_PATH=${CMAKE_PREFIX_PATH}:/opt/ros/jazzy DEBUGINFOD_URLS=https://debuginfod.ubuntu.com /usr/bin/cmake --install /home/nfl/husarion_rusak/src/build/mecanum_drive_controller
