[  1%] Built target husarion_ugv_msgs__rosidl_generator_type_description
[  1%] Built target ament_cmake_python_symlink_husarion_ugv_msgs
[  1%] Built target husarion_ugv_msgs__cpp
[ 28%] Built target husarion_ugv_msgs__rosidl_generator_c
[ 37%] Built target husarion_ugv_msgs__rosidl_typesupport_c
[ 46%] Built target husarion_ugv_msgs__rosidl_typesupport_introspection_c
[ 56%] Built target husarion_ugv_msgs__rosidl_typesupport_cpp
[ 73%] Built target husarion_ugv_msgs__rosidl_typesupport_introspection_cpp
[ 76%] Built target husarion_ugv_msgs__rosidl_typesupport_fastrtps_c
[ 86%] Built target husarion_ugv_msgs__rosidl_typesupport_fastrtps_cpp
[ 86%] Built target husarion_ugv_msgs
[ 87%] Built target husarion_ugv_msgs__py
[ 96%] Built target husarion_ugv_msgs__rosidl_generator_py
[ 98%] Built target husarion_ugv_msgs_s__rosidl_typesupport_c
[ 98%] Built target husarion_ugv_msgs_s__rosidl_typesupport_fastrtps_c
[100%] Built target husarion_ugv_msgs_s__rosidl_typesupport_introspection_c
running egg_info
writing husarion_ugv_msgs.egg-info/PKG-INFO
writing dependency_links to husarion_ugv_msgs.egg-info/dependency_links.txt
writing top-level names to husarion_ugv_msgs.egg-info/top_level.txt
reading manifest file 'husarion_ugv_msgs.egg-info/SOURCES.txt'
writing manifest file 'husarion_ugv_msgs.egg-info/SOURCES.txt'
[100%] Built target ament_cmake_python_build_husarion_ugv_msgs_egg
-- Install configuration: "Release"
-- Execute custom install script
-- Up-to-date symlink: /home/nfl/husarion_rusak/src/install/husarion_ugv_msgs/share/ament_index/resource_index/rosidl_interfaces/husarion_ugv_msgs
-- Up-to-date symlink: /home/nfl/husarion_rusak/src/install/husarion_ugv_msgs/share/husarion_ugv_msgs/msg/ChargingStatus.json
-- Up-to-date symlink: /home/nfl/husarion_rusak/src/install/husarion_ugv_msgs/share/husarion_ugv_msgs/msg/DriverState.json
-- Up-to-date symlink: /home/nfl/husarion_rusak/src/install/husarion_ugv_msgs/share/husarion_ugv_msgs/msg/DriverStateNamed.json
-- Up-to-date symlink: /home/nfl/husarion_rusak/src/install/husarion_ugv_msgs/share/husarion_ugv_msgs/msg/FaultFlag.json
-- Up-to-date symlink: /home/nfl/husarion_rusak/src/install/husarion_ugv_msgs/share/husarion_ugv_msgs/msg/IOState.json
-- Up-to-date symlink: /home/nfl/husarion_rusak/src/install/husarion_ugv_msgs/share/husarion_ugv_msgs/msg/LEDAnimation.json
-- Up-to-date symlink: /home/nfl/husarion_rusak/src/install/husarion_ugv_msgs/share/husarion_ugv_msgs/msg/LEDAnimationQueue.json
-- Up-to-date symlink: /home/nfl/husarion_rusak/src/install/husarion_ugv_msgs/share/husarion_ugv_msgs/msg/LEDImageAnimation.json
-- Up-to-date symlink: /home/nfl/husarion_rusak/src/install/husarion_ugv_msgs/share/husarion_ugv_msgs/msg/RobotDriverState.json
-- Up-to-date symlink: /home/nfl/husarion_rusak/src/install/husarion_ugv_msgs/share/husarion_ugv_msgs/msg/RuntimeError.json
-- Up-to-date symlink: /home/nfl/husarion_rusak/src/install/husarion_ugv_msgs/share/husarion_ugv_msgs/msg/ScriptFlag.json
-- Up-to-date symlink: /home/nfl/husarion_rusak/src/install/husarion_ugv_msgs/share/husarion_ugv_msgs/msg/SystemStatus.json
-- Up-to-date symlink: /home/nfl/husarion_rusak/src/install/husarion_ugv_msgs/share/husarion_ugv_msgs/srv/SetLEDAnimation.json
-- Up-to-date symlink: /home/nfl/husarion_rusak/src/install/husarion_ugv_msgs/share/husarion_ugv_msgs/srv/SetLEDBrightness.json
-- Up-to-date symlink: /home/nfl/husarion_rusak/src/install/husarion_ugv_msgs/share/husarion_ugv_msgs/srv/SetLEDImageAnimation.json
-- Up-to-date symlink: /home/nfl/husarion_rusak/src/install/husarion_ugv_msgs/share/husarion_ugv_msgs/srv/AddZone.json
-- Up-to-date symlink: /home/nfl/husarion_rusak/src/install/husarion_ugv_msgs/include/husarion_ugv_msgs/husarion_ugv_msgs/msg/charging_status.h
-- Up-to-date symlink: /home/nfl/husarion_rusak/src/install/husarion_ugv_msgs/include/husarion_ugv_msgs/husarion_ugv_msgs/msg/detail/charging_status__functions.h
-- Up-to-date symlink: /home/nfl/husarion_rusak/src/install/husarion_ugv_msgs/include/husarion_ugv_msgs/husarion_ugv_msgs/msg/detail/charging_status__struct.h
-- Up-to-date symlink: /home/nfl/husarion_rusak/src/install/husarion_ugv_msgs/include/husarion_ugv_msgs/husarion_ugv_msgs/msg/detail/charging_status__type_support.h
-- Up-to-date symlink: /home/nfl/husarion_rusak/src/install/husarion_ugv_msgs/include/husarion_ugv_msgs/husarion_ugv_msgs/msg/detail/driver_state__functions.h
-- Up-to-date symlink: /home/nfl/husarion_rusak/src/install/husarion_ugv_msgs/include/husarion_ugv_msgs/husarion_ugv_msgs/msg/detail/driver_state__struct.h
-- Up-to-date symlink: /home/nfl/husarion_rusak/src/install/husarion_ugv_msgs/include/husarion_ugv_msgs/husarion_ugv_msgs/msg/detail/driver_state__type_support.h
-- Up-to-date symlink: /home/nfl/husarion_rusak/src/install/husarion_ugv_msgs/include/husarion_ugv_msgs/husarion_ugv_msgs/msg/detail/driver_state_named__functions.h
-- Up-to-date symlink: /home/nfl/husarion_rusak/src/install/husarion_ugv_msgs/include/husarion_ugv_msgs/husarion_ugv_msgs/msg/detail/driver_state_named__struct.h
-- Up-to-date symlink: /home/nfl/husarion_rusak/src/install/husarion_ugv_msgs/include/husarion_ugv_msgs/husarion_ugv_msgs/msg/detail/driver_state_named__type_support.h
-- Up-to-date symlink: /home/nfl/husarion_rusak/src/install/husarion_ugv_msgs/include/husarion_ugv_msgs/husarion_ugv_msgs/msg/detail/fault_flag__functions.h
-- Up-to-date symlink: /home/nfl/husarion_rusak/src/install/husarion_ugv_msgs/include/husarion_ugv_msgs/husarion_ugv_msgs/msg/detail/fault_flag__struct.h
-- Up-to-date symlink: /home/nfl/husarion_rusak/src/install/husarion_ugv_msgs/include/husarion_ugv_msgs/husarion_ugv_msgs/msg/detail/fault_flag__type_support.h
-- Up-to-date symlink: /home/nfl/husarion_rusak/src/install/husarion_ugv_msgs/include/husarion_ugv_msgs/husarion_ugv_msgs/msg/detail/io_state__functions.h
-- Up-to-date symlink: /home/nfl/husarion_rusak/src/install/husarion_ugv_msgs/include/husarion_ugv_msgs/husarion_ugv_msgs/msg/detail/io_state__struct.h
-- Up-to-date symlink: /home/nfl/husarion_rusak/src/install/husarion_ugv_msgs/include/husarion_ugv_msgs/husarion_ugv_msgs/msg/detail/io_state__type_support.h
-- Up-to-date symlink: /home/nfl/husarion_rusak/src/install/husarion_ugv_msgs/include/husarion_ugv_msgs/husarion_ugv_msgs/msg/detail/led_animation__functions.h
-- Up-to-date symlink: /home/nfl/husarion_rusak/src/install/husarion_ugv_msgs/include/husarion_ugv_msgs/husarion_ugv_msgs/msg/detail/led_animation__struct.h
-- Up-to-date symlink: /home/nfl/husarion_rusak/src/install/husarion_ugv_msgs/include/husarion_ugv_msgs/husarion_ugv_msgs/msg/detail/led_animation__type_support.h
-- Up-to-date symlink: /home/nfl/husarion_rusak/src/install/husarion_ugv_msgs/include/husarion_ugv_msgs/husarion_ugv_msgs/msg/detail/led_animation_queue__functions.h
-- Up-to-date symlink: /home/nfl/husarion_rusak/src/install/husarion_ugv_msgs/include/husarion_ugv_msgs/husarion_ugv_msgs/msg/detail/led_animation_queue__struct.h
-- Up-to-date symlink: /home/nfl/husarion_rusak/src/install/husarion_ugv_msgs/include/husarion_ugv_msgs/husarion_ugv_msgs/msg/detail/led_animation_queue__type_support.h
-- Up-to-date symlink: /home/nfl/husarion_rusak/src/install/husarion_ugv_msgs/include/husarion_ugv_msgs/husarion_ugv_msgs/msg/detail/led_image_animation__functions.h
-- Up-to-date symlink: /home/nfl/husarion_rusak/src/install/husarion_ugv_msgs/include/husarion_ugv_msgs/husarion_ugv_msgs/msg/detail/led_image_animation__struct.h
-- Up-to-date symlink: /home/nfl/husarion_rusak/src/install/husarion_ugv_msgs/include/husarion_ugv_msgs/husarion_ugv_msgs/msg/detail/led_image_animation__type_support.h
-- Up-to-date symlink: /home/nfl/husarion_rusak/src/install/husarion_ugv_msgs/include/husarion_ugv_msgs/husarion_ugv_msgs/msg/detail/robot_driver_state__functions.h
-- Up-to-date symlink: /home/nfl/husarion_rusak/src/install/husarion_ugv_msgs/include/husarion_ugv_msgs/husarion_ugv_msgs/msg/detail/robot_driver_state__struct.h
-- Up-to-date symlink: /home/nfl/husarion_rusak/src/install/husarion_ugv_msgs/include/husarion_ugv_msgs/husarion_ugv_msgs/msg/detail/robot_driver_state__type_support.h
-- Up-to-date symlink: /home/nfl/husarion_rusak/src/install/husarion_ugv_msgs/include/husarion_ugv_msgs/husarion_ugv_msgs/msg/detail/runtime_error__functions.h
-- Up-to-date symlink: /home/nfl/husarion_rusak/src/install/husarion_ugv_msgs/include/husarion_ugv_msgs/husarion_ugv_msgs/msg/detail/runtime_error__struct.h
-- Up-to-date symlink: /home/nfl/husarion_rusak/src/install/husarion_ugv_msgs/include/husarion_ugv_msgs/husarion_ugv_msgs/msg/detail/runtime_error__type_support.h
-- Up-to-date symlink: /home/nfl/husarion_rusak/src/install/husarion_ugv_msgs/include/husarion_ugv_msgs/husarion_ugv_msgs/msg/detail/script_flag__functions.h
-- Up-to-date symlink: /home/nfl/husarion_rusak/src/install/husarion_ugv_msgs/include/husarion_ugv_msgs/husarion_ugv_msgs/msg/detail/script_flag__struct.h
-- Up-to-date symlink: /home/nfl/husarion_rusak/src/install/husarion_ugv_msgs/include/husarion_ugv_msgs/husarion_ugv_msgs/msg/detail/script_flag__type_support.h
-- Up-to-date symlink: /home/nfl/husarion_rusak/src/install/husarion_ugv_msgs/include/husarion_ugv_msgs/husarion_ugv_msgs/msg/detail/system_status__functions.h
-- Up-to-date symlink: /home/nfl/husarion_rusak/src/install/husarion_ugv_msgs/include/husarion_ugv_msgs/husarion_ugv_msgs/msg/detail/system_status__struct.h
-- Up-to-date symlink: /home/nfl/husarion_rusak/src/install/husarion_ugv_msgs/include/husarion_ugv_msgs/husarion_ugv_msgs/msg/detail/system_status__type_support.h
-- Up-to-date symlink: /home/nfl/husarion_rusak/src/install/husarion_ugv_msgs/include/husarion_ugv_msgs/husarion_ugv_msgs/msg/driver_state.h
-- Up-to-date symlink: /home/nfl/husarion_rusak/src/install/husarion_ugv_msgs/include/husarion_ugv_msgs/husarion_ugv_msgs/msg/driver_state_named.h
-- Up-to-date symlink: /home/nfl/husarion_rusak/src/install/husarion_ugv_msgs/include/husarion_ugv_msgs/husarion_ugv_msgs/msg/fault_flag.h
-- Up-to-date symlink: /home/nfl/husarion_rusak/src/install/husarion_ugv_msgs/include/husarion_ugv_msgs/husarion_ugv_msgs/msg/io_state.h
-- Up-to-date symlink: /home/nfl/husarion_rusak/src/install/husarion_ugv_msgs/include/husarion_ugv_msgs/husarion_ugv_msgs/msg/led_animation.h
-- Up-to-date symlink: /home/nfl/husarion_rusak/src/install/husarion_ugv_msgs/include/husarion_ugv_msgs/husarion_ugv_msgs/msg/led_animation_queue.h
-- Up-to-date symlink: /home/nfl/husarion_rusak/src/install/husarion_ugv_msgs/include/husarion_ugv_msgs/husarion_ugv_msgs/msg/led_image_animation.h
-- Up-to-date symlink: /home/nfl/husarion_rusak/src/install/husarion_ugv_msgs/include/husarion_ugv_msgs/husarion_ugv_msgs/msg/robot_driver_state.h
-- Up-to-date symlink: /home/nfl/husarion_rusak/src/install/husarion_ugv_msgs/include/husarion_ugv_msgs/husarion_ugv_msgs/msg/rosidl_generator_c__visibility_control.h
-- Up-to-date symlink: /home/nfl/husarion_rusak/src/install/husarion_ugv_msgs/include/husarion_ugv_msgs/husarion_ugv_msgs/msg/runtime_error.h
-- Up-to-date symlink: /home/nfl/husarion_rusak/src/install/husarion_ugv_msgs/include/husarion_ugv_msgs/husarion_ugv_msgs/msg/script_flag.h
-- Up-to-date symlink: /home/nfl/husarion_rusak/src/install/husarion_ugv_msgs/include/husarion_ugv_msgs/husarion_ugv_msgs/msg/system_status.h
-- Up-to-date symlink: /home/nfl/husarion_rusak/src/install/husarion_ugv_msgs/include/husarion_ugv_msgs/husarion_ugv_msgs/srv/add_zone.h
-- Up-to-date symlink: /home/nfl/husarion_rusak/src/install/husarion_ugv_msgs/include/husarion_ugv_msgs/husarion_ugv_msgs/srv/detail/add_zone__functions.h
-- Up-to-date symlink: /home/nfl/husarion_rusak/src/install/husarion_ugv_msgs/include/husarion_ugv_msgs/husarion_ugv_msgs/srv/detail/add_zone__struct.h
-- Up-to-date symlink: /home/nfl/husarion_rusak/src/install/husarion_ugv_msgs/include/husarion_ugv_msgs/husarion_ugv_msgs/srv/detail/add_zone__type_support.h
-- Up-to-date symlink: /home/nfl/husarion_rusak/src/install/husarion_ugv_msgs/include/husarion_ugv_msgs/husarion_ugv_msgs/srv/detail/set_led_animation__functions.h
-- Up-to-date symlink: /home/nfl/husarion_rusak/src/install/husarion_ugv_msgs/include/husarion_ugv_msgs/husarion_ugv_msgs/srv/detail/set_led_animation__struct.h
-- Up-to-date symlink: /home/nfl/husarion_rusak/src/install/husarion_ugv_msgs/include/husarion_ugv_msgs/husarion_ugv_msgs/srv/detail/set_led_animation__type_support.h
-- Up-to-date symlink: /home/nfl/husarion_rusak/src/install/husarion_ugv_msgs/include/husarion_ugv_msgs/husarion_ugv_msgs/srv/detail/set_led_brightness__functions.h
-- Up-to-date symlink: /home/nfl/husarion_rusak/src/install/husarion_ugv_msgs/include/husarion_ugv_msgs/husarion_ugv_msgs/srv/detail/set_led_brightness__struct.h
-- Up-to-date symlink: /home/nfl/husarion_rusak/src/install/husarion_ugv_msgs/include/husarion_ugv_msgs/husarion_ugv_msgs/srv/detail/set_led_brightness__type_support.h
-- Up-to-date symlink: /home/nfl/husarion_rusak/src/install/husarion_ugv_msgs/include/husarion_ugv_msgs/husarion_ugv_msgs/srv/detail/set_led_image_animation__functions.h
-- Up-to-date symlink: /home/nfl/husarion_rusak/src/install/husarion_ugv_msgs/include/husarion_ugv_msgs/husarion_ugv_msgs/srv/detail/set_led_image_animation__struct.h
-- Up-to-date symlink: /home/nfl/husarion_rusak/src/install/husarion_ugv_msgs/include/husarion_ugv_msgs/husarion_ugv_msgs/srv/detail/set_led_image_animation__type_support.h
-- Up-to-date symlink: /home/nfl/husarion_rusak/src/install/husarion_ugv_msgs/include/husarion_ugv_msgs/husarion_ugv_msgs/srv/set_led_animation.h
-- Up-to-date symlink: /home/nfl/husarion_rusak/src/install/husarion_ugv_msgs/include/husarion_ugv_msgs/husarion_ugv_msgs/srv/set_led_brightness.h
-- Up-to-date symlink: /home/nfl/husarion_rusak/src/install/husarion_ugv_msgs/include/husarion_ugv_msgs/husarion_ugv_msgs/srv/set_led_image_animation.h
-- Up-to-date symlink: /home/nfl/husarion_rusak/src/install/husarion_ugv_msgs/share/husarion_ugv_msgs/environment/library_path.sh
-- Up-to-date symlink: /home/nfl/husarion_rusak/src/install/husarion_ugv_msgs/share/husarion_ugv_msgs/environment/library_path.dsv
-- Up-to-date symlink: /home/nfl/husarion_rusak/src/install/husarion_ugv_msgs/include/husarion_ugv_msgs/husarion_ugv_msgs/msg/detail/charging_status__rosidl_typesupport_fastrtps_c.h
-- Up-to-date symlink: /home/nfl/husarion_rusak/src/install/husarion_ugv_msgs/include/husarion_ugv_msgs/husarion_ugv_msgs/msg/detail/driver_state__rosidl_typesupport_fastrtps_c.h
-- Up-to-date symlink: /home/nfl/husarion_rusak/src/install/husarion_ugv_msgs/include/husarion_ugv_msgs/husarion_ugv_msgs/msg/detail/driver_state_named__rosidl_typesupport_fastrtps_c.h
-- Up-to-date symlink: /home/nfl/husarion_rusak/src/install/husarion_ugv_msgs/include/husarion_ugv_msgs/husarion_ugv_msgs/msg/detail/fault_flag__rosidl_typesupport_fastrtps_c.h
-- Up-to-date symlink: /home/nfl/husarion_rusak/src/install/husarion_ugv_msgs/include/husarion_ugv_msgs/husarion_ugv_msgs/msg/detail/io_state__rosidl_typesupport_fastrtps_c.h
-- Up-to-date symlink: /home/nfl/husarion_rusak/src/install/husarion_ugv_msgs/include/husarion_ugv_msgs/husarion_ugv_msgs/msg/detail/led_animation__rosidl_typesupport_fastrtps_c.h
-- Up-to-date symlink: /home/nfl/husarion_rusak/src/install/husarion_ugv_msgs/include/husarion_ugv_msgs/husarion_ugv_msgs/msg/detail/led_animation_queue__rosidl_typesupport_fastrtps_c.h
-- Up-to-date symlink: /home/nfl/husarion_rusak/src/install/husarion_ugv_msgs/include/husarion_ugv_msgs/husarion_ugv_msgs/msg/detail/led_image_animation__rosidl_typesupport_fastrtps_c.h
-- Up-to-date symlink: /home/nfl/husarion_rusak/src/install/husarion_ugv_msgs/include/husarion_ugv_msgs/husarion_ugv_msgs/msg/detail/robot_driver_state__rosidl_typesupport_fastrtps_c.h
-- Up-to-date symlink: /home/nfl/husarion_rusak/src/install/husarion_ugv_msgs/include/husarion_ugv_msgs/husarion_ugv_msgs/msg/detail/runtime_error__rosidl_typesupport_fastrtps_c.h
-- Up-to-date symlink: /home/nfl/husarion_rusak/src/install/husarion_ugv_msgs/include/husarion_ugv_msgs/husarion_ugv_msgs/msg/detail/script_flag__rosidl_typesupport_fastrtps_c.h
-- Up-to-date symlink: /home/nfl/husarion_rusak/src/install/husarion_ugv_msgs/include/husarion_ugv_msgs/husarion_ugv_msgs/msg/detail/system_status__rosidl_typesupport_fastrtps_c.h
-- Up-to-date symlink: /home/nfl/husarion_rusak/src/install/husarion_ugv_msgs/include/husarion_ugv_msgs/husarion_ugv_msgs/msg/rosidl_typesupport_fastrtps_c__visibility_control.h
-- Up-to-date symlink: /home/nfl/husarion_rusak/src/install/husarion_ugv_msgs/include/husarion_ugv_msgs/husarion_ugv_msgs/srv/detail/add_zone__rosidl_typesupport_fastrtps_c.h
-- Up-to-date symlink: /home/nfl/husarion_rusak/src/install/husarion_ugv_msgs/include/husarion_ugv_msgs/husarion_ugv_msgs/srv/detail/set_led_animation__rosidl_typesupport_fastrtps_c.h
-- Up-to-date symlink: /home/nfl/husarion_rusak/src/install/husarion_ugv_msgs/include/husarion_ugv_msgs/husarion_ugv_msgs/srv/detail/set_led_brightness__rosidl_typesupport_fastrtps_c.h
-- Up-to-date symlink: /home/nfl/husarion_rusak/src/install/husarion_ugv_msgs/include/husarion_ugv_msgs/husarion_ugv_msgs/srv/detail/set_led_image_animation__rosidl_typesupport_fastrtps_c.h
-- Up-to-date symlink: /home/nfl/husarion_rusak/src/install/husarion_ugv_msgs/include/husarion_ugv_msgs/husarion_ugv_msgs/msg/charging_status.hpp
-- Up-to-date symlink: /home/nfl/husarion_rusak/src/install/husarion_ugv_msgs/include/husarion_ugv_msgs/husarion_ugv_msgs/msg/detail/charging_status__builder.hpp
-- Up-to-date symlink: /home/nfl/husarion_rusak/src/install/husarion_ugv_msgs/include/husarion_ugv_msgs/husarion_ugv_msgs/msg/detail/charging_status__struct.hpp
-- Up-to-date symlink: /home/nfl/husarion_rusak/src/install/husarion_ugv_msgs/include/husarion_ugv_msgs/husarion_ugv_msgs/msg/detail/charging_status__traits.hpp
-- Up-to-date symlink: /home/nfl/husarion_rusak/src/install/husarion_ugv_msgs/include/husarion_ugv_msgs/husarion_ugv_msgs/msg/detail/charging_status__type_support.hpp
-- Up-to-date symlink: /home/nfl/husarion_rusak/src/install/husarion_ugv_msgs/include/husarion_ugv_msgs/husarion_ugv_msgs/msg/detail/driver_state__builder.hpp
-- Up-to-date symlink: /home/nfl/husarion_rusak/src/install/husarion_ugv_msgs/include/husarion_ugv_msgs/husarion_ugv_msgs/msg/detail/driver_state__struct.hpp
-- Up-to-date symlink: /home/nfl/husarion_rusak/src/install/husarion_ugv_msgs/include/husarion_ugv_msgs/husarion_ugv_msgs/msg/detail/driver_state__traits.hpp
-- Up-to-date symlink: /home/nfl/husarion_rusak/src/install/husarion_ugv_msgs/include/husarion_ugv_msgs/husarion_ugv_msgs/msg/detail/driver_state__type_support.hpp
-- Up-to-date symlink: /home/nfl/husarion_rusak/src/install/husarion_ugv_msgs/include/husarion_ugv_msgs/husarion_ugv_msgs/msg/detail/driver_state_named__builder.hpp
-- Up-to-date symlink: /home/nfl/husarion_rusak/src/install/husarion_ugv_msgs/include/husarion_ugv_msgs/husarion_ugv_msgs/msg/detail/driver_state_named__struct.hpp
-- Up-to-date symlink: /home/nfl/husarion_rusak/src/install/husarion_ugv_msgs/include/husarion_ugv_msgs/husarion_ugv_msgs/msg/detail/driver_state_named__traits.hpp
-- Up-to-date symlink: /home/nfl/husarion_rusak/src/install/husarion_ugv_msgs/include/husarion_ugv_msgs/husarion_ugv_msgs/msg/detail/driver_state_named__type_support.hpp
-- Up-to-date symlink: /home/nfl/husarion_rusak/src/install/husarion_ugv_msgs/include/husarion_ugv_msgs/husarion_ugv_msgs/msg/detail/fault_flag__builder.hpp
-- Up-to-date symlink: /home/nfl/husarion_rusak/src/install/husarion_ugv_msgs/include/husarion_ugv_msgs/husarion_ugv_msgs/msg/detail/fault_flag__struct.hpp
-- Up-to-date symlink: /home/nfl/husarion_rusak/src/install/husarion_ugv_msgs/include/husarion_ugv_msgs/husarion_ugv_msgs/msg/detail/fault_flag__traits.hpp
-- Up-to-date symlink: /home/nfl/husarion_rusak/src/install/husarion_ugv_msgs/include/husarion_ugv_msgs/husarion_ugv_msgs/msg/detail/fault_flag__type_support.hpp
-- Up-to-date symlink: /home/nfl/husarion_rusak/src/install/husarion_ugv_msgs/include/husarion_ugv_msgs/husarion_ugv_msgs/msg/detail/io_state__builder.hpp
-- Up-to-date symlink: /home/nfl/husarion_rusak/src/install/husarion_ugv_msgs/include/husarion_ugv_msgs/husarion_ugv_msgs/msg/detail/io_state__struct.hpp
-- Up-to-date symlink: /home/nfl/husarion_rusak/src/install/husarion_ugv_msgs/include/husarion_ugv_msgs/husarion_ugv_msgs/msg/detail/io_state__traits.hpp
-- Up-to-date symlink: /home/nfl/husarion_rusak/src/install/husarion_ugv_msgs/include/husarion_ugv_msgs/husarion_ugv_msgs/msg/detail/io_state__type_support.hpp
-- Up-to-date symlink: /home/nfl/husarion_rusak/src/install/husarion_ugv_msgs/include/husarion_ugv_msgs/husarion_ugv_msgs/msg/detail/led_animation__builder.hpp
-- Up-to-date symlink: /home/nfl/husarion_rusak/src/install/husarion_ugv_msgs/include/husarion_ugv_msgs/husarion_ugv_msgs/msg/detail/led_animation__struct.hpp
-- Up-to-date symlink: /home/nfl/husarion_rusak/src/install/husarion_ugv_msgs/include/husarion_ugv_msgs/husarion_ugv_msgs/msg/detail/led_animation__traits.hpp
-- Up-to-date symlink: /home/nfl/husarion_rusak/src/install/husarion_ugv_msgs/include/husarion_ugv_msgs/husarion_ugv_msgs/msg/detail/led_animation__type_support.hpp
-- Up-to-date symlink: /home/nfl/husarion_rusak/src/install/husarion_ugv_msgs/include/husarion_ugv_msgs/husarion_ugv_msgs/msg/detail/led_animation_queue__builder.hpp
-- Up-to-date symlink: /home/nfl/husarion_rusak/src/install/husarion_ugv_msgs/include/husarion_ugv_msgs/husarion_ugv_msgs/msg/detail/led_animation_queue__struct.hpp
-- Up-to-date symlink: /home/nfl/husarion_rusak/src/install/husarion_ugv_msgs/include/husarion_ugv_msgs/husarion_ugv_msgs/msg/detail/led_animation_queue__traits.hpp
-- Up-to-date symlink: /home/nfl/husarion_rusak/src/install/husarion_ugv_msgs/include/husarion_ugv_msgs/husarion_ugv_msgs/msg/detail/led_animation_queue__type_support.hpp
-- Up-to-date symlink: /home/nfl/husarion_rusak/src/install/husarion_ugv_msgs/include/husarion_ugv_msgs/husarion_ugv_msgs/msg/detail/led_image_animation__builder.hpp
-- Up-to-date symlink: /home/nfl/husarion_rusak/src/install/husarion_ugv_msgs/include/husarion_ugv_msgs/husarion_ugv_msgs/msg/detail/led_image_animation__struct.hpp
-- Up-to-date symlink: /home/nfl/husarion_rusak/src/install/husarion_ugv_msgs/include/husarion_ugv_msgs/husarion_ugv_msgs/msg/detail/led_image_animation__traits.hpp
-- Up-to-date symlink: /home/nfl/husarion_rusak/src/install/husarion_ugv_msgs/include/husarion_ugv_msgs/husarion_ugv_msgs/msg/detail/led_image_animation__type_support.hpp
-- Up-to-date symlink: /home/nfl/husarion_rusak/src/install/husarion_ugv_msgs/include/husarion_ugv_msgs/husarion_ugv_msgs/msg/detail/robot_driver_state__builder.hpp
-- Up-to-date symlink: /home/nfl/husarion_rusak/src/install/husarion_ugv_msgs/include/husarion_ugv_msgs/husarion_ugv_msgs/msg/detail/robot_driver_state__struct.hpp
-- Up-to-date symlink: /home/nfl/husarion_rusak/src/install/husarion_ugv_msgs/include/husarion_ugv_msgs/husarion_ugv_msgs/msg/detail/robot_driver_state__traits.hpp
-- Up-to-date symlink: /home/nfl/husarion_rusak/src/install/husarion_ugv_msgs/include/husarion_ugv_msgs/husarion_ugv_msgs/msg/detail/robot_driver_state__type_support.hpp
-- Up-to-date symlink: /home/nfl/husarion_rusak/src/install/husarion_ugv_msgs/include/husarion_ugv_msgs/husarion_ugv_msgs/msg/detail/runtime_error__builder.hpp
-- Up-to-date symlink: /home/nfl/husarion_rusak/src/install/husarion_ugv_msgs/include/husarion_ugv_msgs/husarion_ugv_msgs/msg/detail/runtime_error__struct.hpp
-- Up-to-date symlink: /home/nfl/husarion_rusak/src/install/husarion_ugv_msgs/include/husarion_ugv_msgs/husarion_ugv_msgs/msg/detail/runtime_error__traits.hpp
-- Up-to-date symlink: /home/nfl/husarion_rusak/src/install/husarion_ugv_msgs/include/husarion_ugv_msgs/husarion_ugv_msgs/msg/detail/runtime_error__type_support.hpp
-- Up-to-date symlink: /home/nfl/husarion_rusak/src/install/husarion_ugv_msgs/include/husarion_ugv_msgs/husarion_ugv_msgs/msg/detail/script_flag__builder.hpp
-- Up-to-date symlink: /home/nfl/husarion_rusak/src/install/husarion_ugv_msgs/include/husarion_ugv_msgs/husarion_ugv_msgs/msg/detail/script_flag__struct.hpp
-- Up-to-date symlink: /home/nfl/husarion_rusak/src/install/husarion_ugv_msgs/include/husarion_ugv_msgs/husarion_ugv_msgs/msg/detail/script_flag__traits.hpp
-- Up-to-date symlink: /home/nfl/husarion_rusak/src/install/husarion_ugv_msgs/include/husarion_ugv_msgs/husarion_ugv_msgs/msg/detail/script_flag__type_support.hpp
-- Up-to-date symlink: /home/nfl/husarion_rusak/src/install/husarion_ugv_msgs/include/husarion_ugv_msgs/husarion_ugv_msgs/msg/detail/system_status__builder.hpp
-- Up-to-date symlink: /home/nfl/husarion_rusak/src/install/husarion_ugv_msgs/include/husarion_ugv_msgs/husarion_ugv_msgs/msg/detail/system_status__struct.hpp
-- Up-to-date symlink: /home/nfl/husarion_rusak/src/install/husarion_ugv_msgs/include/husarion_ugv_msgs/husarion_ugv_msgs/msg/detail/system_status__traits.hpp
-- Up-to-date symlink: /home/nfl/husarion_rusak/src/install/husarion_ugv_msgs/include/husarion_ugv_msgs/husarion_ugv_msgs/msg/detail/system_status__type_support.hpp
-- Up-to-date symlink: /home/nfl/husarion_rusak/src/install/husarion_ugv_msgs/include/husarion_ugv_msgs/husarion_ugv_msgs/msg/driver_state.hpp
-- Up-to-date symlink: /home/nfl/husarion_rusak/src/install/husarion_ugv_msgs/include/husarion_ugv_msgs/husarion_ugv_msgs/msg/driver_state_named.hpp
-- Up-to-date symlink: /home/nfl/husarion_rusak/src/install/husarion_ugv_msgs/include/husarion_ugv_msgs/husarion_ugv_msgs/msg/fault_flag.hpp
-- Up-to-date symlink: /home/nfl/husarion_rusak/src/install/husarion_ugv_msgs/include/husarion_ugv_msgs/husarion_ugv_msgs/msg/io_state.hpp
-- Up-to-date symlink: /home/nfl/husarion_rusak/src/install/husarion_ugv_msgs/include/husarion_ugv_msgs/husarion_ugv_msgs/msg/led_animation.hpp
-- Up-to-date symlink: /home/nfl/husarion_rusak/src/install/husarion_ugv_msgs/include/husarion_ugv_msgs/husarion_ugv_msgs/msg/led_animation_queue.hpp
-- Up-to-date symlink: /home/nfl/husarion_rusak/src/install/husarion_ugv_msgs/include/husarion_ugv_msgs/husarion_ugv_msgs/msg/led_image_animation.hpp
-- Up-to-date symlink: /home/nfl/husarion_rusak/src/install/husarion_ugv_msgs/include/husarion_ugv_msgs/husarion_ugv_msgs/msg/robot_driver_state.hpp
-- Up-to-date symlink: /home/nfl/husarion_rusak/src/install/husarion_ugv_msgs/include/husarion_ugv_msgs/husarion_ugv_msgs/msg/rosidl_generator_cpp__visibility_control.hpp
-- Up-to-date symlink: /home/nfl/husarion_rusak/src/install/husarion_ugv_msgs/include/husarion_ugv_msgs/husarion_ugv_msgs/msg/runtime_error.hpp
-- Up-to-date symlink: /home/nfl/husarion_rusak/src/install/husarion_ugv_msgs/include/husarion_ugv_msgs/husarion_ugv_msgs/msg/script_flag.hpp
-- Up-to-date symlink: /home/nfl/husarion_rusak/src/install/husarion_ugv_msgs/include/husarion_ugv_msgs/husarion_ugv_msgs/msg/system_status.hpp
-- Up-to-date symlink: /home/nfl/husarion_rusak/src/install/husarion_ugv_msgs/include/husarion_ugv_msgs/husarion_ugv_msgs/srv/add_zone.hpp
-- Up-to-date symlink: /home/nfl/husarion_rusak/src/install/husarion_ugv_msgs/include/husarion_ugv_msgs/husarion_ugv_msgs/srv/detail/add_zone__builder.hpp
-- Up-to-date symlink: /home/nfl/husarion_rusak/src/install/husarion_ugv_msgs/include/husarion_ugv_msgs/husarion_ugv_msgs/srv/detail/add_zone__struct.hpp
-- Up-to-date symlink: /home/nfl/husarion_rusak/src/install/husarion_ugv_msgs/include/husarion_ugv_msgs/husarion_ugv_msgs/srv/detail/add_zone__traits.hpp
-- Up-to-date symlink: /home/nfl/husarion_rusak/src/install/husarion_ugv_msgs/include/husarion_ugv_msgs/husarion_ugv_msgs/srv/detail/add_zone__type_support.hpp
-- Up-to-date symlink: /home/nfl/husarion_rusak/src/install/husarion_ugv_msgs/include/husarion_ugv_msgs/husarion_ugv_msgs/srv/detail/set_led_animation__builder.hpp
-- Up-to-date symlink: /home/nfl/husarion_rusak/src/install/husarion_ugv_msgs/include/husarion_ugv_msgs/husarion_ugv_msgs/srv/detail/set_led_animation__struct.hpp
-- Up-to-date symlink: /home/nfl/husarion_rusak/src/install/husarion_ugv_msgs/include/husarion_ugv_msgs/husarion_ugv_msgs/srv/detail/set_led_animation__traits.hpp
-- Up-to-date symlink: /home/nfl/husarion_rusak/src/install/husarion_ugv_msgs/include/husarion_ugv_msgs/husarion_ugv_msgs/srv/detail/set_led_animation__type_support.hpp
-- Up-to-date symlink: /home/nfl/husarion_rusak/src/install/husarion_ugv_msgs/include/husarion_ugv_msgs/husarion_ugv_msgs/srv/detail/set_led_brightness__builder.hpp
-- Up-to-date symlink: /home/nfl/husarion_rusak/src/install/husarion_ugv_msgs/include/husarion_ugv_msgs/husarion_ugv_msgs/srv/detail/set_led_brightness__struct.hpp
-- Up-to-date symlink: /home/nfl/husarion_rusak/src/install/husarion_ugv_msgs/include/husarion_ugv_msgs/husarion_ugv_msgs/srv/detail/set_led_brightness__traits.hpp
-- Up-to-date symlink: /home/nfl/husarion_rusak/src/install/husarion_ugv_msgs/include/husarion_ugv_msgs/husarion_ugv_msgs/srv/detail/set_led_brightness__type_support.hpp
-- Up-to-date symlink: /home/nfl/husarion_rusak/src/install/husarion_ugv_msgs/include/husarion_ugv_msgs/husarion_ugv_msgs/srv/detail/set_led_image_animation__builder.hpp
-- Up-to-date symlink: /home/nfl/husarion_rusak/src/install/husarion_ugv_msgs/include/husarion_ugv_msgs/husarion_ugv_msgs/srv/detail/set_led_image_animation__struct.hpp
-- Up-to-date symlink: /home/nfl/husarion_rusak/src/install/husarion_ugv_msgs/include/husarion_ugv_msgs/husarion_ugv_msgs/srv/detail/set_led_image_animation__traits.hpp
-- Up-to-date symlink: /home/nfl/husarion_rusak/src/install/husarion_ugv_msgs/include/husarion_ugv_msgs/husarion_ugv_msgs/srv/detail/set_led_image_animation__type_support.hpp
-- Up-to-date symlink: /home/nfl/husarion_rusak/src/install/husarion_ugv_msgs/include/husarion_ugv_msgs/husarion_ugv_msgs/srv/set_led_animation.hpp
-- Up-to-date symlink: /home/nfl/husarion_rusak/src/install/husarion_ugv_msgs/include/husarion_ugv_msgs/husarion_ugv_msgs/srv/set_led_brightness.hpp
-- Up-to-date symlink: /home/nfl/husarion_rusak/src/install/husarion_ugv_msgs/include/husarion_ugv_msgs/husarion_ugv_msgs/srv/set_led_image_animation.hpp
-- Up-to-date symlink: /home/nfl/husarion_rusak/src/install/husarion_ugv_msgs/include/husarion_ugv_msgs/husarion_ugv_msgs/msg/detail/charging_status__rosidl_typesupport_fastrtps_cpp.hpp
-- Up-to-date symlink: /home/nfl/husarion_rusak/src/install/husarion_ugv_msgs/include/husarion_ugv_msgs/husarion_ugv_msgs/msg/detail/driver_state__rosidl_typesupport_fastrtps_cpp.hpp
-- Up-to-date symlink: /home/nfl/husarion_rusak/src/install/husarion_ugv_msgs/include/husarion_ugv_msgs/husarion_ugv_msgs/msg/detail/driver_state_named__rosidl_typesupport_fastrtps_cpp.hpp
-- Up-to-date symlink: /home/nfl/husarion_rusak/src/install/husarion_ugv_msgs/include/husarion_ugv_msgs/husarion_ugv_msgs/msg/detail/fault_flag__rosidl_typesupport_fastrtps_cpp.hpp
-- Up-to-date symlink: /home/nfl/husarion_rusak/src/install/husarion_ugv_msgs/include/husarion_ugv_msgs/husarion_ugv_msgs/msg/detail/io_state__rosidl_typesupport_fastrtps_cpp.hpp
-- Up-to-date symlink: /home/nfl/husarion_rusak/src/install/husarion_ugv_msgs/include/husarion_ugv_msgs/husarion_ugv_msgs/msg/detail/led_animation__rosidl_typesupport_fastrtps_cpp.hpp
-- Up-to-date symlink: /home/nfl/husarion_rusak/src/install/husarion_ugv_msgs/include/husarion_ugv_msgs/husarion_ugv_msgs/msg/detail/led_animation_queue__rosidl_typesupport_fastrtps_cpp.hpp
-- Up-to-date symlink: /home/nfl/husarion_rusak/src/install/husarion_ugv_msgs/include/husarion_ugv_msgs/husarion_ugv_msgs/msg/detail/led_image_animation__rosidl_typesupport_fastrtps_cpp.hpp
-- Up-to-date symlink: /home/nfl/husarion_rusak/src/install/husarion_ugv_msgs/include/husarion_ugv_msgs/husarion_ugv_msgs/msg/detail/robot_driver_state__rosidl_typesupport_fastrtps_cpp.hpp
-- Up-to-date symlink: /home/nfl/husarion_rusak/src/install/husarion_ugv_msgs/include/husarion_ugv_msgs/husarion_ugv_msgs/msg/detail/runtime_error__rosidl_typesupport_fastrtps_cpp.hpp
-- Up-to-date symlink: /home/nfl/husarion_rusak/src/install/husarion_ugv_msgs/include/husarion_ugv_msgs/husarion_ugv_msgs/msg/detail/script_flag__rosidl_typesupport_fastrtps_cpp.hpp
-- Up-to-date symlink: /home/nfl/husarion_rusak/src/install/husarion_ugv_msgs/include/husarion_ugv_msgs/husarion_ugv_msgs/msg/detail/system_status__rosidl_typesupport_fastrtps_cpp.hpp
-- Up-to-date symlink: /home/nfl/husarion_rusak/src/install/husarion_ugv_msgs/include/husarion_ugv_msgs/husarion_ugv_msgs/msg/rosidl_typesupport_fastrtps_cpp__visibility_control.h
-- Up-to-date symlink: /home/nfl/husarion_rusak/src/install/husarion_ugv_msgs/include/husarion_ugv_msgs/husarion_ugv_msgs/srv/detail/add_zone__rosidl_typesupport_fastrtps_cpp.hpp
-- Up-to-date symlink: /home/nfl/husarion_rusak/src/install/husarion_ugv_msgs/include/husarion_ugv_msgs/husarion_ugv_msgs/srv/detail/set_led_animation__rosidl_typesupport_fastrtps_cpp.hpp
-- Up-to-date symlink: /home/nfl/husarion_rusak/src/install/husarion_ugv_msgs/include/husarion_ugv_msgs/husarion_ugv_msgs/srv/detail/set_led_brightness__rosidl_typesupport_fastrtps_cpp.hpp
-- Up-to-date symlink: /home/nfl/husarion_rusak/src/install/husarion_ugv_msgs/include/husarion_ugv_msgs/husarion_ugv_msgs/srv/detail/set_led_image_animation__rosidl_typesupport_fastrtps_cpp.hpp
-- Up-to-date symlink: /home/nfl/husarion_rusak/src/install/husarion_ugv_msgs/include/husarion_ugv_msgs/husarion_ugv_msgs/msg/detail/charging_status__rosidl_typesupport_introspection_c.h
-- Up-to-date symlink: /home/nfl/husarion_rusak/src/install/husarion_ugv_msgs/include/husarion_ugv_msgs/husarion_ugv_msgs/msg/detail/driver_state__rosidl_typesupport_introspection_c.h
-- Up-to-date symlink: /home/nfl/husarion_rusak/src/install/husarion_ugv_msgs/include/husarion_ugv_msgs/husarion_ugv_msgs/msg/detail/driver_state_named__rosidl_typesupport_introspection_c.h
-- Up-to-date symlink: /home/nfl/husarion_rusak/src/install/husarion_ugv_msgs/include/husarion_ugv_msgs/husarion_ugv_msgs/msg/detail/fault_flag__rosidl_typesupport_introspection_c.h
-- Up-to-date symlink: /home/nfl/husarion_rusak/src/install/husarion_ugv_msgs/include/husarion_ugv_msgs/husarion_ugv_msgs/msg/detail/io_state__rosidl_typesupport_introspection_c.h
-- Up-to-date symlink: /home/nfl/husarion_rusak/src/install/husarion_ugv_msgs/include/husarion_ugv_msgs/husarion_ugv_msgs/msg/detail/led_animation__rosidl_typesupport_introspection_c.h
-- Up-to-date symlink: /home/nfl/husarion_rusak/src/install/husarion_ugv_msgs/include/husarion_ugv_msgs/husarion_ugv_msgs/msg/detail/led_animation_queue__rosidl_typesupport_introspection_c.h
-- Up-to-date symlink: /home/nfl/husarion_rusak/src/install/husarion_ugv_msgs/include/husarion_ugv_msgs/husarion_ugv_msgs/msg/detail/led_image_animation__rosidl_typesupport_introspection_c.h
-- Up-to-date symlink: /home/nfl/husarion_rusak/src/install/husarion_ugv_msgs/include/husarion_ugv_msgs/husarion_ugv_msgs/msg/detail/robot_driver_state__rosidl_typesupport_introspection_c.h
-- Up-to-date symlink: /home/nfl/husarion_rusak/src/install/husarion_ugv_msgs/include/husarion_ugv_msgs/husarion_ugv_msgs/msg/detail/runtime_error__rosidl_typesupport_introspection_c.h
-- Up-to-date symlink: /home/nfl/husarion_rusak/src/install/husarion_ugv_msgs/include/husarion_ugv_msgs/husarion_ugv_msgs/msg/detail/script_flag__rosidl_typesupport_introspection_c.h
-- Up-to-date symlink: /home/nfl/husarion_rusak/src/install/husarion_ugv_msgs/include/husarion_ugv_msgs/husarion_ugv_msgs/msg/detail/system_status__rosidl_typesupport_introspection_c.h
-- Up-to-date symlink: /home/nfl/husarion_rusak/src/install/husarion_ugv_msgs/include/husarion_ugv_msgs/husarion_ugv_msgs/msg/rosidl_typesupport_introspection_c__visibility_control.h
-- Up-to-date symlink: /home/nfl/husarion_rusak/src/install/husarion_ugv_msgs/include/husarion_ugv_msgs/husarion_ugv_msgs/srv/detail/add_zone__rosidl_typesupport_introspection_c.h
-- Up-to-date symlink: /home/nfl/husarion_rusak/src/install/husarion_ugv_msgs/include/husarion_ugv_msgs/husarion_ugv_msgs/srv/detail/set_led_animation__rosidl_typesupport_introspection_c.h
-- Up-to-date symlink: /home/nfl/husarion_rusak/src/install/husarion_ugv_msgs/include/husarion_ugv_msgs/husarion_ugv_msgs/srv/detail/set_led_brightness__rosidl_typesupport_introspection_c.h
-- Up-to-date symlink: /home/nfl/husarion_rusak/src/install/husarion_ugv_msgs/include/husarion_ugv_msgs/husarion_ugv_msgs/srv/detail/set_led_image_animation__rosidl_typesupport_introspection_c.h
-- Up-to-date symlink: /home/nfl/husarion_rusak/src/install/husarion_ugv_msgs/include/husarion_ugv_msgs/husarion_ugv_msgs/msg/detail/charging_status__rosidl_typesupport_introspection_cpp.hpp
-- Up-to-date symlink: /home/nfl/husarion_rusak/src/install/husarion_ugv_msgs/include/husarion_ugv_msgs/husarion_ugv_msgs/msg/detail/driver_state__rosidl_typesupport_introspection_cpp.hpp
-- Up-to-date symlink: /home/nfl/husarion_rusak/src/install/husarion_ugv_msgs/include/husarion_ugv_msgs/husarion_ugv_msgs/msg/detail/driver_state_named__rosidl_typesupport_introspection_cpp.hpp
-- Up-to-date symlink: /home/nfl/husarion_rusak/src/install/husarion_ugv_msgs/include/husarion_ugv_msgs/husarion_ugv_msgs/msg/detail/fault_flag__rosidl_typesupport_introspection_cpp.hpp
-- Up-to-date symlink: /home/nfl/husarion_rusak/src/install/husarion_ugv_msgs/include/husarion_ugv_msgs/husarion_ugv_msgs/msg/detail/io_state__rosidl_typesupport_introspection_cpp.hpp
-- Up-to-date symlink: /home/nfl/husarion_rusak/src/install/husarion_ugv_msgs/include/husarion_ugv_msgs/husarion_ugv_msgs/msg/detail/led_animation__rosidl_typesupport_introspection_cpp.hpp
-- Up-to-date symlink: /home/nfl/husarion_rusak/src/install/husarion_ugv_msgs/include/husarion_ugv_msgs/husarion_ugv_msgs/msg/detail/led_animation_queue__rosidl_typesupport_introspection_cpp.hpp
-- Up-to-date symlink: /home/nfl/husarion_rusak/src/install/husarion_ugv_msgs/include/husarion_ugv_msgs/husarion_ugv_msgs/msg/detail/led_image_animation__rosidl_typesupport_introspection_cpp.hpp
-- Up-to-date symlink: /home/nfl/husarion_rusak/src/install/husarion_ugv_msgs/include/husarion_ugv_msgs/husarion_ugv_msgs/msg/detail/robot_driver_state__rosidl_typesupport_introspection_cpp.hpp
-- Up-to-date symlink: /home/nfl/husarion_rusak/src/install/husarion_ugv_msgs/include/husarion_ugv_msgs/husarion_ugv_msgs/msg/detail/runtime_error__rosidl_typesupport_introspection_cpp.hpp
-- Up-to-date symlink: /home/nfl/husarion_rusak/src/install/husarion_ugv_msgs/include/husarion_ugv_msgs/husarion_ugv_msgs/msg/detail/script_flag__rosidl_typesupport_introspection_cpp.hpp
-- Up-to-date symlink: /home/nfl/husarion_rusak/src/install/husarion_ugv_msgs/include/husarion_ugv_msgs/husarion_ugv_msgs/msg/detail/system_status__rosidl_typesupport_introspection_cpp.hpp
-- Up-to-date symlink: /home/nfl/husarion_rusak/src/install/husarion_ugv_msgs/include/husarion_ugv_msgs/husarion_ugv_msgs/srv/detail/add_zone__rosidl_typesupport_introspection_cpp.hpp
-- Up-to-date symlink: /home/nfl/husarion_rusak/src/install/husarion_ugv_msgs/include/husarion_ugv_msgs/husarion_ugv_msgs/srv/detail/set_led_animation__rosidl_typesupport_introspection_cpp.hpp
-- Up-to-date symlink: /home/nfl/husarion_rusak/src/install/husarion_ugv_msgs/include/husarion_ugv_msgs/husarion_ugv_msgs/srv/detail/set_led_brightness__rosidl_typesupport_introspection_cpp.hpp
-- Up-to-date symlink: /home/nfl/husarion_rusak/src/install/husarion_ugv_msgs/include/husarion_ugv_msgs/husarion_ugv_msgs/srv/detail/set_led_image_animation__rosidl_typesupport_introspection_cpp.hpp
-- Up-to-date symlink: /home/nfl/husarion_rusak/src/install/husarion_ugv_msgs/share/husarion_ugv_msgs/environment/pythonpath.sh
-- Up-to-date symlink: /home/nfl/husarion_rusak/src/install/husarion_ugv_msgs/share/husarion_ugv_msgs/environment/pythonpath.dsv
-- Up-to-date symlink: /home/nfl/husarion_rusak/src/install/husarion_ugv_msgs/lib/python3.12/site-packages/husarion_ugv_msgs-2.3.0-py3.12.egg-info/PKG-INFO
-- Up-to-date symlink: /home/nfl/husarion_rusak/src/install/husarion_ugv_msgs/lib/python3.12/site-packages/husarion_ugv_msgs-2.3.0-py3.12.egg-info/SOURCES.txt
-- Up-to-date symlink: /home/nfl/husarion_rusak/src/install/husarion_ugv_msgs/lib/python3.12/site-packages/husarion_ugv_msgs-2.3.0-py3.12.egg-info/dependency_links.txt
-- Up-to-date symlink: /home/nfl/husarion_rusak/src/install/husarion_ugv_msgs/lib/python3.12/site-packages/husarion_ugv_msgs-2.3.0-py3.12.egg-info/top_level.txt
-- Up-to-date symlink: /home/nfl/husarion_rusak/src/install/husarion_ugv_msgs/lib/python3.12/site-packages/husarion_ugv_msgs/__init__.py
-- Up-to-date symlink: /home/nfl/husarion_rusak/src/install/husarion_ugv_msgs/lib/python3.12/site-packages/husarion_ugv_msgs/_husarion_ugv_msgs_s.ep.rosidl_typesupport_c.c
-- Up-to-date symlink: /home/nfl/husarion_rusak/src/install/husarion_ugv_msgs/lib/python3.12/site-packages/husarion_ugv_msgs/_husarion_ugv_msgs_s.ep.rosidl_typesupport_fastrtps_c.c
-- Up-to-date symlink: /home/nfl/husarion_rusak/src/install/husarion_ugv_msgs/lib/python3.12/site-packages/husarion_ugv_msgs/_husarion_ugv_msgs_s.ep.rosidl_typesupport_introspection_c.c
-- Up-to-date symlink: /home/nfl/husarion_rusak/src/install/husarion_ugv_msgs/lib/python3.12/site-packages/husarion_ugv_msgs/husarion_ugv_msgs_s__rosidl_typesupport_c.so
-- Up-to-date symlink: /home/nfl/husarion_rusak/src/install/husarion_ugv_msgs/lib/python3.12/site-packages/husarion_ugv_msgs/husarion_ugv_msgs_s__rosidl_typesupport_fastrtps_c.so
-- Up-to-date symlink: /home/nfl/husarion_rusak/src/install/husarion_ugv_msgs/lib/python3.12/site-packages/husarion_ugv_msgs/husarion_ugv_msgs_s__rosidl_typesupport_introspection_c.so
-- Up-to-date symlink: /home/nfl/husarion_rusak/src/install/husarion_ugv_msgs/lib/python3.12/site-packages/husarion_ugv_msgs/msg/__init__.py
-- Up-to-date symlink: /home/nfl/husarion_rusak/src/install/husarion_ugv_msgs/lib/python3.12/site-packages/husarion_ugv_msgs/msg/_charging_status.py
-- Up-to-date symlink: /home/nfl/husarion_rusak/src/install/husarion_ugv_msgs/lib/python3.12/site-packages/husarion_ugv_msgs/msg/_charging_status_s.c
-- Up-to-date symlink: /home/nfl/husarion_rusak/src/install/husarion_ugv_msgs/lib/python3.12/site-packages/husarion_ugv_msgs/msg/_driver_state.py
-- Up-to-date symlink: /home/nfl/husarion_rusak/src/install/husarion_ugv_msgs/lib/python3.12/site-packages/husarion_ugv_msgs/msg/_driver_state_named.py
-- Up-to-date symlink: /home/nfl/husarion_rusak/src/install/husarion_ugv_msgs/lib/python3.12/site-packages/husarion_ugv_msgs/msg/_driver_state_named_s.c
-- Up-to-date symlink: /home/nfl/husarion_rusak/src/install/husarion_ugv_msgs/lib/python3.12/site-packages/husarion_ugv_msgs/msg/_driver_state_s.c
-- Up-to-date symlink: /home/nfl/husarion_rusak/src/install/husarion_ugv_msgs/lib/python3.12/site-packages/husarion_ugv_msgs/msg/_fault_flag.py
-- Up-to-date symlink: /home/nfl/husarion_rusak/src/install/husarion_ugv_msgs/lib/python3.12/site-packages/husarion_ugv_msgs/msg/_fault_flag_s.c
-- Up-to-date symlink: /home/nfl/husarion_rusak/src/install/husarion_ugv_msgs/lib/python3.12/site-packages/husarion_ugv_msgs/msg/_io_state.py
-- Up-to-date symlink: /home/nfl/husarion_rusak/src/install/husarion_ugv_msgs/lib/python3.12/site-packages/husarion_ugv_msgs/msg/_io_state_s.c
-- Up-to-date symlink: /home/nfl/husarion_rusak/src/install/husarion_ugv_msgs/lib/python3.12/site-packages/husarion_ugv_msgs/msg/_led_animation.py
-- Up-to-date symlink: /home/nfl/husarion_rusak/src/install/husarion_ugv_msgs/lib/python3.12/site-packages/husarion_ugv_msgs/msg/_led_animation_queue.py
-- Up-to-date symlink: /home/nfl/husarion_rusak/src/install/husarion_ugv_msgs/lib/python3.12/site-packages/husarion_ugv_msgs/msg/_led_animation_queue_s.c
-- Up-to-date symlink: /home/nfl/husarion_rusak/src/install/husarion_ugv_msgs/lib/python3.12/site-packages/husarion_ugv_msgs/msg/_led_animation_s.c
-- Up-to-date symlink: /home/nfl/husarion_rusak/src/install/husarion_ugv_msgs/lib/python3.12/site-packages/husarion_ugv_msgs/msg/_led_image_animation.py
-- Up-to-date symlink: /home/nfl/husarion_rusak/src/install/husarion_ugv_msgs/lib/python3.12/site-packages/husarion_ugv_msgs/msg/_led_image_animation_s.c
-- Up-to-date symlink: /home/nfl/husarion_rusak/src/install/husarion_ugv_msgs/lib/python3.12/site-packages/husarion_ugv_msgs/msg/_robot_driver_state.py
-- Up-to-date symlink: /home/nfl/husarion_rusak/src/install/husarion_ugv_msgs/lib/python3.12/site-packages/husarion_ugv_msgs/msg/_robot_driver_state_s.c
-- Up-to-date symlink: /home/nfl/husarion_rusak/src/install/husarion_ugv_msgs/lib/python3.12/site-packages/husarion_ugv_msgs/msg/_runtime_error.py
-- Up-to-date symlink: /home/nfl/husarion_rusak/src/install/husarion_ugv_msgs/lib/python3.12/site-packages/husarion_ugv_msgs/msg/_runtime_error_s.c
-- Up-to-date symlink: /home/nfl/husarion_rusak/src/install/husarion_ugv_msgs/lib/python3.12/site-packages/husarion_ugv_msgs/msg/_script_flag.py
-- Up-to-date symlink: /home/nfl/husarion_rusak/src/install/husarion_ugv_msgs/lib/python3.12/site-packages/husarion_ugv_msgs/msg/_script_flag_s.c
-- Up-to-date symlink: /home/nfl/husarion_rusak/src/install/husarion_ugv_msgs/lib/python3.12/site-packages/husarion_ugv_msgs/msg/_system_status.py
-- Up-to-date symlink: /home/nfl/husarion_rusak/src/install/husarion_ugv_msgs/lib/python3.12/site-packages/husarion_ugv_msgs/msg/_system_status_s.c
-- Up-to-date symlink: /home/nfl/husarion_rusak/src/install/husarion_ugv_msgs/lib/python3.12/site-packages/husarion_ugv_msgs/srv/__init__.py
-- Up-to-date symlink: /home/nfl/husarion_rusak/src/install/husarion_ugv_msgs/lib/python3.12/site-packages/husarion_ugv_msgs/srv/_add_zone.py
-- Up-to-date symlink: /home/nfl/husarion_rusak/src/install/husarion_ugv_msgs/lib/python3.12/site-packages/husarion_ugv_msgs/srv/_add_zone_s.c
-- Up-to-date symlink: /home/nfl/husarion_rusak/src/install/husarion_ugv_msgs/lib/python3.12/site-packages/husarion_ugv_msgs/srv/_set_led_animation.py
-- Up-to-date symlink: /home/nfl/husarion_rusak/src/install/husarion_ugv_msgs/lib/python3.12/site-packages/husarion_ugv_msgs/srv/_set_led_animation_s.c
-- Up-to-date symlink: /home/nfl/husarion_rusak/src/install/husarion_ugv_msgs/lib/python3.12/site-packages/husarion_ugv_msgs/srv/_set_led_brightness.py
-- Up-to-date symlink: /home/nfl/husarion_rusak/src/install/husarion_ugv_msgs/lib/python3.12/site-packages/husarion_ugv_msgs/srv/_set_led_brightness_s.c
-- Up-to-date symlink: /home/nfl/husarion_rusak/src/install/husarion_ugv_msgs/lib/python3.12/site-packages/husarion_ugv_msgs/srv/_set_led_image_animation.py
-- Up-to-date symlink: /home/nfl/husarion_rusak/src/install/husarion_ugv_msgs/lib/python3.12/site-packages/husarion_ugv_msgs/srv/_set_led_image_animation_s.c
-- Up-to-date symlink: /home/nfl/husarion_rusak/src/install/husarion_ugv_msgs/lib/python3.12/site-packages/husarion_ugv_msgs/husarion_ugv_msgs_s__rosidl_typesupport_fastrtps_c.so
-- Up-to-date symlink: /home/nfl/husarion_rusak/src/install/husarion_ugv_msgs/lib/python3.12/site-packages/husarion_ugv_msgs/husarion_ugv_msgs_s__rosidl_typesupport_introspection_c.so
-- Up-to-date symlink: /home/nfl/husarion_rusak/src/install/husarion_ugv_msgs/lib/python3.12/site-packages/husarion_ugv_msgs/husarion_ugv_msgs_s__rosidl_typesupport_c.so
-- Up-to-date symlink: /home/nfl/husarion_rusak/src/install/husarion_ugv_msgs/share/husarion_ugv_msgs/msg/ChargingStatus.idl
-- Up-to-date symlink: /home/nfl/husarion_rusak/src/install/husarion_ugv_msgs/share/husarion_ugv_msgs/msg/DriverState.idl
-- Up-to-date symlink: /home/nfl/husarion_rusak/src/install/husarion_ugv_msgs/share/husarion_ugv_msgs/msg/DriverStateNamed.idl
-- Up-to-date symlink: /home/nfl/husarion_rusak/src/install/husarion_ugv_msgs/share/husarion_ugv_msgs/msg/FaultFlag.idl
-- Up-to-date symlink: /home/nfl/husarion_rusak/src/install/husarion_ugv_msgs/share/husarion_ugv_msgs/msg/IOState.idl
-- Up-to-date symlink: /home/nfl/husarion_rusak/src/install/husarion_ugv_msgs/share/husarion_ugv_msgs/msg/LEDAnimation.idl
-- Up-to-date symlink: /home/nfl/husarion_rusak/src/install/husarion_ugv_msgs/share/husarion_ugv_msgs/msg/LEDAnimationQueue.idl
-- Up-to-date symlink: /home/nfl/husarion_rusak/src/install/husarion_ugv_msgs/share/husarion_ugv_msgs/msg/LEDImageAnimation.idl
-- Up-to-date symlink: /home/nfl/husarion_rusak/src/install/husarion_ugv_msgs/share/husarion_ugv_msgs/msg/RobotDriverState.idl
-- Up-to-date symlink: /home/nfl/husarion_rusak/src/install/husarion_ugv_msgs/share/husarion_ugv_msgs/msg/RuntimeError.idl
-- Up-to-date symlink: /home/nfl/husarion_rusak/src/install/husarion_ugv_msgs/share/husarion_ugv_msgs/msg/ScriptFlag.idl
-- Up-to-date symlink: /home/nfl/husarion_rusak/src/install/husarion_ugv_msgs/share/husarion_ugv_msgs/msg/SystemStatus.idl
-- Up-to-date symlink: /home/nfl/husarion_rusak/src/install/husarion_ugv_msgs/share/husarion_ugv_msgs/srv/SetLEDAnimation.idl
-- Up-to-date symlink: /home/nfl/husarion_rusak/src/install/husarion_ugv_msgs/share/husarion_ugv_msgs/srv/SetLEDBrightness.idl
-- Up-to-date symlink: /home/nfl/husarion_rusak/src/install/husarion_ugv_msgs/share/husarion_ugv_msgs/srv/SetLEDImageAnimation.idl
-- Up-to-date symlink: /home/nfl/husarion_rusak/src/install/husarion_ugv_msgs/share/husarion_ugv_msgs/srv/AddZone.idl
-- Up-to-date symlink: /home/nfl/husarion_rusak/src/install/husarion_ugv_msgs/share/husarion_ugv_msgs/msg/ChargingStatus.msg
-- Up-to-date symlink: /home/nfl/husarion_rusak/src/install/husarion_ugv_msgs/share/husarion_ugv_msgs/msg/DriverState.msg
-- Up-to-date symlink: /home/nfl/husarion_rusak/src/install/husarion_ugv_msgs/share/husarion_ugv_msgs/msg/DriverStateNamed.msg
-- Up-to-date symlink: /home/nfl/husarion_rusak/src/install/husarion_ugv_msgs/share/husarion_ugv_msgs/msg/FaultFlag.msg
-- Up-to-date symlink: /home/nfl/husarion_rusak/src/install/husarion_ugv_msgs/share/husarion_ugv_msgs/msg/IOState.msg
-- Up-to-date symlink: /home/nfl/husarion_rusak/src/install/husarion_ugv_msgs/share/husarion_ugv_msgs/msg/LEDAnimation.msg
-- Up-to-date symlink: /home/nfl/husarion_rusak/src/install/husarion_ugv_msgs/share/husarion_ugv_msgs/msg/LEDAnimationQueue.msg
-- Up-to-date symlink: /home/nfl/husarion_rusak/src/install/husarion_ugv_msgs/share/husarion_ugv_msgs/msg/LEDImageAnimation.msg
-- Up-to-date symlink: /home/nfl/husarion_rusak/src/install/husarion_ugv_msgs/share/husarion_ugv_msgs/msg/RobotDriverState.msg
-- Up-to-date symlink: /home/nfl/husarion_rusak/src/install/husarion_ugv_msgs/share/husarion_ugv_msgs/msg/RuntimeError.msg
-- Up-to-date symlink: /home/nfl/husarion_rusak/src/install/husarion_ugv_msgs/share/husarion_ugv_msgs/msg/ScriptFlag.msg
-- Up-to-date symlink: /home/nfl/husarion_rusak/src/install/husarion_ugv_msgs/share/husarion_ugv_msgs/msg/SystemStatus.msg
-- Up-to-date symlink: /home/nfl/husarion_rusak/src/install/husarion_ugv_msgs/share/husarion_ugv_msgs/srv/SetLEDAnimation.srv
-- Up-to-date symlink: /home/nfl/husarion_rusak/src/install/husarion_ugv_msgs/share/husarion_ugv_msgs/srv/SetLEDBrightness.srv
-- Up-to-date symlink: /home/nfl/husarion_rusak/src/install/husarion_ugv_msgs/share/husarion_ugv_msgs/srv/SetLEDImageAnimation.srv
-- Up-to-date symlink: /home/nfl/husarion_rusak/src/install/husarion_ugv_msgs/share/husarion_ugv_msgs/srv/AddZone.srv
-- Up-to-date symlink: /home/nfl/husarion_rusak/src/install/husarion_ugv_msgs/share/ament_index/resource_index/package_run_dependencies/husarion_ugv_msgs
-- Up-to-date symlink: /home/nfl/husarion_rusak/src/install/husarion_ugv_msgs/share/ament_index/resource_index/parent_prefix_path/husarion_ugv_msgs
-- Up-to-date symlink: /home/nfl/husarion_rusak/src/install/husarion_ugv_msgs/share/husarion_ugv_msgs/environment/ament_prefix_path.sh
-- Up-to-date symlink: /home/nfl/husarion_rusak/src/install/husarion_ugv_msgs/share/husarion_ugv_msgs/environment/ament_prefix_path.dsv
-- Up-to-date symlink: /home/nfl/husarion_rusak/src/install/husarion_ugv_msgs/share/husarion_ugv_msgs/environment/path.sh
-- Up-to-date symlink: /home/nfl/husarion_rusak/src/install/husarion_ugv_msgs/share/husarion_ugv_msgs/environment/path.dsv
-- Up-to-date symlink: /home/nfl/husarion_rusak/src/install/husarion_ugv_msgs/share/husarion_ugv_msgs/local_setup.bash
-- Up-to-date symlink: /home/nfl/husarion_rusak/src/install/husarion_ugv_msgs/share/husarion_ugv_msgs/local_setup.sh
-- Up-to-date symlink: /home/nfl/husarion_rusak/src/install/husarion_ugv_msgs/share/husarion_ugv_msgs/local_setup.zsh
-- Up-to-date symlink: /home/nfl/husarion_rusak/src/install/husarion_ugv_msgs/share/husarion_ugv_msgs/local_setup.dsv
-- Symlinking: /home/nfl/husarion_rusak/src/install/husarion_ugv_msgs/share/husarion_ugv_msgs/package.dsv
-- Up-to-date symlink: /home/nfl/husarion_rusak/src/install/husarion_ugv_msgs/share/ament_index/resource_index/packages/husarion_ugv_msgs
-- Up-to-date symlink: /home/nfl/husarion_rusak/src/install/husarion_ugv_msgs/share/husarion_ugv_msgs/cmake/rosidl_cmake-extras.cmake
-- Up-to-date symlink: /home/nfl/husarion_rusak/src/install/husarion_ugv_msgs/share/husarion_ugv_msgs/cmake/ament_cmake_export_dependencies-extras.cmake
-- Up-to-date symlink: /home/nfl/husarion_rusak/src/install/husarion_ugv_msgs/share/husarion_ugv_msgs/cmake/ament_cmake_export_include_directories-extras.cmake
-- Up-to-date symlink: /home/nfl/husarion_rusak/src/install/husarion_ugv_msgs/share/husarion_ugv_msgs/cmake/ament_cmake_export_libraries-extras.cmake
-- Up-to-date symlink: /home/nfl/husarion_rusak/src/install/husarion_ugv_msgs/share/husarion_ugv_msgs/cmake/ament_cmake_export_targets-extras.cmake
-- Up-to-date symlink: /home/nfl/husarion_rusak/src/install/husarion_ugv_msgs/share/husarion_ugv_msgs/cmake/rosidl_cmake_export_typesupport_targets-extras.cmake
-- Up-to-date symlink: /home/nfl/husarion_rusak/src/install/husarion_ugv_msgs/share/husarion_ugv_msgs/cmake/rosidl_cmake_export_typesupport_libraries-extras.cmake
-- Up-to-date symlink: /home/nfl/husarion_rusak/src/install/husarion_ugv_msgs/share/husarion_ugv_msgs/cmake/husarion_ugv_msgsConfig.cmake
-- Up-to-date symlink: /home/nfl/husarion_rusak/src/install/husarion_ugv_msgs/share/husarion_ugv_msgs/cmake/husarion_ugv_msgsConfig-version.cmake
-- Up-to-date symlink: /home/nfl/husarion_rusak/src/install/husarion_ugv_msgs/share/husarion_ugv_msgs/package.xml
-- Up-to-date: /home/nfl/husarion_rusak/src/install/husarion_ugv_msgs/lib/libhusarion_ugv_msgs__rosidl_generator_c.so
-- Up-to-date: /home/nfl/husarion_rusak/src/install/husarion_ugv_msgs/lib/libhusarion_ugv_msgs__rosidl_typesupport_fastrtps_c.so
-- Up-to-date: /home/nfl/husarion_rusak/src/install/husarion_ugv_msgs/lib/libhusarion_ugv_msgs__rosidl_typesupport_fastrtps_cpp.so
-- Up-to-date: /home/nfl/husarion_rusak/src/install/husarion_ugv_msgs/lib/libhusarion_ugv_msgs__rosidl_typesupport_introspection_c.so
-- Up-to-date: /home/nfl/husarion_rusak/src/install/husarion_ugv_msgs/lib/libhusarion_ugv_msgs__rosidl_typesupport_c.so
-- Up-to-date: /home/nfl/husarion_rusak/src/install/husarion_ugv_msgs/lib/libhusarion_ugv_msgs__rosidl_typesupport_introspection_cpp.so
-- Up-to-date: /home/nfl/husarion_rusak/src/install/husarion_ugv_msgs/lib/libhusarion_ugv_msgs__rosidl_typesupport_cpp.so
Listing '/home/nfl/husarion_rusak/src/install/husarion_ugv_msgs/lib/python3.12/site-packages/husarion_ugv_msgs'...
Listing '/home/nfl/husarion_rusak/src/install/husarion_ugv_msgs/lib/python3.12/site-packages/husarion_ugv_msgs/msg'...
Listing '/home/nfl/husarion_rusak/src/install/husarion_ugv_msgs/lib/python3.12/site-packages/husarion_ugv_msgs/srv'...
-- Up-to-date: /home/nfl/husarion_rusak/src/install/husarion_ugv_msgs/lib/libhusarion_ugv_msgs__rosidl_generator_py.so
-- Up-to-date: /home/nfl/husarion_rusak/src/install/husarion_ugv_msgs/share/husarion_ugv_msgs/cmake/export_husarion_ugv_msgs__rosidl_generator_cExport.cmake
-- Up-to-date: /home/nfl/husarion_rusak/src/install/husarion_ugv_msgs/share/husarion_ugv_msgs/cmake/export_husarion_ugv_msgs__rosidl_generator_cExport-release.cmake
-- Up-to-date: /home/nfl/husarion_rusak/src/install/husarion_ugv_msgs/share/husarion_ugv_msgs/cmake/export_husarion_ugv_msgs__rosidl_typesupport_fastrtps_cExport.cmake
-- Up-to-date: /home/nfl/husarion_rusak/src/install/husarion_ugv_msgs/share/husarion_ugv_msgs/cmake/export_husarion_ugv_msgs__rosidl_typesupport_fastrtps_cExport-release.cmake
-- Up-to-date: /home/nfl/husarion_rusak/src/install/husarion_ugv_msgs/share/husarion_ugv_msgs/cmake/export_husarion_ugv_msgs__rosidl_generator_cppExport.cmake
-- Up-to-date: /home/nfl/husarion_rusak/src/install/husarion_ugv_msgs/share/husarion_ugv_msgs/cmake/export_husarion_ugv_msgs__rosidl_typesupport_fastrtps_cppExport.cmake
-- Up-to-date: /home/nfl/husarion_rusak/src/install/husarion_ugv_msgs/share/husarion_ugv_msgs/cmake/export_husarion_ugv_msgs__rosidl_typesupport_fastrtps_cppExport-release.cmake
-- Up-to-date: /home/nfl/husarion_rusak/src/install/husarion_ugv_msgs/share/husarion_ugv_msgs/cmake/husarion_ugv_msgs__rosidl_typesupport_introspection_cExport.cmake
-- Up-to-date: /home/nfl/husarion_rusak/src/install/husarion_ugv_msgs/share/husarion_ugv_msgs/cmake/husarion_ugv_msgs__rosidl_typesupport_introspection_cExport-release.cmake
-- Up-to-date: /home/nfl/husarion_rusak/src/install/husarion_ugv_msgs/share/husarion_ugv_msgs/cmake/husarion_ugv_msgs__rosidl_typesupport_cExport.cmake
-- Up-to-date: /home/nfl/husarion_rusak/src/install/husarion_ugv_msgs/share/husarion_ugv_msgs/cmake/husarion_ugv_msgs__rosidl_typesupport_cExport-release.cmake
-- Up-to-date: /home/nfl/husarion_rusak/src/install/husarion_ugv_msgs/share/husarion_ugv_msgs/cmake/husarion_ugv_msgs__rosidl_typesupport_introspection_cppExport.cmake
-- Up-to-date: /home/nfl/husarion_rusak/src/install/husarion_ugv_msgs/share/husarion_ugv_msgs/cmake/husarion_ugv_msgs__rosidl_typesupport_introspection_cppExport-release.cmake
-- Up-to-date: /home/nfl/husarion_rusak/src/install/husarion_ugv_msgs/share/husarion_ugv_msgs/cmake/husarion_ugv_msgs__rosidl_typesupport_cppExport.cmake
-- Up-to-date: /home/nfl/husarion_rusak/src/install/husarion_ugv_msgs/share/husarion_ugv_msgs/cmake/husarion_ugv_msgs__rosidl_typesupport_cppExport-release.cmake
-- Up-to-date: /home/nfl/husarion_rusak/src/install/husarion_ugv_msgs/share/husarion_ugv_msgs/cmake/export_husarion_ugv_msgs__rosidl_generator_pyExport.cmake
-- Up-to-date: /home/nfl/husarion_rusak/src/install/husarion_ugv_msgs/share/husarion_ugv_msgs/cmake/export_husarion_ugv_msgs__rosidl_generator_pyExport-release.cmake
