[0.019s] Invoking command in '/home/nfl/husarion_rusak/src/build/husarion_ugv_msgs': CMAKE_PREFIX_PATH=${CMAKE_PREFIX_PATH}:/opt/ros/jazzy DEBUGINFOD_URLS=https://debuginfod.ubuntu.com /usr/bin/cmake --build /home/nfl/husarion_rusak/src/build/husarion_ugv_msgs -- -j16 -l16
[0.068s] [  1%] Built target husarion_ugv_msgs__rosidl_generator_type_description
[0.077s] [  1%] Built target ament_cmake_python_symlink_husarion_ugv_msgs
[0.092s] [  1%] Built target husarion_ugv_msgs__cpp
[0.134s] [ 28%] Built target husarion_ugv_msgs__rosidl_generator_c
[0.148s] [ 37%] Built target husarion_ugv_msgs__rosidl_typesupport_c
[0.155s] [ 46%] Built target husarion_ugv_msgs__rosidl_typesupport_introspection_c
[0.156s] [ 56%] Built target husarion_ugv_msgs__rosidl_typesupport_cpp
[0.166s] [ 73%] Built target husarion_ugv_msgs__rosidl_typesupport_introspection_cpp
[0.166s] [ 76%] Built target husarion_ugv_msgs__rosidl_typesupport_fastrtps_c
[0.167s] [ 86%] Built target husarion_ugv_msgs__rosidl_typesupport_fastrtps_cpp
[0.190s] [ 86%] Built target husarion_ugv_msgs
[0.207s] [ 87%] Built target husarion_ugv_msgs__py
[0.244s] [ 96%] Built target husarion_ugv_msgs__rosidl_generator_py
[0.267s] [ 98%] Built target husarion_ugv_msgs_s__rosidl_typesupport_c
[0.267s] [ 98%] Built target husarion_ugv_msgs_s__rosidl_typesupport_fastrtps_c
[0.267s] [100%] Built target husarion_ugv_msgs_s__rosidl_typesupport_introspection_c
[0.293s] running egg_info
[0.307s] writing husarion_ugv_msgs.egg-info/PKG-INFO
[0.307s] writing dependency_links to husarion_ugv_msgs.egg-info/dependency_links.txt
[0.307s] writing top-level names to husarion_ugv_msgs.egg-info/top_level.txt
[0.347s] reading manifest file 'husarion_ugv_msgs.egg-info/SOURCES.txt'
[0.348s] writing manifest file 'husarion_ugv_msgs.egg-info/SOURCES.txt'
[0.371s] [100%] Built target ament_cmake_python_build_husarion_ugv_msgs_egg
[0.381s] Invoked command in '/home/nfl/husarion_rusak/src/build/husarion_ugv_msgs' returned '0': CMAKE_PREFIX_PATH=${CMAKE_PREFIX_PATH}:/opt/ros/jazzy DEBUGINFOD_URLS=https://debuginfod.ubuntu.com /usr/bin/cmake --build /home/nfl/husarion_rusak/src/build/husarion_ugv_msgs -- -j16 -l16
[0.382s] Invoking command in '/home/nfl/husarion_rusak/src/build/husarion_ugv_msgs': CMAKE_PREFIX_PATH=${CMAKE_PREFIX_PATH}:/opt/ros/jazzy DEBUGINFOD_URLS=https://debuginfod.ubuntu.com /usr/bin/cmake --install /home/nfl/husarion_rusak/src/build/husarion_ugv_msgs
[0.389s] -- Install configuration: "Release"
[0.390s] -- Execute custom install script
[0.390s] -- Up-to-date symlink: /home/nfl/husarion_rusak/src/install/husarion_ugv_msgs/share/ament_index/resource_index/rosidl_interfaces/husarion_ugv_msgs
[0.390s] -- Up-to-date symlink: /home/nfl/husarion_rusak/src/install/husarion_ugv_msgs/share/husarion_ugv_msgs/msg/ChargingStatus.json
[0.391s] -- Up-to-date symlink: /home/nfl/husarion_rusak/src/install/husarion_ugv_msgs/share/husarion_ugv_msgs/msg/DriverState.json
[0.391s] -- Up-to-date symlink: /home/nfl/husarion_rusak/src/install/husarion_ugv_msgs/share/husarion_ugv_msgs/msg/DriverStateNamed.json
[0.391s] -- Up-to-date symlink: /home/nfl/husarion_rusak/src/install/husarion_ugv_msgs/share/husarion_ugv_msgs/msg/FaultFlag.json
[0.391s] -- Up-to-date symlink: /home/nfl/husarion_rusak/src/install/husarion_ugv_msgs/share/husarion_ugv_msgs/msg/IOState.json
[0.391s] -- Up-to-date symlink: /home/nfl/husarion_rusak/src/install/husarion_ugv_msgs/share/husarion_ugv_msgs/msg/LEDAnimation.json
[0.391s] -- Up-to-date symlink: /home/nfl/husarion_rusak/src/install/husarion_ugv_msgs/share/husarion_ugv_msgs/msg/LEDAnimationQueue.json
[0.391s] -- Up-to-date symlink: /home/nfl/husarion_rusak/src/install/husarion_ugv_msgs/share/husarion_ugv_msgs/msg/LEDImageAnimation.json
[0.391s] -- Up-to-date symlink: /home/nfl/husarion_rusak/src/install/husarion_ugv_msgs/share/husarion_ugv_msgs/msg/RobotDriverState.json
[0.391s] -- Up-to-date symlink: /home/nfl/husarion_rusak/src/install/husarion_ugv_msgs/share/husarion_ugv_msgs/msg/RuntimeError.json
[0.391s] -- Up-to-date symlink: /home/nfl/husarion_rusak/src/install/husarion_ugv_msgs/share/husarion_ugv_msgs/msg/ScriptFlag.json
[0.391s] -- Up-to-date symlink: /home/nfl/husarion_rusak/src/install/husarion_ugv_msgs/share/husarion_ugv_msgs/msg/SystemStatus.json
[0.391s] -- Up-to-date symlink: /home/nfl/husarion_rusak/src/install/husarion_ugv_msgs/share/husarion_ugv_msgs/srv/SetLEDAnimation.json
[0.391s] -- Up-to-date symlink: /home/nfl/husarion_rusak/src/install/husarion_ugv_msgs/share/husarion_ugv_msgs/srv/SetLEDBrightness.json
[0.392s] -- Up-to-date symlink: /home/nfl/husarion_rusak/src/install/husarion_ugv_msgs/share/husarion_ugv_msgs/srv/SetLEDImageAnimation.json
[0.392s] -- Up-to-date symlink: /home/nfl/husarion_rusak/src/install/husarion_ugv_msgs/share/husarion_ugv_msgs/srv/AddZone.json
[0.392s] -- Up-to-date symlink: /home/nfl/husarion_rusak/src/install/husarion_ugv_msgs/include/husarion_ugv_msgs/husarion_ugv_msgs/msg/charging_status.h
[0.393s] -- Up-to-date symlink: /home/nfl/husarion_rusak/src/install/husarion_ugv_msgs/include/husarion_ugv_msgs/husarion_ugv_msgs/msg/detail/charging_status__functions.h
[0.393s] -- Up-to-date symlink: /home/nfl/husarion_rusak/src/install/husarion_ugv_msgs/include/husarion_ugv_msgs/husarion_ugv_msgs/msg/detail/charging_status__struct.h
[0.393s] -- Up-to-date symlink: /home/nfl/husarion_rusak/src/install/husarion_ugv_msgs/include/husarion_ugv_msgs/husarion_ugv_msgs/msg/detail/charging_status__type_support.h
[0.393s] -- Up-to-date symlink: /home/nfl/husarion_rusak/src/install/husarion_ugv_msgs/include/husarion_ugv_msgs/husarion_ugv_msgs/msg/detail/driver_state__functions.h
[0.393s] -- Up-to-date symlink: /home/nfl/husarion_rusak/src/install/husarion_ugv_msgs/include/husarion_ugv_msgs/husarion_ugv_msgs/msg/detail/driver_state__struct.h
[0.393s] -- Up-to-date symlink: /home/nfl/husarion_rusak/src/install/husarion_ugv_msgs/include/husarion_ugv_msgs/husarion_ugv_msgs/msg/detail/driver_state__type_support.h
[0.393s] -- Up-to-date symlink: /home/nfl/husarion_rusak/src/install/husarion_ugv_msgs/include/husarion_ugv_msgs/husarion_ugv_msgs/msg/detail/driver_state_named__functions.h
[0.393s] -- Up-to-date symlink: /home/nfl/husarion_rusak/src/install/husarion_ugv_msgs/include/husarion_ugv_msgs/husarion_ugv_msgs/msg/detail/driver_state_named__struct.h
[0.393s] -- Up-to-date symlink: /home/nfl/husarion_rusak/src/install/husarion_ugv_msgs/include/husarion_ugv_msgs/husarion_ugv_msgs/msg/detail/driver_state_named__type_support.h
[0.393s] -- Up-to-date symlink: /home/nfl/husarion_rusak/src/install/husarion_ugv_msgs/include/husarion_ugv_msgs/husarion_ugv_msgs/msg/detail/fault_flag__functions.h
[0.393s] -- Up-to-date symlink: /home/nfl/husarion_rusak/src/install/husarion_ugv_msgs/include/husarion_ugv_msgs/husarion_ugv_msgs/msg/detail/fault_flag__struct.h
[0.393s] -- Up-to-date symlink: /home/nfl/husarion_rusak/src/install/husarion_ugv_msgs/include/husarion_ugv_msgs/husarion_ugv_msgs/msg/detail/fault_flag__type_support.h
[0.394s] -- Up-to-date symlink: /home/nfl/husarion_rusak/src/install/husarion_ugv_msgs/include/husarion_ugv_msgs/husarion_ugv_msgs/msg/detail/io_state__functions.h
[0.394s] -- Up-to-date symlink: /home/nfl/husarion_rusak/src/install/husarion_ugv_msgs/include/husarion_ugv_msgs/husarion_ugv_msgs/msg/detail/io_state__struct.h
[0.394s] -- Up-to-date symlink: /home/nfl/husarion_rusak/src/install/husarion_ugv_msgs/include/husarion_ugv_msgs/husarion_ugv_msgs/msg/detail/io_state__type_support.h
[0.394s] -- Up-to-date symlink: /home/nfl/husarion_rusak/src/install/husarion_ugv_msgs/include/husarion_ugv_msgs/husarion_ugv_msgs/msg/detail/led_animation__functions.h
[0.394s] -- Up-to-date symlink: /home/nfl/husarion_rusak/src/install/husarion_ugv_msgs/include/husarion_ugv_msgs/husarion_ugv_msgs/msg/detail/led_animation__struct.h
[0.394s] -- Up-to-date symlink: /home/nfl/husarion_rusak/src/install/husarion_ugv_msgs/include/husarion_ugv_msgs/husarion_ugv_msgs/msg/detail/led_animation__type_support.h
[0.394s] -- Up-to-date symlink: /home/nfl/husarion_rusak/src/install/husarion_ugv_msgs/include/husarion_ugv_msgs/husarion_ugv_msgs/msg/detail/led_animation_queue__functions.h
[0.394s] -- Up-to-date symlink: /home/nfl/husarion_rusak/src/install/husarion_ugv_msgs/include/husarion_ugv_msgs/husarion_ugv_msgs/msg/detail/led_animation_queue__struct.h
[0.394s] -- Up-to-date symlink: /home/nfl/husarion_rusak/src/install/husarion_ugv_msgs/include/husarion_ugv_msgs/husarion_ugv_msgs/msg/detail/led_animation_queue__type_support.h
[0.394s] -- Up-to-date symlink: /home/nfl/husarion_rusak/src/install/husarion_ugv_msgs/include/husarion_ugv_msgs/husarion_ugv_msgs/msg/detail/led_image_animation__functions.h
[0.394s] -- Up-to-date symlink: /home/nfl/husarion_rusak/src/install/husarion_ugv_msgs/include/husarion_ugv_msgs/husarion_ugv_msgs/msg/detail/led_image_animation__struct.h
[0.394s] -- Up-to-date symlink: /home/nfl/husarion_rusak/src/install/husarion_ugv_msgs/include/husarion_ugv_msgs/husarion_ugv_msgs/msg/detail/led_image_animation__type_support.h
[0.394s] -- Up-to-date symlink: /home/nfl/husarion_rusak/src/install/husarion_ugv_msgs/include/husarion_ugv_msgs/husarion_ugv_msgs/msg/detail/robot_driver_state__functions.h
[0.394s] -- Up-to-date symlink: /home/nfl/husarion_rusak/src/install/husarion_ugv_msgs/include/husarion_ugv_msgs/husarion_ugv_msgs/msg/detail/robot_driver_state__struct.h
[0.395s] -- Up-to-date symlink: /home/nfl/husarion_rusak/src/install/husarion_ugv_msgs/include/husarion_ugv_msgs/husarion_ugv_msgs/msg/detail/robot_driver_state__type_support.h
[0.395s] -- Up-to-date symlink: /home/nfl/husarion_rusak/src/install/husarion_ugv_msgs/include/husarion_ugv_msgs/husarion_ugv_msgs/msg/detail/runtime_error__functions.h
[0.395s] -- Up-to-date symlink: /home/nfl/husarion_rusak/src/install/husarion_ugv_msgs/include/husarion_ugv_msgs/husarion_ugv_msgs/msg/detail/runtime_error__struct.h
[0.395s] -- Up-to-date symlink: /home/nfl/husarion_rusak/src/install/husarion_ugv_msgs/include/husarion_ugv_msgs/husarion_ugv_msgs/msg/detail/runtime_error__type_support.h
[0.395s] -- Up-to-date symlink: /home/nfl/husarion_rusak/src/install/husarion_ugv_msgs/include/husarion_ugv_msgs/husarion_ugv_msgs/msg/detail/script_flag__functions.h
[0.395s] -- Up-to-date symlink: /home/nfl/husarion_rusak/src/install/husarion_ugv_msgs/include/husarion_ugv_msgs/husarion_ugv_msgs/msg/detail/script_flag__struct.h
[0.395s] -- Up-to-date symlink: /home/nfl/husarion_rusak/src/install/husarion_ugv_msgs/include/husarion_ugv_msgs/husarion_ugv_msgs/msg/detail/script_flag__type_support.h
[0.395s] -- Up-to-date symlink: /home/nfl/husarion_rusak/src/install/husarion_ugv_msgs/include/husarion_ugv_msgs/husarion_ugv_msgs/msg/detail/system_status__functions.h
[0.395s] -- Up-to-date symlink: /home/nfl/husarion_rusak/src/install/husarion_ugv_msgs/include/husarion_ugv_msgs/husarion_ugv_msgs/msg/detail/system_status__struct.h
[0.395s] -- Up-to-date symlink: /home/nfl/husarion_rusak/src/install/husarion_ugv_msgs/include/husarion_ugv_msgs/husarion_ugv_msgs/msg/detail/system_status__type_support.h
[0.395s] -- Up-to-date symlink: /home/nfl/husarion_rusak/src/install/husarion_ugv_msgs/include/husarion_ugv_msgs/husarion_ugv_msgs/msg/driver_state.h
[0.395s] -- Up-to-date symlink: /home/nfl/husarion_rusak/src/install/husarion_ugv_msgs/include/husarion_ugv_msgs/husarion_ugv_msgs/msg/driver_state_named.h
[0.395s] -- Up-to-date symlink: /home/nfl/husarion_rusak/src/install/husarion_ugv_msgs/include/husarion_ugv_msgs/husarion_ugv_msgs/msg/fault_flag.h
[0.395s] -- Up-to-date symlink: /home/nfl/husarion_rusak/src/install/husarion_ugv_msgs/include/husarion_ugv_msgs/husarion_ugv_msgs/msg/io_state.h
[0.395s] -- Up-to-date symlink: /home/nfl/husarion_rusak/src/install/husarion_ugv_msgs/include/husarion_ugv_msgs/husarion_ugv_msgs/msg/led_animation.h
[0.395s] -- Up-to-date symlink: /home/nfl/husarion_rusak/src/install/husarion_ugv_msgs/include/husarion_ugv_msgs/husarion_ugv_msgs/msg/led_animation_queue.h
[0.395s] -- Up-to-date symlink: /home/nfl/husarion_rusak/src/install/husarion_ugv_msgs/include/husarion_ugv_msgs/husarion_ugv_msgs/msg/led_image_animation.h
[0.395s] -- Up-to-date symlink: /home/nfl/husarion_rusak/src/install/husarion_ugv_msgs/include/husarion_ugv_msgs/husarion_ugv_msgs/msg/robot_driver_state.h
[0.395s] -- Up-to-date symlink: /home/nfl/husarion_rusak/src/install/husarion_ugv_msgs/include/husarion_ugv_msgs/husarion_ugv_msgs/msg/rosidl_generator_c__visibility_control.h
[0.395s] -- Up-to-date symlink: /home/nfl/husarion_rusak/src/install/husarion_ugv_msgs/include/husarion_ugv_msgs/husarion_ugv_msgs/msg/runtime_error.h
[0.395s] -- Up-to-date symlink: /home/nfl/husarion_rusak/src/install/husarion_ugv_msgs/include/husarion_ugv_msgs/husarion_ugv_msgs/msg/script_flag.h
[0.396s] -- Up-to-date symlink: /home/nfl/husarion_rusak/src/install/husarion_ugv_msgs/include/husarion_ugv_msgs/husarion_ugv_msgs/msg/system_status.h
[0.396s] -- Up-to-date symlink: /home/nfl/husarion_rusak/src/install/husarion_ugv_msgs/include/husarion_ugv_msgs/husarion_ugv_msgs/srv/add_zone.h
[0.396s] -- Up-to-date symlink: /home/nfl/husarion_rusak/src/install/husarion_ugv_msgs/include/husarion_ugv_msgs/husarion_ugv_msgs/srv/detail/add_zone__functions.h
[0.396s] -- Up-to-date symlink: /home/nfl/husarion_rusak/src/install/husarion_ugv_msgs/include/husarion_ugv_msgs/husarion_ugv_msgs/srv/detail/add_zone__struct.h
[0.396s] -- Up-to-date symlink: /home/nfl/husarion_rusak/src/install/husarion_ugv_msgs/include/husarion_ugv_msgs/husarion_ugv_msgs/srv/detail/add_zone__type_support.h
[0.396s] -- Up-to-date symlink: /home/nfl/husarion_rusak/src/install/husarion_ugv_msgs/include/husarion_ugv_msgs/husarion_ugv_msgs/srv/detail/set_led_animation__functions.h
[0.396s] -- Up-to-date symlink: /home/nfl/husarion_rusak/src/install/husarion_ugv_msgs/include/husarion_ugv_msgs/husarion_ugv_msgs/srv/detail/set_led_animation__struct.h
[0.396s] -- Up-to-date symlink: /home/nfl/husarion_rusak/src/install/husarion_ugv_msgs/include/husarion_ugv_msgs/husarion_ugv_msgs/srv/detail/set_led_animation__type_support.h
[0.396s] -- Up-to-date symlink: /home/nfl/husarion_rusak/src/install/husarion_ugv_msgs/include/husarion_ugv_msgs/husarion_ugv_msgs/srv/detail/set_led_brightness__functions.h
[0.396s] -- Up-to-date symlink: /home/nfl/husarion_rusak/src/install/husarion_ugv_msgs/include/husarion_ugv_msgs/husarion_ugv_msgs/srv/detail/set_led_brightness__struct.h
[0.396s] -- Up-to-date symlink: /home/nfl/husarion_rusak/src/install/husarion_ugv_msgs/include/husarion_ugv_msgs/husarion_ugv_msgs/srv/detail/set_led_brightness__type_support.h
[0.396s] -- Up-to-date symlink: /home/nfl/husarion_rusak/src/install/husarion_ugv_msgs/include/husarion_ugv_msgs/husarion_ugv_msgs/srv/detail/set_led_image_animation__functions.h
[0.396s] -- Up-to-date symlink: /home/nfl/husarion_rusak/src/install/husarion_ugv_msgs/include/husarion_ugv_msgs/husarion_ugv_msgs/srv/detail/set_led_image_animation__struct.h
[0.396s] -- Up-to-date symlink: /home/nfl/husarion_rusak/src/install/husarion_ugv_msgs/include/husarion_ugv_msgs/husarion_ugv_msgs/srv/detail/set_led_image_animation__type_support.h
[0.396s] -- Up-to-date symlink: /home/nfl/husarion_rusak/src/install/husarion_ugv_msgs/include/husarion_ugv_msgs/husarion_ugv_msgs/srv/set_led_animation.h
[0.396s] -- Up-to-date symlink: /home/nfl/husarion_rusak/src/install/husarion_ugv_msgs/include/husarion_ugv_msgs/husarion_ugv_msgs/srv/set_led_brightness.h
[0.397s] -- Up-to-date symlink: /home/nfl/husarion_rusak/src/install/husarion_ugv_msgs/include/husarion_ugv_msgs/husarion_ugv_msgs/srv/set_led_image_animation.h
[0.397s] -- Up-to-date symlink: /home/nfl/husarion_rusak/src/install/husarion_ugv_msgs/share/husarion_ugv_msgs/environment/library_path.sh
[0.397s] -- Up-to-date symlink: /home/nfl/husarion_rusak/src/install/husarion_ugv_msgs/share/husarion_ugv_msgs/environment/library_path.dsv
[0.397s] -- Up-to-date symlink: /home/nfl/husarion_rusak/src/install/husarion_ugv_msgs/include/husarion_ugv_msgs/husarion_ugv_msgs/msg/detail/charging_status__rosidl_typesupport_fastrtps_c.h
[0.397s] -- Up-to-date symlink: /home/nfl/husarion_rusak/src/install/husarion_ugv_msgs/include/husarion_ugv_msgs/husarion_ugv_msgs/msg/detail/driver_state__rosidl_typesupport_fastrtps_c.h
[0.398s] -- Up-to-date symlink: /home/nfl/husarion_rusak/src/install/husarion_ugv_msgs/include/husarion_ugv_msgs/husarion_ugv_msgs/msg/detail/driver_state_named__rosidl_typesupport_fastrtps_c.h
[0.398s] -- Up-to-date symlink: /home/nfl/husarion_rusak/src/install/husarion_ugv_msgs/include/husarion_ugv_msgs/husarion_ugv_msgs/msg/detail/fault_flag__rosidl_typesupport_fastrtps_c.h
[0.398s] -- Up-to-date symlink: /home/nfl/husarion_rusak/src/install/husarion_ugv_msgs/include/husarion_ugv_msgs/husarion_ugv_msgs/msg/detail/io_state__rosidl_typesupport_fastrtps_c.h
[0.398s] -- Up-to-date symlink: /home/nfl/husarion_rusak/src/install/husarion_ugv_msgs/include/husarion_ugv_msgs/husarion_ugv_msgs/msg/detail/led_animation__rosidl_typesupport_fastrtps_c.h
[0.398s] -- Up-to-date symlink: /home/nfl/husarion_rusak/src/install/husarion_ugv_msgs/include/husarion_ugv_msgs/husarion_ugv_msgs/msg/detail/led_animation_queue__rosidl_typesupport_fastrtps_c.h
[0.398s] -- Up-to-date symlink: /home/nfl/husarion_rusak/src/install/husarion_ugv_msgs/include/husarion_ugv_msgs/husarion_ugv_msgs/msg/detail/led_image_animation__rosidl_typesupport_fastrtps_c.h
[0.398s] -- Up-to-date symlink: /home/nfl/husarion_rusak/src/install/husarion_ugv_msgs/include/husarion_ugv_msgs/husarion_ugv_msgs/msg/detail/robot_driver_state__rosidl_typesupport_fastrtps_c.h
[0.398s] -- Up-to-date symlink: /home/nfl/husarion_rusak/src/install/husarion_ugv_msgs/include/husarion_ugv_msgs/husarion_ugv_msgs/msg/detail/runtime_error__rosidl_typesupport_fastrtps_c.h
[0.398s] -- Up-to-date symlink: /home/nfl/husarion_rusak/src/install/husarion_ugv_msgs/include/husarion_ugv_msgs/husarion_ugv_msgs/msg/detail/script_flag__rosidl_typesupport_fastrtps_c.h
[0.398s] -- Up-to-date symlink: /home/nfl/husarion_rusak/src/install/husarion_ugv_msgs/include/husarion_ugv_msgs/husarion_ugv_msgs/msg/detail/system_status__rosidl_typesupport_fastrtps_c.h
[0.398s] -- Up-to-date symlink: /home/nfl/husarion_rusak/src/install/husarion_ugv_msgs/include/husarion_ugv_msgs/husarion_ugv_msgs/msg/rosidl_typesupport_fastrtps_c__visibility_control.h
[0.398s] -- Up-to-date symlink: /home/nfl/husarion_rusak/src/install/husarion_ugv_msgs/include/husarion_ugv_msgs/husarion_ugv_msgs/srv/detail/add_zone__rosidl_typesupport_fastrtps_c.h
[0.398s] -- Up-to-date symlink: /home/nfl/husarion_rusak/src/install/husarion_ugv_msgs/include/husarion_ugv_msgs/husarion_ugv_msgs/srv/detail/set_led_animation__rosidl_typesupport_fastrtps_c.h
[0.398s] -- Up-to-date symlink: /home/nfl/husarion_rusak/src/install/husarion_ugv_msgs/include/husarion_ugv_msgs/husarion_ugv_msgs/srv/detail/set_led_brightness__rosidl_typesupport_fastrtps_c.h
[0.398s] -- Up-to-date symlink: /home/nfl/husarion_rusak/src/install/husarion_ugv_msgs/include/husarion_ugv_msgs/husarion_ugv_msgs/srv/detail/set_led_image_animation__rosidl_typesupport_fastrtps_c.h
[0.399s] -- Up-to-date symlink: /home/nfl/husarion_rusak/src/install/husarion_ugv_msgs/include/husarion_ugv_msgs/husarion_ugv_msgs/msg/charging_status.hpp
[0.399s] -- Up-to-date symlink: /home/nfl/husarion_rusak/src/install/husarion_ugv_msgs/include/husarion_ugv_msgs/husarion_ugv_msgs/msg/detail/charging_status__builder.hpp
[0.399s] -- Up-to-date symlink: /home/nfl/husarion_rusak/src/install/husarion_ugv_msgs/include/husarion_ugv_msgs/husarion_ugv_msgs/msg/detail/charging_status__struct.hpp
[0.399s] -- Up-to-date symlink: /home/nfl/husarion_rusak/src/install/husarion_ugv_msgs/include/husarion_ugv_msgs/husarion_ugv_msgs/msg/detail/charging_status__traits.hpp
[0.400s] -- Up-to-date symlink: /home/nfl/husarion_rusak/src/install/husarion_ugv_msgs/include/husarion_ugv_msgs/husarion_ugv_msgs/msg/detail/charging_status__type_support.hpp
[0.400s] -- Up-to-date symlink: /home/nfl/husarion_rusak/src/install/husarion_ugv_msgs/include/husarion_ugv_msgs/husarion_ugv_msgs/msg/detail/driver_state__builder.hpp
[0.400s] -- Up-to-date symlink: /home/nfl/husarion_rusak/src/install/husarion_ugv_msgs/include/husarion_ugv_msgs/husarion_ugv_msgs/msg/detail/driver_state__struct.hpp
[0.400s] -- Up-to-date symlink: /home/nfl/husarion_rusak/src/install/husarion_ugv_msgs/include/husarion_ugv_msgs/husarion_ugv_msgs/msg/detail/driver_state__traits.hpp
[0.400s] -- Up-to-date symlink: /home/nfl/husarion_rusak/src/install/husarion_ugv_msgs/include/husarion_ugv_msgs/husarion_ugv_msgs/msg/detail/driver_state__type_support.hpp
[0.400s] -- Up-to-date symlink: /home/nfl/husarion_rusak/src/install/husarion_ugv_msgs/include/husarion_ugv_msgs/husarion_ugv_msgs/msg/detail/driver_state_named__builder.hpp
[0.400s] -- Up-to-date symlink: /home/nfl/husarion_rusak/src/install/husarion_ugv_msgs/include/husarion_ugv_msgs/husarion_ugv_msgs/msg/detail/driver_state_named__struct.hpp
[0.400s] -- Up-to-date symlink: /home/nfl/husarion_rusak/src/install/husarion_ugv_msgs/include/husarion_ugv_msgs/husarion_ugv_msgs/msg/detail/driver_state_named__traits.hpp
[0.400s] -- Up-to-date symlink: /home/nfl/husarion_rusak/src/install/husarion_ugv_msgs/include/husarion_ugv_msgs/husarion_ugv_msgs/msg/detail/driver_state_named__type_support.hpp
[0.400s] -- Up-to-date symlink: /home/nfl/husarion_rusak/src/install/husarion_ugv_msgs/include/husarion_ugv_msgs/husarion_ugv_msgs/msg/detail/fault_flag__builder.hpp
[0.400s] -- Up-to-date symlink: /home/nfl/husarion_rusak/src/install/husarion_ugv_msgs/include/husarion_ugv_msgs/husarion_ugv_msgs/msg/detail/fault_flag__struct.hpp
[0.400s] -- Up-to-date symlink: /home/nfl/husarion_rusak/src/install/husarion_ugv_msgs/include/husarion_ugv_msgs/husarion_ugv_msgs/msg/detail/fault_flag__traits.hpp
[0.400s] -- Up-to-date symlink: /home/nfl/husarion_rusak/src/install/husarion_ugv_msgs/include/husarion_ugv_msgs/husarion_ugv_msgs/msg/detail/fault_flag__type_support.hpp
[0.400s] -- Up-to-date symlink: /home/nfl/husarion_rusak/src/install/husarion_ugv_msgs/include/husarion_ugv_msgs/husarion_ugv_msgs/msg/detail/io_state__builder.hpp
[0.401s] -- Up-to-date symlink: /home/nfl/husarion_rusak/src/install/husarion_ugv_msgs/include/husarion_ugv_msgs/husarion_ugv_msgs/msg/detail/io_state__struct.hpp
[0.401s] -- Up-to-date symlink: /home/nfl/husarion_rusak/src/install/husarion_ugv_msgs/include/husarion_ugv_msgs/husarion_ugv_msgs/msg/detail/io_state__traits.hpp
[0.401s] -- Up-to-date symlink: /home/nfl/husarion_rusak/src/install/husarion_ugv_msgs/include/husarion_ugv_msgs/husarion_ugv_msgs/msg/detail/io_state__type_support.hpp
[0.401s] -- Up-to-date symlink: /home/nfl/husarion_rusak/src/install/husarion_ugv_msgs/include/husarion_ugv_msgs/husarion_ugv_msgs/msg/detail/led_animation__builder.hpp
[0.401s] -- Up-to-date symlink: /home/nfl/husarion_rusak/src/install/husarion_ugv_msgs/include/husarion_ugv_msgs/husarion_ugv_msgs/msg/detail/led_animation__struct.hpp
[0.401s] -- Up-to-date symlink: /home/nfl/husarion_rusak/src/install/husarion_ugv_msgs/include/husarion_ugv_msgs/husarion_ugv_msgs/msg/detail/led_animation__traits.hpp
[0.401s] -- Up-to-date symlink: /home/nfl/husarion_rusak/src/install/husarion_ugv_msgs/include/husarion_ugv_msgs/husarion_ugv_msgs/msg/detail/led_animation__type_support.hpp
[0.401s] -- Up-to-date symlink: /home/nfl/husarion_rusak/src/install/husarion_ugv_msgs/include/husarion_ugv_msgs/husarion_ugv_msgs/msg/detail/led_animation_queue__builder.hpp
[0.401s] -- Up-to-date symlink: /home/nfl/husarion_rusak/src/install/husarion_ugv_msgs/include/husarion_ugv_msgs/husarion_ugv_msgs/msg/detail/led_animation_queue__struct.hpp
[0.401s] -- Up-to-date symlink: /home/nfl/husarion_rusak/src/install/husarion_ugv_msgs/include/husarion_ugv_msgs/husarion_ugv_msgs/msg/detail/led_animation_queue__traits.hpp
[0.401s] -- Up-to-date symlink: /home/nfl/husarion_rusak/src/install/husarion_ugv_msgs/include/husarion_ugv_msgs/husarion_ugv_msgs/msg/detail/led_animation_queue__type_support.hpp
[0.402s] -- Up-to-date symlink: /home/nfl/husarion_rusak/src/install/husarion_ugv_msgs/include/husarion_ugv_msgs/husarion_ugv_msgs/msg/detail/led_image_animation__builder.hpp
[0.402s] -- Up-to-date symlink: /home/nfl/husarion_rusak/src/install/husarion_ugv_msgs/include/husarion_ugv_msgs/husarion_ugv_msgs/msg/detail/led_image_animation__struct.hpp
[0.402s] -- Up-to-date symlink: /home/nfl/husarion_rusak/src/install/husarion_ugv_msgs/include/husarion_ugv_msgs/husarion_ugv_msgs/msg/detail/led_image_animation__traits.hpp
[0.402s] -- Up-to-date symlink: /home/nfl/husarion_rusak/src/install/husarion_ugv_msgs/include/husarion_ugv_msgs/husarion_ugv_msgs/msg/detail/led_image_animation__type_support.hpp
[0.402s] -- Up-to-date symlink: /home/nfl/husarion_rusak/src/install/husarion_ugv_msgs/include/husarion_ugv_msgs/husarion_ugv_msgs/msg/detail/robot_driver_state__builder.hpp
[0.402s] -- Up-to-date symlink: /home/nfl/husarion_rusak/src/install/husarion_ugv_msgs/include/husarion_ugv_msgs/husarion_ugv_msgs/msg/detail/robot_driver_state__struct.hpp
[0.403s] -- Up-to-date symlink: /home/nfl/husarion_rusak/src/install/husarion_ugv_msgs/include/husarion_ugv_msgs/husarion_ugv_msgs/msg/detail/robot_driver_state__traits.hpp
[0.403s] -- Up-to-date symlink: /home/nfl/husarion_rusak/src/install/husarion_ugv_msgs/include/husarion_ugv_msgs/husarion_ugv_msgs/msg/detail/robot_driver_state__type_support.hpp
[0.403s] -- Up-to-date symlink: /home/nfl/husarion_rusak/src/install/husarion_ugv_msgs/include/husarion_ugv_msgs/husarion_ugv_msgs/msg/detail/runtime_error__builder.hpp
[0.403s] -- Up-to-date symlink: /home/nfl/husarion_rusak/src/install/husarion_ugv_msgs/include/husarion_ugv_msgs/husarion_ugv_msgs/msg/detail/runtime_error__struct.hpp
[0.403s] -- Up-to-date symlink: /home/nfl/husarion_rusak/src/install/husarion_ugv_msgs/include/husarion_ugv_msgs/husarion_ugv_msgs/msg/detail/runtime_error__traits.hpp
[0.403s] -- Up-to-date symlink: /home/nfl/husarion_rusak/src/install/husarion_ugv_msgs/include/husarion_ugv_msgs/husarion_ugv_msgs/msg/detail/runtime_error__type_support.hpp
[0.403s] -- Up-to-date symlink: /home/nfl/husarion_rusak/src/install/husarion_ugv_msgs/include/husarion_ugv_msgs/husarion_ugv_msgs/msg/detail/script_flag__builder.hpp
[0.403s] -- Up-to-date symlink: /home/nfl/husarion_rusak/src/install/husarion_ugv_msgs/include/husarion_ugv_msgs/husarion_ugv_msgs/msg/detail/script_flag__struct.hpp
[0.403s] -- Up-to-date symlink: /home/nfl/husarion_rusak/src/install/husarion_ugv_msgs/include/husarion_ugv_msgs/husarion_ugv_msgs/msg/detail/script_flag__traits.hpp
[0.403s] -- Up-to-date symlink: /home/nfl/husarion_rusak/src/install/husarion_ugv_msgs/include/husarion_ugv_msgs/husarion_ugv_msgs/msg/detail/script_flag__type_support.hpp
[0.403s] -- Up-to-date symlink: /home/nfl/husarion_rusak/src/install/husarion_ugv_msgs/include/husarion_ugv_msgs/husarion_ugv_msgs/msg/detail/system_status__builder.hpp
[0.403s] -- Up-to-date symlink: /home/nfl/husarion_rusak/src/install/husarion_ugv_msgs/include/husarion_ugv_msgs/husarion_ugv_msgs/msg/detail/system_status__struct.hpp
[0.404s] -- Up-to-date symlink: /home/nfl/husarion_rusak/src/install/husarion_ugv_msgs/include/husarion_ugv_msgs/husarion_ugv_msgs/msg/detail/system_status__traits.hpp
[0.404s] -- Up-to-date symlink: /home/nfl/husarion_rusak/src/install/husarion_ugv_msgs/include/husarion_ugv_msgs/husarion_ugv_msgs/msg/detail/system_status__type_support.hpp
[0.404s] -- Up-to-date symlink: /home/nfl/husarion_rusak/src/install/husarion_ugv_msgs/include/husarion_ugv_msgs/husarion_ugv_msgs/msg/driver_state.hpp
[0.404s] -- Up-to-date symlink: /home/nfl/husarion_rusak/src/install/husarion_ugv_msgs/include/husarion_ugv_msgs/husarion_ugv_msgs/msg/driver_state_named.hpp
[0.404s] -- Up-to-date symlink: /home/nfl/husarion_rusak/src/install/husarion_ugv_msgs/include/husarion_ugv_msgs/husarion_ugv_msgs/msg/fault_flag.hpp
[0.404s] -- Up-to-date symlink: /home/nfl/husarion_rusak/src/install/husarion_ugv_msgs/include/husarion_ugv_msgs/husarion_ugv_msgs/msg/io_state.hpp
[0.404s] -- Up-to-date symlink: /home/nfl/husarion_rusak/src/install/husarion_ugv_msgs/include/husarion_ugv_msgs/husarion_ugv_msgs/msg/led_animation.hpp
[0.404s] -- Up-to-date symlink: /home/nfl/husarion_rusak/src/install/husarion_ugv_msgs/include/husarion_ugv_msgs/husarion_ugv_msgs/msg/led_animation_queue.hpp
[0.404s] -- Up-to-date symlink: /home/nfl/husarion_rusak/src/install/husarion_ugv_msgs/include/husarion_ugv_msgs/husarion_ugv_msgs/msg/led_image_animation.hpp
[0.404s] -- Up-to-date symlink: /home/nfl/husarion_rusak/src/install/husarion_ugv_msgs/include/husarion_ugv_msgs/husarion_ugv_msgs/msg/robot_driver_state.hpp
[0.404s] -- Up-to-date symlink: /home/nfl/husarion_rusak/src/install/husarion_ugv_msgs/include/husarion_ugv_msgs/husarion_ugv_msgs/msg/rosidl_generator_cpp__visibility_control.hpp
[0.404s] -- Up-to-date symlink: /home/nfl/husarion_rusak/src/install/husarion_ugv_msgs/include/husarion_ugv_msgs/husarion_ugv_msgs/msg/runtime_error.hpp
[0.404s] -- Up-to-date symlink: /home/nfl/husarion_rusak/src/install/husarion_ugv_msgs/include/husarion_ugv_msgs/husarion_ugv_msgs/msg/script_flag.hpp
[0.404s] -- Up-to-date symlink: /home/nfl/husarion_rusak/src/install/husarion_ugv_msgs/include/husarion_ugv_msgs/husarion_ugv_msgs/msg/system_status.hpp
[0.404s] -- Up-to-date symlink: /home/nfl/husarion_rusak/src/install/husarion_ugv_msgs/include/husarion_ugv_msgs/husarion_ugv_msgs/srv/add_zone.hpp
[0.404s] -- Up-to-date symlink: /home/nfl/husarion_rusak/src/install/husarion_ugv_msgs/include/husarion_ugv_msgs/husarion_ugv_msgs/srv/detail/add_zone__builder.hpp
[0.404s] -- Up-to-date symlink: /home/nfl/husarion_rusak/src/install/husarion_ugv_msgs/include/husarion_ugv_msgs/husarion_ugv_msgs/srv/detail/add_zone__struct.hpp
[0.404s] -- Up-to-date symlink: /home/nfl/husarion_rusak/src/install/husarion_ugv_msgs/include/husarion_ugv_msgs/husarion_ugv_msgs/srv/detail/add_zone__traits.hpp
[0.404s] -- Up-to-date symlink: /home/nfl/husarion_rusak/src/install/husarion_ugv_msgs/include/husarion_ugv_msgs/husarion_ugv_msgs/srv/detail/add_zone__type_support.hpp
[0.404s] -- Up-to-date symlink: /home/nfl/husarion_rusak/src/install/husarion_ugv_msgs/include/husarion_ugv_msgs/husarion_ugv_msgs/srv/detail/set_led_animation__builder.hpp
[0.404s] -- Up-to-date symlink: /home/nfl/husarion_rusak/src/install/husarion_ugv_msgs/include/husarion_ugv_msgs/husarion_ugv_msgs/srv/detail/set_led_animation__struct.hpp
[0.404s] -- Up-to-date symlink: /home/nfl/husarion_rusak/src/install/husarion_ugv_msgs/include/husarion_ugv_msgs/husarion_ugv_msgs/srv/detail/set_led_animation__traits.hpp
[0.405s] -- Up-to-date symlink: /home/nfl/husarion_rusak/src/install/husarion_ugv_msgs/include/husarion_ugv_msgs/husarion_ugv_msgs/srv/detail/set_led_animation__type_support.hpp
[0.405s] -- Up-to-date symlink: /home/nfl/husarion_rusak/src/install/husarion_ugv_msgs/include/husarion_ugv_msgs/husarion_ugv_msgs/srv/detail/set_led_brightness__builder.hpp
[0.405s] -- Up-to-date symlink: /home/nfl/husarion_rusak/src/install/husarion_ugv_msgs/include/husarion_ugv_msgs/husarion_ugv_msgs/srv/detail/set_led_brightness__struct.hpp
[0.405s] -- Up-to-date symlink: /home/nfl/husarion_rusak/src/install/husarion_ugv_msgs/include/husarion_ugv_msgs/husarion_ugv_msgs/srv/detail/set_led_brightness__traits.hpp
[0.405s] -- Up-to-date symlink: /home/nfl/husarion_rusak/src/install/husarion_ugv_msgs/include/husarion_ugv_msgs/husarion_ugv_msgs/srv/detail/set_led_brightness__type_support.hpp
[0.405s] -- Up-to-date symlink: /home/nfl/husarion_rusak/src/install/husarion_ugv_msgs/include/husarion_ugv_msgs/husarion_ugv_msgs/srv/detail/set_led_image_animation__builder.hpp
[0.405s] -- Up-to-date symlink: /home/nfl/husarion_rusak/src/install/husarion_ugv_msgs/include/husarion_ugv_msgs/husarion_ugv_msgs/srv/detail/set_led_image_animation__struct.hpp
[0.405s] -- Up-to-date symlink: /home/nfl/husarion_rusak/src/install/husarion_ugv_msgs/include/husarion_ugv_msgs/husarion_ugv_msgs/srv/detail/set_led_image_animation__traits.hpp
[0.405s] -- Up-to-date symlink: /home/nfl/husarion_rusak/src/install/husarion_ugv_msgs/include/husarion_ugv_msgs/husarion_ugv_msgs/srv/detail/set_led_image_animation__type_support.hpp
[0.405s] -- Up-to-date symlink: /home/nfl/husarion_rusak/src/install/husarion_ugv_msgs/include/husarion_ugv_msgs/husarion_ugv_msgs/srv/set_led_animation.hpp
[0.405s] -- Up-to-date symlink: /home/nfl/husarion_rusak/src/install/husarion_ugv_msgs/include/husarion_ugv_msgs/husarion_ugv_msgs/srv/set_led_brightness.hpp
[0.405s] -- Up-to-date symlink: /home/nfl/husarion_rusak/src/install/husarion_ugv_msgs/include/husarion_ugv_msgs/husarion_ugv_msgs/srv/set_led_image_animation.hpp
[0.405s] -- Up-to-date symlink: /home/nfl/husarion_rusak/src/install/husarion_ugv_msgs/include/husarion_ugv_msgs/husarion_ugv_msgs/msg/detail/charging_status__rosidl_typesupport_fastrtps_cpp.hpp
[0.405s] -- Up-to-date symlink: /home/nfl/husarion_rusak/src/install/husarion_ugv_msgs/include/husarion_ugv_msgs/husarion_ugv_msgs/msg/detail/driver_state__rosidl_typesupport_fastrtps_cpp.hpp
[0.405s] -- Up-to-date symlink: /home/nfl/husarion_rusak/src/install/husarion_ugv_msgs/include/husarion_ugv_msgs/husarion_ugv_msgs/msg/detail/driver_state_named__rosidl_typesupport_fastrtps_cpp.hpp
[0.405s] -- Up-to-date symlink: /home/nfl/husarion_rusak/src/install/husarion_ugv_msgs/include/husarion_ugv_msgs/husarion_ugv_msgs/msg/detail/fault_flag__rosidl_typesupport_fastrtps_cpp.hpp
[0.405s] -- Up-to-date symlink: /home/nfl/husarion_rusak/src/install/husarion_ugv_msgs/include/husarion_ugv_msgs/husarion_ugv_msgs/msg/detail/io_state__rosidl_typesupport_fastrtps_cpp.hpp
[0.405s] -- Up-to-date symlink: /home/nfl/husarion_rusak/src/install/husarion_ugv_msgs/include/husarion_ugv_msgs/husarion_ugv_msgs/msg/detail/led_animation__rosidl_typesupport_fastrtps_cpp.hpp
[0.405s] -- Up-to-date symlink: /home/nfl/husarion_rusak/src/install/husarion_ugv_msgs/include/husarion_ugv_msgs/husarion_ugv_msgs/msg/detail/led_animation_queue__rosidl_typesupport_fastrtps_cpp.hpp
[0.406s] -- Up-to-date symlink: /home/nfl/husarion_rusak/src/install/husarion_ugv_msgs/include/husarion_ugv_msgs/husarion_ugv_msgs/msg/detail/led_image_animation__rosidl_typesupport_fastrtps_cpp.hpp
[0.406s] -- Up-to-date symlink: /home/nfl/husarion_rusak/src/install/husarion_ugv_msgs/include/husarion_ugv_msgs/husarion_ugv_msgs/msg/detail/robot_driver_state__rosidl_typesupport_fastrtps_cpp.hpp
[0.406s] -- Up-to-date symlink: /home/nfl/husarion_rusak/src/install/husarion_ugv_msgs/include/husarion_ugv_msgs/husarion_ugv_msgs/msg/detail/runtime_error__rosidl_typesupport_fastrtps_cpp.hpp
[0.406s] -- Up-to-date symlink: /home/nfl/husarion_rusak/src/install/husarion_ugv_msgs/include/husarion_ugv_msgs/husarion_ugv_msgs/msg/detail/script_flag__rosidl_typesupport_fastrtps_cpp.hpp
[0.406s] -- Up-to-date symlink: /home/nfl/husarion_rusak/src/install/husarion_ugv_msgs/include/husarion_ugv_msgs/husarion_ugv_msgs/msg/detail/system_status__rosidl_typesupport_fastrtps_cpp.hpp
[0.406s] -- Up-to-date symlink: /home/nfl/husarion_rusak/src/install/husarion_ugv_msgs/include/husarion_ugv_msgs/husarion_ugv_msgs/msg/rosidl_typesupport_fastrtps_cpp__visibility_control.h
[0.406s] -- Up-to-date symlink: /home/nfl/husarion_rusak/src/install/husarion_ugv_msgs/include/husarion_ugv_msgs/husarion_ugv_msgs/srv/detail/add_zone__rosidl_typesupport_fastrtps_cpp.hpp
[0.406s] -- Up-to-date symlink: /home/nfl/husarion_rusak/src/install/husarion_ugv_msgs/include/husarion_ugv_msgs/husarion_ugv_msgs/srv/detail/set_led_animation__rosidl_typesupport_fastrtps_cpp.hpp
[0.406s] -- Up-to-date symlink: /home/nfl/husarion_rusak/src/install/husarion_ugv_msgs/include/husarion_ugv_msgs/husarion_ugv_msgs/srv/detail/set_led_brightness__rosidl_typesupport_fastrtps_cpp.hpp
[0.406s] -- Up-to-date symlink: /home/nfl/husarion_rusak/src/install/husarion_ugv_msgs/include/husarion_ugv_msgs/husarion_ugv_msgs/srv/detail/set_led_image_animation__rosidl_typesupport_fastrtps_cpp.hpp
[0.406s] -- Up-to-date symlink: /home/nfl/husarion_rusak/src/install/husarion_ugv_msgs/include/husarion_ugv_msgs/husarion_ugv_msgs/msg/detail/charging_status__rosidl_typesupport_introspection_c.h
[0.407s] -- Up-to-date symlink: /home/nfl/husarion_rusak/src/install/husarion_ugv_msgs/include/husarion_ugv_msgs/husarion_ugv_msgs/msg/detail/driver_state__rosidl_typesupport_introspection_c.h
[0.407s] -- Up-to-date symlink: /home/nfl/husarion_rusak/src/install/husarion_ugv_msgs/include/husarion_ugv_msgs/husarion_ugv_msgs/msg/detail/driver_state_named__rosidl_typesupport_introspection_c.h
[0.407s] -- Up-to-date symlink: /home/nfl/husarion_rusak/src/install/husarion_ugv_msgs/include/husarion_ugv_msgs/husarion_ugv_msgs/msg/detail/fault_flag__rosidl_typesupport_introspection_c.h
[0.407s] -- Up-to-date symlink: /home/nfl/husarion_rusak/src/install/husarion_ugv_msgs/include/husarion_ugv_msgs/husarion_ugv_msgs/msg/detail/io_state__rosidl_typesupport_introspection_c.h
[0.407s] -- Up-to-date symlink: /home/nfl/husarion_rusak/src/install/husarion_ugv_msgs/include/husarion_ugv_msgs/husarion_ugv_msgs/msg/detail/led_animation__rosidl_typesupport_introspection_c.h
[0.407s] -- Up-to-date symlink: /home/nfl/husarion_rusak/src/install/husarion_ugv_msgs/include/husarion_ugv_msgs/husarion_ugv_msgs/msg/detail/led_animation_queue__rosidl_typesupport_introspection_c.h
[0.407s] -- Up-to-date symlink: /home/nfl/husarion_rusak/src/install/husarion_ugv_msgs/include/husarion_ugv_msgs/husarion_ugv_msgs/msg/detail/led_image_animation__rosidl_typesupport_introspection_c.h
[0.407s] -- Up-to-date symlink: /home/nfl/husarion_rusak/src/install/husarion_ugv_msgs/include/husarion_ugv_msgs/husarion_ugv_msgs/msg/detail/robot_driver_state__rosidl_typesupport_introspection_c.h
[0.407s] -- Up-to-date symlink: /home/nfl/husarion_rusak/src/install/husarion_ugv_msgs/include/husarion_ugv_msgs/husarion_ugv_msgs/msg/detail/runtime_error__rosidl_typesupport_introspection_c.h
[0.407s] -- Up-to-date symlink: /home/nfl/husarion_rusak/src/install/husarion_ugv_msgs/include/husarion_ugv_msgs/husarion_ugv_msgs/msg/detail/script_flag__rosidl_typesupport_introspection_c.h
[0.407s] -- Up-to-date symlink: /home/nfl/husarion_rusak/src/install/husarion_ugv_msgs/include/husarion_ugv_msgs/husarion_ugv_msgs/msg/detail/system_status__rosidl_typesupport_introspection_c.h
[0.407s] -- Up-to-date symlink: /home/nfl/husarion_rusak/src/install/husarion_ugv_msgs/include/husarion_ugv_msgs/husarion_ugv_msgs/msg/rosidl_typesupport_introspection_c__visibility_control.h
[0.407s] -- Up-to-date symlink: /home/nfl/husarion_rusak/src/install/husarion_ugv_msgs/include/husarion_ugv_msgs/husarion_ugv_msgs/srv/detail/add_zone__rosidl_typesupport_introspection_c.h
[0.407s] -- Up-to-date symlink: /home/nfl/husarion_rusak/src/install/husarion_ugv_msgs/include/husarion_ugv_msgs/husarion_ugv_msgs/srv/detail/set_led_animation__rosidl_typesupport_introspection_c.h
[0.408s] -- Up-to-date symlink: /home/nfl/husarion_rusak/src/install/husarion_ugv_msgs/include/husarion_ugv_msgs/husarion_ugv_msgs/srv/detail/set_led_brightness__rosidl_typesupport_introspection_c.h
[0.408s] -- Up-to-date symlink: /home/nfl/husarion_rusak/src/install/husarion_ugv_msgs/include/husarion_ugv_msgs/husarion_ugv_msgs/srv/detail/set_led_image_animation__rosidl_typesupport_introspection_c.h
[0.409s] -- Up-to-date symlink: /home/nfl/husarion_rusak/src/install/husarion_ugv_msgs/include/husarion_ugv_msgs/husarion_ugv_msgs/msg/detail/charging_status__rosidl_typesupport_introspection_cpp.hpp
[0.409s] -- Up-to-date symlink: /home/nfl/husarion_rusak/src/install/husarion_ugv_msgs/include/husarion_ugv_msgs/husarion_ugv_msgs/msg/detail/driver_state__rosidl_typesupport_introspection_cpp.hpp
[0.409s] -- Up-to-date symlink: /home/nfl/husarion_rusak/src/install/husarion_ugv_msgs/include/husarion_ugv_msgs/husarion_ugv_msgs/msg/detail/driver_state_named__rosidl_typesupport_introspection_cpp.hpp
[0.409s] -- Up-to-date symlink: /home/nfl/husarion_rusak/src/install/husarion_ugv_msgs/include/husarion_ugv_msgs/husarion_ugv_msgs/msg/detail/fault_flag__rosidl_typesupport_introspection_cpp.hpp
[0.409s] -- Up-to-date symlink: /home/nfl/husarion_rusak/src/install/husarion_ugv_msgs/include/husarion_ugv_msgs/husarion_ugv_msgs/msg/detail/io_state__rosidl_typesupport_introspection_cpp.hpp
[0.409s] -- Up-to-date symlink: /home/nfl/husarion_rusak/src/install/husarion_ugv_msgs/include/husarion_ugv_msgs/husarion_ugv_msgs/msg/detail/led_animation__rosidl_typesupport_introspection_cpp.hpp
[0.409s] -- Up-to-date symlink: /home/nfl/husarion_rusak/src/install/husarion_ugv_msgs/include/husarion_ugv_msgs/husarion_ugv_msgs/msg/detail/led_animation_queue__rosidl_typesupport_introspection_cpp.hpp
[0.409s] -- Up-to-date symlink: /home/nfl/husarion_rusak/src/install/husarion_ugv_msgs/include/husarion_ugv_msgs/husarion_ugv_msgs/msg/detail/led_image_animation__rosidl_typesupport_introspection_cpp.hpp
[0.409s] -- Up-to-date symlink: /home/nfl/husarion_rusak/src/install/husarion_ugv_msgs/include/husarion_ugv_msgs/husarion_ugv_msgs/msg/detail/robot_driver_state__rosidl_typesupport_introspection_cpp.hpp
[0.409s] -- Up-to-date symlink: /home/nfl/husarion_rusak/src/install/husarion_ugv_msgs/include/husarion_ugv_msgs/husarion_ugv_msgs/msg/detail/runtime_error__rosidl_typesupport_introspection_cpp.hpp
[0.409s] -- Up-to-date symlink: /home/nfl/husarion_rusak/src/install/husarion_ugv_msgs/include/husarion_ugv_msgs/husarion_ugv_msgs/msg/detail/script_flag__rosidl_typesupport_introspection_cpp.hpp
[0.409s] -- Up-to-date symlink: /home/nfl/husarion_rusak/src/install/husarion_ugv_msgs/include/husarion_ugv_msgs/husarion_ugv_msgs/msg/detail/system_status__rosidl_typesupport_introspection_cpp.hpp
[0.409s] -- Up-to-date symlink: /home/nfl/husarion_rusak/src/install/husarion_ugv_msgs/include/husarion_ugv_msgs/husarion_ugv_msgs/srv/detail/add_zone__rosidl_typesupport_introspection_cpp.hpp
[0.409s] -- Up-to-date symlink: /home/nfl/husarion_rusak/src/install/husarion_ugv_msgs/include/husarion_ugv_msgs/husarion_ugv_msgs/srv/detail/set_led_animation__rosidl_typesupport_introspection_cpp.hpp
[0.409s] -- Up-to-date symlink: /home/nfl/husarion_rusak/src/install/husarion_ugv_msgs/include/husarion_ugv_msgs/husarion_ugv_msgs/srv/detail/set_led_brightness__rosidl_typesupport_introspection_cpp.hpp
[0.409s] -- Up-to-date symlink: /home/nfl/husarion_rusak/src/install/husarion_ugv_msgs/include/husarion_ugv_msgs/husarion_ugv_msgs/srv/detail/set_led_image_animation__rosidl_typesupport_introspection_cpp.hpp
[0.409s] -- Up-to-date symlink: /home/nfl/husarion_rusak/src/install/husarion_ugv_msgs/share/husarion_ugv_msgs/environment/pythonpath.sh
[0.410s] -- Up-to-date symlink: /home/nfl/husarion_rusak/src/install/husarion_ugv_msgs/share/husarion_ugv_msgs/environment/pythonpath.dsv
[0.410s] -- Up-to-date symlink: /home/nfl/husarion_rusak/src/install/husarion_ugv_msgs/lib/python3.12/site-packages/husarion_ugv_msgs-2.3.0-py3.12.egg-info/PKG-INFO
[0.410s] -- Up-to-date symlink: /home/nfl/husarion_rusak/src/install/husarion_ugv_msgs/lib/python3.12/site-packages/husarion_ugv_msgs-2.3.0-py3.12.egg-info/SOURCES.txt
[0.410s] -- Up-to-date symlink: /home/nfl/husarion_rusak/src/install/husarion_ugv_msgs/lib/python3.12/site-packages/husarion_ugv_msgs-2.3.0-py3.12.egg-info/dependency_links.txt
[0.410s] -- Up-to-date symlink: /home/nfl/husarion_rusak/src/install/husarion_ugv_msgs/lib/python3.12/site-packages/husarion_ugv_msgs-2.3.0-py3.12.egg-info/top_level.txt
[0.410s] -- Up-to-date symlink: /home/nfl/husarion_rusak/src/install/husarion_ugv_msgs/lib/python3.12/site-packages/husarion_ugv_msgs/__init__.py
[0.410s] -- Up-to-date symlink: /home/nfl/husarion_rusak/src/install/husarion_ugv_msgs/lib/python3.12/site-packages/husarion_ugv_msgs/_husarion_ugv_msgs_s.ep.rosidl_typesupport_c.c
[0.411s] -- Up-to-date symlink: /home/nfl/husarion_rusak/src/install/husarion_ugv_msgs/lib/python3.12/site-packages/husarion_ugv_msgs/_husarion_ugv_msgs_s.ep.rosidl_typesupport_fastrtps_c.c
[0.411s] -- Up-to-date symlink: /home/nfl/husarion_rusak/src/install/husarion_ugv_msgs/lib/python3.12/site-packages/husarion_ugv_msgs/_husarion_ugv_msgs_s.ep.rosidl_typesupport_introspection_c.c
[0.411s] -- Up-to-date symlink: /home/nfl/husarion_rusak/src/install/husarion_ugv_msgs/lib/python3.12/site-packages/husarion_ugv_msgs/husarion_ugv_msgs_s__rosidl_typesupport_c.so
[0.411s] -- Up-to-date symlink: /home/nfl/husarion_rusak/src/install/husarion_ugv_msgs/lib/python3.12/site-packages/husarion_ugv_msgs/husarion_ugv_msgs_s__rosidl_typesupport_fastrtps_c.so
[0.411s] -- Up-to-date symlink: /home/nfl/husarion_rusak/src/install/husarion_ugv_msgs/lib/python3.12/site-packages/husarion_ugv_msgs/husarion_ugv_msgs_s__rosidl_typesupport_introspection_c.so
[0.411s] -- Up-to-date symlink: /home/nfl/husarion_rusak/src/install/husarion_ugv_msgs/lib/python3.12/site-packages/husarion_ugv_msgs/msg/__init__.py
[0.411s] -- Up-to-date symlink: /home/nfl/husarion_rusak/src/install/husarion_ugv_msgs/lib/python3.12/site-packages/husarion_ugv_msgs/msg/_charging_status.py
[0.411s] -- Up-to-date symlink: /home/nfl/husarion_rusak/src/install/husarion_ugv_msgs/lib/python3.12/site-packages/husarion_ugv_msgs/msg/_charging_status_s.c
[0.412s] -- Up-to-date symlink: /home/nfl/husarion_rusak/src/install/husarion_ugv_msgs/lib/python3.12/site-packages/husarion_ugv_msgs/msg/_driver_state.py
[0.412s] -- Up-to-date symlink: /home/nfl/husarion_rusak/src/install/husarion_ugv_msgs/lib/python3.12/site-packages/husarion_ugv_msgs/msg/_driver_state_named.py
[0.412s] -- Up-to-date symlink: /home/nfl/husarion_rusak/src/install/husarion_ugv_msgs/lib/python3.12/site-packages/husarion_ugv_msgs/msg/_driver_state_named_s.c
[0.412s] -- Up-to-date symlink: /home/nfl/husarion_rusak/src/install/husarion_ugv_msgs/lib/python3.12/site-packages/husarion_ugv_msgs/msg/_driver_state_s.c
[0.412s] -- Up-to-date symlink: /home/nfl/husarion_rusak/src/install/husarion_ugv_msgs/lib/python3.12/site-packages/husarion_ugv_msgs/msg/_fault_flag.py
[0.412s] -- Up-to-date symlink: /home/nfl/husarion_rusak/src/install/husarion_ugv_msgs/lib/python3.12/site-packages/husarion_ugv_msgs/msg/_fault_flag_s.c
[0.412s] -- Up-to-date symlink: /home/nfl/husarion_rusak/src/install/husarion_ugv_msgs/lib/python3.12/site-packages/husarion_ugv_msgs/msg/_io_state.py
[0.412s] -- Up-to-date symlink: /home/nfl/husarion_rusak/src/install/husarion_ugv_msgs/lib/python3.12/site-packages/husarion_ugv_msgs/msg/_io_state_s.c
[0.412s] -- Up-to-date symlink: /home/nfl/husarion_rusak/src/install/husarion_ugv_msgs/lib/python3.12/site-packages/husarion_ugv_msgs/msg/_led_animation.py
[0.412s] -- Up-to-date symlink: /home/nfl/husarion_rusak/src/install/husarion_ugv_msgs/lib/python3.12/site-packages/husarion_ugv_msgs/msg/_led_animation_queue.py
[0.412s] -- Up-to-date symlink: /home/nfl/husarion_rusak/src/install/husarion_ugv_msgs/lib/python3.12/site-packages/husarion_ugv_msgs/msg/_led_animation_queue_s.c
[0.412s] -- Up-to-date symlink: /home/nfl/husarion_rusak/src/install/husarion_ugv_msgs/lib/python3.12/site-packages/husarion_ugv_msgs/msg/_led_animation_s.c
[0.412s] -- Up-to-date symlink: /home/nfl/husarion_rusak/src/install/husarion_ugv_msgs/lib/python3.12/site-packages/husarion_ugv_msgs/msg/_led_image_animation.py
[0.412s] -- Up-to-date symlink: /home/nfl/husarion_rusak/src/install/husarion_ugv_msgs/lib/python3.12/site-packages/husarion_ugv_msgs/msg/_led_image_animation_s.c
[0.412s] -- Up-to-date symlink: /home/nfl/husarion_rusak/src/install/husarion_ugv_msgs/lib/python3.12/site-packages/husarion_ugv_msgs/msg/_robot_driver_state.py
[0.412s] -- Up-to-date symlink: /home/nfl/husarion_rusak/src/install/husarion_ugv_msgs/lib/python3.12/site-packages/husarion_ugv_msgs/msg/_robot_driver_state_s.c
[0.412s] -- Up-to-date symlink: /home/nfl/husarion_rusak/src/install/husarion_ugv_msgs/lib/python3.12/site-packages/husarion_ugv_msgs/msg/_runtime_error.py
[0.412s] -- Up-to-date symlink: /home/nfl/husarion_rusak/src/install/husarion_ugv_msgs/lib/python3.12/site-packages/husarion_ugv_msgs/msg/_runtime_error_s.c
[0.412s] -- Up-to-date symlink: /home/nfl/husarion_rusak/src/install/husarion_ugv_msgs/lib/python3.12/site-packages/husarion_ugv_msgs/msg/_script_flag.py
[0.412s] -- Up-to-date symlink: /home/nfl/husarion_rusak/src/install/husarion_ugv_msgs/lib/python3.12/site-packages/husarion_ugv_msgs/msg/_script_flag_s.c
[0.413s] -- Up-to-date symlink: /home/nfl/husarion_rusak/src/install/husarion_ugv_msgs/lib/python3.12/site-packages/husarion_ugv_msgs/msg/_system_status.py
[0.413s] -- Up-to-date symlink: /home/nfl/husarion_rusak/src/install/husarion_ugv_msgs/lib/python3.12/site-packages/husarion_ugv_msgs/msg/_system_status_s.c
[0.413s] -- Up-to-date symlink: /home/nfl/husarion_rusak/src/install/husarion_ugv_msgs/lib/python3.12/site-packages/husarion_ugv_msgs/srv/__init__.py
[0.413s] -- Up-to-date symlink: /home/nfl/husarion_rusak/src/install/husarion_ugv_msgs/lib/python3.12/site-packages/husarion_ugv_msgs/srv/_add_zone.py
[0.413s] -- Up-to-date symlink: /home/nfl/husarion_rusak/src/install/husarion_ugv_msgs/lib/python3.12/site-packages/husarion_ugv_msgs/srv/_add_zone_s.c
[0.413s] -- Up-to-date symlink: /home/nfl/husarion_rusak/src/install/husarion_ugv_msgs/lib/python3.12/site-packages/husarion_ugv_msgs/srv/_set_led_animation.py
[0.413s] -- Up-to-date symlink: /home/nfl/husarion_rusak/src/install/husarion_ugv_msgs/lib/python3.12/site-packages/husarion_ugv_msgs/srv/_set_led_animation_s.c
[0.413s] -- Up-to-date symlink: /home/nfl/husarion_rusak/src/install/husarion_ugv_msgs/lib/python3.12/site-packages/husarion_ugv_msgs/srv/_set_led_brightness.py
[0.413s] -- Up-to-date symlink: /home/nfl/husarion_rusak/src/install/husarion_ugv_msgs/lib/python3.12/site-packages/husarion_ugv_msgs/srv/_set_led_brightness_s.c
[0.413s] -- Up-to-date symlink: /home/nfl/husarion_rusak/src/install/husarion_ugv_msgs/lib/python3.12/site-packages/husarion_ugv_msgs/srv/_set_led_image_animation.py
[0.413s] -- Up-to-date symlink: /home/nfl/husarion_rusak/src/install/husarion_ugv_msgs/lib/python3.12/site-packages/husarion_ugv_msgs/srv/_set_led_image_animation_s.c
[0.413s] -- Up-to-date symlink: /home/nfl/husarion_rusak/src/install/husarion_ugv_msgs/lib/python3.12/site-packages/husarion_ugv_msgs/husarion_ugv_msgs_s__rosidl_typesupport_fastrtps_c.so
[0.413s] -- Up-to-date symlink: /home/nfl/husarion_rusak/src/install/husarion_ugv_msgs/lib/python3.12/site-packages/husarion_ugv_msgs/husarion_ugv_msgs_s__rosidl_typesupport_introspection_c.so
[0.414s] -- Up-to-date symlink: /home/nfl/husarion_rusak/src/install/husarion_ugv_msgs/lib/python3.12/site-packages/husarion_ugv_msgs/husarion_ugv_msgs_s__rosidl_typesupport_c.so
[0.414s] -- Up-to-date symlink: /home/nfl/husarion_rusak/src/install/husarion_ugv_msgs/share/husarion_ugv_msgs/msg/ChargingStatus.idl
[0.414s] -- Up-to-date symlink: /home/nfl/husarion_rusak/src/install/husarion_ugv_msgs/share/husarion_ugv_msgs/msg/DriverState.idl
[0.414s] -- Up-to-date symlink: /home/nfl/husarion_rusak/src/install/husarion_ugv_msgs/share/husarion_ugv_msgs/msg/DriverStateNamed.idl
[0.414s] -- Up-to-date symlink: /home/nfl/husarion_rusak/src/install/husarion_ugv_msgs/share/husarion_ugv_msgs/msg/FaultFlag.idl
[0.414s] -- Up-to-date symlink: /home/nfl/husarion_rusak/src/install/husarion_ugv_msgs/share/husarion_ugv_msgs/msg/IOState.idl
[0.414s] -- Up-to-date symlink: /home/nfl/husarion_rusak/src/install/husarion_ugv_msgs/share/husarion_ugv_msgs/msg/LEDAnimation.idl
[0.414s] -- Up-to-date symlink: /home/nfl/husarion_rusak/src/install/husarion_ugv_msgs/share/husarion_ugv_msgs/msg/LEDAnimationQueue.idl
[0.414s] -- Up-to-date symlink: /home/nfl/husarion_rusak/src/install/husarion_ugv_msgs/share/husarion_ugv_msgs/msg/LEDImageAnimation.idl
[0.414s] -- Up-to-date symlink: /home/nfl/husarion_rusak/src/install/husarion_ugv_msgs/share/husarion_ugv_msgs/msg/RobotDriverState.idl
[0.415s] -- Up-to-date symlink: /home/nfl/husarion_rusak/src/install/husarion_ugv_msgs/share/husarion_ugv_msgs/msg/RuntimeError.idl
[0.415s] -- Up-to-date symlink: /home/nfl/husarion_rusak/src/install/husarion_ugv_msgs/share/husarion_ugv_msgs/msg/ScriptFlag.idl
[0.415s] -- Up-to-date symlink: /home/nfl/husarion_rusak/src/install/husarion_ugv_msgs/share/husarion_ugv_msgs/msg/SystemStatus.idl
[0.415s] -- Up-to-date symlink: /home/nfl/husarion_rusak/src/install/husarion_ugv_msgs/share/husarion_ugv_msgs/srv/SetLEDAnimation.idl
[0.415s] -- Up-to-date symlink: /home/nfl/husarion_rusak/src/install/husarion_ugv_msgs/share/husarion_ugv_msgs/srv/SetLEDBrightness.idl
[0.415s] -- Up-to-date symlink: /home/nfl/husarion_rusak/src/install/husarion_ugv_msgs/share/husarion_ugv_msgs/srv/SetLEDImageAnimation.idl
[0.415s] -- Up-to-date symlink: /home/nfl/husarion_rusak/src/install/husarion_ugv_msgs/share/husarion_ugv_msgs/srv/AddZone.idl
[0.415s] -- Up-to-date symlink: /home/nfl/husarion_rusak/src/install/husarion_ugv_msgs/share/husarion_ugv_msgs/msg/ChargingStatus.msg
[0.415s] -- Up-to-date symlink: /home/nfl/husarion_rusak/src/install/husarion_ugv_msgs/share/husarion_ugv_msgs/msg/DriverState.msg
[0.415s] -- Up-to-date symlink: /home/nfl/husarion_rusak/src/install/husarion_ugv_msgs/share/husarion_ugv_msgs/msg/DriverStateNamed.msg
[0.415s] -- Up-to-date symlink: /home/nfl/husarion_rusak/src/install/husarion_ugv_msgs/share/husarion_ugv_msgs/msg/FaultFlag.msg
[0.415s] -- Up-to-date symlink: /home/nfl/husarion_rusak/src/install/husarion_ugv_msgs/share/husarion_ugv_msgs/msg/IOState.msg
[0.415s] -- Up-to-date symlink: /home/nfl/husarion_rusak/src/install/husarion_ugv_msgs/share/husarion_ugv_msgs/msg/LEDAnimation.msg
[0.416s] -- Up-to-date symlink: /home/nfl/husarion_rusak/src/install/husarion_ugv_msgs/share/husarion_ugv_msgs/msg/LEDAnimationQueue.msg
[0.416s] -- Up-to-date symlink: /home/nfl/husarion_rusak/src/install/husarion_ugv_msgs/share/husarion_ugv_msgs/msg/LEDImageAnimation.msg
[0.416s] -- Up-to-date symlink: /home/nfl/husarion_rusak/src/install/husarion_ugv_msgs/share/husarion_ugv_msgs/msg/RobotDriverState.msg
[0.416s] -- Up-to-date symlink: /home/nfl/husarion_rusak/src/install/husarion_ugv_msgs/share/husarion_ugv_msgs/msg/RuntimeError.msg
[0.416s] -- Up-to-date symlink: /home/nfl/husarion_rusak/src/install/husarion_ugv_msgs/share/husarion_ugv_msgs/msg/ScriptFlag.msg
[0.416s] -- Up-to-date symlink: /home/nfl/husarion_rusak/src/install/husarion_ugv_msgs/share/husarion_ugv_msgs/msg/SystemStatus.msg
[0.416s] -- Up-to-date symlink: /home/nfl/husarion_rusak/src/install/husarion_ugv_msgs/share/husarion_ugv_msgs/srv/SetLEDAnimation.srv
[0.416s] -- Up-to-date symlink: /home/nfl/husarion_rusak/src/install/husarion_ugv_msgs/share/husarion_ugv_msgs/srv/SetLEDBrightness.srv
[0.416s] -- Up-to-date symlink: /home/nfl/husarion_rusak/src/install/husarion_ugv_msgs/share/husarion_ugv_msgs/srv/SetLEDImageAnimation.srv
[0.416s] -- Up-to-date symlink: /home/nfl/husarion_rusak/src/install/husarion_ugv_msgs/share/husarion_ugv_msgs/srv/AddZone.srv
[0.417s] -- Up-to-date symlink: /home/nfl/husarion_rusak/src/install/husarion_ugv_msgs/share/ament_index/resource_index/package_run_dependencies/husarion_ugv_msgs
[0.417s] -- Up-to-date symlink: /home/nfl/husarion_rusak/src/install/husarion_ugv_msgs/share/ament_index/resource_index/parent_prefix_path/husarion_ugv_msgs
[0.417s] -- Up-to-date symlink: /home/nfl/husarion_rusak/src/install/husarion_ugv_msgs/share/husarion_ugv_msgs/environment/ament_prefix_path.sh
[0.417s] -- Up-to-date symlink: /home/nfl/husarion_rusak/src/install/husarion_ugv_msgs/share/husarion_ugv_msgs/environment/ament_prefix_path.dsv
[0.417s] -- Up-to-date symlink: /home/nfl/husarion_rusak/src/install/husarion_ugv_msgs/share/husarion_ugv_msgs/environment/path.sh
[0.417s] -- Up-to-date symlink: /home/nfl/husarion_rusak/src/install/husarion_ugv_msgs/share/husarion_ugv_msgs/environment/path.dsv
[0.417s] -- Up-to-date symlink: /home/nfl/husarion_rusak/src/install/husarion_ugv_msgs/share/husarion_ugv_msgs/local_setup.bash
[0.417s] -- Up-to-date symlink: /home/nfl/husarion_rusak/src/install/husarion_ugv_msgs/share/husarion_ugv_msgs/local_setup.sh
[0.417s] -- Up-to-date symlink: /home/nfl/husarion_rusak/src/install/husarion_ugv_msgs/share/husarion_ugv_msgs/local_setup.zsh
[0.417s] -- Up-to-date symlink: /home/nfl/husarion_rusak/src/install/husarion_ugv_msgs/share/husarion_ugv_msgs/local_setup.dsv
[0.417s] -- Symlinking: /home/nfl/husarion_rusak/src/install/husarion_ugv_msgs/share/husarion_ugv_msgs/package.dsv
[0.426s] -- Up-to-date symlink: /home/nfl/husarion_rusak/src/install/husarion_ugv_msgs/share/ament_index/resource_index/packages/husarion_ugv_msgs
[0.427s] -- Up-to-date symlink: /home/nfl/husarion_rusak/src/install/husarion_ugv_msgs/share/husarion_ugv_msgs/cmake/rosidl_cmake-extras.cmake
[0.427s] -- Up-to-date symlink: /home/nfl/husarion_rusak/src/install/husarion_ugv_msgs/share/husarion_ugv_msgs/cmake/ament_cmake_export_dependencies-extras.cmake
[0.427s] -- Up-to-date symlink: /home/nfl/husarion_rusak/src/install/husarion_ugv_msgs/share/husarion_ugv_msgs/cmake/ament_cmake_export_include_directories-extras.cmake
[0.427s] -- Up-to-date symlink: /home/nfl/husarion_rusak/src/install/husarion_ugv_msgs/share/husarion_ugv_msgs/cmake/ament_cmake_export_libraries-extras.cmake
[0.427s] -- Up-to-date symlink: /home/nfl/husarion_rusak/src/install/husarion_ugv_msgs/share/husarion_ugv_msgs/cmake/ament_cmake_export_targets-extras.cmake
[0.427s] -- Up-to-date symlink: /home/nfl/husarion_rusak/src/install/husarion_ugv_msgs/share/husarion_ugv_msgs/cmake/rosidl_cmake_export_typesupport_targets-extras.cmake
[0.427s] -- Up-to-date symlink: /home/nfl/husarion_rusak/src/install/husarion_ugv_msgs/share/husarion_ugv_msgs/cmake/rosidl_cmake_export_typesupport_libraries-extras.cmake
[0.427s] -- Up-to-date symlink: /home/nfl/husarion_rusak/src/install/husarion_ugv_msgs/share/husarion_ugv_msgs/cmake/husarion_ugv_msgsConfig.cmake
[0.427s] -- Up-to-date symlink: /home/nfl/husarion_rusak/src/install/husarion_ugv_msgs/share/husarion_ugv_msgs/cmake/husarion_ugv_msgsConfig-version.cmake
[0.427s] -- Up-to-date symlink: /home/nfl/husarion_rusak/src/install/husarion_ugv_msgs/share/husarion_ugv_msgs/package.xml
[0.427s] -- Up-to-date: /home/nfl/husarion_rusak/src/install/husarion_ugv_msgs/lib/libhusarion_ugv_msgs__rosidl_generator_c.so
[0.428s] -- Up-to-date: /home/nfl/husarion_rusak/src/install/husarion_ugv_msgs/lib/libhusarion_ugv_msgs__rosidl_typesupport_fastrtps_c.so
[0.428s] -- Up-to-date: /home/nfl/husarion_rusak/src/install/husarion_ugv_msgs/lib/libhusarion_ugv_msgs__rosidl_typesupport_fastrtps_cpp.so
[0.428s] -- Up-to-date: /home/nfl/husarion_rusak/src/install/husarion_ugv_msgs/lib/libhusarion_ugv_msgs__rosidl_typesupport_introspection_c.so
[0.428s] -- Up-to-date: /home/nfl/husarion_rusak/src/install/husarion_ugv_msgs/lib/libhusarion_ugv_msgs__rosidl_typesupport_c.so
[0.428s] -- Up-to-date: /home/nfl/husarion_rusak/src/install/husarion_ugv_msgs/lib/libhusarion_ugv_msgs__rosidl_typesupport_introspection_cpp.so
[0.428s] -- Up-to-date: /home/nfl/husarion_rusak/src/install/husarion_ugv_msgs/lib/libhusarion_ugv_msgs__rosidl_typesupport_cpp.so
[0.456s] Listing '/home/nfl/husarion_rusak/src/install/husarion_ugv_msgs/lib/python3.12/site-packages/husarion_ugv_msgs'...
[0.456s] Listing '/home/nfl/husarion_rusak/src/install/husarion_ugv_msgs/lib/python3.12/site-packages/husarion_ugv_msgs/msg'...
[0.456s] Listing '/home/nfl/husarion_rusak/src/install/husarion_ugv_msgs/lib/python3.12/site-packages/husarion_ugv_msgs/srv'...
[0.459s] -- Up-to-date: /home/nfl/husarion_rusak/src/install/husarion_ugv_msgs/lib/libhusarion_ugv_msgs__rosidl_generator_py.so
[0.460s] -- Up-to-date: /home/nfl/husarion_rusak/src/install/husarion_ugv_msgs/share/husarion_ugv_msgs/cmake/export_husarion_ugv_msgs__rosidl_generator_cExport.cmake
[0.461s] -- Up-to-date: /home/nfl/husarion_rusak/src/install/husarion_ugv_msgs/share/husarion_ugv_msgs/cmake/export_husarion_ugv_msgs__rosidl_generator_cExport-release.cmake
[0.461s] -- Up-to-date: /home/nfl/husarion_rusak/src/install/husarion_ugv_msgs/share/husarion_ugv_msgs/cmake/export_husarion_ugv_msgs__rosidl_typesupport_fastrtps_cExport.cmake
[0.461s] -- Up-to-date: /home/nfl/husarion_rusak/src/install/husarion_ugv_msgs/share/husarion_ugv_msgs/cmake/export_husarion_ugv_msgs__rosidl_typesupport_fastrtps_cExport-release.cmake
[0.462s] -- Up-to-date: /home/nfl/husarion_rusak/src/install/husarion_ugv_msgs/share/husarion_ugv_msgs/cmake/export_husarion_ugv_msgs__rosidl_generator_cppExport.cmake
[0.462s] -- Up-to-date: /home/nfl/husarion_rusak/src/install/husarion_ugv_msgs/share/husarion_ugv_msgs/cmake/export_husarion_ugv_msgs__rosidl_typesupport_fastrtps_cppExport.cmake
[0.462s] -- Up-to-date: /home/nfl/husarion_rusak/src/install/husarion_ugv_msgs/share/husarion_ugv_msgs/cmake/export_husarion_ugv_msgs__rosidl_typesupport_fastrtps_cppExport-release.cmake
[0.462s] -- Up-to-date: /home/nfl/husarion_rusak/src/install/husarion_ugv_msgs/share/husarion_ugv_msgs/cmake/husarion_ugv_msgs__rosidl_typesupport_introspection_cExport.cmake
[0.462s] -- Up-to-date: /home/nfl/husarion_rusak/src/install/husarion_ugv_msgs/share/husarion_ugv_msgs/cmake/husarion_ugv_msgs__rosidl_typesupport_introspection_cExport-release.cmake
[0.462s] -- Up-to-date: /home/nfl/husarion_rusak/src/install/husarion_ugv_msgs/share/husarion_ugv_msgs/cmake/husarion_ugv_msgs__rosidl_typesupport_cExport.cmake
[0.462s] -- Up-to-date: /home/nfl/husarion_rusak/src/install/husarion_ugv_msgs/share/husarion_ugv_msgs/cmake/husarion_ugv_msgs__rosidl_typesupport_cExport-release.cmake
[0.462s] -- Up-to-date: /home/nfl/husarion_rusak/src/install/husarion_ugv_msgs/share/husarion_ugv_msgs/cmake/husarion_ugv_msgs__rosidl_typesupport_introspection_cppExport.cmake
[0.462s] -- Up-to-date: /home/nfl/husarion_rusak/src/install/husarion_ugv_msgs/share/husarion_ugv_msgs/cmake/husarion_ugv_msgs__rosidl_typesupport_introspection_cppExport-release.cmake
[0.462s] -- Up-to-date: /home/nfl/husarion_rusak/src/install/husarion_ugv_msgs/share/husarion_ugv_msgs/cmake/husarion_ugv_msgs__rosidl_typesupport_cppExport.cmake
[0.462s] -- Up-to-date: /home/nfl/husarion_rusak/src/install/husarion_ugv_msgs/share/husarion_ugv_msgs/cmake/husarion_ugv_msgs__rosidl_typesupport_cppExport-release.cmake
[0.462s] -- Up-to-date: /home/nfl/husarion_rusak/src/install/husarion_ugv_msgs/share/husarion_ugv_msgs/cmake/export_husarion_ugv_msgs__rosidl_generator_pyExport.cmake
[0.462s] -- Up-to-date: /home/nfl/husarion_rusak/src/install/husarion_ugv_msgs/share/husarion_ugv_msgs/cmake/export_husarion_ugv_msgs__rosidl_generator_pyExport-release.cmake
[0.463s] Invoked command in '/home/nfl/husarion_rusak/src/build/husarion_ugv_msgs' returned '0': CMAKE_PREFIX_PATH=${CMAKE_PREFIX_PATH}:/opt/ros/jazzy DEBUGINFOD_URLS=https://debuginfod.ubuntu.com /usr/bin/cmake --install /home/nfl/husarion_rusak/src/build/husarion_ugv_msgs
