[0.025s] Invoking command in '/home/nfl/husarion_rusak/src/build/husarion_ugv_gazebo': AMENT_PREFIX_PATH=/home/nfl/husarion_rusak/src/install/husarion_ugv_manager:/home/nfl/husarion_rusak/src/install/husarion_ugv_controller:/home/nfl/husarion_rusak/src/install/husarion_ugv_localization:/home/nfl/husarion_rusak/src/install/husarion_ugv_lights:/home/nfl/husarion_rusak/src/install/husarion_ugv_description:/home/nfl/husarion_rusak/src/install/behaviortree_ros2:/home/nfl/husarion_rusak/src/install/ros_components_description:/home/nfl/husarion_rusak/src/install/mecanum_drive_controller:/home/nfl/husarion_rusak/src/install/husarion_ugv_utils:/home/nfl/husarion_rusak/src/install/husarion_ugv_msgs:/home/nfl/husarion_rusak/src/install/husarion_gz_worlds:/home/nfl/husarion_rusak/src/install/btcpp_ros2_interfaces:${AMENT_PREFIX_PATH} CMAKE_PREFIX_PATH=/home/nfl/husarion_rusak/src/install/husarion_ugv_manager:/home/nfl/husarion_rusak/src/install/husarion_ugv_controller:/home/nfl/husarion_rusak/src/install/husarion_ugv_localization:/home/nfl/husarion_rusak/src/install/husarion_ugv_lights:/home/nfl/husarion_rusak/src/install/husarion_ugv_description:/home/nfl/husarion_rusak/src/install/behaviortree_ros2:/home/nfl/husarion_rusak/src/install/ros_components_description:/home/nfl/husarion_rusak/src/install/mecanum_drive_controller:/home/nfl/husarion_rusak/src/install/husarion_ugv_utils:/home/nfl/husarion_rusak/src/install/husarion_ugv_msgs:/home/nfl/husarion_rusak/src/install/husarion_gz_worlds:/home/nfl/husarion_rusak/src/install/btcpp_ros2_interfaces:/opt/ros/jazzy/opt/gz_sim_vendor:/opt/ros/jazzy/opt/gz_sensors_vendor:/opt/ros/jazzy/opt/gz_physics_vendor:/opt/ros/jazzy/opt/sdformat_vendor:/opt/ros/jazzy/opt/gz_gui_vendor:/opt/ros/jazzy/opt/gz_transport_vendor:/opt/ros/jazzy/opt/gz_rendering_vendor:/opt/ros/jazzy/opt/gz_plugin_vendor:/opt/ros/jazzy/opt/gz_fuel_tools_vendor:/opt/ros/jazzy/opt/gz_msgs_vendor:/opt/ros/jazzy/opt/gz_common_vendor:/opt/ros/jazzy/opt/gz_math_vendor:/opt/ros/jazzy/opt/gz_utils_vendor:/opt/ros/jazzy/opt/gz_tools_vendor:/opt/ros/jazzy/opt/gz_ogre_next_vendor:/opt/ros/jazzy/opt/gz_dartsim_vendor:/opt/ros/jazzy/opt/gz_cmake_vendor:/opt/ros/jazzy DEBUGINFOD_URLS=https://debuginfod.ubuntu.com GAZEBO_MODEL_PATH=/home/nfl/husarion_rusak/src/install/husarion_ugv_description/share:/home/nfl/husarion_rusak/src/install/ros_components_description/share:/home/nfl/husarion_rusak/src/install/husarion_gz_worlds/share/husarion_gz_worlds/models:${GAZEBO_MODEL_PATH} GZ_SIM_RESOURCE_PATH=/home/nfl/husarion_rusak/src/install/husarion_ugv_description/share:/opt/ros/jazzy/share:/home/nfl/husarion_rusak/src/install/ros_components_description/share:/home/nfl/husarion_rusak/src/install/husarion_gz_worlds/share/husarion_gz_worlds/models IGN_GAZEBO_RESOURCE_PATH=/home/nfl/husarion_rusak/src/install/husarion_ugv_description/share:/home/nfl/husarion_rusak/src/install/husarion_gz_worlds/share/husarion_gz_worlds/models:${IGN_GAZEBO_RESOURCE_PATH} LD_LIBRARY_PATH=/home/nfl/husarion_rusak/src/install/husarion_ugv_manager/lib:/home/nfl/husarion_rusak/src/install/husarion_ugv_lights/lib:/home/nfl/husarion_rusak/src/install/behaviortree_ros2/lib:/home/nfl/husarion_rusak/src/install/mecanum_drive_controller/lib:/home/nfl/husarion_rusak/src/install/husarion_ugv_msgs/lib:/home/nfl/husarion_rusak/src/install/btcpp_ros2_interfaces/lib:/opt/ros/jazzy/opt/gz_sim_vendor/lib:/opt/ros/jazzy/opt/gz_sensors_vendor/lib:/opt/ros/jazzy/opt/gz_physics_vendor/lib:/opt/ros/jazzy/opt/sdformat_vendor/lib:/opt/ros/jazzy/opt/rviz_ogre_vendor/lib:/opt/ros/jazzy/lib/x86_64-linux-gnu:/opt/ros/jazzy/opt/libphidget22/lib:/opt/ros/jazzy/opt/gz_gui_vendor/lib:/opt/ros/jazzy/opt/gz_transport_vendor/lib:/opt/ros/jazzy/opt/gz_rendering_vendor/lib:/opt/ros/jazzy/opt/gz_plugin_vendor/lib:/opt/ros/jazzy/opt/gz_fuel_tools_vendor/lib:/opt/ros/jazzy/opt/gz_msgs_vendor/lib:/opt/ros/jazzy/opt/gz_common_vendor/lib:/opt/ros/jazzy/opt/gz_math_vendor/lib:/opt/ros/jazzy/opt/gz_utils_vendor/lib:/opt/ros/jazzy/opt/gz_tools_vendor/lib:/opt/ros/jazzy/opt/gz_ogre_next_vendor/lib:/opt/ros/jazzy/opt/gz_dartsim_vendor/lib:/opt/ros/jazzy/opt/gz_cmake_vendor/lib:/opt/ros/jazzy/lib:/usr/local/lib PYTHONPATH=/home/nfl/husarion_rusak/src/install/husarion_ugv_utils/lib/python3.12/site-packages:/home/nfl/husarion_rusak/src/install/husarion_ugv_msgs/lib/python3.12/site-packages:/home/nfl/husarion_rusak/src/install/btcpp_ros2_interfaces/lib/python3.12/site-packages:${PYTHONPATH} /usr/bin/cmake /home/nfl/husarion_rusak/src/husarion_ugv_ros/husarion_ugv_gazebo -DCMAKE_BUILD_TYPE=Release -DBUILD_TESTING=OFF -DAMENT_CMAKE_SYMLINK_INSTALL=1 -DCMAKE_INSTALL_PREFIX=/home/nfl/husarion_rusak/src/install/husarion_ugv_gazebo
[0.074s] -- The C compiler identification is GNU 13.3.0
[0.124s] -- The CXX compiler identification is GNU 13.3.0
[0.138s] -- Detecting C compiler ABI info
[0.223s] -- Detecting C compiler ABI info - done
[0.232s] -- Check for working C compiler: /usr/bin/cc - skipped
[0.232s] -- Detecting C compile features
[0.233s] -- Detecting C compile features - done
[0.242s] -- Detecting CXX compiler ABI info
[0.332s] -- Detecting CXX compiler ABI info - done
[0.340s] -- Check for working CXX compiler: /usr/bin/c++ - skipped
[0.340s] -- Detecting CXX compile features
[0.341s] -- Detecting CXX compile features - done
[0.345s] -- Found ament_cmake: 2.5.4 (/opt/ros/jazzy/share/ament_cmake/cmake)
[0.465s] -- Found Python3: /usr/bin/python3 (found version "3.12.3") found components: Interpreter 
[0.520s] -- Override CMake install command with custom implementation using symlinks instead of copying resources
[0.562s] -- Found hardware_interface: 4.29.0 (/opt/ros/jazzy/share/hardware_interface/cmake)
[0.613s] -- Found rosidl_generator_c: 4.6.5 (/opt/ros/jazzy/share/rosidl_generator_c/cmake)
[0.627s] -- Found rosidl_generator_cpp: 4.6.5 (/opt/ros/jazzy/share/rosidl_generator_cpp/cmake)
[0.644s] -- Using all available rosidl_typesupport_c: rosidl_typesupport_fastrtps_c;rosidl_typesupport_introspection_c
[0.662s] -- Using all available rosidl_typesupport_cpp: rosidl_typesupport_fastrtps_cpp;rosidl_typesupport_introspection_cpp
[0.852s] -- Found TinyXML2 via Config file: /usr/lib/x86_64-linux-gnu/cmake/tinyxml2
[0.896s] -- Found rmw_implementation_cmake: 7.3.2 (/opt/ros/jazzy/share/rmw_implementation_cmake/cmake)
[0.899s] -- Found rmw_fastrtps_cpp: 8.4.2 (/opt/ros/jazzy/share/rmw_fastrtps_cpp/cmake)
[0.922s] -- Found TinyXML2 via Config file: /usr/lib/x86_64-linux-gnu/cmake/tinyxml2
[0.979s] -- Found OpenSSL: /usr/lib/x86_64-linux-gnu/libcrypto.so (found version "3.0.13")  
[0.982s] -- Found TinyXML2 via Config file: /usr/lib/x86_64-linux-gnu/cmake/tinyxml2
[1.002s] -- Found FastRTPS: /opt/ros/jazzy/include (Required is at least version "2.13") 
[1.005s] -- Found TinyXML2 via Config file: /usr/lib/x86_64-linux-gnu/cmake/tinyxml2
[1.012s] -- Found TinyXML2 via Config file: /usr/lib/x86_64-linux-gnu/cmake/tinyxml2
[1.023s] -- Using RMW implementation 'rmw_fastrtps_cpp' as default
[1.251s] -- Looking for gz-sim8 -- found version 8.9.0
[1.260s] -- Searching for dependencies of gz-sim8
[1.261s] -- Looking for sdformat14 -- found version 14.7.0
[1.262s] -- Searching for dependencies of sdformat14
[1.266s] -- Checking for module 'tinyxml2'
[1.281s] --   Found tinyxml2, version 10.0.0
[1.336s] -- Looking for gz-math7 -- found version 7.5.2
[1.336s] -- Searching for dependencies of gz-math7
[1.339s] -- Looking for gz-utils2 -- found version 2.2.1
[1.340s] -- Searching for dependencies of gz-utils2
[1.342s] -- Looking for gz-utils2 -- found version 2.2.1
[1.342s] -- Searching for dependencies of gz-utils2
[1.342s] -- Searching for <gz-utils2> component [cli]
[1.344s] -- Looking for gz-utils2-cli -- found version 2.2.1
[1.344s] -- Searching for dependencies of gz-utils2-cli
[1.347s] -- Looking for gz-plugin2 -- found version 2.0.4
[1.347s] -- Searching for dependencies of gz-plugin2
[1.347s] -- Looking for gz-utils2 -- found version 2.2.1
[1.348s] -- Searching for <gz-plugin2> component [loader]
[1.350s] -- Looking for gz-plugin2-loader -- found version 2.0.4
[1.350s] -- Searching for dependencies of gz-plugin2-loader
[1.350s] -- Searching for <gz-plugin2> component [register]
[1.352s] -- Looking for gz-plugin2-register -- found version 2.0.4
[1.352s] -- Searching for dependencies of gz-plugin2-register
[1.354s] -- Looking for gz-transport13 -- found version 13.4.1
[1.354s] -- Searching for dependencies of gz-transport13
[1.386s] -- Found Protobuf: /usr/lib/x86_64-linux-gnu/libprotobuf.so (found version "3.21.12") 
[1.399s] -- Config-file not installed for ZeroMQ -- checking for pkg-config
[1.403s] -- Checking for module 'libzmq >= 4'
[1.422s] --   Found libzmq, version 4.3.5
[1.530s] -- Found ZeroMQ: TRUE (Required is at least version "4") 
[1.542s] -- Checking for module 'uuid'
[1.560s] --   Found uuid, version 2.39.3
[1.622s] -- Found UUID: TRUE  
[1.623s] -- Looking for gz-utils2 -- found version 2.2.1
[1.627s] -- Looking for gz-msgs10 -- found version 10.3.2
[1.627s] -- Searching for dependencies of gz-msgs10
[1.644s] -- Looking for gz-utils2 -- found version 2.2.1
[1.645s] -- Looking for gz-math7 -- found version 7.5.2
[1.653s] -- Searching for <gz-transport13> component [log]
[1.654s] -- Looking for gz-transport13-log -- found version 13.4.1
[1.654s] -- Searching for dependencies of gz-transport13-log
[1.655s] -- Searching for <gz-transport13> component [parameters]
[1.657s] -- Looking for gz-transport13-parameters -- found version 13.4.1
[1.657s] -- Searching for dependencies of gz-transport13-parameters
[1.658s] -- Looking for gz-msgs10 -- found version 10.3.2
[1.660s] -- Looking for gz-common5 -- found version 5.7.1
[1.660s] -- Searching for dependencies of gz-common5
[1.660s] -- Looking for gz-utils2 -- found version 2.2.1
[1.661s] -- Looking for dlfcn.h - found
[1.662s] -- Looking for libdl - found
[1.663s] -- Found DL: TRUE  
[1.669s] -- Searching for <gz-common5> component [av]
[1.671s] -- Looking for gz-common5-av -- found version 5.7.1
[1.671s] -- Searching for dependencies of gz-common5-av
[1.676s] -- Checking for module 'libswscale'
[1.690s] --   Found libswscale, version 7.5.100
[1.770s] -- Found SWSCALE: TRUE  
[1.784s] -- Checking for module 'libavdevice >= 56.4.100'
[1.828s] --   Found libavdevice, version 60.3.100
[1.937s] -- Found AVDEVICE: TRUE (Required is at least version "56.4.100") 
[1.947s] -- Checking for module 'libavformat'
[1.971s] --   Found libavformat, version 60.16.100
[2.009s] -- Found AVFORMAT: TRUE  
[2.015s] -- Checking for module 'libavcodec'
[2.030s] --   Found libavcodec, version 60.31.102
[2.067s] -- Found AVCODEC: TRUE  
[2.073s] -- Checking for module 'libavutil'
[2.088s] --   Found libavutil, version 58.29.100
[2.123s] -- Found AVUTIL: TRUE  
[2.124s] -- Searching for <gz-common5> component [events]
[2.127s] -- Looking for gz-common5-events -- found version 5.7.1
[2.127s] -- Searching for dependencies of gz-common5-events
[2.127s] -- Looking for gz-math7 -- found version 7.5.2
[2.128s] -- Searching for <gz-common5> component [graphics]
[2.130s] -- Looking for gz-common5-graphics -- found version 5.7.1
[2.130s] -- Searching for dependencies of gz-common5-graphics
[2.131s] -- Looking for gz-math7 -- found version 7.5.2
[2.136s] -- Found GzAssimp: TRUE (found version "5.3.0") 
[2.137s] -- Searching for <gz-common5> component [io]
[2.138s] -- Looking for gz-common5-io -- found version 5.7.1
[2.139s] -- Searching for dependencies of gz-common5-io
[2.139s] -- Searching for <gz-common5> component [profiler]
[2.141s] -- Looking for gz-common5-profiler -- found version 5.7.1
[2.141s] -- Searching for dependencies of gz-common5-profiler
[2.143s] -- Looking for gz-fuel_tools9 -- found version 9.1.1
[2.143s] -- Searching for dependencies of gz-fuel_tools9
[2.229s] -- Found CURL: /usr/lib/x86_64-linux-gnu/libcurl.so (found version "8.5.0")  
[2.241s] -- Checking for module 'jsoncpp'
[2.263s] --   Found jsoncpp, version 1.9.5
[2.324s] -- Found JSONCPP: TRUE  
[2.341s] -- Checking for module 'yaml-0.1'
[2.357s] --   Found yaml-0.1, version 0.2.5
[2.393s] -- Found YAML: TRUE  
[2.402s] -- Checking for module 'libzip'
[2.427s] --   Found libzip, version 1.7.3
[2.476s] -- Found ZIP: TRUE  
[2.477s] -- Looking for gz-utils2 -- found version 2.2.1
[2.477s] -- Looking for gz-common5 -- found version 5.7.1
[2.477s] -- Searching for dependencies of gz-common5
[2.478s] -- Looking for gz-utils2 -- found version 2.2.1
[2.478s] -- Looking for dlfcn.h - found
[2.478s] -- Looking for libdl - found
[2.488s] -- Searching for <gz-common5> component [testing]
[2.492s] -- Looking for gz-common5-testing -- found version 5.7.1
[2.492s] -- Searching for dependencies of gz-common5-testing
[2.493s] -- Looking for gz-math7 -- found version 7.5.2
[2.494s] -- Looking for gz-msgs10 -- found version 10.3.2
[2.497s] -- Looking for gz-gui8 -- found version 8.4.0
[2.497s] -- Searching for dependencies of gz-gui8
[2.519s] -- Looking for gz-utils2 -- found version 2.2.1
[2.519s] -- Looking for gz-math7 -- found version 7.5.2
[2.520s] -- Looking for gz-common5 -- found version 5.7.1
[2.521s] -- Looking for gz-plugin2 -- found version 2.0.4
[2.521s] -- Looking for gz-transport13 -- found version 13.4.1
[2.523s] -- Looking for gz-rendering8 -- found version 8.2.2
[2.523s] -- Searching for dependencies of gz-rendering8
[2.523s] -- Looking for gz-math7 -- found version 7.5.2
[2.523s] -- Searching for dependencies of gz-math7
[2.523s] -- Looking for gz-utils2 -- found version 2.2.1
[2.523s] -- Searching for <gz-math7> component [eigen3]
[2.526s] -- Looking for gz-math7-eigen3 -- found version 7.5.2
[2.526s] -- Searching for dependencies of gz-math7-eigen3
[2.535s] -- Looking for gz-common5 -- found version 5.7.1
[2.535s] -- Searching for dependencies of gz-common5
[2.535s] -- Looking for gz-utils2 -- found version 2.2.1
[2.536s] -- Looking for dlfcn.h - found
[2.536s] -- Looking for libdl - found
[2.541s] -- Searching for <gz-common5> component [graphics]
[2.541s] -- Searching for <gz-common5> component [events]
[2.541s] -- Searching for <gz-common5> component [geospatial]
[2.543s] -- Looking for gz-common5-geospatial -- found version 5.7.1
[2.543s] -- Searching for dependencies of gz-common5-geospatial
[2.544s] -- Looking for gz-math7 -- found version 7.5.2
[2.544s] -- Looking for gz-common5 -- found version 5.7.1
[2.545s] -- Looking for gz-plugin2 -- found version 2.0.4
[2.545s] -- Searching for dependencies of gz-plugin2
[2.545s] -- Looking for gz-utils2 -- found version 2.2.1
[2.545s] -- Searching for <gz-plugin2> component [all]
[2.547s] -- Looking for all libraries of gz-plugin2 -- found version 2.0.4
[2.548s] -- Looking for gz-plugin2 -- found version 2.0.4
[2.549s] -- Looking for gz-utils2 -- found version 2.2.1
[2.562s] -- Found OpenGL: /usr/lib/x86_64-linux-gnu/libOpenGL.so  found components: OpenGL 
[2.563s] -- Looking for gz-msgs10 -- found version 10.3.2
[2.596s] -- Looking for gz-physics7 -- found version 7.5.0
[2.596s] -- Searching for dependencies of gz-physics7
[2.596s] -- Looking for gz-common5 -- found version 5.7.1
[2.597s] -- Looking for gz-math7 -- found version 7.5.2
[2.597s] -- Looking for gz-plugin2 -- found version 2.0.4
[2.597s] -- Looking for gz-utils2 -- found version 2.2.1
[2.598s] -- Searching for <gz-physics7> component [heightmap]
[2.600s] -- Looking for gz-physics7-heightmap -- found version 7.5.0
[2.600s] -- Searching for dependencies of gz-physics7-heightmap
[2.600s] -- Looking for gz-common5 -- found version 5.7.1
[2.600s] -- Searching for <gz-physics7> component [mesh]
[2.602s] -- Looking for gz-physics7-mesh -- found version 7.5.0
[2.602s] -- Searching for dependencies of gz-physics7-mesh
[2.602s] -- Looking for gz-common5 -- found version 5.7.1
[2.603s] -- Searching for <gz-physics7> component [sdf]
[2.604s] -- Looking for gz-physics7-sdf -- found version 7.5.0
[2.604s] -- Searching for dependencies of gz-physics7-sdf
[2.604s] -- Looking for sdformat14 -- found version 14.7.0
[2.608s] -- Looking for gz-sensors8 -- found version 8.2.2
[2.608s] -- Searching for dependencies of gz-sensors8
[2.624s] -- Looking for gz-math7 -- found version 7.5.2
[2.624s] -- Looking for gz-common5 -- found version 5.7.1
[2.624s] -- Looking for gz-transport13 -- found version 13.4.1
[2.624s] -- Looking for gz-rendering8 -- found version 8.2.2
[2.625s] -- Looking for gz-msgs10 -- found version 10.3.2
[2.625s] -- Looking for sdformat14 -- found version 14.7.0
[2.626s] -- Searching for <gz-sensors8> component [air_pressure]
[2.627s] -- Looking for gz-sensors8-air_pressure -- found version 8.2.2
[2.627s] -- Searching for dependencies of gz-sensors8-air_pressure
[2.628s] -- Searching for <gz-sensors8> component [air_speed]
[2.629s] -- Looking for gz-sensors8-air_speed -- found version 8.2.2
[2.629s] -- Searching for dependencies of gz-sensors8-air_speed
[2.630s] -- Searching for <gz-sensors8> component [altimeter]
[2.632s] -- Looking for gz-sensors8-altimeter -- found version 8.2.2
[2.632s] -- Searching for dependencies of gz-sensors8-altimeter
[2.632s] -- Searching for <gz-sensors8> component [imu]
[2.634s] -- Looking for gz-sensors8-imu -- found version 8.2.2
[2.634s] -- Searching for dependencies of gz-sensors8-imu
[2.634s] -- Searching for <gz-sensors8> component [force_torque]
[2.635s] -- Looking for gz-sensors8-force_torque -- found version 8.2.2
[2.635s] -- Searching for dependencies of gz-sensors8-force_torque
[2.636s] -- Searching for <gz-sensors8> component [logical_camera]
[2.637s] -- Looking for gz-sensors8-logical_camera -- found version 8.2.2
[2.637s] -- Searching for dependencies of gz-sensors8-logical_camera
[2.638s] -- Searching for <gz-sensors8> component [magnetometer]
[2.639s] -- Looking for gz-sensors8-magnetometer -- found version 8.2.2
[2.639s] -- Searching for dependencies of gz-sensors8-magnetometer
[2.640s] -- Searching for <gz-sensors8> component [navsat]
[2.641s] -- Looking for gz-sensors8-navsat -- found version 8.2.2
[2.641s] -- Searching for dependencies of gz-sensors8-navsat
[2.642s] -- Searching for <gz-sensors8> component [dvl]
[2.643s] -- Looking for gz-sensors8-dvl -- found version 8.2.2
[2.643s] -- Searching for dependencies of gz-sensors8-dvl
[2.643s] -- Looking for gz-sensors8 -- found version 8.2.2
[2.643s] -- Searching for dependencies of gz-sensors8
[2.660s] -- Looking for gz-math7 -- found version 7.5.2
[2.660s] -- Looking for gz-common5 -- found version 5.7.1
[2.660s] -- Looking for gz-transport13 -- found version 13.4.1
[2.661s] -- Looking for gz-rendering8 -- found version 8.2.2
[2.661s] -- Looking for gz-msgs10 -- found version 10.3.2
[2.661s] -- Looking for sdformat14 -- found version 14.7.0
[2.661s] -- Searching for <gz-sensors8> component [rendering]
[2.663s] -- Looking for gz-sensors8-rendering -- found version 8.2.2
[2.663s] -- Searching for dependencies of gz-sensors8-rendering
[2.664s] -- Searching for <gz-sensors8> component [rendering]
[2.665s] -- Searching for <gz-sensors8> component [lidar]
[2.666s] -- Looking for gz-sensors8-lidar -- found version 8.2.2
[2.666s] -- Searching for dependencies of gz-sensors8-lidar
[2.667s] -- Looking for gz-sensors8 -- found version 8.2.2
[2.667s] -- Searching for <gz-sensors8> component [gpu_lidar]
[2.669s] -- Looking for gz-sensors8-gpu_lidar -- found version 8.2.2
[2.669s] -- Searching for dependencies of gz-sensors8-gpu_lidar
[2.669s] -- Looking for gz-sensors8 -- found version 8.2.2
[2.670s] -- Searching for <gz-sensors8> component [camera]
[2.672s] -- Looking for gz-sensors8-camera -- found version 8.2.2
[2.672s] -- Searching for dependencies of gz-sensors8-camera
[2.672s] -- Looking for gz-sensors8 -- found version 8.2.2
[2.673s] -- Searching for <gz-sensors8> component [boundingbox_camera]
[2.675s] -- Looking for gz-sensors8-boundingbox_camera -- found version 8.2.2
[2.675s] -- Searching for dependencies of gz-sensors8-boundingbox_camera
[2.675s] -- Searching for <gz-sensors8> component [segmentation_camera]
[2.676s] -- Looking for gz-sensors8-segmentation_camera -- found version 8.2.2
[2.677s] -- Searching for dependencies of gz-sensors8-segmentation_camera
[2.677s] -- Searching for <gz-sensors8> component [depth_camera]
[2.678s] -- Looking for gz-sensors8-depth_camera -- found version 8.2.2
[2.678s] -- Searching for dependencies of gz-sensors8-depth_camera
[2.679s] -- Looking for gz-sensors8 -- found version 8.2.2
[2.680s] -- Searching for <gz-sensors8> component [rgbd_camera]
[2.682s] -- Looking for gz-sensors8-rgbd_camera -- found version 8.2.2
[2.682s] -- Searching for dependencies of gz-sensors8-rgbd_camera
[2.682s] -- Looking for gz-sensors8 -- found version 8.2.2
[2.683s] -- Searching for <gz-sensors8> component [thermal_camera]
[2.684s] -- Looking for gz-sensors8-thermal_camera -- found version 8.2.2
[2.684s] -- Searching for dependencies of gz-sensors8-thermal_camera
[2.684s] -- Looking for gz-sensors8 -- found version 8.2.2
[2.685s] -- Searching for <gz-sensors8> component [wide_angle_camera]
[2.686s] -- Looking for gz-sensors8-wide_angle_camera -- found version 8.2.2
[2.686s] -- Searching for dependencies of gz-sensors8-wide_angle_camera
[2.687s] -- Looking for gz-rendering8 -- found version 8.2.2
[2.688s] -- Looking for gz-math7 -- found version 7.5.2
[2.688s] -- Looking for gz-utils2 -- found version 2.2.1
[2.705s] -- Looking for gz-msgs10 -- found version 10.3.2
[2.706s] -- Looking for gz-plugin2 -- found version 2.0.4
[2.706s] -- Looking for gz-transport13 -- found version 13.4.1
[2.709s] -- Found gz_ros2_control: 1.2.12 (/opt/ros/jazzy/share/gz_ros2_control/cmake)
[2.714s] -- Found std_srvs: 5.3.6 (/opt/ros/jazzy/share/std_srvs/cmake)
[2.813s] -- Configuring done (2.8s)
[2.874s] -- Generating done (0.0s)
[2.884s] -- Build files have been written to: /home/nfl/husarion_rusak/src/build/husarion_ugv_gazebo
[2.900s] Invoked command in '/home/nfl/husarion_rusak/src/build/husarion_ugv_gazebo' returned '0': AMENT_PREFIX_PATH=/home/nfl/husarion_rusak/src/install/husarion_ugv_manager:/home/nfl/husarion_rusak/src/install/husarion_ugv_controller:/home/nfl/husarion_rusak/src/install/husarion_ugv_localization:/home/nfl/husarion_rusak/src/install/husarion_ugv_lights:/home/nfl/husarion_rusak/src/install/husarion_ugv_description:/home/nfl/husarion_rusak/src/install/behaviortree_ros2:/home/nfl/husarion_rusak/src/install/ros_components_description:/home/nfl/husarion_rusak/src/install/mecanum_drive_controller:/home/nfl/husarion_rusak/src/install/husarion_ugv_utils:/home/nfl/husarion_rusak/src/install/husarion_ugv_msgs:/home/nfl/husarion_rusak/src/install/husarion_gz_worlds:/home/nfl/husarion_rusak/src/install/btcpp_ros2_interfaces:${AMENT_PREFIX_PATH} CMAKE_PREFIX_PATH=/home/nfl/husarion_rusak/src/install/husarion_ugv_manager:/home/nfl/husarion_rusak/src/install/husarion_ugv_controller:/home/nfl/husarion_rusak/src/install/husarion_ugv_localization:/home/nfl/husarion_rusak/src/install/husarion_ugv_lights:/home/nfl/husarion_rusak/src/install/husarion_ugv_description:/home/nfl/husarion_rusak/src/install/behaviortree_ros2:/home/nfl/husarion_rusak/src/install/ros_components_description:/home/nfl/husarion_rusak/src/install/mecanum_drive_controller:/home/nfl/husarion_rusak/src/install/husarion_ugv_utils:/home/nfl/husarion_rusak/src/install/husarion_ugv_msgs:/home/nfl/husarion_rusak/src/install/husarion_gz_worlds:/home/nfl/husarion_rusak/src/install/btcpp_ros2_interfaces:/opt/ros/jazzy/opt/gz_sim_vendor:/opt/ros/jazzy/opt/gz_sensors_vendor:/opt/ros/jazzy/opt/gz_physics_vendor:/opt/ros/jazzy/opt/sdformat_vendor:/opt/ros/jazzy/opt/gz_gui_vendor:/opt/ros/jazzy/opt/gz_transport_vendor:/opt/ros/jazzy/opt/gz_rendering_vendor:/opt/ros/jazzy/opt/gz_plugin_vendor:/opt/ros/jazzy/opt/gz_fuel_tools_vendor:/opt/ros/jazzy/opt/gz_msgs_vendor:/opt/ros/jazzy/opt/gz_common_vendor:/opt/ros/jazzy/opt/gz_math_vendor:/opt/ros/jazzy/opt/gz_utils_vendor:/opt/ros/jazzy/opt/gz_tools_vendor:/opt/ros/jazzy/opt/gz_ogre_next_vendor:/opt/ros/jazzy/opt/gz_dartsim_vendor:/opt/ros/jazzy/opt/gz_cmake_vendor:/opt/ros/jazzy DEBUGINFOD_URLS=https://debuginfod.ubuntu.com GAZEBO_MODEL_PATH=/home/nfl/husarion_rusak/src/install/husarion_ugv_description/share:/home/nfl/husarion_rusak/src/install/ros_components_description/share:/home/nfl/husarion_rusak/src/install/husarion_gz_worlds/share/husarion_gz_worlds/models:${GAZEBO_MODEL_PATH} GZ_SIM_RESOURCE_PATH=/home/nfl/husarion_rusak/src/install/husarion_ugv_description/share:/opt/ros/jazzy/share:/home/nfl/husarion_rusak/src/install/ros_components_description/share:/home/nfl/husarion_rusak/src/install/husarion_gz_worlds/share/husarion_gz_worlds/models IGN_GAZEBO_RESOURCE_PATH=/home/nfl/husarion_rusak/src/install/husarion_ugv_description/share:/home/nfl/husarion_rusak/src/install/husarion_gz_worlds/share/husarion_gz_worlds/models:${IGN_GAZEBO_RESOURCE_PATH} LD_LIBRARY_PATH=/home/nfl/husarion_rusak/src/install/husarion_ugv_manager/lib:/home/nfl/husarion_rusak/src/install/husarion_ugv_lights/lib:/home/nfl/husarion_rusak/src/install/behaviortree_ros2/lib:/home/nfl/husarion_rusak/src/install/mecanum_drive_controller/lib:/home/nfl/husarion_rusak/src/install/husarion_ugv_msgs/lib:/home/nfl/husarion_rusak/src/install/btcpp_ros2_interfaces/lib:/opt/ros/jazzy/opt/gz_sim_vendor/lib:/opt/ros/jazzy/opt/gz_sensors_vendor/lib:/opt/ros/jazzy/opt/gz_physics_vendor/lib:/opt/ros/jazzy/opt/sdformat_vendor/lib:/opt/ros/jazzy/opt/rviz_ogre_vendor/lib:/opt/ros/jazzy/lib/x86_64-linux-gnu:/opt/ros/jazzy/opt/libphidget22/lib:/opt/ros/jazzy/opt/gz_gui_vendor/lib:/opt/ros/jazzy/opt/gz_transport_vendor/lib:/opt/ros/jazzy/opt/gz_rendering_vendor/lib:/opt/ros/jazzy/opt/gz_plugin_vendor/lib:/opt/ros/jazzy/opt/gz_fuel_tools_vendor/lib:/opt/ros/jazzy/opt/gz_msgs_vendor/lib:/opt/ros/jazzy/opt/gz_common_vendor/lib:/opt/ros/jazzy/opt/gz_math_vendor/lib:/opt/ros/jazzy/opt/gz_utils_vendor/lib:/opt/ros/jazzy/opt/gz_tools_vendor/lib:/opt/ros/jazzy/opt/gz_ogre_next_vendor/lib:/opt/ros/jazzy/opt/gz_dartsim_vendor/lib:/opt/ros/jazzy/opt/gz_cmake_vendor/lib:/opt/ros/jazzy/lib:/usr/local/lib PYTHONPATH=/home/nfl/husarion_rusak/src/install/husarion_ugv_utils/lib/python3.12/site-packages:/home/nfl/husarion_rusak/src/install/husarion_ugv_msgs/lib/python3.12/site-packages:/home/nfl/husarion_rusak/src/install/btcpp_ros2_interfaces/lib/python3.12/site-packages:${PYTHONPATH} /usr/bin/cmake /home/nfl/husarion_rusak/src/husarion_ugv_ros/husarion_ugv_gazebo -DCMAKE_BUILD_TYPE=Release -DBUILD_TESTING=OFF -DAMENT_CMAKE_SYMLINK_INSTALL=1 -DCMAKE_INSTALL_PREFIX=/home/nfl/husarion_rusak/src/install/husarion_ugv_gazebo
[2.902s] Invoking command in '/home/nfl/husarion_rusak/src/build/husarion_ugv_gazebo': AMENT_PREFIX_PATH=/home/nfl/husarion_rusak/src/install/husarion_ugv_manager:/home/nfl/husarion_rusak/src/install/husarion_ugv_controller:/home/nfl/husarion_rusak/src/install/husarion_ugv_localization:/home/nfl/husarion_rusak/src/install/husarion_ugv_lights:/home/nfl/husarion_rusak/src/install/husarion_ugv_description:/home/nfl/husarion_rusak/src/install/behaviortree_ros2:/home/nfl/husarion_rusak/src/install/ros_components_description:/home/nfl/husarion_rusak/src/install/mecanum_drive_controller:/home/nfl/husarion_rusak/src/install/husarion_ugv_utils:/home/nfl/husarion_rusak/src/install/husarion_ugv_msgs:/home/nfl/husarion_rusak/src/install/husarion_gz_worlds:/home/nfl/husarion_rusak/src/install/btcpp_ros2_interfaces:${AMENT_PREFIX_PATH} CMAKE_PREFIX_PATH=/home/nfl/husarion_rusak/src/install/husarion_ugv_manager:/home/nfl/husarion_rusak/src/install/husarion_ugv_controller:/home/nfl/husarion_rusak/src/install/husarion_ugv_localization:/home/nfl/husarion_rusak/src/install/husarion_ugv_lights:/home/nfl/husarion_rusak/src/install/husarion_ugv_description:/home/nfl/husarion_rusak/src/install/behaviortree_ros2:/home/nfl/husarion_rusak/src/install/ros_components_description:/home/nfl/husarion_rusak/src/install/mecanum_drive_controller:/home/nfl/husarion_rusak/src/install/husarion_ugv_utils:/home/nfl/husarion_rusak/src/install/husarion_ugv_msgs:/home/nfl/husarion_rusak/src/install/husarion_gz_worlds:/home/nfl/husarion_rusak/src/install/btcpp_ros2_interfaces:/opt/ros/jazzy/opt/gz_sim_vendor:/opt/ros/jazzy/opt/gz_sensors_vendor:/opt/ros/jazzy/opt/gz_physics_vendor:/opt/ros/jazzy/opt/sdformat_vendor:/opt/ros/jazzy/opt/gz_gui_vendor:/opt/ros/jazzy/opt/gz_transport_vendor:/opt/ros/jazzy/opt/gz_rendering_vendor:/opt/ros/jazzy/opt/gz_plugin_vendor:/opt/ros/jazzy/opt/gz_fuel_tools_vendor:/opt/ros/jazzy/opt/gz_msgs_vendor:/opt/ros/jazzy/opt/gz_common_vendor:/opt/ros/jazzy/opt/gz_math_vendor:/opt/ros/jazzy/opt/gz_utils_vendor:/opt/ros/jazzy/opt/gz_tools_vendor:/opt/ros/jazzy/opt/gz_ogre_next_vendor:/opt/ros/jazzy/opt/gz_dartsim_vendor:/opt/ros/jazzy/opt/gz_cmake_vendor:/opt/ros/jazzy DEBUGINFOD_URLS=https://debuginfod.ubuntu.com GAZEBO_MODEL_PATH=/home/nfl/husarion_rusak/src/install/husarion_ugv_description/share:/home/nfl/husarion_rusak/src/install/ros_components_description/share:/home/nfl/husarion_rusak/src/install/husarion_gz_worlds/share/husarion_gz_worlds/models:${GAZEBO_MODEL_PATH} GZ_SIM_RESOURCE_PATH=/home/nfl/husarion_rusak/src/install/husarion_ugv_description/share:/opt/ros/jazzy/share:/home/nfl/husarion_rusak/src/install/ros_components_description/share:/home/nfl/husarion_rusak/src/install/husarion_gz_worlds/share/husarion_gz_worlds/models IGN_GAZEBO_RESOURCE_PATH=/home/nfl/husarion_rusak/src/install/husarion_ugv_description/share:/home/nfl/husarion_rusak/src/install/husarion_gz_worlds/share/husarion_gz_worlds/models:${IGN_GAZEBO_RESOURCE_PATH} LD_LIBRARY_PATH=/home/nfl/husarion_rusak/src/install/husarion_ugv_manager/lib:/home/nfl/husarion_rusak/src/install/husarion_ugv_lights/lib:/home/nfl/husarion_rusak/src/install/behaviortree_ros2/lib:/home/nfl/husarion_rusak/src/install/mecanum_drive_controller/lib:/home/nfl/husarion_rusak/src/install/husarion_ugv_msgs/lib:/home/nfl/husarion_rusak/src/install/btcpp_ros2_interfaces/lib:/opt/ros/jazzy/opt/gz_sim_vendor/lib:/opt/ros/jazzy/opt/gz_sensors_vendor/lib:/opt/ros/jazzy/opt/gz_physics_vendor/lib:/opt/ros/jazzy/opt/sdformat_vendor/lib:/opt/ros/jazzy/opt/rviz_ogre_vendor/lib:/opt/ros/jazzy/lib/x86_64-linux-gnu:/opt/ros/jazzy/opt/libphidget22/lib:/opt/ros/jazzy/opt/gz_gui_vendor/lib:/opt/ros/jazzy/opt/gz_transport_vendor/lib:/opt/ros/jazzy/opt/gz_rendering_vendor/lib:/opt/ros/jazzy/opt/gz_plugin_vendor/lib:/opt/ros/jazzy/opt/gz_fuel_tools_vendor/lib:/opt/ros/jazzy/opt/gz_msgs_vendor/lib:/opt/ros/jazzy/opt/gz_common_vendor/lib:/opt/ros/jazzy/opt/gz_math_vendor/lib:/opt/ros/jazzy/opt/gz_utils_vendor/lib:/opt/ros/jazzy/opt/gz_tools_vendor/lib:/opt/ros/jazzy/opt/gz_ogre_next_vendor/lib:/opt/ros/jazzy/opt/gz_dartsim_vendor/lib:/opt/ros/jazzy/opt/gz_cmake_vendor/lib:/opt/ros/jazzy/lib:/usr/local/lib PYTHONPATH=/home/nfl/husarion_rusak/src/install/husarion_ugv_utils/lib/python3.12/site-packages:/home/nfl/husarion_rusak/src/install/husarion_ugv_msgs/lib/python3.12/site-packages:/home/nfl/husarion_rusak/src/install/btcpp_ros2_interfaces/lib/python3.12/site-packages:${PYTHONPATH} /usr/bin/cmake --build /home/nfl/husarion_rusak/src/build/husarion_ugv_gazebo -- -j16 -l16
[2.949s] [  0%] Built target EStop_autogen_timestamp_deps
[2.949s] [  0%] Built target zone_marker_node_autogen_timestamp_deps
[2.951s] [  0%] Built target LEDStrip_autogen_timestamp_deps
[2.952s] [  5%] [32mBuilding CXX object CMakeFiles/estop_system.dir/src/estop_system.cpp.o[0m
[2.966s] [ 10%] [34m[1mAutomatic MOC for target zone_marker_node[0m
[2.968s] [ 15%] [34m[1mAutomatic MOC for target EStop[0m
[2.968s] [ 21%] [34m[1mAutomatic MOC for target LEDStrip[0m
[3.001s] [ 21%] Built target LEDStrip_autogen
[3.002s] [ 21%] Built target zone_marker_node_autogen
[3.029s] [ 31%] [32mBuilding CXX object CMakeFiles/zone_marker_node.dir/zone_marker_node_autogen/mocs_compilation.cpp.o[0m
[3.029s] [ 31%] [32mBuilding CXX object CMakeFiles/zone_marker_node.dir/src/zone_marker_node.cpp.o[0m
[3.030s] [ 36%] [32mBuilding CXX object CMakeFiles/LEDStrip.dir/src/led_strip.cpp.o[0m
[3.033s] [ 42%] [32mBuilding CXX object CMakeFiles/LEDStrip.dir/LEDStrip_autogen/mocs_compilation.cpp.o[0m
[3.414s] [ 42%] Built target EStop_autogen
[3.424s] [ 47%] [34m[1mGenerating qrc_EStop.cpp[0m
[3.463s] [ 52%] [32mBuilding CXX object CMakeFiles/EStop.dir/qrc_EStop.cpp.o[0m
[3.464s] [ 57%] [32mBuilding CXX object CMakeFiles/EStop.dir/src/gui/e_stop.cpp.o[0m
[3.465s] [ 63%] [32mBuilding CXX object CMakeFiles/EStop.dir/EStop_autogen/mocs_compilation.cpp.o[0m
[8.657s] [ 68%] [32m[1mLinking CXX shared library libLEDStrip.so[0m
[8.876s] [ 73%] Built target LEDStrip
[11.497s] [ 78%] [32m[1mLinking CXX executable zone_marker_node[0m
[11.603s] [ 84%] [32m[1mLinking CXX shared library libestop_system.so[0m
[11.673s] [ 89%] Built target zone_marker_node
[11.842s] [ 89%] Built target estop_system
[12.946s] [ 94%] [32m[1mLinking CXX shared library libEStop.so[0m
[13.143s] [100%] Built target EStop
[13.153s] Invoked command in '/home/nfl/husarion_rusak/src/build/husarion_ugv_gazebo' returned '0': AMENT_PREFIX_PATH=/home/nfl/husarion_rusak/src/install/husarion_ugv_manager:/home/nfl/husarion_rusak/src/install/husarion_ugv_controller:/home/nfl/husarion_rusak/src/install/husarion_ugv_localization:/home/nfl/husarion_rusak/src/install/husarion_ugv_lights:/home/nfl/husarion_rusak/src/install/husarion_ugv_description:/home/nfl/husarion_rusak/src/install/behaviortree_ros2:/home/nfl/husarion_rusak/src/install/ros_components_description:/home/nfl/husarion_rusak/src/install/mecanum_drive_controller:/home/nfl/husarion_rusak/src/install/husarion_ugv_utils:/home/nfl/husarion_rusak/src/install/husarion_ugv_msgs:/home/nfl/husarion_rusak/src/install/husarion_gz_worlds:/home/nfl/husarion_rusak/src/install/btcpp_ros2_interfaces:${AMENT_PREFIX_PATH} CMAKE_PREFIX_PATH=/home/nfl/husarion_rusak/src/install/husarion_ugv_manager:/home/nfl/husarion_rusak/src/install/husarion_ugv_controller:/home/nfl/husarion_rusak/src/install/husarion_ugv_localization:/home/nfl/husarion_rusak/src/install/husarion_ugv_lights:/home/nfl/husarion_rusak/src/install/husarion_ugv_description:/home/nfl/husarion_rusak/src/install/behaviortree_ros2:/home/nfl/husarion_rusak/src/install/ros_components_description:/home/nfl/husarion_rusak/src/install/mecanum_drive_controller:/home/nfl/husarion_rusak/src/install/husarion_ugv_utils:/home/nfl/husarion_rusak/src/install/husarion_ugv_msgs:/home/nfl/husarion_rusak/src/install/husarion_gz_worlds:/home/nfl/husarion_rusak/src/install/btcpp_ros2_interfaces:/opt/ros/jazzy/opt/gz_sim_vendor:/opt/ros/jazzy/opt/gz_sensors_vendor:/opt/ros/jazzy/opt/gz_physics_vendor:/opt/ros/jazzy/opt/sdformat_vendor:/opt/ros/jazzy/opt/gz_gui_vendor:/opt/ros/jazzy/opt/gz_transport_vendor:/opt/ros/jazzy/opt/gz_rendering_vendor:/opt/ros/jazzy/opt/gz_plugin_vendor:/opt/ros/jazzy/opt/gz_fuel_tools_vendor:/opt/ros/jazzy/opt/gz_msgs_vendor:/opt/ros/jazzy/opt/gz_common_vendor:/opt/ros/jazzy/opt/gz_math_vendor:/opt/ros/jazzy/opt/gz_utils_vendor:/opt/ros/jazzy/opt/gz_tools_vendor:/opt/ros/jazzy/opt/gz_ogre_next_vendor:/opt/ros/jazzy/opt/gz_dartsim_vendor:/opt/ros/jazzy/opt/gz_cmake_vendor:/opt/ros/jazzy DEBUGINFOD_URLS=https://debuginfod.ubuntu.com GAZEBO_MODEL_PATH=/home/nfl/husarion_rusak/src/install/husarion_ugv_description/share:/home/nfl/husarion_rusak/src/install/ros_components_description/share:/home/nfl/husarion_rusak/src/install/husarion_gz_worlds/share/husarion_gz_worlds/models:${GAZEBO_MODEL_PATH} GZ_SIM_RESOURCE_PATH=/home/nfl/husarion_rusak/src/install/husarion_ugv_description/share:/opt/ros/jazzy/share:/home/nfl/husarion_rusak/src/install/ros_components_description/share:/home/nfl/husarion_rusak/src/install/husarion_gz_worlds/share/husarion_gz_worlds/models IGN_GAZEBO_RESOURCE_PATH=/home/nfl/husarion_rusak/src/install/husarion_ugv_description/share:/home/nfl/husarion_rusak/src/install/husarion_gz_worlds/share/husarion_gz_worlds/models:${IGN_GAZEBO_RESOURCE_PATH} LD_LIBRARY_PATH=/home/nfl/husarion_rusak/src/install/husarion_ugv_manager/lib:/home/nfl/husarion_rusak/src/install/husarion_ugv_lights/lib:/home/nfl/husarion_rusak/src/install/behaviortree_ros2/lib:/home/nfl/husarion_rusak/src/install/mecanum_drive_controller/lib:/home/nfl/husarion_rusak/src/install/husarion_ugv_msgs/lib:/home/nfl/husarion_rusak/src/install/btcpp_ros2_interfaces/lib:/opt/ros/jazzy/opt/gz_sim_vendor/lib:/opt/ros/jazzy/opt/gz_sensors_vendor/lib:/opt/ros/jazzy/opt/gz_physics_vendor/lib:/opt/ros/jazzy/opt/sdformat_vendor/lib:/opt/ros/jazzy/opt/rviz_ogre_vendor/lib:/opt/ros/jazzy/lib/x86_64-linux-gnu:/opt/ros/jazzy/opt/libphidget22/lib:/opt/ros/jazzy/opt/gz_gui_vendor/lib:/opt/ros/jazzy/opt/gz_transport_vendor/lib:/opt/ros/jazzy/opt/gz_rendering_vendor/lib:/opt/ros/jazzy/opt/gz_plugin_vendor/lib:/opt/ros/jazzy/opt/gz_fuel_tools_vendor/lib:/opt/ros/jazzy/opt/gz_msgs_vendor/lib:/opt/ros/jazzy/opt/gz_common_vendor/lib:/opt/ros/jazzy/opt/gz_math_vendor/lib:/opt/ros/jazzy/opt/gz_utils_vendor/lib:/opt/ros/jazzy/opt/gz_tools_vendor/lib:/opt/ros/jazzy/opt/gz_ogre_next_vendor/lib:/opt/ros/jazzy/opt/gz_dartsim_vendor/lib:/opt/ros/jazzy/opt/gz_cmake_vendor/lib:/opt/ros/jazzy/lib:/usr/local/lib PYTHONPATH=/home/nfl/husarion_rusak/src/install/husarion_ugv_utils/lib/python3.12/site-packages:/home/nfl/husarion_rusak/src/install/husarion_ugv_msgs/lib/python3.12/site-packages:/home/nfl/husarion_rusak/src/install/btcpp_ros2_interfaces/lib/python3.12/site-packages:${PYTHONPATH} /usr/bin/cmake --build /home/nfl/husarion_rusak/src/build/husarion_ugv_gazebo -- -j16 -l16
[13.154s] Invoking command in '/home/nfl/husarion_rusak/src/build/husarion_ugv_gazebo': AMENT_PREFIX_PATH=/home/nfl/husarion_rusak/src/install/husarion_ugv_manager:/home/nfl/husarion_rusak/src/install/husarion_ugv_controller:/home/nfl/husarion_rusak/src/install/husarion_ugv_localization:/home/nfl/husarion_rusak/src/install/husarion_ugv_lights:/home/nfl/husarion_rusak/src/install/husarion_ugv_description:/home/nfl/husarion_rusak/src/install/behaviortree_ros2:/home/nfl/husarion_rusak/src/install/ros_components_description:/home/nfl/husarion_rusak/src/install/mecanum_drive_controller:/home/nfl/husarion_rusak/src/install/husarion_ugv_utils:/home/nfl/husarion_rusak/src/install/husarion_ugv_msgs:/home/nfl/husarion_rusak/src/install/husarion_gz_worlds:/home/nfl/husarion_rusak/src/install/btcpp_ros2_interfaces:${AMENT_PREFIX_PATH} CMAKE_PREFIX_PATH=/home/nfl/husarion_rusak/src/install/husarion_ugv_manager:/home/nfl/husarion_rusak/src/install/husarion_ugv_controller:/home/nfl/husarion_rusak/src/install/husarion_ugv_localization:/home/nfl/husarion_rusak/src/install/husarion_ugv_lights:/home/nfl/husarion_rusak/src/install/husarion_ugv_description:/home/nfl/husarion_rusak/src/install/behaviortree_ros2:/home/nfl/husarion_rusak/src/install/ros_components_description:/home/nfl/husarion_rusak/src/install/mecanum_drive_controller:/home/nfl/husarion_rusak/src/install/husarion_ugv_utils:/home/nfl/husarion_rusak/src/install/husarion_ugv_msgs:/home/nfl/husarion_rusak/src/install/husarion_gz_worlds:/home/nfl/husarion_rusak/src/install/btcpp_ros2_interfaces:/opt/ros/jazzy/opt/gz_sim_vendor:/opt/ros/jazzy/opt/gz_sensors_vendor:/opt/ros/jazzy/opt/gz_physics_vendor:/opt/ros/jazzy/opt/sdformat_vendor:/opt/ros/jazzy/opt/gz_gui_vendor:/opt/ros/jazzy/opt/gz_transport_vendor:/opt/ros/jazzy/opt/gz_rendering_vendor:/opt/ros/jazzy/opt/gz_plugin_vendor:/opt/ros/jazzy/opt/gz_fuel_tools_vendor:/opt/ros/jazzy/opt/gz_msgs_vendor:/opt/ros/jazzy/opt/gz_common_vendor:/opt/ros/jazzy/opt/gz_math_vendor:/opt/ros/jazzy/opt/gz_utils_vendor:/opt/ros/jazzy/opt/gz_tools_vendor:/opt/ros/jazzy/opt/gz_ogre_next_vendor:/opt/ros/jazzy/opt/gz_dartsim_vendor:/opt/ros/jazzy/opt/gz_cmake_vendor:/opt/ros/jazzy DEBUGINFOD_URLS=https://debuginfod.ubuntu.com GAZEBO_MODEL_PATH=/home/nfl/husarion_rusak/src/install/husarion_ugv_description/share:/home/nfl/husarion_rusak/src/install/ros_components_description/share:/home/nfl/husarion_rusak/src/install/husarion_gz_worlds/share/husarion_gz_worlds/models:${GAZEBO_MODEL_PATH} GZ_SIM_RESOURCE_PATH=/home/nfl/husarion_rusak/src/install/husarion_ugv_description/share:/opt/ros/jazzy/share:/home/nfl/husarion_rusak/src/install/ros_components_description/share:/home/nfl/husarion_rusak/src/install/husarion_gz_worlds/share/husarion_gz_worlds/models IGN_GAZEBO_RESOURCE_PATH=/home/nfl/husarion_rusak/src/install/husarion_ugv_description/share:/home/nfl/husarion_rusak/src/install/husarion_gz_worlds/share/husarion_gz_worlds/models:${IGN_GAZEBO_RESOURCE_PATH} LD_LIBRARY_PATH=/home/nfl/husarion_rusak/src/install/husarion_ugv_manager/lib:/home/nfl/husarion_rusak/src/install/husarion_ugv_lights/lib:/home/nfl/husarion_rusak/src/install/behaviortree_ros2/lib:/home/nfl/husarion_rusak/src/install/mecanum_drive_controller/lib:/home/nfl/husarion_rusak/src/install/husarion_ugv_msgs/lib:/home/nfl/husarion_rusak/src/install/btcpp_ros2_interfaces/lib:/opt/ros/jazzy/opt/gz_sim_vendor/lib:/opt/ros/jazzy/opt/gz_sensors_vendor/lib:/opt/ros/jazzy/opt/gz_physics_vendor/lib:/opt/ros/jazzy/opt/sdformat_vendor/lib:/opt/ros/jazzy/opt/rviz_ogre_vendor/lib:/opt/ros/jazzy/lib/x86_64-linux-gnu:/opt/ros/jazzy/opt/libphidget22/lib:/opt/ros/jazzy/opt/gz_gui_vendor/lib:/opt/ros/jazzy/opt/gz_transport_vendor/lib:/opt/ros/jazzy/opt/gz_rendering_vendor/lib:/opt/ros/jazzy/opt/gz_plugin_vendor/lib:/opt/ros/jazzy/opt/gz_fuel_tools_vendor/lib:/opt/ros/jazzy/opt/gz_msgs_vendor/lib:/opt/ros/jazzy/opt/gz_common_vendor/lib:/opt/ros/jazzy/opt/gz_math_vendor/lib:/opt/ros/jazzy/opt/gz_utils_vendor/lib:/opt/ros/jazzy/opt/gz_tools_vendor/lib:/opt/ros/jazzy/opt/gz_ogre_next_vendor/lib:/opt/ros/jazzy/opt/gz_dartsim_vendor/lib:/opt/ros/jazzy/opt/gz_cmake_vendor/lib:/opt/ros/jazzy/lib:/usr/local/lib PYTHONPATH=/home/nfl/husarion_rusak/src/install/husarion_ugv_utils/lib/python3.12/site-packages:/home/nfl/husarion_rusak/src/install/husarion_ugv_msgs/lib/python3.12/site-packages:/home/nfl/husarion_rusak/src/install/btcpp_ros2_interfaces/lib/python3.12/site-packages:${PYTHONPATH} /usr/bin/cmake --install /home/nfl/husarion_rusak/src/build/husarion_ugv_gazebo
[13.162s] -- Install configuration: "Release"
[13.162s] -- Execute custom install script
[13.163s] -- Symlinking: /home/nfl/husarion_rusak/src/install/husarion_ugv_gazebo/include/husarion_ugv_gazebo/husarion_ugv_gazebo/estop_system.hpp
[13.171s] -- Symlinking: /home/nfl/husarion_rusak/src/install/husarion_ugv_gazebo/include/husarion_ugv_gazebo/husarion_ugv_gazebo/gui/e_stop.hpp
[13.179s] -- Symlinking: /home/nfl/husarion_rusak/src/install/husarion_ugv_gazebo/include/husarion_ugv_gazebo/husarion_ugv_gazebo/gui/minimap.hpp
[13.187s] -- Symlinking: /home/nfl/husarion_rusak/src/install/husarion_ugv_gazebo/include/husarion_ugv_gazebo/husarion_ugv_gazebo/led_strip.hpp
[13.195s] -- Symlinking: /home/nfl/husarion_rusak/src/install/husarion_ugv_gazebo/include/husarion_ugv_gazebo/husarion_ugv_gazebo/minimap.hpp
[13.203s] -- Symlinking: /home/nfl/husarion_rusak/src/install/husarion_ugv_gazebo/share/husarion_ugv_gazebo/config/battery_plugin.yaml
[13.211s] -- Symlinking: /home/nfl/husarion_rusak/src/install/husarion_ugv_gazebo/share/husarion_ugv_gazebo/config/gz_bridge.yaml
[13.219s] -- Symlinking: /home/nfl/husarion_rusak/src/install/husarion_ugv_gazebo/share/husarion_ugv_gazebo/config/robot_bridge.yaml
[13.227s] -- Symlinking: /home/nfl/husarion_rusak/src/install/husarion_ugv_gazebo/share/husarion_ugv_gazebo/config/teleop_with_estop.config
[13.235s] -- Symlinking: /home/nfl/husarion_rusak/src/install/husarion_ugv_gazebo/share/husarion_ugv_gazebo/launch/simulate_robot.launch.py
[13.244s] -- Symlinking: /home/nfl/husarion_rusak/src/install/husarion_ugv_gazebo/share/husarion_ugv_gazebo/launch/simulation.launch.py
[13.253s] -- Symlinking: /home/nfl/husarion_rusak/src/install/husarion_ugv_gazebo/share/husarion_ugv_gazebo/launch/spawn_robot.launch.py
[13.262s] -- Symlinking: /home/nfl/husarion_rusak/src/install/husarion_ugv_gazebo/lib/husarion_ugv_gazebo/libLEDStrip.so
[13.271s] -- Symlinking: /home/nfl/husarion_rusak/src/install/husarion_ugv_gazebo/lib/husarion_ugv_gazebo/zone_marker_node
[13.280s] -- Symlinking: /home/nfl/husarion_rusak/src/install/husarion_ugv_gazebo/share/husarion_ugv_gazebo/environment/setup_envs.sh
[13.287s] -- Symlinking: /home/nfl/husarion_rusak/src/install/husarion_ugv_gazebo/share/husarion_ugv_gazebo/environment/library_path.sh
[13.295s] -- Symlinking: /home/nfl/husarion_rusak/src/install/husarion_ugv_gazebo/share/husarion_ugv_gazebo/environment/library_path.dsv
[13.303s] -- Symlinking: /home/nfl/husarion_rusak/src/install/husarion_ugv_gazebo/share/husarion_ugv_gazebo//plugins.xml
[13.312s] -- Symlinking: /home/nfl/husarion_rusak/src/install/husarion_ugv_gazebo/share/ament_index/resource_index/package_run_dependencies/husarion_ugv_gazebo
[13.322s] -- Symlinking: /home/nfl/husarion_rusak/src/install/husarion_ugv_gazebo/share/ament_index/resource_index/parent_prefix_path/husarion_ugv_gazebo
[13.330s] -- Symlinking: /home/nfl/husarion_rusak/src/install/husarion_ugv_gazebo/share/husarion_ugv_gazebo/environment/ament_prefix_path.sh
[13.338s] -- Symlinking: /home/nfl/husarion_rusak/src/install/husarion_ugv_gazebo/share/husarion_ugv_gazebo/environment/ament_prefix_path.dsv
[13.348s] -- Symlinking: /home/nfl/husarion_rusak/src/install/husarion_ugv_gazebo/share/husarion_ugv_gazebo/environment/path.sh
[13.356s] -- Symlinking: /home/nfl/husarion_rusak/src/install/husarion_ugv_gazebo/share/husarion_ugv_gazebo/environment/path.dsv
[13.364s] -- Symlinking: /home/nfl/husarion_rusak/src/install/husarion_ugv_gazebo/share/husarion_ugv_gazebo/local_setup.bash
[13.373s] -- Symlinking: /home/nfl/husarion_rusak/src/install/husarion_ugv_gazebo/share/husarion_ugv_gazebo/local_setup.sh
[13.382s] -- Symlinking: /home/nfl/husarion_rusak/src/install/husarion_ugv_gazebo/share/husarion_ugv_gazebo/local_setup.zsh
[13.390s] -- Symlinking: /home/nfl/husarion_rusak/src/install/husarion_ugv_gazebo/share/husarion_ugv_gazebo/local_setup.dsv
[13.398s] -- Symlinking: /home/nfl/husarion_rusak/src/install/husarion_ugv_gazebo/share/husarion_ugv_gazebo/package.dsv
[13.406s] -- Symlinking: /home/nfl/husarion_rusak/src/install/husarion_ugv_gazebo/share/ament_index/resource_index/packages/husarion_ugv_gazebo
[13.415s] -- Symlinking: /home/nfl/husarion_rusak/src/install/husarion_ugv_gazebo/share/ament_index/resource_index/gz_ros2_control__pluginlib__plugin/husarion_ugv_gazebo
[13.423s] -- Symlinking: /home/nfl/husarion_rusak/src/install/husarion_ugv_gazebo/share/husarion_ugv_gazebo/cmake/ament_cmake_export_dependencies-extras.cmake
[13.432s] -- Symlinking: /home/nfl/husarion_rusak/src/install/husarion_ugv_gazebo/share/husarion_ugv_gazebo/cmake/ament_cmake_export_include_directories-extras.cmake
[13.440s] -- Symlinking: /home/nfl/husarion_rusak/src/install/husarion_ugv_gazebo/share/husarion_ugv_gazebo/cmake/ament_cmake_export_targets-extras.cmake
[13.449s] -- Symlinking: /home/nfl/husarion_rusak/src/install/husarion_ugv_gazebo/share/husarion_ugv_gazebo/cmake/husarion_ugv_gazeboConfig.cmake
[13.457s] -- Symlinking: /home/nfl/husarion_rusak/src/install/husarion_ugv_gazebo/share/husarion_ugv_gazebo/cmake/husarion_ugv_gazeboConfig-version.cmake
[13.466s] -- Symlinking: /home/nfl/husarion_rusak/src/install/husarion_ugv_gazebo/share/husarion_ugv_gazebo/package.xml
[13.473s] -- Installing: /home/nfl/husarion_rusak/src/install/husarion_ugv_gazebo/lib/libestop_system.so
[13.474s] -- Set non-toolchain portion of runtime path of "/home/nfl/husarion_rusak/src/install/husarion_ugv_gazebo/lib/libestop_system.so" to ""
[13.474s] -- Installing: /home/nfl/husarion_rusak/src/install/husarion_ugv_gazebo/lib/libEStop.so
[13.475s] -- Set non-toolchain portion of runtime path of "/home/nfl/husarion_rusak/src/install/husarion_ugv_gazebo/lib/libEStop.so" to ""
[13.475s] -- Installing: /home/nfl/husarion_rusak/src/install/husarion_ugv_gazebo/lib/libLEDStrip.so
[13.476s] -- Set non-toolchain portion of runtime path of "/home/nfl/husarion_rusak/src/install/husarion_ugv_gazebo/lib/libLEDStrip.so" to ""
[13.476s] -- Installing: /home/nfl/husarion_rusak/src/install/husarion_ugv_gazebo/share/husarion_ugv_gazebo/cmake/export_husarion_ugv_gazeboExport.cmake
[13.476s] -- Installing: /home/nfl/husarion_rusak/src/install/husarion_ugv_gazebo/share/husarion_ugv_gazebo/cmake/export_husarion_ugv_gazeboExport-release.cmake
[13.478s] Invoked command in '/home/nfl/husarion_rusak/src/build/husarion_ugv_gazebo' returned '0': AMENT_PREFIX_PATH=/home/nfl/husarion_rusak/src/install/husarion_ugv_manager:/home/nfl/husarion_rusak/src/install/husarion_ugv_controller:/home/nfl/husarion_rusak/src/install/husarion_ugv_localization:/home/nfl/husarion_rusak/src/install/husarion_ugv_lights:/home/nfl/husarion_rusak/src/install/husarion_ugv_description:/home/nfl/husarion_rusak/src/install/behaviortree_ros2:/home/nfl/husarion_rusak/src/install/ros_components_description:/home/nfl/husarion_rusak/src/install/mecanum_drive_controller:/home/nfl/husarion_rusak/src/install/husarion_ugv_utils:/home/nfl/husarion_rusak/src/install/husarion_ugv_msgs:/home/nfl/husarion_rusak/src/install/husarion_gz_worlds:/home/nfl/husarion_rusak/src/install/btcpp_ros2_interfaces:${AMENT_PREFIX_PATH} CMAKE_PREFIX_PATH=/home/nfl/husarion_rusak/src/install/husarion_ugv_manager:/home/nfl/husarion_rusak/src/install/husarion_ugv_controller:/home/nfl/husarion_rusak/src/install/husarion_ugv_localization:/home/nfl/husarion_rusak/src/install/husarion_ugv_lights:/home/nfl/husarion_rusak/src/install/husarion_ugv_description:/home/nfl/husarion_rusak/src/install/behaviortree_ros2:/home/nfl/husarion_rusak/src/install/ros_components_description:/home/nfl/husarion_rusak/src/install/mecanum_drive_controller:/home/nfl/husarion_rusak/src/install/husarion_ugv_utils:/home/nfl/husarion_rusak/src/install/husarion_ugv_msgs:/home/nfl/husarion_rusak/src/install/husarion_gz_worlds:/home/nfl/husarion_rusak/src/install/btcpp_ros2_interfaces:/opt/ros/jazzy/opt/gz_sim_vendor:/opt/ros/jazzy/opt/gz_sensors_vendor:/opt/ros/jazzy/opt/gz_physics_vendor:/opt/ros/jazzy/opt/sdformat_vendor:/opt/ros/jazzy/opt/gz_gui_vendor:/opt/ros/jazzy/opt/gz_transport_vendor:/opt/ros/jazzy/opt/gz_rendering_vendor:/opt/ros/jazzy/opt/gz_plugin_vendor:/opt/ros/jazzy/opt/gz_fuel_tools_vendor:/opt/ros/jazzy/opt/gz_msgs_vendor:/opt/ros/jazzy/opt/gz_common_vendor:/opt/ros/jazzy/opt/gz_math_vendor:/opt/ros/jazzy/opt/gz_utils_vendor:/opt/ros/jazzy/opt/gz_tools_vendor:/opt/ros/jazzy/opt/gz_ogre_next_vendor:/opt/ros/jazzy/opt/gz_dartsim_vendor:/opt/ros/jazzy/opt/gz_cmake_vendor:/opt/ros/jazzy DEBUGINFOD_URLS=https://debuginfod.ubuntu.com GAZEBO_MODEL_PATH=/home/nfl/husarion_rusak/src/install/husarion_ugv_description/share:/home/nfl/husarion_rusak/src/install/ros_components_description/share:/home/nfl/husarion_rusak/src/install/husarion_gz_worlds/share/husarion_gz_worlds/models:${GAZEBO_MODEL_PATH} GZ_SIM_RESOURCE_PATH=/home/nfl/husarion_rusak/src/install/husarion_ugv_description/share:/opt/ros/jazzy/share:/home/nfl/husarion_rusak/src/install/ros_components_description/share:/home/nfl/husarion_rusak/src/install/husarion_gz_worlds/share/husarion_gz_worlds/models IGN_GAZEBO_RESOURCE_PATH=/home/nfl/husarion_rusak/src/install/husarion_ugv_description/share:/home/nfl/husarion_rusak/src/install/husarion_gz_worlds/share/husarion_gz_worlds/models:${IGN_GAZEBO_RESOURCE_PATH} LD_LIBRARY_PATH=/home/nfl/husarion_rusak/src/install/husarion_ugv_manager/lib:/home/nfl/husarion_rusak/src/install/husarion_ugv_lights/lib:/home/nfl/husarion_rusak/src/install/behaviortree_ros2/lib:/home/nfl/husarion_rusak/src/install/mecanum_drive_controller/lib:/home/nfl/husarion_rusak/src/install/husarion_ugv_msgs/lib:/home/nfl/husarion_rusak/src/install/btcpp_ros2_interfaces/lib:/opt/ros/jazzy/opt/gz_sim_vendor/lib:/opt/ros/jazzy/opt/gz_sensors_vendor/lib:/opt/ros/jazzy/opt/gz_physics_vendor/lib:/opt/ros/jazzy/opt/sdformat_vendor/lib:/opt/ros/jazzy/opt/rviz_ogre_vendor/lib:/opt/ros/jazzy/lib/x86_64-linux-gnu:/opt/ros/jazzy/opt/libphidget22/lib:/opt/ros/jazzy/opt/gz_gui_vendor/lib:/opt/ros/jazzy/opt/gz_transport_vendor/lib:/opt/ros/jazzy/opt/gz_rendering_vendor/lib:/opt/ros/jazzy/opt/gz_plugin_vendor/lib:/opt/ros/jazzy/opt/gz_fuel_tools_vendor/lib:/opt/ros/jazzy/opt/gz_msgs_vendor/lib:/opt/ros/jazzy/opt/gz_common_vendor/lib:/opt/ros/jazzy/opt/gz_math_vendor/lib:/opt/ros/jazzy/opt/gz_utils_vendor/lib:/opt/ros/jazzy/opt/gz_tools_vendor/lib:/opt/ros/jazzy/opt/gz_ogre_next_vendor/lib:/opt/ros/jazzy/opt/gz_dartsim_vendor/lib:/opt/ros/jazzy/opt/gz_cmake_vendor/lib:/opt/ros/jazzy/lib:/usr/local/lib PYTHONPATH=/home/nfl/husarion_rusak/src/install/husarion_ugv_utils/lib/python3.12/site-packages:/home/nfl/husarion_rusak/src/install/husarion_ugv_msgs/lib/python3.12/site-packages:/home/nfl/husarion_rusak/src/install/btcpp_ros2_interfaces/lib/python3.12/site-packages:${PYTHONPATH} /usr/bin/cmake --install /home/nfl/husarion_rusak/src/build/husarion_ugv_gazebo
