-- The C compiler identification is GNU 13.3.0
-- The CXX compiler identification is GNU 13.3.0
-- Detecting C compiler ABI info
-- Detecting C compiler ABI info - done
-- Check for working C compiler: /usr/bin/cc - skipped
-- Detecting C compile features
-- Detecting C compile features - done
-- Detecting CXX compiler ABI info
-- Detecting CXX compiler ABI info - done
-- Check for working CXX compiler: /usr/bin/c++ - skipped
-- Detecting CXX compile features
-- Detecting CXX compile features - done
-- Found ament_cmake: 2.5.4 (/opt/ros/jazzy/share/ament_cmake/cmake)
-- Found Python3: /usr/bin/python3 (found version "3.12.3") found components: Interpreter 
-- Override CMake install command with custom implementation using symlinks instead of copying resources
-- Found builtin_interfaces: 2.0.2 (/opt/ros/jazzy/share/builtin_interfaces/cmake)
-- Found rosidl_generator_c: 4.6.5 (/opt/ros/jazzy/share/rosidl_generator_c/cmake)
-- Found rosidl_generator_cpp: 4.6.5 (/opt/ros/jazzy/share/rosidl_generator_cpp/cmake)
-- Using all available rosidl_typesupport_c: rosidl_typesupport_fastrtps_c;rosidl_typesupport_introspection_c
-- Using all available rosidl_typesupport_cpp: rosidl_typesupport_fastrtps_cpp;rosidl_typesupport_introspection_cpp
-- Found rosidl_default_generators: 1.6.0 (/opt/ros/jazzy/share/rosidl_default_generators/cmake)
-- Found rosidl_adapter: 4.6.5 (/opt/ros/jazzy/share/rosidl_adapter/cmake)
-- Found std_msgs: 5.3.6 (/opt/ros/jazzy/share/std_msgs/cmake)
-- Found geometry_msgs: 5.3.6 (/opt/ros/jazzy/share/geometry_msgs/cmake)
-- Found ament_cmake_ros: 0.12.0 (/opt/ros/jazzy/share/ament_cmake_ros/cmake)
-- Using all available rosidl_typesupport_c: rosidl_typesupport_fastrtps_c;rosidl_typesupport_introspection_c
-- Using all available rosidl_typesupport_cpp: rosidl_typesupport_fastrtps_cpp;rosidl_typesupport_introspection_cpp
-- Found python_cmake_module: 0.11.1 (/opt/ros/jazzy/share/python_cmake_module/cmake)
-- Found PythonExtra: /usr/bin/python3  
-- Found Python3: /usr/bin/python3 (found version "3.12.3") found components: Interpreter Development NumPy Development.Module Development.Embed 
-- Configuring done (3.1s)
-- Generating done (0.0s)
-- Build files have been written to: /home/nfl/husarion_rusak/src/build/husarion_ugv_msgs
[  1%] [34m[1mGenerating type hashes for ROS interfaces[0m
[  1%] Built target ament_cmake_python_symlink_husarion_ugv_msgs
running egg_info
creating husarion_ugv_msgs.egg-info
writing husarion_ugv_msgs.egg-info/PKG-INFO
writing dependency_links to husarion_ugv_msgs.egg-info/dependency_links.txt
writing top-level names to husarion_ugv_msgs.egg-info/top_level.txt
writing manifest file 'husarion_ugv_msgs.egg-info/SOURCES.txt'
reading manifest file 'husarion_ugv_msgs.egg-info/SOURCES.txt'
writing manifest file 'husarion_ugv_msgs.egg-info/SOURCES.txt'
[  1%] Built target ament_cmake_python_build_husarion_ugv_msgs_egg
[  1%] Built target husarion_ugv_msgs__rosidl_generator_type_description
[  1%] [34m[1mGenerating C code for ROS interfaces[0m
[  1%] [34m[1mGenerating C++ code for ROS interfaces[0m
[  1%] Built target husarion_ugv_msgs__cpp
[  2%] [32mBuilding C object CMakeFiles/husarion_ugv_msgs__rosidl_generator_c.dir/rosidl_generator_c/husarion_ugv_msgs/msg/detail/charging_status__description.c.o[0m
[  2%] [32mBuilding C object CMakeFiles/husarion_ugv_msgs__rosidl_generator_c.dir/rosidl_generator_c/husarion_ugv_msgs/msg/detail/charging_status__functions.c.o[0m
[  2%] [32mBuilding C object CMakeFiles/husarion_ugv_msgs__rosidl_generator_c.dir/rosidl_generator_c/husarion_ugv_msgs/msg/detail/driver_state__type_support.c.o[0m
[  2%] [32mBuilding C object CMakeFiles/husarion_ugv_msgs__rosidl_generator_c.dir/rosidl_generator_c/husarion_ugv_msgs/msg/detail/driver_state__description.c.o[0m
[  3%] [32mBuilding C object CMakeFiles/husarion_ugv_msgs__rosidl_generator_c.dir/rosidl_generator_c/husarion_ugv_msgs/msg/detail/driver_state__functions.c.o[0m
[  4%] [32mBuilding C object CMakeFiles/husarion_ugv_msgs__rosidl_generator_c.dir/rosidl_generator_c/husarion_ugv_msgs/msg/detail/charging_status__type_support.c.o[0m
[  3%] [32mBuilding C object CMakeFiles/husarion_ugv_msgs__rosidl_generator_c.dir/rosidl_generator_c/husarion_ugv_msgs/msg/detail/driver_state_named__functions.c.o[0m
[  5%] [32mBuilding C object CMakeFiles/husarion_ugv_msgs__rosidl_generator_c.dir/rosidl_generator_c/husarion_ugv_msgs/msg/detail/driver_state_named__description.c.o[0m
[  6%] [32mBuilding C object CMakeFiles/husarion_ugv_msgs__rosidl_generator_c.dir/rosidl_generator_c/husarion_ugv_msgs/msg/detail/driver_state_named__type_support.c.o[0m
[  7%] [32mBuilding C object CMakeFiles/husarion_ugv_msgs__rosidl_generator_c.dir/rosidl_generator_c/husarion_ugv_msgs/msg/detail/fault_flag__description.c.o[0m
[  7%] [32mBuilding C object CMakeFiles/husarion_ugv_msgs__rosidl_generator_c.dir/rosidl_generator_c/husarion_ugv_msgs/msg/detail/fault_flag__functions.c.o[0m
[  8%] [32mBuilding C object CMakeFiles/husarion_ugv_msgs__rosidl_generator_c.dir/rosidl_generator_c/husarion_ugv_msgs/msg/detail/fault_flag__type_support.c.o[0m
[  8%] [32mBuilding C object CMakeFiles/husarion_ugv_msgs__rosidl_generator_c.dir/rosidl_generator_c/husarion_ugv_msgs/msg/detail/io_state__type_support.c.o[0m
[  8%] [32mBuilding C object CMakeFiles/husarion_ugv_msgs__rosidl_generator_c.dir/rosidl_generator_c/husarion_ugv_msgs/msg/detail/io_state__description.c.o[0m
[  9%] [32mBuilding C object CMakeFiles/husarion_ugv_msgs__rosidl_generator_c.dir/rosidl_generator_c/husarion_ugv_msgs/msg/detail/io_state__functions.c.o[0m
[ 10%] [32mBuilding C object CMakeFiles/husarion_ugv_msgs__rosidl_generator_c.dir/rosidl_generator_c/husarion_ugv_msgs/msg/detail/led_animation__description.c.o[0m
[ 10%] [32mBuilding C object CMakeFiles/husarion_ugv_msgs__rosidl_generator_c.dir/rosidl_generator_c/husarion_ugv_msgs/msg/detail/led_animation__functions.c.o[0m
[ 11%] [32mBuilding C object CMakeFiles/husarion_ugv_msgs__rosidl_generator_c.dir/rosidl_generator_c/husarion_ugv_msgs/msg/detail/led_animation_queue__functions.c.o[0m
[ 11%] [32mBuilding C object CMakeFiles/husarion_ugv_msgs__rosidl_generator_c.dir/rosidl_generator_c/husarion_ugv_msgs/msg/detail/led_animation_queue__description.c.o[0m
[ 12%] [32mBuilding C object CMakeFiles/husarion_ugv_msgs__rosidl_generator_c.dir/rosidl_generator_c/husarion_ugv_msgs/msg/detail/led_animation__type_support.c.o[0m
[ 12%] [32mBuilding C object CMakeFiles/husarion_ugv_msgs__rosidl_generator_c.dir/rosidl_generator_c/husarion_ugv_msgs/msg/detail/led_image_animation__description.c.o[0m
[ 13%] [32mBuilding C object CMakeFiles/husarion_ugv_msgs__rosidl_generator_c.dir/rosidl_generator_c/husarion_ugv_msgs/msg/detail/led_image_animation__functions.c.o[0m
[ 13%] [32mBuilding C object CMakeFiles/husarion_ugv_msgs__rosidl_generator_c.dir/rosidl_generator_c/husarion_ugv_msgs/msg/detail/led_image_animation__type_support.c.o[0m
[ 14%] [32mBuilding C object CMakeFiles/husarion_ugv_msgs__rosidl_generator_c.dir/rosidl_generator_c/husarion_ugv_msgs/msg/detail/led_animation_queue__type_support.c.o[0m
[ 15%] [32mBuilding C object CMakeFiles/husarion_ugv_msgs__rosidl_generator_c.dir/rosidl_generator_c/husarion_ugv_msgs/msg/detail/robot_driver_state__description.c.o[0m
[ 16%] [32mBuilding C object CMakeFiles/husarion_ugv_msgs__rosidl_generator_c.dir/rosidl_generator_c/husarion_ugv_msgs/msg/detail/robot_driver_state__type_support.c.o[0m
[ 17%] [32mBuilding C object CMakeFiles/husarion_ugv_msgs__rosidl_generator_c.dir/rosidl_generator_c/husarion_ugv_msgs/msg/detail/runtime_error__functions.c.o[0m
[ 17%] [32mBuilding C object CMakeFiles/husarion_ugv_msgs__rosidl_generator_c.dir/rosidl_generator_c/husarion_ugv_msgs/msg/detail/runtime_error__description.c.o[0m
[ 17%] [32mBuilding C object CMakeFiles/husarion_ugv_msgs__rosidl_generator_c.dir/rosidl_generator_c/husarion_ugv_msgs/msg/detail/robot_driver_state__functions.c.o[0m
[ 17%] [32mBuilding C object CMakeFiles/husarion_ugv_msgs__rosidl_generator_c.dir/rosidl_generator_c/husarion_ugv_msgs/msg/detail/runtime_error__type_support.c.o[0m
[ 18%] [32mBuilding C object CMakeFiles/husarion_ugv_msgs__rosidl_generator_c.dir/rosidl_generator_c/husarion_ugv_msgs/msg/detail/script_flag__functions.c.o[0m
[ 19%] [32mBuilding C object CMakeFiles/husarion_ugv_msgs__rosidl_generator_c.dir/rosidl_generator_c/husarion_ugv_msgs/msg/detail/script_flag__description.c.o[0m
[ 19%] [32mBuilding C object CMakeFiles/husarion_ugv_msgs__rosidl_generator_c.dir/rosidl_generator_c/husarion_ugv_msgs/msg/detail/script_flag__type_support.c.o[0m
[ 20%] [32mBuilding C object CMakeFiles/husarion_ugv_msgs__rosidl_generator_c.dir/rosidl_generator_c/husarion_ugv_msgs/msg/detail/system_status__description.c.o[0m
[ 20%] [32mBuilding C object CMakeFiles/husarion_ugv_msgs__rosidl_generator_c.dir/rosidl_generator_c/husarion_ugv_msgs/msg/detail/system_status__functions.c.o[0m
[ 21%] [32mBuilding C object CMakeFiles/husarion_ugv_msgs__rosidl_generator_c.dir/rosidl_generator_c/husarion_ugv_msgs/msg/detail/system_status__type_support.c.o[0m
[ 22%] [32mBuilding C object CMakeFiles/husarion_ugv_msgs__rosidl_generator_c.dir/rosidl_generator_c/husarion_ugv_msgs/srv/detail/set_led_animation__functions.c.o[0m
[ 22%] [32mBuilding C object CMakeFiles/husarion_ugv_msgs__rosidl_generator_c.dir/rosidl_generator_c/husarion_ugv_msgs/srv/detail/set_led_animation__description.c.o[0m
[ 23%] [32mBuilding C object CMakeFiles/husarion_ugv_msgs__rosidl_generator_c.dir/rosidl_generator_c/husarion_ugv_msgs/srv/detail/set_led_brightness__description.c.o[0m
[ 23%] [32mBuilding C object CMakeFiles/husarion_ugv_msgs__rosidl_generator_c.dir/rosidl_generator_c/husarion_ugv_msgs/srv/detail/set_led_animation__type_support.c.o[0m
[ 23%] [32mBuilding C object CMakeFiles/husarion_ugv_msgs__rosidl_generator_c.dir/rosidl_generator_c/husarion_ugv_msgs/srv/detail/set_led_brightness__functions.c.o[0m
[ 24%] [32mBuilding C object CMakeFiles/husarion_ugv_msgs__rosidl_generator_c.dir/rosidl_generator_c/husarion_ugv_msgs/srv/detail/set_led_brightness__type_support.c.o[0m
[ 25%] [32mBuilding C object CMakeFiles/husarion_ugv_msgs__rosidl_generator_c.dir/rosidl_generator_c/husarion_ugv_msgs/srv/detail/set_led_image_animation__description.c.o[0m
[ 25%] [32mBuilding C object CMakeFiles/husarion_ugv_msgs__rosidl_generator_c.dir/rosidl_generator_c/husarion_ugv_msgs/srv/detail/set_led_image_animation__functions.c.o[0m
[ 26%] [32mBuilding C object CMakeFiles/husarion_ugv_msgs__rosidl_generator_c.dir/rosidl_generator_c/husarion_ugv_msgs/srv/detail/set_led_image_animation__type_support.c.o[0m
[ 26%] [32mBuilding C object CMakeFiles/husarion_ugv_msgs__rosidl_generator_c.dir/rosidl_generator_c/husarion_ugv_msgs/srv/detail/add_zone__description.c.o[0m
[ 27%] [32mBuilding C object CMakeFiles/husarion_ugv_msgs__rosidl_generator_c.dir/rosidl_generator_c/husarion_ugv_msgs/srv/detail/add_zone__functions.c.o[0m
[ 27%] [32mBuilding C object CMakeFiles/husarion_ugv_msgs__rosidl_generator_c.dir/rosidl_generator_c/husarion_ugv_msgs/srv/detail/add_zone__type_support.c.o[0m
[ 28%] [32m[1mLinking C shared library libhusarion_ugv_msgs__rosidl_generator_c.so[0m
[ 28%] Built target husarion_ugv_msgs__rosidl_generator_c
[ 29%] [34m[1mGenerating C++ type support dispatch for ROS interfaces[0m
[ 29%] [34m[1mGenerating C introspection for ROS interfaces[0m
[ 30%] [34m[1mGenerating C type support for eProsima Fast-RTPS[0m
[ 30%] [34m[1mGenerating C type support dispatch for ROS interfaces[0m
[ 31%] [34m[1mGenerating C++ introspection for ROS interfaces[0m
[ 31%] [34m[1mGenerating C++ type support for eProsima Fast-RTPS[0m
[ 31%] [32mBuilding CXX object CMakeFiles/husarion_ugv_msgs__rosidl_typesupport_c.dir/rosidl_typesupport_c/husarion_ugv_msgs/msg/driver_state__type_support.cpp.o[0m
[ 31%] [32mBuilding CXX object CMakeFiles/husarion_ugv_msgs__rosidl_typesupport_c.dir/rosidl_typesupport_c/husarion_ugv_msgs/msg/led_animation__type_support.cpp.o[0m
[ 32%] [32mBuilding CXX object CMakeFiles/husarion_ugv_msgs__rosidl_typesupport_c.dir/rosidl_typesupport_c/husarion_ugv_msgs/msg/driver_state_named__type_support.cpp.o[0m
[ 33%] [32mBuilding CXX object CMakeFiles/husarion_ugv_msgs__rosidl_typesupport_c.dir/rosidl_typesupport_c/husarion_ugv_msgs/msg/io_state__type_support.cpp.o[0m
[ 34%] [32mBuilding CXX object CMakeFiles/husarion_ugv_msgs__rosidl_typesupport_c.dir/rosidl_typesupport_c/husarion_ugv_msgs/msg/charging_status__type_support.cpp.o[0m
[ 34%] [32mBuilding CXX object CMakeFiles/husarion_ugv_msgs__rosidl_typesupport_c.dir/rosidl_typesupport_c/husarion_ugv_msgs/msg/fault_flag__type_support.cpp.o[0m
[ 35%] [32mBuilding CXX object CMakeFiles/husarion_ugv_msgs__rosidl_typesupport_c.dir/rosidl_typesupport_c/husarion_ugv_msgs/msg/led_animation_queue__type_support.cpp.o[0m
[ 36%] [32mBuilding CXX object CMakeFiles/husarion_ugv_msgs__rosidl_typesupport_c.dir/rosidl_typesupport_c/husarion_ugv_msgs/msg/runtime_error__type_support.cpp.o[0m
[ 36%] [32mBuilding CXX object CMakeFiles/husarion_ugv_msgs__rosidl_typesupport_c.dir/rosidl_typesupport_c/husarion_ugv_msgs/msg/led_image_animation__type_support.cpp.o[0m
[ 37%] [32mBuilding CXX object CMakeFiles/husarion_ugv_msgs__rosidl_typesupport_c.dir/rosidl_typesupport_c/husarion_ugv_msgs/msg/robot_driver_state__type_support.cpp.o[0m
[ 37%] [32mBuilding CXX object CMakeFiles/husarion_ugv_msgs__rosidl_typesupport_c.dir/rosidl_typesupport_c/husarion_ugv_msgs/msg/script_flag__type_support.cpp.o[0m
[ 38%] [32mBuilding CXX object CMakeFiles/husarion_ugv_msgs__rosidl_typesupport_c.dir/rosidl_typesupport_c/husarion_ugv_msgs/msg/system_status__type_support.cpp.o[0m
[ 38%] [32mBuilding CXX object CMakeFiles/husarion_ugv_msgs__rosidl_typesupport_c.dir/rosidl_typesupport_c/husarion_ugv_msgs/srv/set_led_animation__type_support.cpp.o[0m
[ 38%] [32mBuilding CXX object CMakeFiles/husarion_ugv_msgs__rosidl_typesupport_c.dir/rosidl_typesupport_c/husarion_ugv_msgs/srv/set_led_image_animation__type_support.cpp.o[0m
[ 39%] [32mBuilding CXX object CMakeFiles/husarion_ugv_msgs__rosidl_typesupport_c.dir/rosidl_typesupport_c/husarion_ugv_msgs/srv/add_zone__type_support.cpp.o[0m
[ 40%] [32mBuilding CXX object CMakeFiles/husarion_ugv_msgs__rosidl_typesupport_c.dir/rosidl_typesupport_c/husarion_ugv_msgs/srv/set_led_brightness__type_support.cpp.o[0m
[ 40%] [32mBuilding CXX object CMakeFiles/husarion_ugv_msgs__rosidl_typesupport_cpp.dir/rosidl_typesupport_cpp/husarion_ugv_msgs/msg/charging_status__type_support.cpp.o[0m
[ 41%] [32mBuilding CXX object CMakeFiles/husarion_ugv_msgs__rosidl_typesupport_cpp.dir/rosidl_typesupport_cpp/husarion_ugv_msgs/msg/driver_state__type_support.cpp.o[0m
[ 42%] [32mBuilding CXX object CMakeFiles/husarion_ugv_msgs__rosidl_typesupport_cpp.dir/rosidl_typesupport_cpp/husarion_ugv_msgs/msg/driver_state_named__type_support.cpp.o[0m
[ 42%] [32mBuilding CXX object CMakeFiles/husarion_ugv_msgs__rosidl_typesupport_cpp.dir/rosidl_typesupport_cpp/husarion_ugv_msgs/msg/fault_flag__type_support.cpp.o[0m
[ 43%] [32mBuilding CXX object CMakeFiles/husarion_ugv_msgs__rosidl_typesupport_cpp.dir/rosidl_typesupport_cpp/husarion_ugv_msgs/msg/io_state__type_support.cpp.o[0m
[ 43%] [32m[1mLinking CXX shared library libhusarion_ugv_msgs__rosidl_typesupport_c.so[0m
[ 43%] [32mBuilding CXX object CMakeFiles/husarion_ugv_msgs__rosidl_typesupport_cpp.dir/rosidl_typesupport_cpp/husarion_ugv_msgs/msg/led_animation__type_support.cpp.o[0m
[ 44%] [32mBuilding CXX object CMakeFiles/husarion_ugv_msgs__rosidl_typesupport_cpp.dir/rosidl_typesupport_cpp/husarion_ugv_msgs/msg/led_animation_queue__type_support.cpp.o[0m
[ 45%] [32mBuilding CXX object CMakeFiles/husarion_ugv_msgs__rosidl_typesupport_cpp.dir/rosidl_typesupport_cpp/husarion_ugv_msgs/msg/robot_driver_state__type_support.cpp.o[0m
[ 45%] [32mBuilding CXX object CMakeFiles/husarion_ugv_msgs__rosidl_typesupport_cpp.dir/rosidl_typesupport_cpp/husarion_ugv_msgs/msg/led_image_animation__type_support.cpp.o[0m
[ 45%] [32mBuilding CXX object CMakeFiles/husarion_ugv_msgs__rosidl_typesupport_cpp.dir/rosidl_typesupport_cpp/husarion_ugv_msgs/msg/runtime_error__type_support.cpp.o[0m
[ 46%] [32mBuilding CXX object CMakeFiles/husarion_ugv_msgs__rosidl_typesupport_cpp.dir/rosidl_typesupport_cpp/husarion_ugv_msgs/msg/script_flag__type_support.cpp.o[0m
[ 46%] Built target husarion_ugv_msgs__rosidl_typesupport_c
[ 46%] [32mBuilding CXX object CMakeFiles/husarion_ugv_msgs__rosidl_typesupport_cpp.dir/rosidl_typesupport_cpp/husarion_ugv_msgs/msg/system_status__type_support.cpp.o[0m
[ 47%] [32mBuilding CXX object CMakeFiles/husarion_ugv_msgs__rosidl_typesupport_introspection_cpp.dir/rosidl_typesupport_introspection_cpp/husarion_ugv_msgs/msg/detail/charging_status__type_support.cpp.o[0m
[ 48%] [32mBuilding C object CMakeFiles/husarion_ugv_msgs__rosidl_typesupport_introspection_c.dir/rosidl_typesupport_introspection_c/husarion_ugv_msgs/msg/detail/charging_status__type_support.c.o[0m
[ 48%] [32mBuilding C object CMakeFiles/husarion_ugv_msgs__rosidl_typesupport_introspection_c.dir/rosidl_typesupport_introspection_c/husarion_ugv_msgs/msg/detail/driver_state__type_support.c.o[0m
[ 48%] [32mBuilding CXX object CMakeFiles/husarion_ugv_msgs__rosidl_typesupport_introspection_cpp.dir/rosidl_typesupport_introspection_cpp/husarion_ugv_msgs/msg/detail/driver_state__type_support.cpp.o[0m
[ 49%] [32mBuilding C object CMakeFiles/husarion_ugv_msgs__rosidl_typesupport_introspection_c.dir/rosidl_typesupport_introspection_c/husarion_ugv_msgs/msg/detail/driver_state_named__type_support.c.o[0m
[ 49%] [32mBuilding C object CMakeFiles/husarion_ugv_msgs__rosidl_typesupport_introspection_c.dir/rosidl_typesupport_introspection_c/husarion_ugv_msgs/msg/detail/fault_flag__type_support.c.o[0m
[ 50%] [32mBuilding CXX object CMakeFiles/husarion_ugv_msgs__rosidl_typesupport_cpp.dir/rosidl_typesupport_cpp/husarion_ugv_msgs/srv/set_led_animation__type_support.cpp.o[0m
[ 51%] [32mBuilding CXX object CMakeFiles/husarion_ugv_msgs__rosidl_typesupport_introspection_cpp.dir/rosidl_typesupport_introspection_cpp/husarion_ugv_msgs/msg/detail/driver_state_named__type_support.cpp.o[0m
[ 51%] [32mBuilding CXX object CMakeFiles/husarion_ugv_msgs__rosidl_typesupport_cpp.dir/rosidl_typesupport_cpp/husarion_ugv_msgs/srv/set_led_brightness__type_support.cpp.o[0m
[ 52%] [32mBuilding C object CMakeFiles/husarion_ugv_msgs__rosidl_typesupport_introspection_c.dir/rosidl_typesupport_introspection_c/husarion_ugv_msgs/msg/detail/io_state__type_support.c.o[0m
[ 52%] [32mBuilding CXX object CMakeFiles/husarion_ugv_msgs__rosidl_typesupport_introspection_cpp.dir/rosidl_typesupport_introspection_cpp/husarion_ugv_msgs/msg/detail/fault_flag__type_support.cpp.o[0m
[ 52%] [32mBuilding C object CMakeFiles/husarion_ugv_msgs__rosidl_typesupport_introspection_c.dir/rosidl_typesupport_introspection_c/husarion_ugv_msgs/msg/detail/led_animation__type_support.c.o[0m
[ 53%] [32mBuilding CXX object CMakeFiles/husarion_ugv_msgs__rosidl_typesupport_introspection_cpp.dir/rosidl_typesupport_introspection_cpp/husarion_ugv_msgs/msg/detail/io_state__type_support.cpp.o[0m
[ 53%] [32mBuilding CXX object CMakeFiles/husarion_ugv_msgs__rosidl_typesupport_introspection_cpp.dir/rosidl_typesupport_introspection_cpp/husarion_ugv_msgs/msg/detail/led_animation__type_support.cpp.o[0m
[ 54%] [32mBuilding CXX object CMakeFiles/husarion_ugv_msgs__rosidl_typesupport_introspection_cpp.dir/rosidl_typesupport_introspection_cpp/husarion_ugv_msgs/msg/detail/led_animation_queue__type_support.cpp.o[0m
[ 55%] [32mBuilding C object CMakeFiles/husarion_ugv_msgs__rosidl_typesupport_introspection_c.dir/rosidl_typesupport_introspection_c/husarion_ugv_msgs/msg/detail/led_animation_queue__type_support.c.o[0m
[ 55%] [32mBuilding CXX object CMakeFiles/husarion_ugv_msgs__rosidl_typesupport_introspection_cpp.dir/rosidl_typesupport_introspection_cpp/husarion_ugv_msgs/msg/detail/led_image_animation__type_support.cpp.o[0m
[ 56%] [32mBuilding C object CMakeFiles/husarion_ugv_msgs__rosidl_typesupport_introspection_c.dir/rosidl_typesupport_introspection_c/husarion_ugv_msgs/msg/detail/led_image_animation__type_support.c.o[0m
[ 57%] [32mBuilding CXX object CMakeFiles/husarion_ugv_msgs__rosidl_typesupport_cpp.dir/rosidl_typesupport_cpp/husarion_ugv_msgs/srv/set_led_image_animation__type_support.cpp.o[0m
[ 57%] [32mBuilding C object CMakeFiles/husarion_ugv_msgs__rosidl_typesupport_introspection_c.dir/rosidl_typesupport_introspection_c/husarion_ugv_msgs/msg/detail/robot_driver_state__type_support.c.o[0m
[ 57%] [32mBuilding CXX object CMakeFiles/husarion_ugv_msgs__rosidl_typesupport_introspection_cpp.dir/rosidl_typesupport_introspection_cpp/husarion_ugv_msgs/msg/detail/runtime_error__type_support.cpp.o[0m
[ 58%] [32mBuilding CXX object CMakeFiles/husarion_ugv_msgs__rosidl_typesupport_introspection_cpp.dir/rosidl_typesupport_introspection_cpp/husarion_ugv_msgs/msg/detail/robot_driver_state__type_support.cpp.o[0m
[ 59%] [32mBuilding CXX object CMakeFiles/husarion_ugv_msgs__rosidl_typesupport_introspection_cpp.dir/rosidl_typesupport_introspection_cpp/husarion_ugv_msgs/msg/detail/script_flag__type_support.cpp.o[0m
[ 60%] [32mBuilding C object CMakeFiles/husarion_ugv_msgs__rosidl_typesupport_introspection_c.dir/rosidl_typesupport_introspection_c/husarion_ugv_msgs/msg/detail/runtime_error__type_support.c.o[0m
[ 60%] [32mBuilding C object CMakeFiles/husarion_ugv_msgs__rosidl_typesupport_introspection_c.dir/rosidl_typesupport_introspection_c/husarion_ugv_msgs/msg/detail/script_flag__type_support.c.o[0m
[ 61%] [32mBuilding CXX object CMakeFiles/husarion_ugv_msgs__rosidl_typesupport_cpp.dir/rosidl_typesupport_cpp/husarion_ugv_msgs/srv/add_zone__type_support.cpp.o[0m
[ 62%] [32mBuilding C object CMakeFiles/husarion_ugv_msgs__rosidl_typesupport_introspection_c.dir/rosidl_typesupport_introspection_c/husarion_ugv_msgs/msg/detail/system_status__type_support.c.o[0m
[ 63%] [32mBuilding CXX object CMakeFiles/husarion_ugv_msgs__rosidl_typesupport_fastrtps_cpp.dir/rosidl_typesupport_fastrtps_cpp/husarion_ugv_msgs/msg/detail/dds_fastrtps/charging_status__type_support.cpp.o[0m
[ 64%] [32mBuilding CXX object CMakeFiles/husarion_ugv_msgs__rosidl_typesupport_fastrtps_cpp.dir/rosidl_typesupport_fastrtps_cpp/husarion_ugv_msgs/msg/detail/dds_fastrtps/driver_state__type_support.cpp.o[0m
[ 64%] [32mBuilding C object CMakeFiles/husarion_ugv_msgs__rosidl_typesupport_introspection_c.dir/rosidl_typesupport_introspection_c/husarion_ugv_msgs/srv/detail/set_led_animation__type_support.c.o[0m
[ 65%] [32mBuilding CXX object CMakeFiles/husarion_ugv_msgs__rosidl_typesupport_introspection_cpp.dir/rosidl_typesupport_introspection_cpp/husarion_ugv_msgs/msg/detail/system_status__type_support.cpp.o[0m
[ 65%] [32mBuilding CXX object CMakeFiles/husarion_ugv_msgs__rosidl_typesupport_fastrtps_cpp.dir/rosidl_typesupport_fastrtps_cpp/husarion_ugv_msgs/msg/detail/dds_fastrtps/driver_state_named__type_support.cpp.o[0m
[ 65%] [32mBuilding CXX object CMakeFiles/husarion_ugv_msgs__rosidl_typesupport_introspection_cpp.dir/rosidl_typesupport_introspection_cpp/husarion_ugv_msgs/srv/detail/set_led_animation__type_support.cpp.o[0m
[ 66%] [32mBuilding C object CMakeFiles/husarion_ugv_msgs__rosidl_typesupport_introspection_c.dir/rosidl_typesupport_introspection_c/husarion_ugv_msgs/srv/detail/set_led_brightness__type_support.c.o[0m
[ 67%] [32mBuilding CXX object CMakeFiles/husarion_ugv_msgs__rosidl_typesupport_introspection_cpp.dir/rosidl_typesupport_introspection_cpp/husarion_ugv_msgs/srv/detail/set_led_brightness__type_support.cpp.o[0m
[ 68%] [32mBuilding CXX object CMakeFiles/husarion_ugv_msgs__rosidl_typesupport_fastrtps_cpp.dir/rosidl_typesupport_fastrtps_cpp/husarion_ugv_msgs/msg/detail/dds_fastrtps/fault_flag__type_support.cpp.o[0m
[ 68%] [32mBuilding CXX object CMakeFiles/husarion_ugv_msgs__rosidl_typesupport_introspection_cpp.dir/rosidl_typesupport_introspection_cpp/husarion_ugv_msgs/srv/detail/set_led_image_animation__type_support.cpp.o[0m
[ 68%] [32mBuilding C object CMakeFiles/husarion_ugv_msgs__rosidl_typesupport_introspection_c.dir/rosidl_typesupport_introspection_c/husarion_ugv_msgs/srv/detail/set_led_image_animation__type_support.c.o[0m
[ 68%] [32mBuilding CXX object CMakeFiles/husarion_ugv_msgs__rosidl_typesupport_fastrtps_cpp.dir/rosidl_typesupport_fastrtps_cpp/husarion_ugv_msgs/msg/detail/dds_fastrtps/io_state__type_support.cpp.o[0m
[ 69%] [32mBuilding CXX object CMakeFiles/husarion_ugv_msgs__rosidl_typesupport_introspection_cpp.dir/rosidl_typesupport_introspection_cpp/husarion_ugv_msgs/srv/detail/add_zone__type_support.cpp.o[0m
[ 70%] [32mBuilding C object CMakeFiles/husarion_ugv_msgs__rosidl_typesupport_introspection_c.dir/rosidl_typesupport_introspection_c/husarion_ugv_msgs/srv/detail/add_zone__type_support.c.o[0m
[ 71%] [32mBuilding CXX object CMakeFiles/husarion_ugv_msgs__rosidl_typesupport_fastrtps_cpp.dir/rosidl_typesupport_fastrtps_cpp/husarion_ugv_msgs/msg/detail/dds_fastrtps/led_animation__type_support.cpp.o[0m
[ 71%] [32mBuilding CXX object CMakeFiles/husarion_ugv_msgs__rosidl_typesupport_fastrtps_cpp.dir/rosidl_typesupport_fastrtps_cpp/husarion_ugv_msgs/msg/detail/dds_fastrtps/led_animation_queue__type_support.cpp.o[0m
[ 71%] [32mBuilding CXX object CMakeFiles/husarion_ugv_msgs__rosidl_typesupport_fastrtps_c.dir/rosidl_typesupport_fastrtps_c/husarion_ugv_msgs/msg/detail/charging_status__type_support_c.cpp.o[0m
[ 71%] [32m[1mLinking C shared library libhusarion_ugv_msgs__rosidl_typesupport_introspection_c.so[0m
[ 72%] [32mBuilding CXX object CMakeFiles/husarion_ugv_msgs__rosidl_typesupport_fastrtps_c.dir/rosidl_typesupport_fastrtps_c/husarion_ugv_msgs/msg/detail/driver_state__type_support_c.cpp.o[0m
[ 72%] Built target husarion_ugv_msgs__rosidl_typesupport_introspection_c
[ 73%] [32mBuilding CXX object CMakeFiles/husarion_ugv_msgs__rosidl_typesupport_fastrtps_cpp.dir/rosidl_typesupport_fastrtps_cpp/husarion_ugv_msgs/msg/detail/dds_fastrtps/led_image_animation__type_support.cpp.o[0m
[ 73%] [32m[1mLinking CXX shared library libhusarion_ugv_msgs__rosidl_typesupport_cpp.so[0m
[ 73%] [32mBuilding CXX object CMakeFiles/husarion_ugv_msgs__rosidl_typesupport_fastrtps_c.dir/rosidl_typesupport_fastrtps_c/husarion_ugv_msgs/msg/detail/driver_state_named__type_support_c.cpp.o[0m
[ 73%] [32mBuilding CXX object CMakeFiles/husarion_ugv_msgs__rosidl_typesupport_fastrtps_cpp.dir/rosidl_typesupport_fastrtps_cpp/husarion_ugv_msgs/msg/detail/dds_fastrtps/robot_driver_state__type_support.cpp.o[0m
[ 73%] Built target husarion_ugv_msgs__rosidl_typesupport_cpp
[ 74%] [32mBuilding CXX object CMakeFiles/husarion_ugv_msgs__rosidl_typesupport_fastrtps_c.dir/rosidl_typesupport_fastrtps_c/husarion_ugv_msgs/msg/detail/fault_flag__type_support_c.cpp.o[0m
[ 74%] [32mBuilding CXX object CMakeFiles/husarion_ugv_msgs__rosidl_typesupport_fastrtps_c.dir/rosidl_typesupport_fastrtps_c/husarion_ugv_msgs/msg/detail/io_state__type_support_c.cpp.o[0m
[ 75%] [32mBuilding CXX object CMakeFiles/husarion_ugv_msgs__rosidl_typesupport_fastrtps_cpp.dir/rosidl_typesupport_fastrtps_cpp/husarion_ugv_msgs/msg/detail/dds_fastrtps/runtime_error__type_support.cpp.o[0m
[ 76%] [32mBuilding CXX object CMakeFiles/husarion_ugv_msgs__rosidl_typesupport_fastrtps_c.dir/rosidl_typesupport_fastrtps_c/husarion_ugv_msgs/msg/detail/led_animation__type_support_c.cpp.o[0m
[ 76%] [32mBuilding CXX object CMakeFiles/husarion_ugv_msgs__rosidl_typesupport_fastrtps_cpp.dir/rosidl_typesupport_fastrtps_cpp/husarion_ugv_msgs/msg/detail/dds_fastrtps/script_flag__type_support.cpp.o[0m
[ 77%] [32mBuilding CXX object CMakeFiles/husarion_ugv_msgs__rosidl_typesupport_fastrtps_cpp.dir/rosidl_typesupport_fastrtps_cpp/husarion_ugv_msgs/msg/detail/dds_fastrtps/system_status__type_support.cpp.o[0m
[ 77%] [32mBuilding CXX object CMakeFiles/husarion_ugv_msgs__rosidl_typesupport_fastrtps_c.dir/rosidl_typesupport_fastrtps_c/husarion_ugv_msgs/msg/detail/led_animation_queue__type_support_c.cpp.o[0m
[ 78%] [32mBuilding CXX object CMakeFiles/husarion_ugv_msgs__rosidl_typesupport_fastrtps_cpp.dir/rosidl_typesupport_fastrtps_cpp/husarion_ugv_msgs/srv/detail/dds_fastrtps/set_led_animation__type_support.cpp.o[0m
[ 79%] [32mBuilding CXX object CMakeFiles/husarion_ugv_msgs__rosidl_typesupport_fastrtps_c.dir/rosidl_typesupport_fastrtps_c/husarion_ugv_msgs/msg/detail/led_image_animation__type_support_c.cpp.o[0m
[ 79%] [32m[1mLinking CXX shared library libhusarion_ugv_msgs__rosidl_typesupport_introspection_cpp.so[0m
[ 79%] [32mBuilding CXX object CMakeFiles/husarion_ugv_msgs__rosidl_typesupport_fastrtps_cpp.dir/rosidl_typesupport_fastrtps_cpp/husarion_ugv_msgs/srv/detail/dds_fastrtps/set_led_brightness__type_support.cpp.o[0m
[ 80%] [32mBuilding CXX object CMakeFiles/husarion_ugv_msgs__rosidl_typesupport_fastrtps_cpp.dir/rosidl_typesupport_fastrtps_cpp/husarion_ugv_msgs/srv/detail/dds_fastrtps/set_led_image_animation__type_support.cpp.o[0m
[ 80%] [32mBuilding CXX object CMakeFiles/husarion_ugv_msgs__rosidl_typesupport_fastrtps_cpp.dir/rosidl_typesupport_fastrtps_cpp/husarion_ugv_msgs/srv/detail/dds_fastrtps/add_zone__type_support.cpp.o[0m
[ 80%] Built target husarion_ugv_msgs__rosidl_typesupport_introspection_cpp
[ 81%] [32mBuilding CXX object CMakeFiles/husarion_ugv_msgs__rosidl_typesupport_fastrtps_c.dir/rosidl_typesupport_fastrtps_c/husarion_ugv_msgs/msg/detail/robot_driver_state__type_support_c.cpp.o[0m
[ 81%] [32mBuilding CXX object CMakeFiles/husarion_ugv_msgs__rosidl_typesupport_fastrtps_c.dir/rosidl_typesupport_fastrtps_c/husarion_ugv_msgs/msg/detail/runtime_error__type_support_c.cpp.o[0m
[ 82%] [32mBuilding CXX object CMakeFiles/husarion_ugv_msgs__rosidl_typesupport_fastrtps_c.dir/rosidl_typesupport_fastrtps_c/husarion_ugv_msgs/msg/detail/script_flag__type_support_c.cpp.o[0m
[ 82%] [32mBuilding CXX object CMakeFiles/husarion_ugv_msgs__rosidl_typesupport_fastrtps_c.dir/rosidl_typesupport_fastrtps_c/husarion_ugv_msgs/msg/detail/system_status__type_support_c.cpp.o[0m
[ 83%] [32mBuilding CXX object CMakeFiles/husarion_ugv_msgs__rosidl_typesupport_fastrtps_c.dir/rosidl_typesupport_fastrtps_c/husarion_ugv_msgs/srv/detail/set_led_animation__type_support_c.cpp.o[0m
[ 83%] [32mBuilding CXX object CMakeFiles/husarion_ugv_msgs__rosidl_typesupport_fastrtps_c.dir/rosidl_typesupport_fastrtps_c/husarion_ugv_msgs/srv/detail/set_led_brightness__type_support_c.cpp.o[0m
[ 84%] [32mBuilding CXX object CMakeFiles/husarion_ugv_msgs__rosidl_typesupport_fastrtps_c.dir/rosidl_typesupport_fastrtps_c/husarion_ugv_msgs/srv/detail/set_led_image_animation__type_support_c.cpp.o[0m
[ 84%] [32mBuilding CXX object CMakeFiles/husarion_ugv_msgs__rosidl_typesupport_fastrtps_c.dir/rosidl_typesupport_fastrtps_c/husarion_ugv_msgs/srv/detail/add_zone__type_support_c.cpp.o[0m
[ 85%] [32m[1mLinking CXX shared library libhusarion_ugv_msgs__rosidl_typesupport_fastrtps_cpp.so[0m
[ 85%] Built target husarion_ugv_msgs__rosidl_typesupport_fastrtps_cpp
[ 86%] [32m[1mLinking CXX shared library libhusarion_ugv_msgs__rosidl_typesupport_fastrtps_c.so[0m
[ 86%] Built target husarion_ugv_msgs__rosidl_typesupport_fastrtps_c
[ 86%] Built target husarion_ugv_msgs
[ 87%] [34m[1mGenerating Python code for ROS interfaces[0m
[ 87%] Built target husarion_ugv_msgs__py
[ 89%] [32mBuilding C object CMakeFiles/husarion_ugv_msgs__rosidl_generator_py.dir/rosidl_generator_py/husarion_ugv_msgs/msg/_led_animation_s.c.o[0m
[ 89%] [32mBuilding C object CMakeFiles/husarion_ugv_msgs__rosidl_generator_py.dir/rosidl_generator_py/husarion_ugv_msgs/msg/_driver_state_s.c.o[0m
[ 89%] [32mBuilding C object CMakeFiles/husarion_ugv_msgs__rosidl_generator_py.dir/rosidl_generator_py/husarion_ugv_msgs/msg/_driver_state_named_s.c.o[0m
[ 91%] [32mBuilding C object CMakeFiles/husarion_ugv_msgs__rosidl_generator_py.dir/rosidl_generator_py/husarion_ugv_msgs/msg/_runtime_error_s.c.o[0m
[ 91%] [32mBuilding C object CMakeFiles/husarion_ugv_msgs__rosidl_generator_py.dir/rosidl_generator_py/husarion_ugv_msgs/msg/_io_state_s.c.o[0m
[ 93%] [32mBuilding C object CMakeFiles/husarion_ugv_msgs__rosidl_generator_py.dir/rosidl_generator_py/husarion_ugv_msgs/msg/_led_animation_queue_s.c.o[0m
[ 93%] [32mBuilding C object CMakeFiles/husarion_ugv_msgs__rosidl_generator_py.dir/rosidl_generator_py/husarion_ugv_msgs/msg/_robot_driver_state_s.c.o[0m
[ 93%] [32mBuilding C object CMakeFiles/husarion_ugv_msgs__rosidl_generator_py.dir/rosidl_generator_py/husarion_ugv_msgs/msg/_charging_status_s.c.o[0m
[ 91%] [32mBuilding C object CMakeFiles/husarion_ugv_msgs__rosidl_generator_py.dir/rosidl_generator_py/husarion_ugv_msgs/msg/_led_image_animation_s.c.o[0m
[ 93%] [32mBuilding C object CMakeFiles/husarion_ugv_msgs__rosidl_generator_py.dir/rosidl_generator_py/husarion_ugv_msgs/msg/_script_flag_s.c.o[0m
[ 93%] [32mBuilding C object CMakeFiles/husarion_ugv_msgs__rosidl_generator_py.dir/rosidl_generator_py/husarion_ugv_msgs/msg/_fault_flag_s.c.o[0m
[ 94%] [32mBuilding C object CMakeFiles/husarion_ugv_msgs__rosidl_generator_py.dir/rosidl_generator_py/husarion_ugv_msgs/srv/_set_led_animation_s.c.o[0m
[ 94%] [32mBuilding C object CMakeFiles/husarion_ugv_msgs__rosidl_generator_py.dir/rosidl_generator_py/husarion_ugv_msgs/msg/_system_status_s.c.o[0m
[ 94%] [32mBuilding C object CMakeFiles/husarion_ugv_msgs__rosidl_generator_py.dir/rosidl_generator_py/husarion_ugv_msgs/srv/_set_led_brightness_s.c.o[0m
[ 95%] [32mBuilding C object CMakeFiles/husarion_ugv_msgs__rosidl_generator_py.dir/rosidl_generator_py/husarion_ugv_msgs/srv/_set_led_image_animation_s.c.o[0m
[ 95%] [32mBuilding C object CMakeFiles/husarion_ugv_msgs__rosidl_generator_py.dir/rosidl_generator_py/husarion_ugv_msgs/srv/_add_zone_s.c.o[0m
[ 96%] [32m[1mLinking C shared library libhusarion_ugv_msgs__rosidl_generator_py.so[0m
[ 96%] Built target husarion_ugv_msgs__rosidl_generator_py
[ 97%] [32mBuilding C object CMakeFiles/husarion_ugv_msgs_s__rosidl_typesupport_introspection_c.dir/rosidl_generator_py/husarion_ugv_msgs/_husarion_ugv_msgs_s.ep.rosidl_typesupport_introspection_c.c.o[0m
[ 98%] [32mBuilding C object CMakeFiles/husarion_ugv_msgs_s__rosidl_typesupport_fastrtps_c.dir/rosidl_generator_py/husarion_ugv_msgs/_husarion_ugv_msgs_s.ep.rosidl_typesupport_fastrtps_c.c.o[0m
[ 99%] [32mBuilding C object CMakeFiles/husarion_ugv_msgs_s__rosidl_typesupport_c.dir/rosidl_generator_py/husarion_ugv_msgs/_husarion_ugv_msgs_s.ep.rosidl_typesupport_c.c.o[0m
[ 99%] [32m[1mLinking C shared module rosidl_generator_py/husarion_ugv_msgs/husarion_ugv_msgs_s__rosidl_typesupport_fastrtps_c.so[0m
[100%] [32m[1mLinking C shared module rosidl_generator_py/husarion_ugv_msgs/husarion_ugv_msgs_s__rosidl_typesupport_introspection_c.so[0m
[100%] [32m[1mLinking C shared module rosidl_generator_py/husarion_ugv_msgs/husarion_ugv_msgs_s__rosidl_typesupport_c.so[0m
[100%] Built target husarion_ugv_msgs_s__rosidl_typesupport_introspection_c
[100%] Built target husarion_ugv_msgs_s__rosidl_typesupport_fastrtps_c
[100%] Built target husarion_ugv_msgs_s__rosidl_typesupport_c
-- Install configuration: "Release"
-- Execute custom install script
-- Symlinking: /home/nfl/husarion_rusak/src/install/husarion_ugv_msgs/share/ament_index/resource_index/rosidl_interfaces/husarion_ugv_msgs
-- Symlinking: /home/nfl/husarion_rusak/src/install/husarion_ugv_msgs/share/husarion_ugv_msgs/msg/ChargingStatus.json
-- Symlinking: /home/nfl/husarion_rusak/src/install/husarion_ugv_msgs/share/husarion_ugv_msgs/msg/DriverState.json
-- Symlinking: /home/nfl/husarion_rusak/src/install/husarion_ugv_msgs/share/husarion_ugv_msgs/msg/DriverStateNamed.json
-- Symlinking: /home/nfl/husarion_rusak/src/install/husarion_ugv_msgs/share/husarion_ugv_msgs/msg/FaultFlag.json
-- Symlinking: /home/nfl/husarion_rusak/src/install/husarion_ugv_msgs/share/husarion_ugv_msgs/msg/IOState.json
-- Symlinking: /home/nfl/husarion_rusak/src/install/husarion_ugv_msgs/share/husarion_ugv_msgs/msg/LEDAnimation.json
-- Symlinking: /home/nfl/husarion_rusak/src/install/husarion_ugv_msgs/share/husarion_ugv_msgs/msg/LEDAnimationQueue.json
-- Symlinking: /home/nfl/husarion_rusak/src/install/husarion_ugv_msgs/share/husarion_ugv_msgs/msg/LEDImageAnimation.json
-- Symlinking: /home/nfl/husarion_rusak/src/install/husarion_ugv_msgs/share/husarion_ugv_msgs/msg/RobotDriverState.json
-- Symlinking: /home/nfl/husarion_rusak/src/install/husarion_ugv_msgs/share/husarion_ugv_msgs/msg/RuntimeError.json
-- Symlinking: /home/nfl/husarion_rusak/src/install/husarion_ugv_msgs/share/husarion_ugv_msgs/msg/ScriptFlag.json
-- Symlinking: /home/nfl/husarion_rusak/src/install/husarion_ugv_msgs/share/husarion_ugv_msgs/msg/SystemStatus.json
-- Symlinking: /home/nfl/husarion_rusak/src/install/husarion_ugv_msgs/share/husarion_ugv_msgs/srv/SetLEDAnimation.json
-- Symlinking: /home/nfl/husarion_rusak/src/install/husarion_ugv_msgs/share/husarion_ugv_msgs/srv/SetLEDBrightness.json
-- Symlinking: /home/nfl/husarion_rusak/src/install/husarion_ugv_msgs/share/husarion_ugv_msgs/srv/SetLEDImageAnimation.json
-- Symlinking: /home/nfl/husarion_rusak/src/install/husarion_ugv_msgs/share/husarion_ugv_msgs/srv/AddZone.json
-- Symlinking: /home/nfl/husarion_rusak/src/install/husarion_ugv_msgs/include/husarion_ugv_msgs/husarion_ugv_msgs/msg/charging_status.h
-- Symlinking: /home/nfl/husarion_rusak/src/install/husarion_ugv_msgs/include/husarion_ugv_msgs/husarion_ugv_msgs/msg/detail/charging_status__functions.h
-- Symlinking: /home/nfl/husarion_rusak/src/install/husarion_ugv_msgs/include/husarion_ugv_msgs/husarion_ugv_msgs/msg/detail/charging_status__struct.h
-- Symlinking: /home/nfl/husarion_rusak/src/install/husarion_ugv_msgs/include/husarion_ugv_msgs/husarion_ugv_msgs/msg/detail/charging_status__type_support.h
-- Symlinking: /home/nfl/husarion_rusak/src/install/husarion_ugv_msgs/include/husarion_ugv_msgs/husarion_ugv_msgs/msg/detail/driver_state__functions.h
-- Symlinking: /home/nfl/husarion_rusak/src/install/husarion_ugv_msgs/include/husarion_ugv_msgs/husarion_ugv_msgs/msg/detail/driver_state__struct.h
-- Symlinking: /home/nfl/husarion_rusak/src/install/husarion_ugv_msgs/include/husarion_ugv_msgs/husarion_ugv_msgs/msg/detail/driver_state__type_support.h
-- Symlinking: /home/nfl/husarion_rusak/src/install/husarion_ugv_msgs/include/husarion_ugv_msgs/husarion_ugv_msgs/msg/detail/driver_state_named__functions.h
-- Symlinking: /home/nfl/husarion_rusak/src/install/husarion_ugv_msgs/include/husarion_ugv_msgs/husarion_ugv_msgs/msg/detail/driver_state_named__struct.h
-- Symlinking: /home/nfl/husarion_rusak/src/install/husarion_ugv_msgs/include/husarion_ugv_msgs/husarion_ugv_msgs/msg/detail/driver_state_named__type_support.h
-- Symlinking: /home/nfl/husarion_rusak/src/install/husarion_ugv_msgs/include/husarion_ugv_msgs/husarion_ugv_msgs/msg/detail/fault_flag__functions.h
-- Symlinking: /home/nfl/husarion_rusak/src/install/husarion_ugv_msgs/include/husarion_ugv_msgs/husarion_ugv_msgs/msg/detail/fault_flag__struct.h
-- Symlinking: /home/nfl/husarion_rusak/src/install/husarion_ugv_msgs/include/husarion_ugv_msgs/husarion_ugv_msgs/msg/detail/fault_flag__type_support.h
-- Symlinking: /home/nfl/husarion_rusak/src/install/husarion_ugv_msgs/include/husarion_ugv_msgs/husarion_ugv_msgs/msg/detail/io_state__functions.h
-- Symlinking: /home/nfl/husarion_rusak/src/install/husarion_ugv_msgs/include/husarion_ugv_msgs/husarion_ugv_msgs/msg/detail/io_state__struct.h
-- Symlinking: /home/nfl/husarion_rusak/src/install/husarion_ugv_msgs/include/husarion_ugv_msgs/husarion_ugv_msgs/msg/detail/io_state__type_support.h
-- Symlinking: /home/nfl/husarion_rusak/src/install/husarion_ugv_msgs/include/husarion_ugv_msgs/husarion_ugv_msgs/msg/detail/led_animation__functions.h
-- Symlinking: /home/nfl/husarion_rusak/src/install/husarion_ugv_msgs/include/husarion_ugv_msgs/husarion_ugv_msgs/msg/detail/led_animation__struct.h
-- Symlinking: /home/nfl/husarion_rusak/src/install/husarion_ugv_msgs/include/husarion_ugv_msgs/husarion_ugv_msgs/msg/detail/led_animation__type_support.h
-- Symlinking: /home/nfl/husarion_rusak/src/install/husarion_ugv_msgs/include/husarion_ugv_msgs/husarion_ugv_msgs/msg/detail/led_animation_queue__functions.h
-- Symlinking: /home/nfl/husarion_rusak/src/install/husarion_ugv_msgs/include/husarion_ugv_msgs/husarion_ugv_msgs/msg/detail/led_animation_queue__struct.h
-- Symlinking: /home/nfl/husarion_rusak/src/install/husarion_ugv_msgs/include/husarion_ugv_msgs/husarion_ugv_msgs/msg/detail/led_animation_queue__type_support.h
-- Symlinking: /home/nfl/husarion_rusak/src/install/husarion_ugv_msgs/include/husarion_ugv_msgs/husarion_ugv_msgs/msg/detail/led_image_animation__functions.h
-- Symlinking: /home/nfl/husarion_rusak/src/install/husarion_ugv_msgs/include/husarion_ugv_msgs/husarion_ugv_msgs/msg/detail/led_image_animation__struct.h
-- Symlinking: /home/nfl/husarion_rusak/src/install/husarion_ugv_msgs/include/husarion_ugv_msgs/husarion_ugv_msgs/msg/detail/led_image_animation__type_support.h
-- Symlinking: /home/nfl/husarion_rusak/src/install/husarion_ugv_msgs/include/husarion_ugv_msgs/husarion_ugv_msgs/msg/detail/robot_driver_state__functions.h
-- Symlinking: /home/nfl/husarion_rusak/src/install/husarion_ugv_msgs/include/husarion_ugv_msgs/husarion_ugv_msgs/msg/detail/robot_driver_state__struct.h
-- Symlinking: /home/nfl/husarion_rusak/src/install/husarion_ugv_msgs/include/husarion_ugv_msgs/husarion_ugv_msgs/msg/detail/robot_driver_state__type_support.h
-- Symlinking: /home/nfl/husarion_rusak/src/install/husarion_ugv_msgs/include/husarion_ugv_msgs/husarion_ugv_msgs/msg/detail/runtime_error__functions.h
-- Symlinking: /home/nfl/husarion_rusak/src/install/husarion_ugv_msgs/include/husarion_ugv_msgs/husarion_ugv_msgs/msg/detail/runtime_error__struct.h
-- Symlinking: /home/nfl/husarion_rusak/src/install/husarion_ugv_msgs/include/husarion_ugv_msgs/husarion_ugv_msgs/msg/detail/runtime_error__type_support.h
-- Symlinking: /home/nfl/husarion_rusak/src/install/husarion_ugv_msgs/include/husarion_ugv_msgs/husarion_ugv_msgs/msg/detail/script_flag__functions.h
-- Symlinking: /home/nfl/husarion_rusak/src/install/husarion_ugv_msgs/include/husarion_ugv_msgs/husarion_ugv_msgs/msg/detail/script_flag__struct.h
-- Symlinking: /home/nfl/husarion_rusak/src/install/husarion_ugv_msgs/include/husarion_ugv_msgs/husarion_ugv_msgs/msg/detail/script_flag__type_support.h
-- Symlinking: /home/nfl/husarion_rusak/src/install/husarion_ugv_msgs/include/husarion_ugv_msgs/husarion_ugv_msgs/msg/detail/system_status__functions.h
-- Symlinking: /home/nfl/husarion_rusak/src/install/husarion_ugv_msgs/include/husarion_ugv_msgs/husarion_ugv_msgs/msg/detail/system_status__struct.h
-- Symlinking: /home/nfl/husarion_rusak/src/install/husarion_ugv_msgs/include/husarion_ugv_msgs/husarion_ugv_msgs/msg/detail/system_status__type_support.h
-- Symlinking: /home/nfl/husarion_rusak/src/install/husarion_ugv_msgs/include/husarion_ugv_msgs/husarion_ugv_msgs/msg/driver_state.h
-- Symlinking: /home/nfl/husarion_rusak/src/install/husarion_ugv_msgs/include/husarion_ugv_msgs/husarion_ugv_msgs/msg/driver_state_named.h
-- Symlinking: /home/nfl/husarion_rusak/src/install/husarion_ugv_msgs/include/husarion_ugv_msgs/husarion_ugv_msgs/msg/fault_flag.h
-- Symlinking: /home/nfl/husarion_rusak/src/install/husarion_ugv_msgs/include/husarion_ugv_msgs/husarion_ugv_msgs/msg/io_state.h
-- Symlinking: /home/nfl/husarion_rusak/src/install/husarion_ugv_msgs/include/husarion_ugv_msgs/husarion_ugv_msgs/msg/led_animation.h
-- Symlinking: /home/nfl/husarion_rusak/src/install/husarion_ugv_msgs/include/husarion_ugv_msgs/husarion_ugv_msgs/msg/led_animation_queue.h
-- Symlinking: /home/nfl/husarion_rusak/src/install/husarion_ugv_msgs/include/husarion_ugv_msgs/husarion_ugv_msgs/msg/led_image_animation.h
-- Symlinking: /home/nfl/husarion_rusak/src/install/husarion_ugv_msgs/include/husarion_ugv_msgs/husarion_ugv_msgs/msg/robot_driver_state.h
-- Symlinking: /home/nfl/husarion_rusak/src/install/husarion_ugv_msgs/include/husarion_ugv_msgs/husarion_ugv_msgs/msg/rosidl_generator_c__visibility_control.h
-- Symlinking: /home/nfl/husarion_rusak/src/install/husarion_ugv_msgs/include/husarion_ugv_msgs/husarion_ugv_msgs/msg/runtime_error.h
-- Symlinking: /home/nfl/husarion_rusak/src/install/husarion_ugv_msgs/include/husarion_ugv_msgs/husarion_ugv_msgs/msg/script_flag.h
-- Symlinking: /home/nfl/husarion_rusak/src/install/husarion_ugv_msgs/include/husarion_ugv_msgs/husarion_ugv_msgs/msg/system_status.h
-- Symlinking: /home/nfl/husarion_rusak/src/install/husarion_ugv_msgs/include/husarion_ugv_msgs/husarion_ugv_msgs/srv/add_zone.h
-- Symlinking: /home/nfl/husarion_rusak/src/install/husarion_ugv_msgs/include/husarion_ugv_msgs/husarion_ugv_msgs/srv/detail/add_zone__functions.h
-- Symlinking: /home/nfl/husarion_rusak/src/install/husarion_ugv_msgs/include/husarion_ugv_msgs/husarion_ugv_msgs/srv/detail/add_zone__struct.h
-- Symlinking: /home/nfl/husarion_rusak/src/install/husarion_ugv_msgs/include/husarion_ugv_msgs/husarion_ugv_msgs/srv/detail/add_zone__type_support.h
-- Symlinking: /home/nfl/husarion_rusak/src/install/husarion_ugv_msgs/include/husarion_ugv_msgs/husarion_ugv_msgs/srv/detail/set_led_animation__functions.h
-- Symlinking: /home/nfl/husarion_rusak/src/install/husarion_ugv_msgs/include/husarion_ugv_msgs/husarion_ugv_msgs/srv/detail/set_led_animation__struct.h
-- Symlinking: /home/nfl/husarion_rusak/src/install/husarion_ugv_msgs/include/husarion_ugv_msgs/husarion_ugv_msgs/srv/detail/set_led_animation__type_support.h
-- Symlinking: /home/nfl/husarion_rusak/src/install/husarion_ugv_msgs/include/husarion_ugv_msgs/husarion_ugv_msgs/srv/detail/set_led_brightness__functions.h
-- Symlinking: /home/nfl/husarion_rusak/src/install/husarion_ugv_msgs/include/husarion_ugv_msgs/husarion_ugv_msgs/srv/detail/set_led_brightness__struct.h
-- Symlinking: /home/nfl/husarion_rusak/src/install/husarion_ugv_msgs/include/husarion_ugv_msgs/husarion_ugv_msgs/srv/detail/set_led_brightness__type_support.h
-- Symlinking: /home/nfl/husarion_rusak/src/install/husarion_ugv_msgs/include/husarion_ugv_msgs/husarion_ugv_msgs/srv/detail/set_led_image_animation__functions.h
-- Symlinking: /home/nfl/husarion_rusak/src/install/husarion_ugv_msgs/include/husarion_ugv_msgs/husarion_ugv_msgs/srv/detail/set_led_image_animation__struct.h
-- Symlinking: /home/nfl/husarion_rusak/src/install/husarion_ugv_msgs/include/husarion_ugv_msgs/husarion_ugv_msgs/srv/detail/set_led_image_animation__type_support.h
-- Symlinking: /home/nfl/husarion_rusak/src/install/husarion_ugv_msgs/include/husarion_ugv_msgs/husarion_ugv_msgs/srv/set_led_animation.h
-- Symlinking: /home/nfl/husarion_rusak/src/install/husarion_ugv_msgs/include/husarion_ugv_msgs/husarion_ugv_msgs/srv/set_led_brightness.h
-- Symlinking: /home/nfl/husarion_rusak/src/install/husarion_ugv_msgs/include/husarion_ugv_msgs/husarion_ugv_msgs/srv/set_led_image_animation.h
-- Symlinking: /home/nfl/husarion_rusak/src/install/husarion_ugv_msgs/share/husarion_ugv_msgs/environment/library_path.sh
-- Symlinking: /home/nfl/husarion_rusak/src/install/husarion_ugv_msgs/share/husarion_ugv_msgs/environment/library_path.dsv
-- Symlinking: /home/nfl/husarion_rusak/src/install/husarion_ugv_msgs/include/husarion_ugv_msgs/husarion_ugv_msgs/msg/detail/charging_status__rosidl_typesupport_fastrtps_c.h
-- Symlinking: /home/nfl/husarion_rusak/src/install/husarion_ugv_msgs/include/husarion_ugv_msgs/husarion_ugv_msgs/msg/detail/driver_state__rosidl_typesupport_fastrtps_c.h
-- Symlinking: /home/nfl/husarion_rusak/src/install/husarion_ugv_msgs/include/husarion_ugv_msgs/husarion_ugv_msgs/msg/detail/driver_state_named__rosidl_typesupport_fastrtps_c.h
-- Symlinking: /home/nfl/husarion_rusak/src/install/husarion_ugv_msgs/include/husarion_ugv_msgs/husarion_ugv_msgs/msg/detail/fault_flag__rosidl_typesupport_fastrtps_c.h
-- Symlinking: /home/nfl/husarion_rusak/src/install/husarion_ugv_msgs/include/husarion_ugv_msgs/husarion_ugv_msgs/msg/detail/io_state__rosidl_typesupport_fastrtps_c.h
-- Symlinking: /home/nfl/husarion_rusak/src/install/husarion_ugv_msgs/include/husarion_ugv_msgs/husarion_ugv_msgs/msg/detail/led_animation__rosidl_typesupport_fastrtps_c.h
-- Symlinking: /home/nfl/husarion_rusak/src/install/husarion_ugv_msgs/include/husarion_ugv_msgs/husarion_ugv_msgs/msg/detail/led_animation_queue__rosidl_typesupport_fastrtps_c.h
-- Symlinking: /home/nfl/husarion_rusak/src/install/husarion_ugv_msgs/include/husarion_ugv_msgs/husarion_ugv_msgs/msg/detail/led_image_animation__rosidl_typesupport_fastrtps_c.h
-- Symlinking: /home/nfl/husarion_rusak/src/install/husarion_ugv_msgs/include/husarion_ugv_msgs/husarion_ugv_msgs/msg/detail/robot_driver_state__rosidl_typesupport_fastrtps_c.h
-- Symlinking: /home/nfl/husarion_rusak/src/install/husarion_ugv_msgs/include/husarion_ugv_msgs/husarion_ugv_msgs/msg/detail/runtime_error__rosidl_typesupport_fastrtps_c.h
-- Symlinking: /home/nfl/husarion_rusak/src/install/husarion_ugv_msgs/include/husarion_ugv_msgs/husarion_ugv_msgs/msg/detail/script_flag__rosidl_typesupport_fastrtps_c.h
-- Symlinking: /home/nfl/husarion_rusak/src/install/husarion_ugv_msgs/include/husarion_ugv_msgs/husarion_ugv_msgs/msg/detail/system_status__rosidl_typesupport_fastrtps_c.h
-- Symlinking: /home/nfl/husarion_rusak/src/install/husarion_ugv_msgs/include/husarion_ugv_msgs/husarion_ugv_msgs/msg/rosidl_typesupport_fastrtps_c__visibility_control.h
-- Symlinking: /home/nfl/husarion_rusak/src/install/husarion_ugv_msgs/include/husarion_ugv_msgs/husarion_ugv_msgs/srv/detail/add_zone__rosidl_typesupport_fastrtps_c.h
-- Symlinking: /home/nfl/husarion_rusak/src/install/husarion_ugv_msgs/include/husarion_ugv_msgs/husarion_ugv_msgs/srv/detail/set_led_animation__rosidl_typesupport_fastrtps_c.h
-- Symlinking: /home/nfl/husarion_rusak/src/install/husarion_ugv_msgs/include/husarion_ugv_msgs/husarion_ugv_msgs/srv/detail/set_led_brightness__rosidl_typesupport_fastrtps_c.h
-- Symlinking: /home/nfl/husarion_rusak/src/install/husarion_ugv_msgs/include/husarion_ugv_msgs/husarion_ugv_msgs/srv/detail/set_led_image_animation__rosidl_typesupport_fastrtps_c.h
-- Symlinking: /home/nfl/husarion_rusak/src/install/husarion_ugv_msgs/include/husarion_ugv_msgs/husarion_ugv_msgs/msg/charging_status.hpp
-- Symlinking: /home/nfl/husarion_rusak/src/install/husarion_ugv_msgs/include/husarion_ugv_msgs/husarion_ugv_msgs/msg/detail/charging_status__builder.hpp
-- Symlinking: /home/nfl/husarion_rusak/src/install/husarion_ugv_msgs/include/husarion_ugv_msgs/husarion_ugv_msgs/msg/detail/charging_status__struct.hpp
-- Symlinking: /home/nfl/husarion_rusak/src/install/husarion_ugv_msgs/include/husarion_ugv_msgs/husarion_ugv_msgs/msg/detail/charging_status__traits.hpp
-- Symlinking: /home/nfl/husarion_rusak/src/install/husarion_ugv_msgs/include/husarion_ugv_msgs/husarion_ugv_msgs/msg/detail/charging_status__type_support.hpp
-- Symlinking: /home/nfl/husarion_rusak/src/install/husarion_ugv_msgs/include/husarion_ugv_msgs/husarion_ugv_msgs/msg/detail/driver_state__builder.hpp
-- Symlinking: /home/nfl/husarion_rusak/src/install/husarion_ugv_msgs/include/husarion_ugv_msgs/husarion_ugv_msgs/msg/detail/driver_state__struct.hpp
-- Symlinking: /home/nfl/husarion_rusak/src/install/husarion_ugv_msgs/include/husarion_ugv_msgs/husarion_ugv_msgs/msg/detail/driver_state__traits.hpp
-- Symlinking: /home/nfl/husarion_rusak/src/install/husarion_ugv_msgs/include/husarion_ugv_msgs/husarion_ugv_msgs/msg/detail/driver_state__type_support.hpp
-- Symlinking: /home/nfl/husarion_rusak/src/install/husarion_ugv_msgs/include/husarion_ugv_msgs/husarion_ugv_msgs/msg/detail/driver_state_named__builder.hpp
-- Symlinking: /home/nfl/husarion_rusak/src/install/husarion_ugv_msgs/include/husarion_ugv_msgs/husarion_ugv_msgs/msg/detail/driver_state_named__struct.hpp
-- Symlinking: /home/nfl/husarion_rusak/src/install/husarion_ugv_msgs/include/husarion_ugv_msgs/husarion_ugv_msgs/msg/detail/driver_state_named__traits.hpp
-- Symlinking: /home/nfl/husarion_rusak/src/install/husarion_ugv_msgs/include/husarion_ugv_msgs/husarion_ugv_msgs/msg/detail/driver_state_named__type_support.hpp
-- Symlinking: /home/nfl/husarion_rusak/src/install/husarion_ugv_msgs/include/husarion_ugv_msgs/husarion_ugv_msgs/msg/detail/fault_flag__builder.hpp
-- Symlinking: /home/nfl/husarion_rusak/src/install/husarion_ugv_msgs/include/husarion_ugv_msgs/husarion_ugv_msgs/msg/detail/fault_flag__struct.hpp
-- Symlinking: /home/nfl/husarion_rusak/src/install/husarion_ugv_msgs/include/husarion_ugv_msgs/husarion_ugv_msgs/msg/detail/fault_flag__traits.hpp
-- Symlinking: /home/nfl/husarion_rusak/src/install/husarion_ugv_msgs/include/husarion_ugv_msgs/husarion_ugv_msgs/msg/detail/fault_flag__type_support.hpp
-- Symlinking: /home/nfl/husarion_rusak/src/install/husarion_ugv_msgs/include/husarion_ugv_msgs/husarion_ugv_msgs/msg/detail/io_state__builder.hpp
-- Symlinking: /home/nfl/husarion_rusak/src/install/husarion_ugv_msgs/include/husarion_ugv_msgs/husarion_ugv_msgs/msg/detail/io_state__struct.hpp
-- Symlinking: /home/nfl/husarion_rusak/src/install/husarion_ugv_msgs/include/husarion_ugv_msgs/husarion_ugv_msgs/msg/detail/io_state__traits.hpp
-- Symlinking: /home/nfl/husarion_rusak/src/install/husarion_ugv_msgs/include/husarion_ugv_msgs/husarion_ugv_msgs/msg/detail/io_state__type_support.hpp
-- Symlinking: /home/nfl/husarion_rusak/src/install/husarion_ugv_msgs/include/husarion_ugv_msgs/husarion_ugv_msgs/msg/detail/led_animation__builder.hpp
-- Symlinking: /home/nfl/husarion_rusak/src/install/husarion_ugv_msgs/include/husarion_ugv_msgs/husarion_ugv_msgs/msg/detail/led_animation__struct.hpp
-- Symlinking: /home/nfl/husarion_rusak/src/install/husarion_ugv_msgs/include/husarion_ugv_msgs/husarion_ugv_msgs/msg/detail/led_animation__traits.hpp
-- Symlinking: /home/nfl/husarion_rusak/src/install/husarion_ugv_msgs/include/husarion_ugv_msgs/husarion_ugv_msgs/msg/detail/led_animation__type_support.hpp
-- Symlinking: /home/nfl/husarion_rusak/src/install/husarion_ugv_msgs/include/husarion_ugv_msgs/husarion_ugv_msgs/msg/detail/led_animation_queue__builder.hpp
-- Symlinking: /home/nfl/husarion_rusak/src/install/husarion_ugv_msgs/include/husarion_ugv_msgs/husarion_ugv_msgs/msg/detail/led_animation_queue__struct.hpp
-- Symlinking: /home/nfl/husarion_rusak/src/install/husarion_ugv_msgs/include/husarion_ugv_msgs/husarion_ugv_msgs/msg/detail/led_animation_queue__traits.hpp
-- Symlinking: /home/nfl/husarion_rusak/src/install/husarion_ugv_msgs/include/husarion_ugv_msgs/husarion_ugv_msgs/msg/detail/led_animation_queue__type_support.hpp
-- Symlinking: /home/nfl/husarion_rusak/src/install/husarion_ugv_msgs/include/husarion_ugv_msgs/husarion_ugv_msgs/msg/detail/led_image_animation__builder.hpp
-- Symlinking: /home/nfl/husarion_rusak/src/install/husarion_ugv_msgs/include/husarion_ugv_msgs/husarion_ugv_msgs/msg/detail/led_image_animation__struct.hpp
-- Symlinking: /home/nfl/husarion_rusak/src/install/husarion_ugv_msgs/include/husarion_ugv_msgs/husarion_ugv_msgs/msg/detail/led_image_animation__traits.hpp
-- Symlinking: /home/nfl/husarion_rusak/src/install/husarion_ugv_msgs/include/husarion_ugv_msgs/husarion_ugv_msgs/msg/detail/led_image_animation__type_support.hpp
-- Symlinking: /home/nfl/husarion_rusak/src/install/husarion_ugv_msgs/include/husarion_ugv_msgs/husarion_ugv_msgs/msg/detail/robot_driver_state__builder.hpp
-- Symlinking: /home/nfl/husarion_rusak/src/install/husarion_ugv_msgs/include/husarion_ugv_msgs/husarion_ugv_msgs/msg/detail/robot_driver_state__struct.hpp
-- Symlinking: /home/nfl/husarion_rusak/src/install/husarion_ugv_msgs/include/husarion_ugv_msgs/husarion_ugv_msgs/msg/detail/robot_driver_state__traits.hpp
-- Symlinking: /home/nfl/husarion_rusak/src/install/husarion_ugv_msgs/include/husarion_ugv_msgs/husarion_ugv_msgs/msg/detail/robot_driver_state__type_support.hpp
-- Symlinking: /home/nfl/husarion_rusak/src/install/husarion_ugv_msgs/include/husarion_ugv_msgs/husarion_ugv_msgs/msg/detail/runtime_error__builder.hpp
-- Symlinking: /home/nfl/husarion_rusak/src/install/husarion_ugv_msgs/include/husarion_ugv_msgs/husarion_ugv_msgs/msg/detail/runtime_error__struct.hpp
-- Symlinking: /home/nfl/husarion_rusak/src/install/husarion_ugv_msgs/include/husarion_ugv_msgs/husarion_ugv_msgs/msg/detail/runtime_error__traits.hpp
-- Symlinking: /home/nfl/husarion_rusak/src/install/husarion_ugv_msgs/include/husarion_ugv_msgs/husarion_ugv_msgs/msg/detail/runtime_error__type_support.hpp
-- Symlinking: /home/nfl/husarion_rusak/src/install/husarion_ugv_msgs/include/husarion_ugv_msgs/husarion_ugv_msgs/msg/detail/script_flag__builder.hpp
-- Symlinking: /home/nfl/husarion_rusak/src/install/husarion_ugv_msgs/include/husarion_ugv_msgs/husarion_ugv_msgs/msg/detail/script_flag__struct.hpp
-- Symlinking: /home/nfl/husarion_rusak/src/install/husarion_ugv_msgs/include/husarion_ugv_msgs/husarion_ugv_msgs/msg/detail/script_flag__traits.hpp
-- Symlinking: /home/nfl/husarion_rusak/src/install/husarion_ugv_msgs/include/husarion_ugv_msgs/husarion_ugv_msgs/msg/detail/script_flag__type_support.hpp
-- Symlinking: /home/nfl/husarion_rusak/src/install/husarion_ugv_msgs/include/husarion_ugv_msgs/husarion_ugv_msgs/msg/detail/system_status__builder.hpp
-- Symlinking: /home/nfl/husarion_rusak/src/install/husarion_ugv_msgs/include/husarion_ugv_msgs/husarion_ugv_msgs/msg/detail/system_status__struct.hpp
-- Symlinking: /home/nfl/husarion_rusak/src/install/husarion_ugv_msgs/include/husarion_ugv_msgs/husarion_ugv_msgs/msg/detail/system_status__traits.hpp
-- Symlinking: /home/nfl/husarion_rusak/src/install/husarion_ugv_msgs/include/husarion_ugv_msgs/husarion_ugv_msgs/msg/detail/system_status__type_support.hpp
-- Symlinking: /home/nfl/husarion_rusak/src/install/husarion_ugv_msgs/include/husarion_ugv_msgs/husarion_ugv_msgs/msg/driver_state.hpp
-- Symlinking: /home/nfl/husarion_rusak/src/install/husarion_ugv_msgs/include/husarion_ugv_msgs/husarion_ugv_msgs/msg/driver_state_named.hpp
-- Symlinking: /home/nfl/husarion_rusak/src/install/husarion_ugv_msgs/include/husarion_ugv_msgs/husarion_ugv_msgs/msg/fault_flag.hpp
-- Symlinking: /home/nfl/husarion_rusak/src/install/husarion_ugv_msgs/include/husarion_ugv_msgs/husarion_ugv_msgs/msg/io_state.hpp
-- Symlinking: /home/nfl/husarion_rusak/src/install/husarion_ugv_msgs/include/husarion_ugv_msgs/husarion_ugv_msgs/msg/led_animation.hpp
-- Symlinking: /home/nfl/husarion_rusak/src/install/husarion_ugv_msgs/include/husarion_ugv_msgs/husarion_ugv_msgs/msg/led_animation_queue.hpp
-- Symlinking: /home/nfl/husarion_rusak/src/install/husarion_ugv_msgs/include/husarion_ugv_msgs/husarion_ugv_msgs/msg/led_image_animation.hpp
-- Symlinking: /home/nfl/husarion_rusak/src/install/husarion_ugv_msgs/include/husarion_ugv_msgs/husarion_ugv_msgs/msg/robot_driver_state.hpp
-- Symlinking: /home/nfl/husarion_rusak/src/install/husarion_ugv_msgs/include/husarion_ugv_msgs/husarion_ugv_msgs/msg/rosidl_generator_cpp__visibility_control.hpp
-- Symlinking: /home/nfl/husarion_rusak/src/install/husarion_ugv_msgs/include/husarion_ugv_msgs/husarion_ugv_msgs/msg/runtime_error.hpp
-- Symlinking: /home/nfl/husarion_rusak/src/install/husarion_ugv_msgs/include/husarion_ugv_msgs/husarion_ugv_msgs/msg/script_flag.hpp
-- Symlinking: /home/nfl/husarion_rusak/src/install/husarion_ugv_msgs/include/husarion_ugv_msgs/husarion_ugv_msgs/msg/system_status.hpp
-- Symlinking: /home/nfl/husarion_rusak/src/install/husarion_ugv_msgs/include/husarion_ugv_msgs/husarion_ugv_msgs/srv/add_zone.hpp
-- Symlinking: /home/nfl/husarion_rusak/src/install/husarion_ugv_msgs/include/husarion_ugv_msgs/husarion_ugv_msgs/srv/detail/add_zone__builder.hpp
-- Symlinking: /home/nfl/husarion_rusak/src/install/husarion_ugv_msgs/include/husarion_ugv_msgs/husarion_ugv_msgs/srv/detail/add_zone__struct.hpp
-- Symlinking: /home/nfl/husarion_rusak/src/install/husarion_ugv_msgs/include/husarion_ugv_msgs/husarion_ugv_msgs/srv/detail/add_zone__traits.hpp
-- Symlinking: /home/nfl/husarion_rusak/src/install/husarion_ugv_msgs/include/husarion_ugv_msgs/husarion_ugv_msgs/srv/detail/add_zone__type_support.hpp
-- Symlinking: /home/nfl/husarion_rusak/src/install/husarion_ugv_msgs/include/husarion_ugv_msgs/husarion_ugv_msgs/srv/detail/set_led_animation__builder.hpp
-- Symlinking: /home/nfl/husarion_rusak/src/install/husarion_ugv_msgs/include/husarion_ugv_msgs/husarion_ugv_msgs/srv/detail/set_led_animation__struct.hpp
-- Symlinking: /home/nfl/husarion_rusak/src/install/husarion_ugv_msgs/include/husarion_ugv_msgs/husarion_ugv_msgs/srv/detail/set_led_animation__traits.hpp
-- Symlinking: /home/nfl/husarion_rusak/src/install/husarion_ugv_msgs/include/husarion_ugv_msgs/husarion_ugv_msgs/srv/detail/set_led_animation__type_support.hpp
-- Symlinking: /home/nfl/husarion_rusak/src/install/husarion_ugv_msgs/include/husarion_ugv_msgs/husarion_ugv_msgs/srv/detail/set_led_brightness__builder.hpp
-- Symlinking: /home/nfl/husarion_rusak/src/install/husarion_ugv_msgs/include/husarion_ugv_msgs/husarion_ugv_msgs/srv/detail/set_led_brightness__struct.hpp
-- Symlinking: /home/nfl/husarion_rusak/src/install/husarion_ugv_msgs/include/husarion_ugv_msgs/husarion_ugv_msgs/srv/detail/set_led_brightness__traits.hpp
-- Symlinking: /home/nfl/husarion_rusak/src/install/husarion_ugv_msgs/include/husarion_ugv_msgs/husarion_ugv_msgs/srv/detail/set_led_brightness__type_support.hpp
-- Symlinking: /home/nfl/husarion_rusak/src/install/husarion_ugv_msgs/include/husarion_ugv_msgs/husarion_ugv_msgs/srv/detail/set_led_image_animation__builder.hpp
-- Symlinking: /home/nfl/husarion_rusak/src/install/husarion_ugv_msgs/include/husarion_ugv_msgs/husarion_ugv_msgs/srv/detail/set_led_image_animation__struct.hpp
-- Symlinking: /home/nfl/husarion_rusak/src/install/husarion_ugv_msgs/include/husarion_ugv_msgs/husarion_ugv_msgs/srv/detail/set_led_image_animation__traits.hpp
-- Symlinking: /home/nfl/husarion_rusak/src/install/husarion_ugv_msgs/include/husarion_ugv_msgs/husarion_ugv_msgs/srv/detail/set_led_image_animation__type_support.hpp
-- Symlinking: /home/nfl/husarion_rusak/src/install/husarion_ugv_msgs/include/husarion_ugv_msgs/husarion_ugv_msgs/srv/set_led_animation.hpp
-- Symlinking: /home/nfl/husarion_rusak/src/install/husarion_ugv_msgs/include/husarion_ugv_msgs/husarion_ugv_msgs/srv/set_led_brightness.hpp
-- Symlinking: /home/nfl/husarion_rusak/src/install/husarion_ugv_msgs/include/husarion_ugv_msgs/husarion_ugv_msgs/srv/set_led_image_animation.hpp
-- Symlinking: /home/nfl/husarion_rusak/src/install/husarion_ugv_msgs/include/husarion_ugv_msgs/husarion_ugv_msgs/msg/detail/charging_status__rosidl_typesupport_fastrtps_cpp.hpp
-- Symlinking: /home/nfl/husarion_rusak/src/install/husarion_ugv_msgs/include/husarion_ugv_msgs/husarion_ugv_msgs/msg/detail/driver_state__rosidl_typesupport_fastrtps_cpp.hpp
-- Symlinking: /home/nfl/husarion_rusak/src/install/husarion_ugv_msgs/include/husarion_ugv_msgs/husarion_ugv_msgs/msg/detail/driver_state_named__rosidl_typesupport_fastrtps_cpp.hpp
-- Symlinking: /home/nfl/husarion_rusak/src/install/husarion_ugv_msgs/include/husarion_ugv_msgs/husarion_ugv_msgs/msg/detail/fault_flag__rosidl_typesupport_fastrtps_cpp.hpp
-- Symlinking: /home/nfl/husarion_rusak/src/install/husarion_ugv_msgs/include/husarion_ugv_msgs/husarion_ugv_msgs/msg/detail/io_state__rosidl_typesupport_fastrtps_cpp.hpp
-- Symlinking: /home/nfl/husarion_rusak/src/install/husarion_ugv_msgs/include/husarion_ugv_msgs/husarion_ugv_msgs/msg/detail/led_animation__rosidl_typesupport_fastrtps_cpp.hpp
-- Symlinking: /home/nfl/husarion_rusak/src/install/husarion_ugv_msgs/include/husarion_ugv_msgs/husarion_ugv_msgs/msg/detail/led_animation_queue__rosidl_typesupport_fastrtps_cpp.hpp
-- Symlinking: /home/nfl/husarion_rusak/src/install/husarion_ugv_msgs/include/husarion_ugv_msgs/husarion_ugv_msgs/msg/detail/led_image_animation__rosidl_typesupport_fastrtps_cpp.hpp
-- Symlinking: /home/nfl/husarion_rusak/src/install/husarion_ugv_msgs/include/husarion_ugv_msgs/husarion_ugv_msgs/msg/detail/robot_driver_state__rosidl_typesupport_fastrtps_cpp.hpp
-- Symlinking: /home/nfl/husarion_rusak/src/install/husarion_ugv_msgs/include/husarion_ugv_msgs/husarion_ugv_msgs/msg/detail/runtime_error__rosidl_typesupport_fastrtps_cpp.hpp
-- Symlinking: /home/nfl/husarion_rusak/src/install/husarion_ugv_msgs/include/husarion_ugv_msgs/husarion_ugv_msgs/msg/detail/script_flag__rosidl_typesupport_fastrtps_cpp.hpp
-- Symlinking: /home/nfl/husarion_rusak/src/install/husarion_ugv_msgs/include/husarion_ugv_msgs/husarion_ugv_msgs/msg/detail/system_status__rosidl_typesupport_fastrtps_cpp.hpp
-- Symlinking: /home/nfl/husarion_rusak/src/install/husarion_ugv_msgs/include/husarion_ugv_msgs/husarion_ugv_msgs/msg/rosidl_typesupport_fastrtps_cpp__visibility_control.h
-- Symlinking: /home/nfl/husarion_rusak/src/install/husarion_ugv_msgs/include/husarion_ugv_msgs/husarion_ugv_msgs/srv/detail/add_zone__rosidl_typesupport_fastrtps_cpp.hpp
-- Symlinking: /home/nfl/husarion_rusak/src/install/husarion_ugv_msgs/include/husarion_ugv_msgs/husarion_ugv_msgs/srv/detail/set_led_animation__rosidl_typesupport_fastrtps_cpp.hpp
-- Symlinking: /home/nfl/husarion_rusak/src/install/husarion_ugv_msgs/include/husarion_ugv_msgs/husarion_ugv_msgs/srv/detail/set_led_brightness__rosidl_typesupport_fastrtps_cpp.hpp
-- Symlinking: /home/nfl/husarion_rusak/src/install/husarion_ugv_msgs/include/husarion_ugv_msgs/husarion_ugv_msgs/srv/detail/set_led_image_animation__rosidl_typesupport_fastrtps_cpp.hpp
-- Symlinking: /home/nfl/husarion_rusak/src/install/husarion_ugv_msgs/include/husarion_ugv_msgs/husarion_ugv_msgs/msg/detail/charging_status__rosidl_typesupport_introspection_c.h
-- Symlinking: /home/nfl/husarion_rusak/src/install/husarion_ugv_msgs/include/husarion_ugv_msgs/husarion_ugv_msgs/msg/detail/driver_state__rosidl_typesupport_introspection_c.h
-- Symlinking: /home/nfl/husarion_rusak/src/install/husarion_ugv_msgs/include/husarion_ugv_msgs/husarion_ugv_msgs/msg/detail/driver_state_named__rosidl_typesupport_introspection_c.h
-- Symlinking: /home/nfl/husarion_rusak/src/install/husarion_ugv_msgs/include/husarion_ugv_msgs/husarion_ugv_msgs/msg/detail/fault_flag__rosidl_typesupport_introspection_c.h
-- Symlinking: /home/nfl/husarion_rusak/src/install/husarion_ugv_msgs/include/husarion_ugv_msgs/husarion_ugv_msgs/msg/detail/io_state__rosidl_typesupport_introspection_c.h
-- Symlinking: /home/nfl/husarion_rusak/src/install/husarion_ugv_msgs/include/husarion_ugv_msgs/husarion_ugv_msgs/msg/detail/led_animation__rosidl_typesupport_introspection_c.h
-- Symlinking: /home/nfl/husarion_rusak/src/install/husarion_ugv_msgs/include/husarion_ugv_msgs/husarion_ugv_msgs/msg/detail/led_animation_queue__rosidl_typesupport_introspection_c.h
-- Symlinking: /home/nfl/husarion_rusak/src/install/husarion_ugv_msgs/include/husarion_ugv_msgs/husarion_ugv_msgs/msg/detail/led_image_animation__rosidl_typesupport_introspection_c.h
-- Symlinking: /home/nfl/husarion_rusak/src/install/husarion_ugv_msgs/include/husarion_ugv_msgs/husarion_ugv_msgs/msg/detail/robot_driver_state__rosidl_typesupport_introspection_c.h
-- Symlinking: /home/nfl/husarion_rusak/src/install/husarion_ugv_msgs/include/husarion_ugv_msgs/husarion_ugv_msgs/msg/detail/runtime_error__rosidl_typesupport_introspection_c.h
-- Symlinking: /home/nfl/husarion_rusak/src/install/husarion_ugv_msgs/include/husarion_ugv_msgs/husarion_ugv_msgs/msg/detail/script_flag__rosidl_typesupport_introspection_c.h
-- Symlinking: /home/nfl/husarion_rusak/src/install/husarion_ugv_msgs/include/husarion_ugv_msgs/husarion_ugv_msgs/msg/detail/system_status__rosidl_typesupport_introspection_c.h
-- Symlinking: /home/nfl/husarion_rusak/src/install/husarion_ugv_msgs/include/husarion_ugv_msgs/husarion_ugv_msgs/msg/rosidl_typesupport_introspection_c__visibility_control.h
-- Symlinking: /home/nfl/husarion_rusak/src/install/husarion_ugv_msgs/include/husarion_ugv_msgs/husarion_ugv_msgs/srv/detail/add_zone__rosidl_typesupport_introspection_c.h
-- Symlinking: /home/nfl/husarion_rusak/src/install/husarion_ugv_msgs/include/husarion_ugv_msgs/husarion_ugv_msgs/srv/detail/set_led_animation__rosidl_typesupport_introspection_c.h
-- Symlinking: /home/nfl/husarion_rusak/src/install/husarion_ugv_msgs/include/husarion_ugv_msgs/husarion_ugv_msgs/srv/detail/set_led_brightness__rosidl_typesupport_introspection_c.h
-- Symlinking: /home/nfl/husarion_rusak/src/install/husarion_ugv_msgs/include/husarion_ugv_msgs/husarion_ugv_msgs/srv/detail/set_led_image_animation__rosidl_typesupport_introspection_c.h
-- Symlinking: /home/nfl/husarion_rusak/src/install/husarion_ugv_msgs/include/husarion_ugv_msgs/husarion_ugv_msgs/msg/detail/charging_status__rosidl_typesupport_introspection_cpp.hpp
-- Symlinking: /home/nfl/husarion_rusak/src/install/husarion_ugv_msgs/include/husarion_ugv_msgs/husarion_ugv_msgs/msg/detail/driver_state__rosidl_typesupport_introspection_cpp.hpp
-- Symlinking: /home/nfl/husarion_rusak/src/install/husarion_ugv_msgs/include/husarion_ugv_msgs/husarion_ugv_msgs/msg/detail/driver_state_named__rosidl_typesupport_introspection_cpp.hpp
-- Symlinking: /home/nfl/husarion_rusak/src/install/husarion_ugv_msgs/include/husarion_ugv_msgs/husarion_ugv_msgs/msg/detail/fault_flag__rosidl_typesupport_introspection_cpp.hpp
-- Symlinking: /home/nfl/husarion_rusak/src/install/husarion_ugv_msgs/include/husarion_ugv_msgs/husarion_ugv_msgs/msg/detail/io_state__rosidl_typesupport_introspection_cpp.hpp
-- Symlinking: /home/nfl/husarion_rusak/src/install/husarion_ugv_msgs/include/husarion_ugv_msgs/husarion_ugv_msgs/msg/detail/led_animation__rosidl_typesupport_introspection_cpp.hpp
-- Symlinking: /home/nfl/husarion_rusak/src/install/husarion_ugv_msgs/include/husarion_ugv_msgs/husarion_ugv_msgs/msg/detail/led_animation_queue__rosidl_typesupport_introspection_cpp.hpp
-- Symlinking: /home/nfl/husarion_rusak/src/install/husarion_ugv_msgs/include/husarion_ugv_msgs/husarion_ugv_msgs/msg/detail/led_image_animation__rosidl_typesupport_introspection_cpp.hpp
-- Symlinking: /home/nfl/husarion_rusak/src/install/husarion_ugv_msgs/include/husarion_ugv_msgs/husarion_ugv_msgs/msg/detail/robot_driver_state__rosidl_typesupport_introspection_cpp.hpp
-- Symlinking: /home/nfl/husarion_rusak/src/install/husarion_ugv_msgs/include/husarion_ugv_msgs/husarion_ugv_msgs/msg/detail/runtime_error__rosidl_typesupport_introspection_cpp.hpp
-- Symlinking: /home/nfl/husarion_rusak/src/install/husarion_ugv_msgs/include/husarion_ugv_msgs/husarion_ugv_msgs/msg/detail/script_flag__rosidl_typesupport_introspection_cpp.hpp
-- Symlinking: /home/nfl/husarion_rusak/src/install/husarion_ugv_msgs/include/husarion_ugv_msgs/husarion_ugv_msgs/msg/detail/system_status__rosidl_typesupport_introspection_cpp.hpp
-- Symlinking: /home/nfl/husarion_rusak/src/install/husarion_ugv_msgs/include/husarion_ugv_msgs/husarion_ugv_msgs/srv/detail/add_zone__rosidl_typesupport_introspection_cpp.hpp
-- Symlinking: /home/nfl/husarion_rusak/src/install/husarion_ugv_msgs/include/husarion_ugv_msgs/husarion_ugv_msgs/srv/detail/set_led_animation__rosidl_typesupport_introspection_cpp.hpp
-- Symlinking: /home/nfl/husarion_rusak/src/install/husarion_ugv_msgs/include/husarion_ugv_msgs/husarion_ugv_msgs/srv/detail/set_led_brightness__rosidl_typesupport_introspection_cpp.hpp
-- Symlinking: /home/nfl/husarion_rusak/src/install/husarion_ugv_msgs/include/husarion_ugv_msgs/husarion_ugv_msgs/srv/detail/set_led_image_animation__rosidl_typesupport_introspection_cpp.hpp
-- Symlinking: /home/nfl/husarion_rusak/src/install/husarion_ugv_msgs/share/husarion_ugv_msgs/environment/pythonpath.sh
-- Symlinking: /home/nfl/husarion_rusak/src/install/husarion_ugv_msgs/share/husarion_ugv_msgs/environment/pythonpath.dsv
-- Symlinking: /home/nfl/husarion_rusak/src/install/husarion_ugv_msgs/lib/python3.12/site-packages/husarion_ugv_msgs-2.3.0-py3.12.egg-info/PKG-INFO
-- Symlinking: /home/nfl/husarion_rusak/src/install/husarion_ugv_msgs/lib/python3.12/site-packages/husarion_ugv_msgs-2.3.0-py3.12.egg-info/SOURCES.txt
-- Symlinking: /home/nfl/husarion_rusak/src/install/husarion_ugv_msgs/lib/python3.12/site-packages/husarion_ugv_msgs-2.3.0-py3.12.egg-info/dependency_links.txt
-- Symlinking: /home/nfl/husarion_rusak/src/install/husarion_ugv_msgs/lib/python3.12/site-packages/husarion_ugv_msgs-2.3.0-py3.12.egg-info/top_level.txt
-- Symlinking: /home/nfl/husarion_rusak/src/install/husarion_ugv_msgs/lib/python3.12/site-packages/husarion_ugv_msgs/__init__.py
-- Symlinking: /home/nfl/husarion_rusak/src/install/husarion_ugv_msgs/lib/python3.12/site-packages/husarion_ugv_msgs/_husarion_ugv_msgs_s.ep.rosidl_typesupport_c.c
-- Symlinking: /home/nfl/husarion_rusak/src/install/husarion_ugv_msgs/lib/python3.12/site-packages/husarion_ugv_msgs/_husarion_ugv_msgs_s.ep.rosidl_typesupport_fastrtps_c.c
-- Symlinking: /home/nfl/husarion_rusak/src/install/husarion_ugv_msgs/lib/python3.12/site-packages/husarion_ugv_msgs/_husarion_ugv_msgs_s.ep.rosidl_typesupport_introspection_c.c
-- Symlinking: /home/nfl/husarion_rusak/src/install/husarion_ugv_msgs/lib/python3.12/site-packages/husarion_ugv_msgs/husarion_ugv_msgs_s__rosidl_typesupport_c.so
-- Symlinking: /home/nfl/husarion_rusak/src/install/husarion_ugv_msgs/lib/python3.12/site-packages/husarion_ugv_msgs/husarion_ugv_msgs_s__rosidl_typesupport_fastrtps_c.so
-- Symlinking: /home/nfl/husarion_rusak/src/install/husarion_ugv_msgs/lib/python3.12/site-packages/husarion_ugv_msgs/husarion_ugv_msgs_s__rosidl_typesupport_introspection_c.so
-- Symlinking: /home/nfl/husarion_rusak/src/install/husarion_ugv_msgs/lib/python3.12/site-packages/husarion_ugv_msgs/msg/__init__.py
-- Symlinking: /home/nfl/husarion_rusak/src/install/husarion_ugv_msgs/lib/python3.12/site-packages/husarion_ugv_msgs/msg/_charging_status.py
-- Symlinking: /home/nfl/husarion_rusak/src/install/husarion_ugv_msgs/lib/python3.12/site-packages/husarion_ugv_msgs/msg/_charging_status_s.c
-- Symlinking: /home/nfl/husarion_rusak/src/install/husarion_ugv_msgs/lib/python3.12/site-packages/husarion_ugv_msgs/msg/_driver_state.py
-- Symlinking: /home/nfl/husarion_rusak/src/install/husarion_ugv_msgs/lib/python3.12/site-packages/husarion_ugv_msgs/msg/_driver_state_named.py
-- Symlinking: /home/nfl/husarion_rusak/src/install/husarion_ugv_msgs/lib/python3.12/site-packages/husarion_ugv_msgs/msg/_driver_state_named_s.c
-- Symlinking: /home/nfl/husarion_rusak/src/install/husarion_ugv_msgs/lib/python3.12/site-packages/husarion_ugv_msgs/msg/_driver_state_s.c
-- Symlinking: /home/nfl/husarion_rusak/src/install/husarion_ugv_msgs/lib/python3.12/site-packages/husarion_ugv_msgs/msg/_fault_flag.py
-- Symlinking: /home/nfl/husarion_rusak/src/install/husarion_ugv_msgs/lib/python3.12/site-packages/husarion_ugv_msgs/msg/_fault_flag_s.c
-- Symlinking: /home/nfl/husarion_rusak/src/install/husarion_ugv_msgs/lib/python3.12/site-packages/husarion_ugv_msgs/msg/_io_state.py
-- Symlinking: /home/nfl/husarion_rusak/src/install/husarion_ugv_msgs/lib/python3.12/site-packages/husarion_ugv_msgs/msg/_io_state_s.c
-- Symlinking: /home/nfl/husarion_rusak/src/install/husarion_ugv_msgs/lib/python3.12/site-packages/husarion_ugv_msgs/msg/_led_animation.py
-- Symlinking: /home/nfl/husarion_rusak/src/install/husarion_ugv_msgs/lib/python3.12/site-packages/husarion_ugv_msgs/msg/_led_animation_queue.py
-- Symlinking: /home/nfl/husarion_rusak/src/install/husarion_ugv_msgs/lib/python3.12/site-packages/husarion_ugv_msgs/msg/_led_animation_queue_s.c
-- Symlinking: /home/nfl/husarion_rusak/src/install/husarion_ugv_msgs/lib/python3.12/site-packages/husarion_ugv_msgs/msg/_led_animation_s.c
-- Symlinking: /home/nfl/husarion_rusak/src/install/husarion_ugv_msgs/lib/python3.12/site-packages/husarion_ugv_msgs/msg/_led_image_animation.py
-- Symlinking: /home/nfl/husarion_rusak/src/install/husarion_ugv_msgs/lib/python3.12/site-packages/husarion_ugv_msgs/msg/_led_image_animation_s.c
-- Symlinking: /home/nfl/husarion_rusak/src/install/husarion_ugv_msgs/lib/python3.12/site-packages/husarion_ugv_msgs/msg/_robot_driver_state.py
-- Symlinking: /home/nfl/husarion_rusak/src/install/husarion_ugv_msgs/lib/python3.12/site-packages/husarion_ugv_msgs/msg/_robot_driver_state_s.c
-- Symlinking: /home/nfl/husarion_rusak/src/install/husarion_ugv_msgs/lib/python3.12/site-packages/husarion_ugv_msgs/msg/_runtime_error.py
-- Symlinking: /home/nfl/husarion_rusak/src/install/husarion_ugv_msgs/lib/python3.12/site-packages/husarion_ugv_msgs/msg/_runtime_error_s.c
-- Symlinking: /home/nfl/husarion_rusak/src/install/husarion_ugv_msgs/lib/python3.12/site-packages/husarion_ugv_msgs/msg/_script_flag.py
-- Symlinking: /home/nfl/husarion_rusak/src/install/husarion_ugv_msgs/lib/python3.12/site-packages/husarion_ugv_msgs/msg/_script_flag_s.c
-- Symlinking: /home/nfl/husarion_rusak/src/install/husarion_ugv_msgs/lib/python3.12/site-packages/husarion_ugv_msgs/msg/_system_status.py
-- Symlinking: /home/nfl/husarion_rusak/src/install/husarion_ugv_msgs/lib/python3.12/site-packages/husarion_ugv_msgs/msg/_system_status_s.c
-- Symlinking: /home/nfl/husarion_rusak/src/install/husarion_ugv_msgs/lib/python3.12/site-packages/husarion_ugv_msgs/srv/__init__.py
-- Symlinking: /home/nfl/husarion_rusak/src/install/husarion_ugv_msgs/lib/python3.12/site-packages/husarion_ugv_msgs/srv/_add_zone.py
-- Symlinking: /home/nfl/husarion_rusak/src/install/husarion_ugv_msgs/lib/python3.12/site-packages/husarion_ugv_msgs/srv/_add_zone_s.c
-- Symlinking: /home/nfl/husarion_rusak/src/install/husarion_ugv_msgs/lib/python3.12/site-packages/husarion_ugv_msgs/srv/_set_led_animation.py
-- Symlinking: /home/nfl/husarion_rusak/src/install/husarion_ugv_msgs/lib/python3.12/site-packages/husarion_ugv_msgs/srv/_set_led_animation_s.c
-- Symlinking: /home/nfl/husarion_rusak/src/install/husarion_ugv_msgs/lib/python3.12/site-packages/husarion_ugv_msgs/srv/_set_led_brightness.py
-- Symlinking: /home/nfl/husarion_rusak/src/install/husarion_ugv_msgs/lib/python3.12/site-packages/husarion_ugv_msgs/srv/_set_led_brightness_s.c
-- Symlinking: /home/nfl/husarion_rusak/src/install/husarion_ugv_msgs/lib/python3.12/site-packages/husarion_ugv_msgs/srv/_set_led_image_animation.py
-- Symlinking: /home/nfl/husarion_rusak/src/install/husarion_ugv_msgs/lib/python3.12/site-packages/husarion_ugv_msgs/srv/_set_led_image_animation_s.c
-- Up-to-date symlink: /home/nfl/husarion_rusak/src/install/husarion_ugv_msgs/lib/python3.12/site-packages/husarion_ugv_msgs/husarion_ugv_msgs_s__rosidl_typesupport_fastrtps_c.so
-- Up-to-date symlink: /home/nfl/husarion_rusak/src/install/husarion_ugv_msgs/lib/python3.12/site-packages/husarion_ugv_msgs/husarion_ugv_msgs_s__rosidl_typesupport_introspection_c.so
-- Up-to-date symlink: /home/nfl/husarion_rusak/src/install/husarion_ugv_msgs/lib/python3.12/site-packages/husarion_ugv_msgs/husarion_ugv_msgs_s__rosidl_typesupport_c.so
-- Symlinking: /home/nfl/husarion_rusak/src/install/husarion_ugv_msgs/share/husarion_ugv_msgs/msg/ChargingStatus.idl
-- Symlinking: /home/nfl/husarion_rusak/src/install/husarion_ugv_msgs/share/husarion_ugv_msgs/msg/DriverState.idl
-- Symlinking: /home/nfl/husarion_rusak/src/install/husarion_ugv_msgs/share/husarion_ugv_msgs/msg/DriverStateNamed.idl
-- Symlinking: /home/nfl/husarion_rusak/src/install/husarion_ugv_msgs/share/husarion_ugv_msgs/msg/FaultFlag.idl
-- Symlinking: /home/nfl/husarion_rusak/src/install/husarion_ugv_msgs/share/husarion_ugv_msgs/msg/IOState.idl
-- Symlinking: /home/nfl/husarion_rusak/src/install/husarion_ugv_msgs/share/husarion_ugv_msgs/msg/LEDAnimation.idl
-- Symlinking: /home/nfl/husarion_rusak/src/install/husarion_ugv_msgs/share/husarion_ugv_msgs/msg/LEDAnimationQueue.idl
-- Symlinking: /home/nfl/husarion_rusak/src/install/husarion_ugv_msgs/share/husarion_ugv_msgs/msg/LEDImageAnimation.idl
-- Symlinking: /home/nfl/husarion_rusak/src/install/husarion_ugv_msgs/share/husarion_ugv_msgs/msg/RobotDriverState.idl
-- Symlinking: /home/nfl/husarion_rusak/src/install/husarion_ugv_msgs/share/husarion_ugv_msgs/msg/RuntimeError.idl
-- Symlinking: /home/nfl/husarion_rusak/src/install/husarion_ugv_msgs/share/husarion_ugv_msgs/msg/ScriptFlag.idl
-- Symlinking: /home/nfl/husarion_rusak/src/install/husarion_ugv_msgs/share/husarion_ugv_msgs/msg/SystemStatus.idl
-- Symlinking: /home/nfl/husarion_rusak/src/install/husarion_ugv_msgs/share/husarion_ugv_msgs/srv/SetLEDAnimation.idl
-- Symlinking: /home/nfl/husarion_rusak/src/install/husarion_ugv_msgs/share/husarion_ugv_msgs/srv/SetLEDBrightness.idl
-- Symlinking: /home/nfl/husarion_rusak/src/install/husarion_ugv_msgs/share/husarion_ugv_msgs/srv/SetLEDImageAnimation.idl
-- Symlinking: /home/nfl/husarion_rusak/src/install/husarion_ugv_msgs/share/husarion_ugv_msgs/srv/AddZone.idl
-- Symlinking: /home/nfl/husarion_rusak/src/install/husarion_ugv_msgs/share/husarion_ugv_msgs/msg/ChargingStatus.msg
-- Symlinking: /home/nfl/husarion_rusak/src/install/husarion_ugv_msgs/share/husarion_ugv_msgs/msg/DriverState.msg
-- Symlinking: /home/nfl/husarion_rusak/src/install/husarion_ugv_msgs/share/husarion_ugv_msgs/msg/DriverStateNamed.msg
-- Symlinking: /home/nfl/husarion_rusak/src/install/husarion_ugv_msgs/share/husarion_ugv_msgs/msg/FaultFlag.msg
-- Symlinking: /home/nfl/husarion_rusak/src/install/husarion_ugv_msgs/share/husarion_ugv_msgs/msg/IOState.msg
-- Symlinking: /home/nfl/husarion_rusak/src/install/husarion_ugv_msgs/share/husarion_ugv_msgs/msg/LEDAnimation.msg
-- Symlinking: /home/nfl/husarion_rusak/src/install/husarion_ugv_msgs/share/husarion_ugv_msgs/msg/LEDAnimationQueue.msg
-- Symlinking: /home/nfl/husarion_rusak/src/install/husarion_ugv_msgs/share/husarion_ugv_msgs/msg/LEDImageAnimation.msg
-- Symlinking: /home/nfl/husarion_rusak/src/install/husarion_ugv_msgs/share/husarion_ugv_msgs/msg/RobotDriverState.msg
-- Symlinking: /home/nfl/husarion_rusak/src/install/husarion_ugv_msgs/share/husarion_ugv_msgs/msg/RuntimeError.msg
-- Symlinking: /home/nfl/husarion_rusak/src/install/husarion_ugv_msgs/share/husarion_ugv_msgs/msg/ScriptFlag.msg
-- Symlinking: /home/nfl/husarion_rusak/src/install/husarion_ugv_msgs/share/husarion_ugv_msgs/msg/SystemStatus.msg
-- Symlinking: /home/nfl/husarion_rusak/src/install/husarion_ugv_msgs/share/husarion_ugv_msgs/srv/SetLEDAnimation.srv
-- Symlinking: /home/nfl/husarion_rusak/src/install/husarion_ugv_msgs/share/husarion_ugv_msgs/srv/SetLEDBrightness.srv
-- Symlinking: /home/nfl/husarion_rusak/src/install/husarion_ugv_msgs/share/husarion_ugv_msgs/srv/SetLEDImageAnimation.srv
-- Symlinking: /home/nfl/husarion_rusak/src/install/husarion_ugv_msgs/share/husarion_ugv_msgs/srv/AddZone.srv
-- Symlinking: /home/nfl/husarion_rusak/src/install/husarion_ugv_msgs/share/ament_index/resource_index/package_run_dependencies/husarion_ugv_msgs
-- Symlinking: /home/nfl/husarion_rusak/src/install/husarion_ugv_msgs/share/ament_index/resource_index/parent_prefix_path/husarion_ugv_msgs
-- Symlinking: /home/nfl/husarion_rusak/src/install/husarion_ugv_msgs/share/husarion_ugv_msgs/environment/ament_prefix_path.sh
-- Symlinking: /home/nfl/husarion_rusak/src/install/husarion_ugv_msgs/share/husarion_ugv_msgs/environment/ament_prefix_path.dsv
-- Symlinking: /home/nfl/husarion_rusak/src/install/husarion_ugv_msgs/share/husarion_ugv_msgs/environment/path.sh
-- Symlinking: /home/nfl/husarion_rusak/src/install/husarion_ugv_msgs/share/husarion_ugv_msgs/environment/path.dsv
-- Symlinking: /home/nfl/husarion_rusak/src/install/husarion_ugv_msgs/share/husarion_ugv_msgs/local_setup.bash
-- Symlinking: /home/nfl/husarion_rusak/src/install/husarion_ugv_msgs/share/husarion_ugv_msgs/local_setup.sh
-- Symlinking: /home/nfl/husarion_rusak/src/install/husarion_ugv_msgs/share/husarion_ugv_msgs/local_setup.zsh
-- Symlinking: /home/nfl/husarion_rusak/src/install/husarion_ugv_msgs/share/husarion_ugv_msgs/local_setup.dsv
-- Symlinking: /home/nfl/husarion_rusak/src/install/husarion_ugv_msgs/share/husarion_ugv_msgs/package.dsv
-- Symlinking: /home/nfl/husarion_rusak/src/install/husarion_ugv_msgs/share/ament_index/resource_index/packages/husarion_ugv_msgs
-- Symlinking: /home/nfl/husarion_rusak/src/install/husarion_ugv_msgs/share/husarion_ugv_msgs/cmake/rosidl_cmake-extras.cmake
-- Symlinking: /home/nfl/husarion_rusak/src/install/husarion_ugv_msgs/share/husarion_ugv_msgs/cmake/ament_cmake_export_dependencies-extras.cmake
-- Symlinking: /home/nfl/husarion_rusak/src/install/husarion_ugv_msgs/share/husarion_ugv_msgs/cmake/ament_cmake_export_include_directories-extras.cmake
-- Symlinking: /home/nfl/husarion_rusak/src/install/husarion_ugv_msgs/share/husarion_ugv_msgs/cmake/ament_cmake_export_libraries-extras.cmake
-- Symlinking: /home/nfl/husarion_rusak/src/install/husarion_ugv_msgs/share/husarion_ugv_msgs/cmake/ament_cmake_export_targets-extras.cmake
-- Symlinking: /home/nfl/husarion_rusak/src/install/husarion_ugv_msgs/share/husarion_ugv_msgs/cmake/rosidl_cmake_export_typesupport_targets-extras.cmake
-- Symlinking: /home/nfl/husarion_rusak/src/install/husarion_ugv_msgs/share/husarion_ugv_msgs/cmake/rosidl_cmake_export_typesupport_libraries-extras.cmake
-- Symlinking: /home/nfl/husarion_rusak/src/install/husarion_ugv_msgs/share/husarion_ugv_msgs/cmake/husarion_ugv_msgsConfig.cmake
-- Symlinking: /home/nfl/husarion_rusak/src/install/husarion_ugv_msgs/share/husarion_ugv_msgs/cmake/husarion_ugv_msgsConfig-version.cmake
-- Symlinking: /home/nfl/husarion_rusak/src/install/husarion_ugv_msgs/share/husarion_ugv_msgs/package.xml
-- Installing: /home/nfl/husarion_rusak/src/install/husarion_ugv_msgs/lib/libhusarion_ugv_msgs__rosidl_generator_c.so
-- Set non-toolchain portion of runtime path of "/home/nfl/husarion_rusak/src/install/husarion_ugv_msgs/lib/libhusarion_ugv_msgs__rosidl_generator_c.so" to ""
-- Installing: /home/nfl/husarion_rusak/src/install/husarion_ugv_msgs/lib/libhusarion_ugv_msgs__rosidl_typesupport_fastrtps_c.so
-- Set non-toolchain portion of runtime path of "/home/nfl/husarion_rusak/src/install/husarion_ugv_msgs/lib/libhusarion_ugv_msgs__rosidl_typesupport_fastrtps_c.so" to ""
-- Installing: /home/nfl/husarion_rusak/src/install/husarion_ugv_msgs/lib/libhusarion_ugv_msgs__rosidl_typesupport_fastrtps_cpp.so
-- Set non-toolchain portion of runtime path of "/home/nfl/husarion_rusak/src/install/husarion_ugv_msgs/lib/libhusarion_ugv_msgs__rosidl_typesupport_fastrtps_cpp.so" to ""
-- Installing: /home/nfl/husarion_rusak/src/install/husarion_ugv_msgs/lib/libhusarion_ugv_msgs__rosidl_typesupport_introspection_c.so
-- Set non-toolchain portion of runtime path of "/home/nfl/husarion_rusak/src/install/husarion_ugv_msgs/lib/libhusarion_ugv_msgs__rosidl_typesupport_introspection_c.so" to ""
-- Installing: /home/nfl/husarion_rusak/src/install/husarion_ugv_msgs/lib/libhusarion_ugv_msgs__rosidl_typesupport_c.so
-- Set non-toolchain portion of runtime path of "/home/nfl/husarion_rusak/src/install/husarion_ugv_msgs/lib/libhusarion_ugv_msgs__rosidl_typesupport_c.so" to ""
-- Installing: /home/nfl/husarion_rusak/src/install/husarion_ugv_msgs/lib/libhusarion_ugv_msgs__rosidl_typesupport_introspection_cpp.so
-- Set non-toolchain portion of runtime path of "/home/nfl/husarion_rusak/src/install/husarion_ugv_msgs/lib/libhusarion_ugv_msgs__rosidl_typesupport_introspection_cpp.so" to ""
-- Installing: /home/nfl/husarion_rusak/src/install/husarion_ugv_msgs/lib/libhusarion_ugv_msgs__rosidl_typesupport_cpp.so
-- Set non-toolchain portion of runtime path of "/home/nfl/husarion_rusak/src/install/husarion_ugv_msgs/lib/libhusarion_ugv_msgs__rosidl_typesupport_cpp.so" to ""
Listing '/home/nfl/husarion_rusak/src/install/husarion_ugv_msgs/lib/python3.12/site-packages/husarion_ugv_msgs'...
Compiling '/home/nfl/husarion_rusak/src/install/husarion_ugv_msgs/lib/python3.12/site-packages/husarion_ugv_msgs/__init__.py'...
Listing '/home/nfl/husarion_rusak/src/install/husarion_ugv_msgs/lib/python3.12/site-packages/husarion_ugv_msgs/msg'...
Compiling '/home/nfl/husarion_rusak/src/install/husarion_ugv_msgs/lib/python3.12/site-packages/husarion_ugv_msgs/msg/__init__.py'...
Compiling '/home/nfl/husarion_rusak/src/install/husarion_ugv_msgs/lib/python3.12/site-packages/husarion_ugv_msgs/msg/_charging_status.py'...
Compiling '/home/nfl/husarion_rusak/src/install/husarion_ugv_msgs/lib/python3.12/site-packages/husarion_ugv_msgs/msg/_driver_state.py'...
Compiling '/home/nfl/husarion_rusak/src/install/husarion_ugv_msgs/lib/python3.12/site-packages/husarion_ugv_msgs/msg/_driver_state_named.py'...
Compiling '/home/nfl/husarion_rusak/src/install/husarion_ugv_msgs/lib/python3.12/site-packages/husarion_ugv_msgs/msg/_fault_flag.py'...
Compiling '/home/nfl/husarion_rusak/src/install/husarion_ugv_msgs/lib/python3.12/site-packages/husarion_ugv_msgs/msg/_io_state.py'...
Compiling '/home/nfl/husarion_rusak/src/install/husarion_ugv_msgs/lib/python3.12/site-packages/husarion_ugv_msgs/msg/_led_animation.py'...
Compiling '/home/nfl/husarion_rusak/src/install/husarion_ugv_msgs/lib/python3.12/site-packages/husarion_ugv_msgs/msg/_led_animation_queue.py'...
Compiling '/home/nfl/husarion_rusak/src/install/husarion_ugv_msgs/lib/python3.12/site-packages/husarion_ugv_msgs/msg/_led_image_animation.py'...
Compiling '/home/nfl/husarion_rusak/src/install/husarion_ugv_msgs/lib/python3.12/site-packages/husarion_ugv_msgs/msg/_robot_driver_state.py'...
Compiling '/home/nfl/husarion_rusak/src/install/husarion_ugv_msgs/lib/python3.12/site-packages/husarion_ugv_msgs/msg/_runtime_error.py'...
Compiling '/home/nfl/husarion_rusak/src/install/husarion_ugv_msgs/lib/python3.12/site-packages/husarion_ugv_msgs/msg/_script_flag.py'...
Compiling '/home/nfl/husarion_rusak/src/install/husarion_ugv_msgs/lib/python3.12/site-packages/husarion_ugv_msgs/msg/_system_status.py'...
Listing '/home/nfl/husarion_rusak/src/install/husarion_ugv_msgs/lib/python3.12/site-packages/husarion_ugv_msgs/srv'...
Compiling '/home/nfl/husarion_rusak/src/install/husarion_ugv_msgs/lib/python3.12/site-packages/husarion_ugv_msgs/srv/__init__.py'...
Compiling '/home/nfl/husarion_rusak/src/install/husarion_ugv_msgs/lib/python3.12/site-packages/husarion_ugv_msgs/srv/_add_zone.py'...
Compiling '/home/nfl/husarion_rusak/src/install/husarion_ugv_msgs/lib/python3.12/site-packages/husarion_ugv_msgs/srv/_set_led_animation.py'...
Compiling '/home/nfl/husarion_rusak/src/install/husarion_ugv_msgs/lib/python3.12/site-packages/husarion_ugv_msgs/srv/_set_led_brightness.py'...
Compiling '/home/nfl/husarion_rusak/src/install/husarion_ugv_msgs/lib/python3.12/site-packages/husarion_ugv_msgs/srv/_set_led_image_animation.py'...
-- Installing: /home/nfl/husarion_rusak/src/install/husarion_ugv_msgs/lib/libhusarion_ugv_msgs__rosidl_generator_py.so
-- Set non-toolchain portion of runtime path of "/home/nfl/husarion_rusak/src/install/husarion_ugv_msgs/lib/libhusarion_ugv_msgs__rosidl_generator_py.so" to ""
-- Installing: /home/nfl/husarion_rusak/src/install/husarion_ugv_msgs/share/husarion_ugv_msgs/cmake/export_husarion_ugv_msgs__rosidl_generator_cExport.cmake
-- Installing: /home/nfl/husarion_rusak/src/install/husarion_ugv_msgs/share/husarion_ugv_msgs/cmake/export_husarion_ugv_msgs__rosidl_generator_cExport-release.cmake
-- Installing: /home/nfl/husarion_rusak/src/install/husarion_ugv_msgs/share/husarion_ugv_msgs/cmake/export_husarion_ugv_msgs__rosidl_typesupport_fastrtps_cExport.cmake
-- Installing: /home/nfl/husarion_rusak/src/install/husarion_ugv_msgs/share/husarion_ugv_msgs/cmake/export_husarion_ugv_msgs__rosidl_typesupport_fastrtps_cExport-release.cmake
-- Installing: /home/nfl/husarion_rusak/src/install/husarion_ugv_msgs/share/husarion_ugv_msgs/cmake/export_husarion_ugv_msgs__rosidl_generator_cppExport.cmake
-- Installing: /home/nfl/husarion_rusak/src/install/husarion_ugv_msgs/share/husarion_ugv_msgs/cmake/export_husarion_ugv_msgs__rosidl_typesupport_fastrtps_cppExport.cmake
-- Installing: /home/nfl/husarion_rusak/src/install/husarion_ugv_msgs/share/husarion_ugv_msgs/cmake/export_husarion_ugv_msgs__rosidl_typesupport_fastrtps_cppExport-release.cmake
-- Installing: /home/nfl/husarion_rusak/src/install/husarion_ugv_msgs/share/husarion_ugv_msgs/cmake/husarion_ugv_msgs__rosidl_typesupport_introspection_cExport.cmake
-- Installing: /home/nfl/husarion_rusak/src/install/husarion_ugv_msgs/share/husarion_ugv_msgs/cmake/husarion_ugv_msgs__rosidl_typesupport_introspection_cExport-release.cmake
-- Installing: /home/nfl/husarion_rusak/src/install/husarion_ugv_msgs/share/husarion_ugv_msgs/cmake/husarion_ugv_msgs__rosidl_typesupport_cExport.cmake
-- Installing: /home/nfl/husarion_rusak/src/install/husarion_ugv_msgs/share/husarion_ugv_msgs/cmake/husarion_ugv_msgs__rosidl_typesupport_cExport-release.cmake
-- Installing: /home/nfl/husarion_rusak/src/install/husarion_ugv_msgs/share/husarion_ugv_msgs/cmake/husarion_ugv_msgs__rosidl_typesupport_introspection_cppExport.cmake
-- Installing: /home/nfl/husarion_rusak/src/install/husarion_ugv_msgs/share/husarion_ugv_msgs/cmake/husarion_ugv_msgs__rosidl_typesupport_introspection_cppExport-release.cmake
-- Installing: /home/nfl/husarion_rusak/src/install/husarion_ugv_msgs/share/husarion_ugv_msgs/cmake/husarion_ugv_msgs__rosidl_typesupport_cppExport.cmake
-- Installing: /home/nfl/husarion_rusak/src/install/husarion_ugv_msgs/share/husarion_ugv_msgs/cmake/husarion_ugv_msgs__rosidl_typesupport_cppExport-release.cmake
-- Installing: /home/nfl/husarion_rusak/src/install/husarion_ugv_msgs/share/husarion_ugv_msgs/cmake/export_husarion_ugv_msgs__rosidl_generator_pyExport.cmake
-- Installing: /home/nfl/husarion_rusak/src/install/husarion_ugv_msgs/share/husarion_ugv_msgs/cmake/export_husarion_ugv_msgs__rosidl_generator_pyExport-release.cmake
