-- The C compiler identification is GNU 13.3.0
-- The CXX compiler identification is GNU 13.3.0
-- Detecting C compiler ABI info
-- Detecting C compiler ABI info - done
-- Check for working C compiler: /usr/bin/cc - skipped
-- Detecting C compile features
-- Detecting C compile features - done
-- Detecting CXX compiler ABI info
-- Detecting CXX compiler ABI info - done
-- Check for working CXX compiler: /usr/bin/c++ - skipped
-- Detecting CXX compile features
-- Detecting CXX compile features - done
-- Found ament_cmake: 2.5.4 (/opt/ros/jazzy/share/ament_cmake/cmake)
-- Found Python3: /usr/bin/python3 (found version "3.12.3") found components: Interpreter 
-- Override CMake install command with custom implementation using symlinks instead of copying resources
-- Found diagnostic_updater: 4.2.4 (/opt/ros/jazzy/share/diagnostic_updater/cmake)
-- Found rosidl_generator_c: 4.6.5 (/opt/ros/jazzy/share/rosidl_generator_c/cmake)
-- Found rosidl_generator_cpp: 4.6.5 (/opt/ros/jazzy/share/rosidl_generator_cpp/cmake)
-- Using all available rosidl_typesupport_c: rosidl_typesupport_fastrtps_c;rosidl_typesupport_introspection_c
-- Using all available rosidl_typesupport_cpp: rosidl_typesupport_fastrtps_cpp;rosidl_typesupport_introspection_cpp
-- Found rmw_implementation_cmake: 7.3.2 (/opt/ros/jazzy/share/rmw_implementation_cmake/cmake)
-- Found rmw_fastrtps_cpp: 8.4.2 (/opt/ros/jazzy/share/rmw_fastrtps_cpp/cmake)
-- Found OpenSSL: /usr/lib/x86_64-linux-gnu/libcrypto.so (found version "3.0.13")  
-- Found FastRTPS: /opt/ros/jazzy/include (Required is at least version "2.13") 
-- Using RMW implementation 'rmw_fastrtps_cpp' as default
-- Found realtime_tools: 3.5.1 (/opt/ros/jazzy/share/realtime_tools/cmake)
-- Configuring done (1.4s)
-- Generating done (0.0s)
-- Build files have been written to: /home/nfl/husarion_rusak/src/build/husarion_ugv_utils
Built target ament_cmake_python_symlink_husarion_ugv_utils
running egg_info
creating husarion_ugv_utils.egg-info
writing husarion_ugv_utils.egg-info/PKG-INFO
writing dependency_links to husarion_ugv_utils.egg-info/dependency_links.txt
writing top-level names to husarion_ugv_utils.egg-info/top_level.txt
writing manifest file 'husarion_ugv_utils.egg-info/SOURCES.txt'
reading manifest file 'husarion_ugv_utils.egg-info/SOURCES.txt'
writing manifest file 'husarion_ugv_utils.egg-info/SOURCES.txt'
Built target ament_cmake_python_build_husarion_ugv_utils_egg
-- Install configuration: "Release"
-- Execute custom install script
-- Symlinking: /home/nfl/husarion_rusak/src/install/husarion_ugv_utils/include/husarion_ugv_utils/husarion_ugv_utils/common_utilities.hpp
-- Symlinking: /home/nfl/husarion_rusak/src/install/husarion_ugv_utils/include/husarion_ugv_utils/husarion_ugv_utils/configure_rt.hpp
-- Symlinking: /home/nfl/husarion_rusak/src/install/husarion_ugv_utils/include/husarion_ugv_utils/husarion_ugv_utils/diagnostics.hpp
-- Symlinking: /home/nfl/husarion_rusak/src/install/husarion_ugv_utils/include/husarion_ugv_utils/husarion_ugv_utils/moving_average.hpp
-- Symlinking: /home/nfl/husarion_rusak/src/install/husarion_ugv_utils/include/husarion_ugv_utils/husarion_ugv_utils/networking_utils.hpp
-- Symlinking: /home/nfl/husarion_rusak/src/install/husarion_ugv_utils/include/husarion_ugv_utils/husarion_ugv_utils/ros_utils.hpp
-- Symlinking: /home/nfl/husarion_rusak/src/install/husarion_ugv_utils/include/husarion_ugv_utils/husarion_ugv_utils/test/ros_test_utils.hpp
-- Symlinking: /home/nfl/husarion_rusak/src/install/husarion_ugv_utils/include/husarion_ugv_utils/husarion_ugv_utils/test/test_utils.hpp
-- Symlinking: /home/nfl/husarion_rusak/src/install/husarion_ugv_utils/include/husarion_ugv_utils/husarion_ugv_utils/yaml_utils.hpp
-- Symlinking: /home/nfl/husarion_rusak/src/install/husarion_ugv_utils/share/husarion_ugv_utils/environment/pythonpath.sh
-- Symlinking: /home/nfl/husarion_rusak/src/install/husarion_ugv_utils/share/husarion_ugv_utils/environment/pythonpath.dsv
-- Symlinking: /home/nfl/husarion_rusak/src/install/husarion_ugv_utils/lib/python3.12/site-packages/husarion_ugv_utils-2.3.0-py3.12.egg-info/PKG-INFO
-- Symlinking: /home/nfl/husarion_rusak/src/install/husarion_ugv_utils/lib/python3.12/site-packages/husarion_ugv_utils-2.3.0-py3.12.egg-info/SOURCES.txt
-- Symlinking: /home/nfl/husarion_rusak/src/install/husarion_ugv_utils/lib/python3.12/site-packages/husarion_ugv_utils-2.3.0-py3.12.egg-info/dependency_links.txt
-- Symlinking: /home/nfl/husarion_rusak/src/install/husarion_ugv_utils/lib/python3.12/site-packages/husarion_ugv_utils-2.3.0-py3.12.egg-info/top_level.txt
-- Symlinking: /home/nfl/husarion_rusak/src/install/husarion_ugv_utils/lib/python3.12/site-packages/husarion_ugv_utils/__init__.py
-- Symlinking: /home/nfl/husarion_rusak/src/install/husarion_ugv_utils/lib/python3.12/site-packages/husarion_ugv_utils/integration_test_utils.py
-- Symlinking: /home/nfl/husarion_rusak/src/install/husarion_ugv_utils/lib/python3.12/site-packages/husarion_ugv_utils/logging.py
-- Symlinking: /home/nfl/husarion_rusak/src/install/husarion_ugv_utils/lib/python3.12/site-packages/husarion_ugv_utils/messages.py
-- Symlinking: /home/nfl/husarion_rusak/src/install/husarion_ugv_utils/lib/python3.12/site-packages/husarion_ugv_utils/version_check.py
-- Symlinking: /home/nfl/husarion_rusak/src/install/husarion_ugv_utils/share/ament_index/resource_index/package_run_dependencies/husarion_ugv_utils
-- Symlinking: /home/nfl/husarion_rusak/src/install/husarion_ugv_utils/share/ament_index/resource_index/parent_prefix_path/husarion_ugv_utils
-- Symlinking: /home/nfl/husarion_rusak/src/install/husarion_ugv_utils/share/husarion_ugv_utils/environment/ament_prefix_path.sh
-- Symlinking: /home/nfl/husarion_rusak/src/install/husarion_ugv_utils/share/husarion_ugv_utils/environment/ament_prefix_path.dsv
-- Symlinking: /home/nfl/husarion_rusak/src/install/husarion_ugv_utils/share/husarion_ugv_utils/environment/path.sh
-- Symlinking: /home/nfl/husarion_rusak/src/install/husarion_ugv_utils/share/husarion_ugv_utils/environment/path.dsv
-- Symlinking: /home/nfl/husarion_rusak/src/install/husarion_ugv_utils/share/husarion_ugv_utils/local_setup.bash
-- Symlinking: /home/nfl/husarion_rusak/src/install/husarion_ugv_utils/share/husarion_ugv_utils/local_setup.sh
-- Symlinking: /home/nfl/husarion_rusak/src/install/husarion_ugv_utils/share/husarion_ugv_utils/local_setup.zsh
-- Symlinking: /home/nfl/husarion_rusak/src/install/husarion_ugv_utils/share/husarion_ugv_utils/local_setup.dsv
-- Symlinking: /home/nfl/husarion_rusak/src/install/husarion_ugv_utils/share/husarion_ugv_utils/package.dsv
-- Symlinking: /home/nfl/husarion_rusak/src/install/husarion_ugv_utils/share/ament_index/resource_index/packages/husarion_ugv_utils
-- Symlinking: /home/nfl/husarion_rusak/src/install/husarion_ugv_utils/share/husarion_ugv_utils/cmake/ament_cmake_export_dependencies-extras.cmake
-- Symlinking: /home/nfl/husarion_rusak/src/install/husarion_ugv_utils/share/husarion_ugv_utils/cmake/ament_cmake_export_include_directories-extras.cmake
-- Symlinking: /home/nfl/husarion_rusak/src/install/husarion_ugv_utils/share/husarion_ugv_utils/cmake/husarion_ugv_utilsConfig.cmake
-- Symlinking: /home/nfl/husarion_rusak/src/install/husarion_ugv_utils/share/husarion_ugv_utils/cmake/husarion_ugv_utilsConfig-version.cmake
-- Symlinking: /home/nfl/husarion_rusak/src/install/husarion_ugv_utils/share/husarion_ugv_utils/package.xml
Listing '/home/nfl/husarion_rusak/src/install/husarion_ugv_utils/lib/python3.12/site-packages/husarion_ugv_utils'...
Compiling '/home/nfl/husarion_rusak/src/install/husarion_ugv_utils/lib/python3.12/site-packages/husarion_ugv_utils/__init__.py'...
Compiling '/home/nfl/husarion_rusak/src/install/husarion_ugv_utils/lib/python3.12/site-packages/husarion_ugv_utils/integration_test_utils.py'...
Compiling '/home/nfl/husarion_rusak/src/install/husarion_ugv_utils/lib/python3.12/site-packages/husarion_ugv_utils/logging.py'...
Compiling '/home/nfl/husarion_rusak/src/install/husarion_ugv_utils/lib/python3.12/site-packages/husarion_ugv_utils/messages.py'...
Compiling '/home/nfl/husarion_rusak/src/install/husarion_ugv_utils/lib/python3.12/site-packages/husarion_ugv_utils/version_check.py'...
