[0.022s] Invoking command in '/home/nfl/husarion_rusak/src/build/husarion_ugv_utils': CMAKE_PREFIX_PATH=${CMAKE_PREFIX_PATH}:/opt/ros/jazzy DEBUGINFOD_URLS=https://debuginfod.ubuntu.com /usr/bin/cmake /home/nfl/husarion_rusak/src/husarion_ugv_ros/husarion_ugv_utils -DCMAKE_BUILD_TYPE=Release -DBUILD_TESTING=OFF -DAMENT_CMAKE_SYMLINK_INSTALL=1 -DCMAKE_INSTALL_PREFIX=/home/nfl/husarion_rusak/src/install/husarion_ugv_utils
[0.112s] -- The C compiler identification is GNU 13.3.0
[0.195s] -- The CXX compiler identification is GNU 13.3.0
[0.209s] -- Detecting C compiler ABI info
[0.281s] -- Detecting C compiler ABI info - done
[0.290s] -- Check for working C compiler: /usr/bin/cc - skipped
[0.290s] -- Detecting C compile features
[0.290s] -- Detecting C compile features - done
[0.298s] -- Detecting CXX compiler ABI info
[0.374s] -- Detecting CXX compiler ABI info - done
[0.383s] -- Check for working CXX compiler: /usr/bin/c++ - skipped
[0.383s] -- Detecting CXX compile features
[0.383s] -- Detecting CXX compile features - done
[0.393s] -- Found ament_cmake: 2.5.4 (/opt/ros/jazzy/share/ament_cmake/cmake)
[0.523s] -- Found Python3: /usr/bin/python3 (found version "3.12.3") found components: Interpreter 
[0.591s] -- Override CMake install command with custom implementation using symlinks instead of copying resources
[0.624s] -- Found diagnostic_updater: 4.2.4 (/opt/ros/jazzy/share/diagnostic_updater/cmake)
[0.677s] -- Found rosidl_generator_c: 4.6.5 (/opt/ros/jazzy/share/rosidl_generator_c/cmake)
[0.690s] -- Found rosidl_generator_cpp: 4.6.5 (/opt/ros/jazzy/share/rosidl_generator_cpp/cmake)
[0.708s] -- Using all available rosidl_typesupport_c: rosidl_typesupport_fastrtps_c;rosidl_typesupport_introspection_c
[0.724s] -- Using all available rosidl_typesupport_cpp: rosidl_typesupport_fastrtps_cpp;rosidl_typesupport_introspection_cpp
[0.854s] -- Found rmw_implementation_cmake: 7.3.2 (/opt/ros/jazzy/share/rmw_implementation_cmake/cmake)
[0.858s] -- Found rmw_fastrtps_cpp: 8.4.2 (/opt/ros/jazzy/share/rmw_fastrtps_cpp/cmake)
[0.947s] -- Found OpenSSL: /usr/lib/x86_64-linux-gnu/libcrypto.so (found version "3.0.13")  
[0.971s] -- Found FastRTPS: /opt/ros/jazzy/include (Required is at least version "2.13") 
[0.995s] -- Using RMW implementation 'rmw_fastrtps_cpp' as default
[1.091s] -- Found realtime_tools: 3.5.1 (/opt/ros/jazzy/share/realtime_tools/cmake)
[1.417s] -- Configuring done (1.4s)
[1.421s] -- Generating done (0.0s)
[1.422s] -- Build files have been written to: /home/nfl/husarion_rusak/src/build/husarion_ugv_utils
[1.431s] Invoked command in '/home/nfl/husarion_rusak/src/build/husarion_ugv_utils' returned '0': CMAKE_PREFIX_PATH=${CMAKE_PREFIX_PATH}:/opt/ros/jazzy DEBUGINFOD_URLS=https://debuginfod.ubuntu.com /usr/bin/cmake /home/nfl/husarion_rusak/src/husarion_ugv_ros/husarion_ugv_utils -DCMAKE_BUILD_TYPE=Release -DBUILD_TESTING=OFF -DAMENT_CMAKE_SYMLINK_INSTALL=1 -DCMAKE_INSTALL_PREFIX=/home/nfl/husarion_rusak/src/install/husarion_ugv_utils
[1.432s] Invoking command in '/home/nfl/husarion_rusak/src/build/husarion_ugv_utils': CMAKE_PREFIX_PATH=${CMAKE_PREFIX_PATH}:/opt/ros/jazzy DEBUGINFOD_URLS=https://debuginfod.ubuntu.com /usr/bin/cmake --build /home/nfl/husarion_rusak/src/build/husarion_ugv_utils -- -j16 -l16
[1.482s] Built target ament_cmake_python_symlink_husarion_ugv_utils
[1.644s] running egg_info
[1.645s] creating husarion_ugv_utils.egg-info
[1.659s] writing husarion_ugv_utils.egg-info/PKG-INFO
[1.659s] writing dependency_links to husarion_ugv_utils.egg-info/dependency_links.txt
[1.659s] writing top-level names to husarion_ugv_utils.egg-info/top_level.txt
[1.659s] writing manifest file 'husarion_ugv_utils.egg-info/SOURCES.txt'
[1.702s] reading manifest file 'husarion_ugv_utils.egg-info/SOURCES.txt'
[1.703s] writing manifest file 'husarion_ugv_utils.egg-info/SOURCES.txt'
[1.726s] Built target ament_cmake_python_build_husarion_ugv_utils_egg
[1.734s] Invoked command in '/home/nfl/husarion_rusak/src/build/husarion_ugv_utils' returned '0': CMAKE_PREFIX_PATH=${CMAKE_PREFIX_PATH}:/opt/ros/jazzy DEBUGINFOD_URLS=https://debuginfod.ubuntu.com /usr/bin/cmake --build /home/nfl/husarion_rusak/src/build/husarion_ugv_utils -- -j16 -l16
[1.735s] Invoking command in '/home/nfl/husarion_rusak/src/build/husarion_ugv_utils': CMAKE_PREFIX_PATH=${CMAKE_PREFIX_PATH}:/opt/ros/jazzy DEBUGINFOD_URLS=https://debuginfod.ubuntu.com /usr/bin/cmake --install /home/nfl/husarion_rusak/src/build/husarion_ugv_utils
[1.743s] -- Install configuration: "Release"
[1.743s] -- Execute custom install script
[1.743s] -- Symlinking: /home/nfl/husarion_rusak/src/install/husarion_ugv_utils/include/husarion_ugv_utils/husarion_ugv_utils/common_utilities.hpp
[1.751s] -- Symlinking: /home/nfl/husarion_rusak/src/install/husarion_ugv_utils/include/husarion_ugv_utils/husarion_ugv_utils/configure_rt.hpp
[1.759s] -- Symlinking: /home/nfl/husarion_rusak/src/install/husarion_ugv_utils/include/husarion_ugv_utils/husarion_ugv_utils/diagnostics.hpp
[1.766s] -- Symlinking: /home/nfl/husarion_rusak/src/install/husarion_ugv_utils/include/husarion_ugv_utils/husarion_ugv_utils/moving_average.hpp
[1.773s] -- Symlinking: /home/nfl/husarion_rusak/src/install/husarion_ugv_utils/include/husarion_ugv_utils/husarion_ugv_utils/networking_utils.hpp
[1.782s] -- Symlinking: /home/nfl/husarion_rusak/src/install/husarion_ugv_utils/include/husarion_ugv_utils/husarion_ugv_utils/ros_utils.hpp
[1.789s] -- Symlinking: /home/nfl/husarion_rusak/src/install/husarion_ugv_utils/include/husarion_ugv_utils/husarion_ugv_utils/test/ros_test_utils.hpp
[1.798s] -- Symlinking: /home/nfl/husarion_rusak/src/install/husarion_ugv_utils/include/husarion_ugv_utils/husarion_ugv_utils/test/test_utils.hpp
[1.807s] -- Symlinking: /home/nfl/husarion_rusak/src/install/husarion_ugv_utils/include/husarion_ugv_utils/husarion_ugv_utils/yaml_utils.hpp
[1.814s] -- Symlinking: /home/nfl/husarion_rusak/src/install/husarion_ugv_utils/share/husarion_ugv_utils/environment/pythonpath.sh
[1.824s] -- Symlinking: /home/nfl/husarion_rusak/src/install/husarion_ugv_utils/share/husarion_ugv_utils/environment/pythonpath.dsv
[1.832s] -- Symlinking: /home/nfl/husarion_rusak/src/install/husarion_ugv_utils/lib/python3.12/site-packages/husarion_ugv_utils-2.3.0-py3.12.egg-info/PKG-INFO
[1.840s] -- Symlinking: /home/nfl/husarion_rusak/src/install/husarion_ugv_utils/lib/python3.12/site-packages/husarion_ugv_utils-2.3.0-py3.12.egg-info/SOURCES.txt
[1.847s] -- Symlinking: /home/nfl/husarion_rusak/src/install/husarion_ugv_utils/lib/python3.12/site-packages/husarion_ugv_utils-2.3.0-py3.12.egg-info/dependency_links.txt
[1.855s] -- Symlinking: /home/nfl/husarion_rusak/src/install/husarion_ugv_utils/lib/python3.12/site-packages/husarion_ugv_utils-2.3.0-py3.12.egg-info/top_level.txt
[1.862s] -- Symlinking: /home/nfl/husarion_rusak/src/install/husarion_ugv_utils/lib/python3.12/site-packages/husarion_ugv_utils/__init__.py
[1.869s] -- Symlinking: /home/nfl/husarion_rusak/src/install/husarion_ugv_utils/lib/python3.12/site-packages/husarion_ugv_utils/integration_test_utils.py
[1.877s] -- Symlinking: /home/nfl/husarion_rusak/src/install/husarion_ugv_utils/lib/python3.12/site-packages/husarion_ugv_utils/logging.py
[1.884s] -- Symlinking: /home/nfl/husarion_rusak/src/install/husarion_ugv_utils/lib/python3.12/site-packages/husarion_ugv_utils/messages.py
[1.892s] -- Symlinking: /home/nfl/husarion_rusak/src/install/husarion_ugv_utils/lib/python3.12/site-packages/husarion_ugv_utils/version_check.py
[1.900s] -- Symlinking: /home/nfl/husarion_rusak/src/install/husarion_ugv_utils/share/ament_index/resource_index/package_run_dependencies/husarion_ugv_utils
[1.909s] -- Symlinking: /home/nfl/husarion_rusak/src/install/husarion_ugv_utils/share/ament_index/resource_index/parent_prefix_path/husarion_ugv_utils
[1.918s] -- Symlinking: /home/nfl/husarion_rusak/src/install/husarion_ugv_utils/share/husarion_ugv_utils/environment/ament_prefix_path.sh
[1.925s] -- Symlinking: /home/nfl/husarion_rusak/src/install/husarion_ugv_utils/share/husarion_ugv_utils/environment/ament_prefix_path.dsv
[1.934s] -- Symlinking: /home/nfl/husarion_rusak/src/install/husarion_ugv_utils/share/husarion_ugv_utils/environment/path.sh
[1.943s] -- Symlinking: /home/nfl/husarion_rusak/src/install/husarion_ugv_utils/share/husarion_ugv_utils/environment/path.dsv
[1.949s] -- Symlinking: /home/nfl/husarion_rusak/src/install/husarion_ugv_utils/share/husarion_ugv_utils/local_setup.bash
[1.956s] -- Symlinking: /home/nfl/husarion_rusak/src/install/husarion_ugv_utils/share/husarion_ugv_utils/local_setup.sh
[1.964s] -- Symlinking: /home/nfl/husarion_rusak/src/install/husarion_ugv_utils/share/husarion_ugv_utils/local_setup.zsh
[1.972s] -- Symlinking: /home/nfl/husarion_rusak/src/install/husarion_ugv_utils/share/husarion_ugv_utils/local_setup.dsv
[1.978s] -- Symlinking: /home/nfl/husarion_rusak/src/install/husarion_ugv_utils/share/husarion_ugv_utils/package.dsv
[1.987s] -- Symlinking: /home/nfl/husarion_rusak/src/install/husarion_ugv_utils/share/ament_index/resource_index/packages/husarion_ugv_utils
[1.995s] -- Symlinking: /home/nfl/husarion_rusak/src/install/husarion_ugv_utils/share/husarion_ugv_utils/cmake/ament_cmake_export_dependencies-extras.cmake
[2.002s] -- Symlinking: /home/nfl/husarion_rusak/src/install/husarion_ugv_utils/share/husarion_ugv_utils/cmake/ament_cmake_export_include_directories-extras.cmake
[2.010s] -- Symlinking: /home/nfl/husarion_rusak/src/install/husarion_ugv_utils/share/husarion_ugv_utils/cmake/husarion_ugv_utilsConfig.cmake
[2.017s] -- Symlinking: /home/nfl/husarion_rusak/src/install/husarion_ugv_utils/share/husarion_ugv_utils/cmake/husarion_ugv_utilsConfig-version.cmake
[2.025s] -- Symlinking: /home/nfl/husarion_rusak/src/install/husarion_ugv_utils/share/husarion_ugv_utils/package.xml
[2.067s] Listing '/home/nfl/husarion_rusak/src/install/husarion_ugv_utils/lib/python3.12/site-packages/husarion_ugv_utils'...
[2.067s] Compiling '/home/nfl/husarion_rusak/src/install/husarion_ugv_utils/lib/python3.12/site-packages/husarion_ugv_utils/__init__.py'...
[2.067s] Compiling '/home/nfl/husarion_rusak/src/install/husarion_ugv_utils/lib/python3.12/site-packages/husarion_ugv_utils/integration_test_utils.py'...
[2.067s] Compiling '/home/nfl/husarion_rusak/src/install/husarion_ugv_utils/lib/python3.12/site-packages/husarion_ugv_utils/logging.py'...
[2.067s] Compiling '/home/nfl/husarion_rusak/src/install/husarion_ugv_utils/lib/python3.12/site-packages/husarion_ugv_utils/messages.py'...
[2.067s] Compiling '/home/nfl/husarion_rusak/src/install/husarion_ugv_utils/lib/python3.12/site-packages/husarion_ugv_utils/version_check.py'...
[2.074s] Invoked command in '/home/nfl/husarion_rusak/src/build/husarion_ugv_utils' returned '0': CMAKE_PREFIX_PATH=${CMAKE_PREFIX_PATH}:/opt/ros/jazzy DEBUGINFOD_URLS=https://debuginfod.ubuntu.com /usr/bin/cmake --install /home/nfl/husarion_rusak/src/build/husarion_ugv_utils
