-- The C compiler identification is GNU 13.3.0
-- The CXX compiler identification is GNU 13.3.0
-- Detecting C compiler ABI info
-- Detecting C compiler ABI info - done
-- Check for working C compiler: /usr/bin/cc - skipped
-- Detecting C compile features
-- Detecting C compile features - done
-- Detecting CXX compiler ABI info
-- Detecting CXX compiler ABI info - done
-- Check for working CXX compiler: /usr/bin/c++ - skipped
-- Detecting CXX compile features
-- Detecting CXX compile features - done
-- Found ament_cmake: 2.5.4 (/opt/ros/jazzy/share/ament_cmake/cmake)
-- Found Python3: /usr/bin/python3 (found version "3.12.3") found components: Interpreter 
-- Override CMake install command with custom implementation using symlinks instead of copying resources
-- Configuring done (0.7s)
-- Generating done (0.0s)
-- Build files have been written to: /home/nfl/husarion_rusak/src/build/husarion_gz_worlds
-- Install configuration: "Release"
-- Execute custom install script
-- Symlinking: /home/nfl/husarion_rusak/src/install/husarion_gz_worlds/share/husarion_gz_worlds/config/minimap_gui.config
-- Symlinking: /home/nfl/husarion_rusak/src/install/husarion_gz_worlds/share/husarion_gz_worlds/config/teleop.config
-- Symlinking: /home/nfl/husarion_rusak/src/install/husarion_gz_worlds/share/husarion_gz_worlds/launch/gz_sim.launch.py
-- Symlinking: /home/nfl/husarion_rusak/src/install/husarion_gz_worlds/share/husarion_gz_worlds/launch/gz_sim_minimap.launch.py
-- Symlinking: /home/nfl/husarion_rusak/src/install/husarion_gz_worlds/share/husarion_gz_worlds/models/ConferenceTable/meshes/conference_table.stl
-- Symlinking: /home/nfl/husarion_rusak/src/install/husarion_gz_worlds/share/husarion_gz_worlds/models/ConferenceTable/model.config
-- Symlinking: /home/nfl/husarion_rusak/src/install/husarion_gz_worlds/share/husarion_gz_worlds/models/ConferenceTable/model.sdf
-- Symlinking: /home/nfl/husarion_rusak/src/install/husarion_gz_worlds/share/husarion_gz_worlds/models/Crosley_Alarm_Clock_Vintage_Metal/materials/textures/texture.png
-- Symlinking: /home/nfl/husarion_rusak/src/install/husarion_gz_worlds/share/husarion_gz_worlds/models/Crosley_Alarm_Clock_Vintage_Metal/meshes/model.mtl
-- Symlinking: /home/nfl/husarion_rusak/src/install/husarion_gz_worlds/share/husarion_gz_worlds/models/Crosley_Alarm_Clock_Vintage_Metal/meshes/model.obj
-- Symlinking: /home/nfl/husarion_rusak/src/install/husarion_gz_worlds/share/husarion_gz_worlds/models/Crosley_Alarm_Clock_Vintage_Metal/metadata.pbtxt
-- Symlinking: /home/nfl/husarion_rusak/src/install/husarion_gz_worlds/share/husarion_gz_worlds/models/Crosley_Alarm_Clock_Vintage_Metal/model.config
-- Symlinking: /home/nfl/husarion_rusak/src/install/husarion_gz_worlds/share/husarion_gz_worlds/models/Crosley_Alarm_Clock_Vintage_Metal/model.sdf
-- Symlinking: /home/nfl/husarion_rusak/src/install/husarion_gz_worlds/share/husarion_gz_worlds/models/Crosley_Alarm_Clock_Vintage_Metal/thumbnails/0.jpg
-- Symlinking: /home/nfl/husarion_rusak/src/install/husarion_gz_worlds/share/husarion_gz_worlds/models/Crosley_Alarm_Clock_Vintage_Metal/thumbnails/1.jpg
-- Symlinking: /home/nfl/husarion_rusak/src/install/husarion_gz_worlds/share/husarion_gz_worlds/models/Crosley_Alarm_Clock_Vintage_Metal/thumbnails/2.jpg
-- Symlinking: /home/nfl/husarion_rusak/src/install/husarion_gz_worlds/share/husarion_gz_worlds/models/Crosley_Alarm_Clock_Vintage_Metal/thumbnails/3.jpg
-- Symlinking: /home/nfl/husarion_rusak/src/install/husarion_gz_worlds/share/husarion_gz_worlds/models/Crosley_Alarm_Clock_Vintage_Metal/thumbnails/4.jpg
-- Symlinking: /home/nfl/husarion_rusak/src/install/husarion_gz_worlds/share/husarion_gz_worlds/models/DPC_Handmade_Hat_Brown/materials/textures/texture.png
-- Symlinking: /home/nfl/husarion_rusak/src/install/husarion_gz_worlds/share/husarion_gz_worlds/models/DPC_Handmade_Hat_Brown/meshes/model.mtl
-- Symlinking: /home/nfl/husarion_rusak/src/install/husarion_gz_worlds/share/husarion_gz_worlds/models/DPC_Handmade_Hat_Brown/meshes/model.obj
-- Symlinking: /home/nfl/husarion_rusak/src/install/husarion_gz_worlds/share/husarion_gz_worlds/models/DPC_Handmade_Hat_Brown/metadata.pbtxt
-- Symlinking: /home/nfl/husarion_rusak/src/install/husarion_gz_worlds/share/husarion_gz_worlds/models/DPC_Handmade_Hat_Brown/model.config
-- Symlinking: /home/nfl/husarion_rusak/src/install/husarion_gz_worlds/share/husarion_gz_worlds/models/DPC_Handmade_Hat_Brown/model.sdf
-- Symlinking: /home/nfl/husarion_rusak/src/install/husarion_gz_worlds/share/husarion_gz_worlds/models/DPC_Handmade_Hat_Brown/thumbnails/0.jpg
-- Symlinking: /home/nfl/husarion_rusak/src/install/husarion_gz_worlds/share/husarion_gz_worlds/models/DPC_Handmade_Hat_Brown/thumbnails/1.jpg
-- Symlinking: /home/nfl/husarion_rusak/src/install/husarion_gz_worlds/share/husarion_gz_worlds/models/DPC_Handmade_Hat_Brown/thumbnails/2.jpg
-- Symlinking: /home/nfl/husarion_rusak/src/install/husarion_gz_worlds/share/husarion_gz_worlds/models/DPC_Handmade_Hat_Brown/thumbnails/3.jpg
-- Symlinking: /home/nfl/husarion_rusak/src/install/husarion_gz_worlds/share/husarion_gz_worlds/models/DPC_Handmade_Hat_Brown/thumbnails/4.jpg
-- Symlinking: /home/nfl/husarion_rusak/src/install/husarion_gz_worlds/share/husarion_gz_worlds/models/Door/meshes/door.stl
-- Symlinking: /home/nfl/husarion_rusak/src/install/husarion_gz_worlds/share/husarion_gz_worlds/models/Door/model.config
-- Symlinking: /home/nfl/husarion_rusak/src/install/husarion_gz_worlds/share/husarion_gz_worlds/models/Door/model.sdf
-- Symlinking: /home/nfl/husarion_rusak/src/install/husarion_gz_worlds/share/husarion_gz_worlds/models/Extinguisher/materials/textures/Extinguisher.png
-- Symlinking: /home/nfl/husarion_rusak/src/install/husarion_gz_worlds/share/husarion_gz_worlds/models/Extinguisher/meshes/Extinguisher.dae
-- Symlinking: /home/nfl/husarion_rusak/src/install/husarion_gz_worlds/share/husarion_gz_worlds/models/Extinguisher/model.config
-- Symlinking: /home/nfl/husarion_rusak/src/install/husarion_gz_worlds/share/husarion_gz_worlds/models/Extinguisher/model.sdf
-- Symlinking: /home/nfl/husarion_rusak/src/install/husarion_gz_worlds/share/husarion_gz_worlds/models/Extinguisher/thumbnails/1.png
-- Symlinking: /home/nfl/husarion_rusak/src/install/husarion_gz_worlds/share/husarion_gz_worlds/models/Extinguisher/thumbnails/2.png
-- Symlinking: /home/nfl/husarion_rusak/src/install/husarion_gz_worlds/share/husarion_gz_worlds/models/Extinguisher/thumbnails/3.png
-- Symlinking: /home/nfl/husarion_rusak/src/install/husarion_gz_worlds/share/husarion_gz_worlds/models/Extinguisher/thumbnails/4.png
-- Symlinking: /home/nfl/husarion_rusak/src/install/husarion_gz_worlds/share/husarion_gz_worlds/models/Extinguisher/thumbnails/5.png
-- Symlinking: /home/nfl/husarion_rusak/src/install/husarion_gz_worlds/share/husarion_gz_worlds/models/Grais Finnish v2.stl
-- Symlinking: /home/nfl/husarion_rusak/src/install/husarion_gz_worlds/share/husarion_gz_worlds/models/Grais Finnish v3.stl
-- Symlinking: /home/nfl/husarion_rusak/src/install/husarion_gz_worlds/share/husarion_gz_worlds/models/HusarionLogo/meshes/husarion_logo.dae
-- Symlinking: /home/nfl/husarion_rusak/src/install/husarion_gz_worlds/share/husarion_gz_worlds/models/Kitchen/meshes/kitchen.stl
-- Symlinking: /home/nfl/husarion_rusak/src/install/husarion_gz_worlds/share/husarion_gz_worlds/models/Kitchen/model.config
-- Symlinking: /home/nfl/husarion_rusak/src/install/husarion_gz_worlds/share/husarion_gz_worlds/models/Kitchen/model.sdf
-- Symlinking: /home/nfl/husarion_rusak/src/install/husarion_gz_worlds/share/husarion_gz_worlds/models/Laptop/meshes/laptop.stl
-- Symlinking: /home/nfl/husarion_rusak/src/install/husarion_gz_worlds/share/husarion_gz_worlds/models/Laptop/model.config
-- Symlinking: /home/nfl/husarion_rusak/src/install/husarion_gz_worlds/share/husarion_gz_worlds/models/Laptop/model.sdf
-- Symlinking: /home/nfl/husarion_rusak/src/install/husarion_gz_worlds/share/husarion_gz_worlds/models/Rosbot/meshes/astra.dae
-- Symlinking: /home/nfl/husarion_rusak/src/install/husarion_gz_worlds/share/husarion_gz_worlds/models/Rosbot/meshes/box.dae
-- Symlinking: /home/nfl/husarion_rusak/src/install/husarion_gz_worlds/share/husarion_gz_worlds/models/Rosbot/meshes/rplidar.dae
-- Symlinking: /home/nfl/husarion_rusak/src/install/husarion_gz_worlds/share/husarion_gz_worlds/models/Rosbot/meshes/upper.dae
-- Symlinking: /home/nfl/husarion_rusak/src/install/husarion_gz_worlds/share/husarion_gz_worlds/models/Rosbot/meshes/wheel.dae
-- Symlinking: /home/nfl/husarion_rusak/src/install/husarion_gz_worlds/share/husarion_gz_worlds/models/Rosbot/model.config
-- Symlinking: /home/nfl/husarion_rusak/src/install/husarion_gz_worlds/share/husarion_gz_worlds/models/Rosbot/model.sdf
-- Symlinking: /home/nfl/husarion_rusak/src/install/husarion_gz_worlds/share/husarion_gz_worlds/models/Squirrel/materials/textures/texture.png
-- Symlinking: /home/nfl/husarion_rusak/src/install/husarion_gz_worlds/share/husarion_gz_worlds/models/Squirrel/meshes/model.mtl
-- Symlinking: /home/nfl/husarion_rusak/src/install/husarion_gz_worlds/share/husarion_gz_worlds/models/Squirrel/meshes/model.obj
-- Symlinking: /home/nfl/husarion_rusak/src/install/husarion_gz_worlds/share/husarion_gz_worlds/models/Squirrel/metadata.pbtxt
-- Symlinking: /home/nfl/husarion_rusak/src/install/husarion_gz_worlds/share/husarion_gz_worlds/models/Squirrel/model.config
-- Symlinking: /home/nfl/husarion_rusak/src/install/husarion_gz_worlds/share/husarion_gz_worlds/models/Squirrel/model.sdf
-- Symlinking: /home/nfl/husarion_rusak/src/install/husarion_gz_worlds/share/husarion_gz_worlds/models/Squirrel/thumbnails/0.jpg
-- Symlinking: /home/nfl/husarion_rusak/src/install/husarion_gz_worlds/share/husarion_gz_worlds/models/Squirrel/thumbnails/1.jpg
-- Symlinking: /home/nfl/husarion_rusak/src/install/husarion_gz_worlds/share/husarion_gz_worlds/models/Squirrel/thumbnails/2.jpg
-- Symlinking: /home/nfl/husarion_rusak/src/install/husarion_gz_worlds/share/husarion_gz_worlds/models/Squirrel/thumbnails/3.jpg
-- Symlinking: /home/nfl/husarion_rusak/src/install/husarion_gz_worlds/share/husarion_gz_worlds/models/Squirrel/thumbnails/4.jpg
-- Symlinking: /home/nfl/husarion_rusak/src/install/husarion_gz_worlds/share/husarion_gz_worlds/models/Surfaces/meshes/black_concrete.png
-- Symlinking: /home/nfl/husarion_rusak/src/install/husarion_gz_worlds/share/husarion_gz_worlds/models/Surfaces/meshes/floor_1.mtl
-- Symlinking: /home/nfl/husarion_rusak/src/install/husarion_gz_worlds/share/husarion_gz_worlds/models/Surfaces/meshes/floor_1.obj
-- Symlinking: /home/nfl/husarion_rusak/src/install/husarion_gz_worlds/share/husarion_gz_worlds/models/Surfaces/meshes/floor_10.mtl
-- Symlinking: /home/nfl/husarion_rusak/src/install/husarion_gz_worlds/share/husarion_gz_worlds/models/Surfaces/meshes/floor_10.obj
-- Symlinking: /home/nfl/husarion_rusak/src/install/husarion_gz_worlds/share/husarion_gz_worlds/models/Surfaces/meshes/floor_11.mtl
-- Symlinking: /home/nfl/husarion_rusak/src/install/husarion_gz_worlds/share/husarion_gz_worlds/models/Surfaces/meshes/floor_11.obj
-- Symlinking: /home/nfl/husarion_rusak/src/install/husarion_gz_worlds/share/husarion_gz_worlds/models/Surfaces/meshes/floor_12.mtl
-- Symlinking: /home/nfl/husarion_rusak/src/install/husarion_gz_worlds/share/husarion_gz_worlds/models/Surfaces/meshes/floor_12.obj
-- Symlinking: /home/nfl/husarion_rusak/src/install/husarion_gz_worlds/share/husarion_gz_worlds/models/Surfaces/meshes/floor_13.mtl
-- Symlinking: /home/nfl/husarion_rusak/src/install/husarion_gz_worlds/share/husarion_gz_worlds/models/Surfaces/meshes/floor_13.obj
-- Symlinking: /home/nfl/husarion_rusak/src/install/husarion_gz_worlds/share/husarion_gz_worlds/models/Surfaces/meshes/floor_14.mtl
-- Symlinking: /home/nfl/husarion_rusak/src/install/husarion_gz_worlds/share/husarion_gz_worlds/models/Surfaces/meshes/floor_14.obj
-- Symlinking: /home/nfl/husarion_rusak/src/install/husarion_gz_worlds/share/husarion_gz_worlds/models/Surfaces/meshes/floor_2.mtl
-- Symlinking: /home/nfl/husarion_rusak/src/install/husarion_gz_worlds/share/husarion_gz_worlds/models/Surfaces/meshes/floor_2.obj
-- Symlinking: /home/nfl/husarion_rusak/src/install/husarion_gz_worlds/share/husarion_gz_worlds/models/Surfaces/meshes/floor_3.mtl
-- Symlinking: /home/nfl/husarion_rusak/src/install/husarion_gz_worlds/share/husarion_gz_worlds/models/Surfaces/meshes/floor_3.obj
-- Symlinking: /home/nfl/husarion_rusak/src/install/husarion_gz_worlds/share/husarion_gz_worlds/models/Surfaces/meshes/floor_4.mtl
-- Symlinking: /home/nfl/husarion_rusak/src/install/husarion_gz_worlds/share/husarion_gz_worlds/models/Surfaces/meshes/floor_4.obj
-- Symlinking: /home/nfl/husarion_rusak/src/install/husarion_gz_worlds/share/husarion_gz_worlds/models/Surfaces/meshes/floor_5.mtl
-- Symlinking: /home/nfl/husarion_rusak/src/install/husarion_gz_worlds/share/husarion_gz_worlds/models/Surfaces/meshes/floor_5.obj
-- Symlinking: /home/nfl/husarion_rusak/src/install/husarion_gz_worlds/share/husarion_gz_worlds/models/Surfaces/meshes/floor_6.mtl
-- Symlinking: /home/nfl/husarion_rusak/src/install/husarion_gz_worlds/share/husarion_gz_worlds/models/Surfaces/meshes/floor_6.obj
-- Symlinking: /home/nfl/husarion_rusak/src/install/husarion_gz_worlds/share/husarion_gz_worlds/models/Surfaces/meshes/floor_7.mtl
-- Symlinking: /home/nfl/husarion_rusak/src/install/husarion_gz_worlds/share/husarion_gz_worlds/models/Surfaces/meshes/floor_7.obj
-- Symlinking: /home/nfl/husarion_rusak/src/install/husarion_gz_worlds/share/husarion_gz_worlds/models/Surfaces/meshes/floor_8.mtl
-- Symlinking: /home/nfl/husarion_rusak/src/install/husarion_gz_worlds/share/husarion_gz_worlds/models/Surfaces/meshes/floor_8.obj
-- Symlinking: /home/nfl/husarion_rusak/src/install/husarion_gz_worlds/share/husarion_gz_worlds/models/Surfaces/meshes/floor_9.mtl
-- Symlinking: /home/nfl/husarion_rusak/src/install/husarion_gz_worlds/share/husarion_gz_worlds/models/Surfaces/meshes/floor_9.obj
-- Symlinking: /home/nfl/husarion_rusak/src/install/husarion_gz_worlds/share/husarion_gz_worlds/models/Surfaces/meshes/model.material
-- Symlinking: /home/nfl/husarion_rusak/src/install/husarion_gz_worlds/share/husarion_gz_worlds/models/Surfaces/meshes/wall_1.mtl
-- Symlinking: /home/nfl/husarion_rusak/src/install/husarion_gz_worlds/share/husarion_gz_worlds/models/Surfaces/meshes/wall_1.obj
-- Symlinking: /home/nfl/husarion_rusak/src/install/husarion_gz_worlds/share/husarion_gz_worlds/models/Surfaces/meshes/wall_2.mtl
-- Symlinking: /home/nfl/husarion_rusak/src/install/husarion_gz_worlds/share/husarion_gz_worlds/models/Surfaces/meshes/wall_2.obj
-- Symlinking: /home/nfl/husarion_rusak/src/install/husarion_gz_worlds/share/husarion_gz_worlds/models/Surfaces/meshes/white_carpet.png
-- Symlinking: /home/nfl/husarion_rusak/src/install/husarion_gz_worlds/share/husarion_gz_worlds/models/Surfaces/meshes/white_tiles.png
-- Symlinking: /home/nfl/husarion_rusak/src/install/husarion_gz_worlds/share/husarion_gz_worlds/models/Surfaces/meshes/white_wall.png
-- Symlinking: /home/nfl/husarion_rusak/src/install/husarion_gz_worlds/share/husarion_gz_worlds/models/Surfaces/meshes/wood1.png
-- Symlinking: /home/nfl/husarion_rusak/src/install/husarion_gz_worlds/share/husarion_gz_worlds/models/Surfaces/meshes/wood2.png
-- Symlinking: /home/nfl/husarion_rusak/src/install/husarion_gz_worlds/share/husarion_gz_worlds/models/Surfaces/model.config
-- Symlinking: /home/nfl/husarion_rusak/src/install/husarion_gz_worlds/share/husarion_gz_worlds/models/Surfaces/model.sdf
-- Symlinking: /home/nfl/husarion_rusak/src/install/husarion_gz_worlds/share/husarion_gz_worlds/models/Tv/meshes/tv.stl
-- Symlinking: /home/nfl/husarion_rusak/src/install/husarion_gz_worlds/share/husarion_gz_worlds/models/Tv/model.config
-- Symlinking: /home/nfl/husarion_rusak/src/install/husarion_gz_worlds/share/husarion_gz_worlds/models/Tv/model.sdf
-- Symlinking: /home/nfl/husarion_rusak/src/install/husarion_gz_worlds/share/husarion_gz_worlds/models/WaterDispenser/meshes/water_dispenser.dae
-- Symlinking: /home/nfl/husarion_rusak/src/install/husarion_gz_worlds/share/husarion_gz_worlds/models/WaterDispenser/model.config
-- Symlinking: /home/nfl/husarion_rusak/src/install/husarion_gz_worlds/share/husarion_gz_worlds/models/WaterDispenser/model.sdf
-- Symlinking: /home/nfl/husarion_rusak/src/install/husarion_gz_worlds/share/husarion_gz_worlds/models/antenna/meshes/antenna.dae
-- Symlinking: /home/nfl/husarion_rusak/src/install/husarion_gz_worlds/share/husarion_gz_worlds/models/antenna/meshes/antenna.png
-- Symlinking: /home/nfl/husarion_rusak/src/install/husarion_gz_worlds/share/husarion_gz_worlds/models/antenna/model.config
-- Symlinking: /home/nfl/husarion_rusak/src/install/husarion_gz_worlds/share/husarion_gz_worlds/models/antenna/model.sdf
-- Symlinking: /home/nfl/husarion_rusak/src/install/husarion_gz_worlds/share/husarion_gz_worlds/models/antenna/thumbnails/1.png
-- Symlinking: /home/nfl/husarion_rusak/src/install/husarion_gz_worlds/share/husarion_gz_worlds/models/antenna/thumbnails/2.png
-- Symlinking: /home/nfl/husarion_rusak/src/install/husarion_gz_worlds/share/husarion_gz_worlds/models/antenna/thumbnails/3.png
-- Symlinking: /home/nfl/husarion_rusak/src/install/husarion_gz_worlds/share/husarion_gz_worlds/models/antenna/thumbnails/4.png
-- Symlinking: /home/nfl/husarion_rusak/src/install/husarion_gz_worlds/share/husarion_gz_worlds/models/antenna/thumbnails/5.png
-- Symlinking: /home/nfl/husarion_rusak/src/install/husarion_gz_worlds/share/husarion_gz_worlds/models/aruco_pole_textures/aruco_pole_0/model.config
-- Symlinking: /home/nfl/husarion_rusak/src/install/husarion_gz_worlds/share/husarion_gz_worlds/models/aruco_pole_textures/aruco_pole_0/model.sdf
-- Symlinking: /home/nfl/husarion_rusak/src/install/husarion_gz_worlds/share/husarion_gz_worlds/models/aruco_pole_textures/aruco_pole_1/model.config
-- Symlinking: /home/nfl/husarion_rusak/src/install/husarion_gz_worlds/share/husarion_gz_worlds/models/aruco_pole_textures/aruco_pole_1/model.sdf
-- Symlinking: /home/nfl/husarion_rusak/src/install/husarion_gz_worlds/share/husarion_gz_worlds/models/aruco_pole_textures/aruco_pole_10/model.config
-- Symlinking: /home/nfl/husarion_rusak/src/install/husarion_gz_worlds/share/husarion_gz_worlds/models/aruco_pole_textures/aruco_pole_10/model.sdf
-- Symlinking: /home/nfl/husarion_rusak/src/install/husarion_gz_worlds/share/husarion_gz_worlds/models/aruco_pole_textures/aruco_pole_11/model.config
-- Symlinking: /home/nfl/husarion_rusak/src/install/husarion_gz_worlds/share/husarion_gz_worlds/models/aruco_pole_textures/aruco_pole_11/model.sdf
-- Symlinking: /home/nfl/husarion_rusak/src/install/husarion_gz_worlds/share/husarion_gz_worlds/models/aruco_pole_textures/aruco_pole_12/model.config
-- Symlinking: /home/nfl/husarion_rusak/src/install/husarion_gz_worlds/share/husarion_gz_worlds/models/aruco_pole_textures/aruco_pole_12/model.sdf
-- Symlinking: /home/nfl/husarion_rusak/src/install/husarion_gz_worlds/share/husarion_gz_worlds/models/aruco_pole_textures/aruco_pole_13/model.config
-- Symlinking: /home/nfl/husarion_rusak/src/install/husarion_gz_worlds/share/husarion_gz_worlds/models/aruco_pole_textures/aruco_pole_13/model.sdf
-- Symlinking: /home/nfl/husarion_rusak/src/install/husarion_gz_worlds/share/husarion_gz_worlds/models/aruco_pole_textures/aruco_pole_14/model.config
-- Symlinking: /home/nfl/husarion_rusak/src/install/husarion_gz_worlds/share/husarion_gz_worlds/models/aruco_pole_textures/aruco_pole_14/model.sdf
-- Symlinking: /home/nfl/husarion_rusak/src/install/husarion_gz_worlds/share/husarion_gz_worlds/models/aruco_pole_textures/aruco_pole_15/model.config
-- Symlinking: /home/nfl/husarion_rusak/src/install/husarion_gz_worlds/share/husarion_gz_worlds/models/aruco_pole_textures/aruco_pole_15/model.sdf
-- Symlinking: /home/nfl/husarion_rusak/src/install/husarion_gz_worlds/share/husarion_gz_worlds/models/aruco_pole_textures/aruco_pole_16/model.config
-- Symlinking: /home/nfl/husarion_rusak/src/install/husarion_gz_worlds/share/husarion_gz_worlds/models/aruco_pole_textures/aruco_pole_16/model.sdf
-- Symlinking: /home/nfl/husarion_rusak/src/install/husarion_gz_worlds/share/husarion_gz_worlds/models/aruco_pole_textures/aruco_pole_17/model.config
-- Symlinking: /home/nfl/husarion_rusak/src/install/husarion_gz_worlds/share/husarion_gz_worlds/models/aruco_pole_textures/aruco_pole_17/model.sdf
-- Symlinking: /home/nfl/husarion_rusak/src/install/husarion_gz_worlds/share/husarion_gz_worlds/models/aruco_pole_textures/aruco_pole_18/model.config
-- Symlinking: /home/nfl/husarion_rusak/src/install/husarion_gz_worlds/share/husarion_gz_worlds/models/aruco_pole_textures/aruco_pole_18/model.sdf
-- Symlinking: /home/nfl/husarion_rusak/src/install/husarion_gz_worlds/share/husarion_gz_worlds/models/aruco_pole_textures/aruco_pole_19/model.config
-- Symlinking: /home/nfl/husarion_rusak/src/install/husarion_gz_worlds/share/husarion_gz_worlds/models/aruco_pole_textures/aruco_pole_19/model.sdf
-- Symlinking: /home/nfl/husarion_rusak/src/install/husarion_gz_worlds/share/husarion_gz_worlds/models/aruco_pole_textures/aruco_pole_2/model.config
-- Symlinking: /home/nfl/husarion_rusak/src/install/husarion_gz_worlds/share/husarion_gz_worlds/models/aruco_pole_textures/aruco_pole_2/model.sdf
-- Symlinking: /home/nfl/husarion_rusak/src/install/husarion_gz_worlds/share/husarion_gz_worlds/models/aruco_pole_textures/aruco_pole_20/model.config
-- Symlinking: /home/nfl/husarion_rusak/src/install/husarion_gz_worlds/share/husarion_gz_worlds/models/aruco_pole_textures/aruco_pole_20/model.sdf
-- Symlinking: /home/nfl/husarion_rusak/src/install/husarion_gz_worlds/share/husarion_gz_worlds/models/aruco_pole_textures/aruco_pole_21/model.config
-- Symlinking: /home/nfl/husarion_rusak/src/install/husarion_gz_worlds/share/husarion_gz_worlds/models/aruco_pole_textures/aruco_pole_21/model.sdf
-- Symlinking: /home/nfl/husarion_rusak/src/install/husarion_gz_worlds/share/husarion_gz_worlds/models/aruco_pole_textures/aruco_pole_22/model.config
-- Symlinking: /home/nfl/husarion_rusak/src/install/husarion_gz_worlds/share/husarion_gz_worlds/models/aruco_pole_textures/aruco_pole_22/model.sdf
-- Symlinking: /home/nfl/husarion_rusak/src/install/husarion_gz_worlds/share/husarion_gz_worlds/models/aruco_pole_textures/aruco_pole_23/model.config
-- Symlinking: /home/nfl/husarion_rusak/src/install/husarion_gz_worlds/share/husarion_gz_worlds/models/aruco_pole_textures/aruco_pole_23/model.sdf
-- Symlinking: /home/nfl/husarion_rusak/src/install/husarion_gz_worlds/share/husarion_gz_worlds/models/aruco_pole_textures/aruco_pole_24/model.config
-- Symlinking: /home/nfl/husarion_rusak/src/install/husarion_gz_worlds/share/husarion_gz_worlds/models/aruco_pole_textures/aruco_pole_24/model.sdf
-- Symlinking: /home/nfl/husarion_rusak/src/install/husarion_gz_worlds/share/husarion_gz_worlds/models/aruco_pole_textures/aruco_pole_25/model.config
-- Symlinking: /home/nfl/husarion_rusak/src/install/husarion_gz_worlds/share/husarion_gz_worlds/models/aruco_pole_textures/aruco_pole_25/model.sdf
-- Symlinking: /home/nfl/husarion_rusak/src/install/husarion_gz_worlds/share/husarion_gz_worlds/models/aruco_pole_textures/aruco_pole_26/model.config
-- Symlinking: /home/nfl/husarion_rusak/src/install/husarion_gz_worlds/share/husarion_gz_worlds/models/aruco_pole_textures/aruco_pole_26/model.sdf
-- Symlinking: /home/nfl/husarion_rusak/src/install/husarion_gz_worlds/share/husarion_gz_worlds/models/aruco_pole_textures/aruco_pole_27/model.config
-- Symlinking: /home/nfl/husarion_rusak/src/install/husarion_gz_worlds/share/husarion_gz_worlds/models/aruco_pole_textures/aruco_pole_27/model.sdf
-- Symlinking: /home/nfl/husarion_rusak/src/install/husarion_gz_worlds/share/husarion_gz_worlds/models/aruco_pole_textures/aruco_pole_28/model.config
-- Symlinking: /home/nfl/husarion_rusak/src/install/husarion_gz_worlds/share/husarion_gz_worlds/models/aruco_pole_textures/aruco_pole_28/model.sdf
-- Symlinking: /home/nfl/husarion_rusak/src/install/husarion_gz_worlds/share/husarion_gz_worlds/models/aruco_pole_textures/aruco_pole_29/model.config
-- Symlinking: /home/nfl/husarion_rusak/src/install/husarion_gz_worlds/share/husarion_gz_worlds/models/aruco_pole_textures/aruco_pole_29/model.sdf
-- Symlinking: /home/nfl/husarion_rusak/src/install/husarion_gz_worlds/share/husarion_gz_worlds/models/aruco_pole_textures/aruco_pole_3/model.config
-- Symlinking: /home/nfl/husarion_rusak/src/install/husarion_gz_worlds/share/husarion_gz_worlds/models/aruco_pole_textures/aruco_pole_3/model.sdf
-- Symlinking: /home/nfl/husarion_rusak/src/install/husarion_gz_worlds/share/husarion_gz_worlds/models/aruco_pole_textures/aruco_pole_30/model.config
-- Symlinking: /home/nfl/husarion_rusak/src/install/husarion_gz_worlds/share/husarion_gz_worlds/models/aruco_pole_textures/aruco_pole_30/model.sdf
-- Symlinking: /home/nfl/husarion_rusak/src/install/husarion_gz_worlds/share/husarion_gz_worlds/models/aruco_pole_textures/aruco_pole_31/model.config
-- Symlinking: /home/nfl/husarion_rusak/src/install/husarion_gz_worlds/share/husarion_gz_worlds/models/aruco_pole_textures/aruco_pole_31/model.sdf
-- Symlinking: /home/nfl/husarion_rusak/src/install/husarion_gz_worlds/share/husarion_gz_worlds/models/aruco_pole_textures/aruco_pole_32/model.config
-- Symlinking: /home/nfl/husarion_rusak/src/install/husarion_gz_worlds/share/husarion_gz_worlds/models/aruco_pole_textures/aruco_pole_32/model.sdf
-- Symlinking: /home/nfl/husarion_rusak/src/install/husarion_gz_worlds/share/husarion_gz_worlds/models/aruco_pole_textures/aruco_pole_33/model.config
-- Symlinking: /home/nfl/husarion_rusak/src/install/husarion_gz_worlds/share/husarion_gz_worlds/models/aruco_pole_textures/aruco_pole_33/model.sdf
-- Symlinking: /home/nfl/husarion_rusak/src/install/husarion_gz_worlds/share/husarion_gz_worlds/models/aruco_pole_textures/aruco_pole_34/model.config
-- Symlinking: /home/nfl/husarion_rusak/src/install/husarion_gz_worlds/share/husarion_gz_worlds/models/aruco_pole_textures/aruco_pole_34/model.sdf
-- Symlinking: /home/nfl/husarion_rusak/src/install/husarion_gz_worlds/share/husarion_gz_worlds/models/aruco_pole_textures/aruco_pole_35/model.config
-- Symlinking: /home/nfl/husarion_rusak/src/install/husarion_gz_worlds/share/husarion_gz_worlds/models/aruco_pole_textures/aruco_pole_35/model.sdf
-- Symlinking: /home/nfl/husarion_rusak/src/install/husarion_gz_worlds/share/husarion_gz_worlds/models/aruco_pole_textures/aruco_pole_36/model.config
-- Symlinking: /home/nfl/husarion_rusak/src/install/husarion_gz_worlds/share/husarion_gz_worlds/models/aruco_pole_textures/aruco_pole_36/model.sdf
-- Symlinking: /home/nfl/husarion_rusak/src/install/husarion_gz_worlds/share/husarion_gz_worlds/models/aruco_pole_textures/aruco_pole_37/model.config
-- Symlinking: /home/nfl/husarion_rusak/src/install/husarion_gz_worlds/share/husarion_gz_worlds/models/aruco_pole_textures/aruco_pole_37/model.sdf
-- Symlinking: /home/nfl/husarion_rusak/src/install/husarion_gz_worlds/share/husarion_gz_worlds/models/aruco_pole_textures/aruco_pole_38/model.config
-- Symlinking: /home/nfl/husarion_rusak/src/install/husarion_gz_worlds/share/husarion_gz_worlds/models/aruco_pole_textures/aruco_pole_38/model.sdf
-- Symlinking: /home/nfl/husarion_rusak/src/install/husarion_gz_worlds/share/husarion_gz_worlds/models/aruco_pole_textures/aruco_pole_39/model.config
-- Symlinking: /home/nfl/husarion_rusak/src/install/husarion_gz_worlds/share/husarion_gz_worlds/models/aruco_pole_textures/aruco_pole_39/model.sdf
-- Symlinking: /home/nfl/husarion_rusak/src/install/husarion_gz_worlds/share/husarion_gz_worlds/models/aruco_pole_textures/aruco_pole_4/model.config
-- Symlinking: /home/nfl/husarion_rusak/src/install/husarion_gz_worlds/share/husarion_gz_worlds/models/aruco_pole_textures/aruco_pole_4/model.sdf
-- Symlinking: /home/nfl/husarion_rusak/src/install/husarion_gz_worlds/share/husarion_gz_worlds/models/aruco_pole_textures/aruco_pole_40/model.config
-- Symlinking: /home/nfl/husarion_rusak/src/install/husarion_gz_worlds/share/husarion_gz_worlds/models/aruco_pole_textures/aruco_pole_40/model.sdf
-- Symlinking: /home/nfl/husarion_rusak/src/install/husarion_gz_worlds/share/husarion_gz_worlds/models/aruco_pole_textures/aruco_pole_41/model.config
-- Symlinking: /home/nfl/husarion_rusak/src/install/husarion_gz_worlds/share/husarion_gz_worlds/models/aruco_pole_textures/aruco_pole_41/model.sdf
-- Symlinking: /home/nfl/husarion_rusak/src/install/husarion_gz_worlds/share/husarion_gz_worlds/models/aruco_pole_textures/aruco_pole_42/model.config
-- Symlinking: /home/nfl/husarion_rusak/src/install/husarion_gz_worlds/share/husarion_gz_worlds/models/aruco_pole_textures/aruco_pole_42/model.sdf
-- Symlinking: /home/nfl/husarion_rusak/src/install/husarion_gz_worlds/share/husarion_gz_worlds/models/aruco_pole_textures/aruco_pole_43/model.config
-- Symlinking: /home/nfl/husarion_rusak/src/install/husarion_gz_worlds/share/husarion_gz_worlds/models/aruco_pole_textures/aruco_pole_43/model.sdf
-- Symlinking: /home/nfl/husarion_rusak/src/install/husarion_gz_worlds/share/husarion_gz_worlds/models/aruco_pole_textures/aruco_pole_44/model.config
-- Symlinking: /home/nfl/husarion_rusak/src/install/husarion_gz_worlds/share/husarion_gz_worlds/models/aruco_pole_textures/aruco_pole_44/model.sdf
-- Symlinking: /home/nfl/husarion_rusak/src/install/husarion_gz_worlds/share/husarion_gz_worlds/models/aruco_pole_textures/aruco_pole_45/model.config
-- Symlinking: /home/nfl/husarion_rusak/src/install/husarion_gz_worlds/share/husarion_gz_worlds/models/aruco_pole_textures/aruco_pole_45/model.sdf
-- Symlinking: /home/nfl/husarion_rusak/src/install/husarion_gz_worlds/share/husarion_gz_worlds/models/aruco_pole_textures/aruco_pole_46/model.config
-- Symlinking: /home/nfl/husarion_rusak/src/install/husarion_gz_worlds/share/husarion_gz_worlds/models/aruco_pole_textures/aruco_pole_46/model.sdf
-- Symlinking: /home/nfl/husarion_rusak/src/install/husarion_gz_worlds/share/husarion_gz_worlds/models/aruco_pole_textures/aruco_pole_47/model.config
-- Symlinking: /home/nfl/husarion_rusak/src/install/husarion_gz_worlds/share/husarion_gz_worlds/models/aruco_pole_textures/aruco_pole_47/model.sdf
-- Symlinking: /home/nfl/husarion_rusak/src/install/husarion_gz_worlds/share/husarion_gz_worlds/models/aruco_pole_textures/aruco_pole_48/model.config
-- Symlinking: /home/nfl/husarion_rusak/src/install/husarion_gz_worlds/share/husarion_gz_worlds/models/aruco_pole_textures/aruco_pole_48/model.sdf
-- Symlinking: /home/nfl/husarion_rusak/src/install/husarion_gz_worlds/share/husarion_gz_worlds/models/aruco_pole_textures/aruco_pole_49/model.config
-- Symlinking: /home/nfl/husarion_rusak/src/install/husarion_gz_worlds/share/husarion_gz_worlds/models/aruco_pole_textures/aruco_pole_49/model.sdf
-- Symlinking: /home/nfl/husarion_rusak/src/install/husarion_gz_worlds/share/husarion_gz_worlds/models/aruco_pole_textures/aruco_pole_5/model.config
-- Symlinking: /home/nfl/husarion_rusak/src/install/husarion_gz_worlds/share/husarion_gz_worlds/models/aruco_pole_textures/aruco_pole_5/model.sdf
-- Symlinking: /home/nfl/husarion_rusak/src/install/husarion_gz_worlds/share/husarion_gz_worlds/models/aruco_pole_textures/aruco_pole_50/model.config
-- Symlinking: /home/nfl/husarion_rusak/src/install/husarion_gz_worlds/share/husarion_gz_worlds/models/aruco_pole_textures/aruco_pole_50/model.sdf
-- Symlinking: /home/nfl/husarion_rusak/src/install/husarion_gz_worlds/share/husarion_gz_worlds/models/aruco_pole_textures/aruco_pole_6/model.config
-- Symlinking: /home/nfl/husarion_rusak/src/install/husarion_gz_worlds/share/husarion_gz_worlds/models/aruco_pole_textures/aruco_pole_6/model.sdf
-- Symlinking: /home/nfl/husarion_rusak/src/install/husarion_gz_worlds/share/husarion_gz_worlds/models/aruco_pole_textures/aruco_pole_7/model.config
-- Symlinking: /home/nfl/husarion_rusak/src/install/husarion_gz_worlds/share/husarion_gz_worlds/models/aruco_pole_textures/aruco_pole_7/model.sdf
-- Symlinking: /home/nfl/husarion_rusak/src/install/husarion_gz_worlds/share/husarion_gz_worlds/models/aruco_pole_textures/aruco_pole_8/model.config
-- Symlinking: /home/nfl/husarion_rusak/src/install/husarion_gz_worlds/share/husarion_gz_worlds/models/aruco_pole_textures/aruco_pole_8/model.sdf
-- Symlinking: /home/nfl/husarion_rusak/src/install/husarion_gz_worlds/share/husarion_gz_worlds/models/aruco_pole_textures/aruco_pole_9/model.config
-- Symlinking: /home/nfl/husarion_rusak/src/install/husarion_gz_worlds/share/husarion_gz_worlds/models/aruco_pole_textures/aruco_pole_9/model.sdf
-- Symlinking: /home/nfl/husarion_rusak/src/install/husarion_gz_worlds/share/husarion_gz_worlds/models/aruco_pole_textures/generate_poles.py
-- Symlinking: /home/nfl/husarion_rusak/src/install/husarion_gz_worlds/share/husarion_gz_worlds/models/aruco_pole_textures/materials/textures/aruco_tag_0.png
-- Symlinking: /home/nfl/husarion_rusak/src/install/husarion_gz_worlds/share/husarion_gz_worlds/models/aruco_pole_textures/materials/textures/aruco_tag_1.png
-- Symlinking: /home/nfl/husarion_rusak/src/install/husarion_gz_worlds/share/husarion_gz_worlds/models/aruco_pole_textures/materials/textures/aruco_tag_10.png
-- Symlinking: /home/nfl/husarion_rusak/src/install/husarion_gz_worlds/share/husarion_gz_worlds/models/aruco_pole_textures/materials/textures/aruco_tag_11.png
-- Symlinking: /home/nfl/husarion_rusak/src/install/husarion_gz_worlds/share/husarion_gz_worlds/models/aruco_pole_textures/materials/textures/aruco_tag_12.png
-- Symlinking: /home/nfl/husarion_rusak/src/install/husarion_gz_worlds/share/husarion_gz_worlds/models/aruco_pole_textures/materials/textures/aruco_tag_13.png
-- Symlinking: /home/nfl/husarion_rusak/src/install/husarion_gz_worlds/share/husarion_gz_worlds/models/aruco_pole_textures/materials/textures/aruco_tag_14.png
-- Symlinking: /home/nfl/husarion_rusak/src/install/husarion_gz_worlds/share/husarion_gz_worlds/models/aruco_pole_textures/materials/textures/aruco_tag_15.png
-- Symlinking: /home/nfl/husarion_rusak/src/install/husarion_gz_worlds/share/husarion_gz_worlds/models/aruco_pole_textures/materials/textures/aruco_tag_16.png
-- Symlinking: /home/nfl/husarion_rusak/src/install/husarion_gz_worlds/share/husarion_gz_worlds/models/aruco_pole_textures/materials/textures/aruco_tag_17.png
-- Symlinking: /home/nfl/husarion_rusak/src/install/husarion_gz_worlds/share/husarion_gz_worlds/models/aruco_pole_textures/materials/textures/aruco_tag_18.png
-- Symlinking: /home/nfl/husarion_rusak/src/install/husarion_gz_worlds/share/husarion_gz_worlds/models/aruco_pole_textures/materials/textures/aruco_tag_19.png
-- Symlinking: /home/nfl/husarion_rusak/src/install/husarion_gz_worlds/share/husarion_gz_worlds/models/aruco_pole_textures/materials/textures/aruco_tag_2.png
-- Symlinking: /home/nfl/husarion_rusak/src/install/husarion_gz_worlds/share/husarion_gz_worlds/models/aruco_pole_textures/materials/textures/aruco_tag_20.png
-- Symlinking: /home/nfl/husarion_rusak/src/install/husarion_gz_worlds/share/husarion_gz_worlds/models/aruco_pole_textures/materials/textures/aruco_tag_21.png
-- Symlinking: /home/nfl/husarion_rusak/src/install/husarion_gz_worlds/share/husarion_gz_worlds/models/aruco_pole_textures/materials/textures/aruco_tag_22.png
-- Symlinking: /home/nfl/husarion_rusak/src/install/husarion_gz_worlds/share/husarion_gz_worlds/models/aruco_pole_textures/materials/textures/aruco_tag_23.png
-- Symlinking: /home/nfl/husarion_rusak/src/install/husarion_gz_worlds/share/husarion_gz_worlds/models/aruco_pole_textures/materials/textures/aruco_tag_24.png
-- Symlinking: /home/nfl/husarion_rusak/src/install/husarion_gz_worlds/share/husarion_gz_worlds/models/aruco_pole_textures/materials/textures/aruco_tag_25.png
-- Symlinking: /home/nfl/husarion_rusak/src/install/husarion_gz_worlds/share/husarion_gz_worlds/models/aruco_pole_textures/materials/textures/aruco_tag_26.png
-- Symlinking: /home/nfl/husarion_rusak/src/install/husarion_gz_worlds/share/husarion_gz_worlds/models/aruco_pole_textures/materials/textures/aruco_tag_27.png
-- Symlinking: /home/nfl/husarion_rusak/src/install/husarion_gz_worlds/share/husarion_gz_worlds/models/aruco_pole_textures/materials/textures/aruco_tag_28.png
-- Symlinking: /home/nfl/husarion_rusak/src/install/husarion_gz_worlds/share/husarion_gz_worlds/models/aruco_pole_textures/materials/textures/aruco_tag_29.png
-- Symlinking: /home/nfl/husarion_rusak/src/install/husarion_gz_worlds/share/husarion_gz_worlds/models/aruco_pole_textures/materials/textures/aruco_tag_3.png
-- Symlinking: /home/nfl/husarion_rusak/src/install/husarion_gz_worlds/share/husarion_gz_worlds/models/aruco_pole_textures/materials/textures/aruco_tag_30.png
-- Symlinking: /home/nfl/husarion_rusak/src/install/husarion_gz_worlds/share/husarion_gz_worlds/models/aruco_pole_textures/materials/textures/aruco_tag_31.png
-- Symlinking: /home/nfl/husarion_rusak/src/install/husarion_gz_worlds/share/husarion_gz_worlds/models/aruco_pole_textures/materials/textures/aruco_tag_32.png
-- Symlinking: /home/nfl/husarion_rusak/src/install/husarion_gz_worlds/share/husarion_gz_worlds/models/aruco_pole_textures/materials/textures/aruco_tag_33.png
-- Symlinking: /home/nfl/husarion_rusak/src/install/husarion_gz_worlds/share/husarion_gz_worlds/models/aruco_pole_textures/materials/textures/aruco_tag_34.png
-- Symlinking: /home/nfl/husarion_rusak/src/install/husarion_gz_worlds/share/husarion_gz_worlds/models/aruco_pole_textures/materials/textures/aruco_tag_35.png
-- Symlinking: /home/nfl/husarion_rusak/src/install/husarion_gz_worlds/share/husarion_gz_worlds/models/aruco_pole_textures/materials/textures/aruco_tag_36.png
-- Symlinking: /home/nfl/husarion_rusak/src/install/husarion_gz_worlds/share/husarion_gz_worlds/models/aruco_pole_textures/materials/textures/aruco_tag_37.png
-- Symlinking: /home/nfl/husarion_rusak/src/install/husarion_gz_worlds/share/husarion_gz_worlds/models/aruco_pole_textures/materials/textures/aruco_tag_38.png
-- Symlinking: /home/nfl/husarion_rusak/src/install/husarion_gz_worlds/share/husarion_gz_worlds/models/aruco_pole_textures/materials/textures/aruco_tag_39.png
-- Symlinking: /home/nfl/husarion_rusak/src/install/husarion_gz_worlds/share/husarion_gz_worlds/models/aruco_pole_textures/materials/textures/aruco_tag_4.png
-- Symlinking: /home/nfl/husarion_rusak/src/install/husarion_gz_worlds/share/husarion_gz_worlds/models/aruco_pole_textures/materials/textures/aruco_tag_40.png
-- Symlinking: /home/nfl/husarion_rusak/src/install/husarion_gz_worlds/share/husarion_gz_worlds/models/aruco_pole_textures/materials/textures/aruco_tag_41.png
-- Symlinking: /home/nfl/husarion_rusak/src/install/husarion_gz_worlds/share/husarion_gz_worlds/models/aruco_pole_textures/materials/textures/aruco_tag_42.png
-- Symlinking: /home/nfl/husarion_rusak/src/install/husarion_gz_worlds/share/husarion_gz_worlds/models/aruco_pole_textures/materials/textures/aruco_tag_43.png
-- Symlinking: /home/nfl/husarion_rusak/src/install/husarion_gz_worlds/share/husarion_gz_worlds/models/aruco_pole_textures/materials/textures/aruco_tag_44.png
-- Symlinking: /home/nfl/husarion_rusak/src/install/husarion_gz_worlds/share/husarion_gz_worlds/models/aruco_pole_textures/materials/textures/aruco_tag_45.png
-- Symlinking: /home/nfl/husarion_rusak/src/install/husarion_gz_worlds/share/husarion_gz_worlds/models/aruco_pole_textures/materials/textures/aruco_tag_46.png
-- Symlinking: /home/nfl/husarion_rusak/src/install/husarion_gz_worlds/share/husarion_gz_worlds/models/aruco_pole_textures/materials/textures/aruco_tag_47.png
-- Symlinking: /home/nfl/husarion_rusak/src/install/husarion_gz_worlds/share/husarion_gz_worlds/models/aruco_pole_textures/materials/textures/aruco_tag_48.png
-- Symlinking: /home/nfl/husarion_rusak/src/install/husarion_gz_worlds/share/husarion_gz_worlds/models/aruco_pole_textures/materials/textures/aruco_tag_49.png
-- Symlinking: /home/nfl/husarion_rusak/src/install/husarion_gz_worlds/share/husarion_gz_worlds/models/aruco_pole_textures/materials/textures/aruco_tag_5.png
-- Symlinking: /home/nfl/husarion_rusak/src/install/husarion_gz_worlds/share/husarion_gz_worlds/models/aruco_pole_textures/materials/textures/aruco_tag_50.png
-- Symlinking: /home/nfl/husarion_rusak/src/install/husarion_gz_worlds/share/husarion_gz_worlds/models/aruco_pole_textures/materials/textures/aruco_tag_6.png
-- Symlinking: /home/nfl/husarion_rusak/src/install/husarion_gz_worlds/share/husarion_gz_worlds/models/aruco_pole_textures/materials/textures/aruco_tag_7.png
-- Symlinking: /home/nfl/husarion_rusak/src/install/husarion_gz_worlds/share/husarion_gz_worlds/models/aruco_pole_textures/materials/textures/aruco_tag_8.png
-- Symlinking: /home/nfl/husarion_rusak/src/install/husarion_gz_worlds/share/husarion_gz_worlds/models/aruco_pole_textures/materials/textures/aruco_tag_9.png
-- Symlinking: /home/nfl/husarion_rusak/src/install/husarion_gz_worlds/share/husarion_gz_worlds/models/aruco_pole_textures/materials/textures/generate_textures.py
-- Symlinking: /home/nfl/husarion_rusak/src/install/husarion_gz_worlds/share/husarion_gz_worlds/models/aruco_pole_textures/model.config
-- Symlinking: /home/nfl/husarion_rusak/src/install/husarion_gz_worlds/share/husarion_gz_worlds/models/car_wheel/materials/textures/car_wheel.png
-- Symlinking: /home/nfl/husarion_rusak/src/install/husarion_gz_worlds/share/husarion_gz_worlds/models/car_wheel/meshes/car_wheel.dae
-- Symlinking: /home/nfl/husarion_rusak/src/install/husarion_gz_worlds/share/husarion_gz_worlds/models/car_wheel/model.config
-- Symlinking: /home/nfl/husarion_rusak/src/install/husarion_gz_worlds/share/husarion_gz_worlds/models/car_wheel/model.sdf
-- Symlinking: /home/nfl/husarion_rusak/src/install/husarion_gz_worlds/share/husarion_gz_worlds/models/car_wheel/thumbnails/1.png
-- Symlinking: /home/nfl/husarion_rusak/src/install/husarion_gz_worlds/share/husarion_gz_worlds/models/car_wheel/thumbnails/2.png
-- Symlinking: /home/nfl/husarion_rusak/src/install/husarion_gz_worlds/share/husarion_gz_worlds/models/car_wheel/thumbnails/3.png
-- Symlinking: /home/nfl/husarion_rusak/src/install/husarion_gz_worlds/share/husarion_gz_worlds/models/car_wheel/thumbnails/4.png
-- Symlinking: /home/nfl/husarion_rusak/src/install/husarion_gz_worlds/share/husarion_gz_worlds/models/car_wheel/thumbnails/5.png
-- Symlinking: /home/nfl/husarion_rusak/src/install/husarion_gz_worlds/share/husarion_gz_worlds/models/cordless_drill/materials/textures/cordless_drill.png
-- Symlinking: /home/nfl/husarion_rusak/src/install/husarion_gz_worlds/share/husarion_gz_worlds/models/cordless_drill/meshes/cordless_drill.dae
-- Symlinking: /home/nfl/husarion_rusak/src/install/husarion_gz_worlds/share/husarion_gz_worlds/models/cordless_drill/meshes/cordless_drill.stl
-- Symlinking: /home/nfl/husarion_rusak/src/install/husarion_gz_worlds/share/husarion_gz_worlds/models/cordless_drill/model-1_2.sdf
-- Symlinking: /home/nfl/husarion_rusak/src/install/husarion_gz_worlds/share/husarion_gz_worlds/models/cordless_drill/model-1_3.sdf
-- Symlinking: /home/nfl/husarion_rusak/src/install/husarion_gz_worlds/share/husarion_gz_worlds/models/cordless_drill/model-1_4.sdf
-- Symlinking: /home/nfl/husarion_rusak/src/install/husarion_gz_worlds/share/husarion_gz_worlds/models/cordless_drill/model.config
-- Symlinking: /home/nfl/husarion_rusak/src/install/husarion_gz_worlds/share/husarion_gz_worlds/models/cordless_drill/model.sdf
-- Symlinking: /home/nfl/husarion_rusak/src/install/husarion_gz_worlds/share/husarion_gz_worlds/models/cordless_drill/thumbnails/1.png
-- Symlinking: /home/nfl/husarion_rusak/src/install/husarion_gz_worlds/share/husarion_gz_worlds/models/cordless_drill/thumbnails/2.png
-- Symlinking: /home/nfl/husarion_rusak/src/install/husarion_gz_worlds/share/husarion_gz_worlds/models/cordless_drill/thumbnails/3.png
-- Symlinking: /home/nfl/husarion_rusak/src/install/husarion_gz_worlds/share/husarion_gz_worlds/models/cordless_drill/thumbnails/4.png
-- Symlinking: /home/nfl/husarion_rusak/src/install/husarion_gz_worlds/share/husarion_gz_worlds/models/cordless_drill/thumbnails/5.png
-- Symlinking: /home/nfl/husarion_rusak/src/install/husarion_gz_worlds/share/husarion_gz_worlds/models/fire_hydrant/materials/textures/fire_hydrant_diffuse.png
-- Symlinking: /home/nfl/husarion_rusak/src/install/husarion_gz_worlds/share/husarion_gz_worlds/models/fire_hydrant/materials/textures/fire_hydrant_spec.png
-- Symlinking: /home/nfl/husarion_rusak/src/install/husarion_gz_worlds/share/husarion_gz_worlds/models/fire_hydrant/meshes/fire_hydrant.dae
-- Symlinking: /home/nfl/husarion_rusak/src/install/husarion_gz_worlds/share/husarion_gz_worlds/models/fire_hydrant/model-1_4.sdf
-- Symlinking: /home/nfl/husarion_rusak/src/install/husarion_gz_worlds/share/husarion_gz_worlds/models/fire_hydrant/model.config
-- Symlinking: /home/nfl/husarion_rusak/src/install/husarion_gz_worlds/share/husarion_gz_worlds/models/fire_hydrant/model.sdf
-- Symlinking: /home/nfl/husarion_rusak/src/install/husarion_gz_worlds/share/husarion_gz_worlds/models/fire_hydrant/thumbnails/1.png
-- Symlinking: /home/nfl/husarion_rusak/src/install/husarion_gz_worlds/share/husarion_gz_worlds/models/fire_hydrant/thumbnails/2.png
-- Symlinking: /home/nfl/husarion_rusak/src/install/husarion_gz_worlds/share/husarion_gz_worlds/models/fire_hydrant/thumbnails/3.png
-- Symlinking: /home/nfl/husarion_rusak/src/install/husarion_gz_worlds/share/husarion_gz_worlds/models/fire_hydrant/thumbnails/4.png
-- Symlinking: /home/nfl/husarion_rusak/src/install/husarion_gz_worlds/share/husarion_gz_worlds/models/fire_hydrant/thumbnails/5.png
-- Symlinking: /home/nfl/husarion_rusak/src/install/husarion_gz_worlds/share/husarion_gz_worlds/models/helmet/materials/textures/CavingHelmet.jpg
-- Symlinking: /home/nfl/husarion_rusak/src/install/husarion_gz_worlds/share/husarion_gz_worlds/models/helmet/materials/textures/CavingHelmet_Albedo.jpg
-- Symlinking: /home/nfl/husarion_rusak/src/install/husarion_gz_worlds/share/husarion_gz_worlds/models/helmet/materials/textures/CavingHelmet_Emissive.jpg
-- Symlinking: /home/nfl/husarion_rusak/src/install/husarion_gz_worlds/share/husarion_gz_worlds/models/helmet/materials/textures/CavingHelmet_Heatmap_Albedo.png
-- Symlinking: /home/nfl/husarion_rusak/src/install/husarion_gz_worlds/share/husarion_gz_worlds/models/helmet/materials/textures/CavingHelmet_Normal.jpg
-- Symlinking: /home/nfl/husarion_rusak/src/install/husarion_gz_worlds/share/husarion_gz_worlds/models/helmet/materials/textures/CavingHelmet_Roughness.jpg
-- Symlinking: /home/nfl/husarion_rusak/src/install/husarion_gz_worlds/share/husarion_gz_worlds/models/helmet/meshes/CavingHelmet.dae
-- Symlinking: /home/nfl/husarion_rusak/src/install/husarion_gz_worlds/share/husarion_gz_worlds/models/helmet/model.config
-- Symlinking: /home/nfl/husarion_rusak/src/install/husarion_gz_worlds/share/husarion_gz_worlds/models/helmet/model.sdf
-- Symlinking: /home/nfl/husarion_rusak/src/install/husarion_gz_worlds/share/husarion_gz_worlds/models/helmet/thumbnails/1.jpg
-- Symlinking: /home/nfl/husarion_rusak/src/install/husarion_gz_worlds/share/husarion_gz_worlds/models/helmet/thumbnails/2.jpg
-- Symlinking: /home/nfl/husarion_rusak/src/install/husarion_gz_worlds/share/husarion_gz_worlds/models/helmet/thumbnails/3.jpg
-- Symlinking: /home/nfl/husarion_rusak/src/install/husarion_gz_worlds/share/husarion_gz_worlds/models/helmet/thumbnails/4.jpg
-- Symlinking: /home/nfl/husarion_rusak/src/install/husarion_gz_worlds/share/husarion_gz_worlds/models/landmarks/bottle/meshes/BottleCap_baseColor.png
-- Symlinking: /home/nfl/husarion_rusak/src/install/husarion_gz_worlds/share/husarion_gz_worlds/models/landmarks/bottle/meshes/BottleCap_metallicRoughness.png
-- Symlinking: /home/nfl/husarion_rusak/src/install/husarion_gz_worlds/share/husarion_gz_worlds/models/landmarks/bottle/meshes/BottleCap_normal.png
-- Symlinking: /home/nfl/husarion_rusak/src/install/husarion_gz_worlds/share/husarion_gz_worlds/models/landmarks/bottle/meshes/WaterBottle1_baseColor.png
-- Symlinking: /home/nfl/husarion_rusak/src/install/husarion_gz_worlds/share/husarion_gz_worlds/models/landmarks/bottle/meshes/WaterBottle1_metallicRoughness.png
-- Symlinking: /home/nfl/husarion_rusak/src/install/husarion_gz_worlds/share/husarion_gz_worlds/models/landmarks/bottle/meshes/WaterBottle1_normal.png
-- Symlinking: /home/nfl/husarion_rusak/src/install/husarion_gz_worlds/share/husarion_gz_worlds/models/landmarks/bottle/meshes/bottle.mtl
-- Symlinking: /home/nfl/husarion_rusak/src/install/husarion_gz_worlds/share/husarion_gz_worlds/models/landmarks/bottle/meshes/bottle.obj
-- Symlinking: /home/nfl/husarion_rusak/src/install/husarion_gz_worlds/share/husarion_gz_worlds/models/landmarks/bottle/model.config
-- Symlinking: /home/nfl/husarion_rusak/src/install/husarion_gz_worlds/share/husarion_gz_worlds/models/landmarks/bottle/model.sdf
-- Symlinking: /home/nfl/husarion_rusak/src/install/husarion_gz_worlds/share/husarion_gz_worlds/models/landmarks/drill/meshes/M_Drill_01_baseColor.png
-- Symlinking: /home/nfl/husarion_rusak/src/install/husarion_gz_worlds/share/husarion_gz_worlds/models/landmarks/drill/meshes/M_Drill_01_metallicRoughness.png
-- Symlinking: /home/nfl/husarion_rusak/src/install/husarion_gz_worlds/share/husarion_gz_worlds/models/landmarks/drill/meshes/M_Drill_01_normal.png
-- Symlinking: /home/nfl/husarion_rusak/src/install/husarion_gz_worlds/share/husarion_gz_worlds/models/landmarks/drill/meshes/drill.mtl
-- Symlinking: /home/nfl/husarion_rusak/src/install/husarion_gz_worlds/share/husarion_gz_worlds/models/landmarks/drill/meshes/drill.obj
-- Symlinking: /home/nfl/husarion_rusak/src/install/husarion_gz_worlds/share/husarion_gz_worlds/models/landmarks/drill/meshes/readme.txt
-- Symlinking: /home/nfl/husarion_rusak/src/install/husarion_gz_worlds/share/husarion_gz_worlds/models/landmarks/drill/model.config
-- Symlinking: /home/nfl/husarion_rusak/src/install/husarion_gz_worlds/share/husarion_gz_worlds/models/landmarks/drill/model.sdf
-- Symlinking: /home/nfl/husarion_rusak/src/install/husarion_gz_worlds/share/husarion_gz_worlds/models/landmarks/hammer/meshes/Scene_-_Root_baseColor.png
-- Symlinking: /home/nfl/husarion_rusak/src/install/husarion_gz_worlds/share/husarion_gz_worlds/models/landmarks/hammer/meshes/Scene_-_Root_metallicRoughness.png
-- Symlinking: /home/nfl/husarion_rusak/src/install/husarion_gz_worlds/share/husarion_gz_worlds/models/landmarks/hammer/meshes/Scene_-_Root_normal.png
-- Symlinking: /home/nfl/husarion_rusak/src/install/husarion_gz_worlds/share/husarion_gz_worlds/models/landmarks/hammer/meshes/hammer.mtl
-- Symlinking: /home/nfl/husarion_rusak/src/install/husarion_gz_worlds/share/husarion_gz_worlds/models/landmarks/hammer/meshes/hammer.obj
-- Symlinking: /home/nfl/husarion_rusak/src/install/husarion_gz_worlds/share/husarion_gz_worlds/models/landmarks/hammer/model.config
-- Symlinking: /home/nfl/husarion_rusak/src/install/husarion_gz_worlds/share/husarion_gz_worlds/models/landmarks/hammer/model.sdf
-- Symlinking: /home/nfl/husarion_rusak/src/install/husarion_gz_worlds/share/husarion_gz_worlds/models/landmarks/helmet/meshes/Helmet-Body_baseColor.jpg
-- Symlinking: /home/nfl/husarion_rusak/src/install/husarion_gz_worlds/share/husarion_gz_worlds/models/landmarks/helmet/meshes/Helmet-Body_emissive.png
-- Symlinking: /home/nfl/husarion_rusak/src/install/husarion_gz_worlds/share/husarion_gz_worlds/models/landmarks/helmet/meshes/Helmet-Body_normal.png
-- Symlinking: /home/nfl/husarion_rusak/src/install/husarion_gz_worlds/share/husarion_gz_worlds/models/landmarks/helmet/meshes/astronaut_helmet.mtl
-- Symlinking: /home/nfl/husarion_rusak/src/install/husarion_gz_worlds/share/husarion_gz_worlds/models/landmarks/helmet/meshes/astronaut_helmet.obj
-- Symlinking: /home/nfl/husarion_rusak/src/install/husarion_gz_worlds/share/husarion_gz_worlds/models/landmarks/helmet/meshes/helmet_glass_baseColor.png
-- Symlinking: /home/nfl/husarion_rusak/src/install/husarion_gz_worlds/share/husarion_gz_worlds/models/landmarks/helmet/model.config
-- Symlinking: /home/nfl/husarion_rusak/src/install/husarion_gz_worlds/share/husarion_gz_worlds/models/landmarks/helmet/model.sdf
-- Symlinking: /home/nfl/husarion_rusak/src/install/husarion_gz_worlds/share/husarion_gz_worlds/models/landmarks/his/fire hydrant - used_Mat_BaseColor.png
-- Symlinking: /home/nfl/husarion_rusak/src/install/husarion_gz_worlds/share/husarion_gz_worlds/models/landmarks/his/fire hydrant - used_Mat_Height.png
-- Symlinking: /home/nfl/husarion_rusak/src/install/husarion_gz_worlds/share/husarion_gz_worlds/models/landmarks/his/fire hydrant - used_Mat_Metallic.png
-- Symlinking: /home/nfl/husarion_rusak/src/install/husarion_gz_worlds/share/husarion_gz_worlds/models/landmarks/his/fire hydrant - used_Mat_Normal.png
-- Symlinking: /home/nfl/husarion_rusak/src/install/husarion_gz_worlds/share/husarion_gz_worlds/models/landmarks/his/fire hydrant - used_Mat_Roughness.png
-- Symlinking: /home/nfl/husarion_rusak/src/install/husarion_gz_worlds/share/husarion_gz_worlds/models/landmarks/his/fire hydrant.c4d
-- Symlinking: /home/nfl/husarion_rusak/src/install/husarion_gz_worlds/share/husarion_gz_worlds/models/landmarks/his/fire hydrant.obj
-- Symlinking: /home/nfl/husarion_rusak/src/install/husarion_gz_worlds/share/husarion_gz_worlds/models/landmarks/hydrant/meshes/NYC_Fire_Hydrant.jpg
-- Symlinking: /home/nfl/husarion_rusak/src/install/husarion_gz_worlds/share/husarion_gz_worlds/models/landmarks/hydrant/meshes/firehydrant.mtl
-- Symlinking: /home/nfl/husarion_rusak/src/install/husarion_gz_worlds/share/husarion_gz_worlds/models/landmarks/hydrant/meshes/firehydrant.obj
-- Symlinking: /home/nfl/husarion_rusak/src/install/husarion_gz_worlds/share/husarion_gz_worlds/models/landmarks/hydrant/model.config
-- Symlinking: /home/nfl/husarion_rusak/src/install/husarion_gz_worlds/share/husarion_gz_worlds/models/landmarks/hydrant/model.sdf
-- Symlinking: /home/nfl/husarion_rusak/src/install/husarion_gz_worlds/share/husarion_gz_worlds/models/landmarks/panel/meshes/Material__2_baseColor.png
-- Symlinking: /home/nfl/husarion_rusak/src/install/husarion_gz_worlds/share/husarion_gz_worlds/models/landmarks/panel/meshes/Material__2_metallicRoughness.png
-- Symlinking: /home/nfl/husarion_rusak/src/install/husarion_gz_worlds/share/husarion_gz_worlds/models/landmarks/panel/meshes/Material__4_baseColor.png
-- Symlinking: /home/nfl/husarion_rusak/src/install/husarion_gz_worlds/share/husarion_gz_worlds/models/landmarks/panel/meshes/Material__4_metallicRoughness.png
-- Symlinking: /home/nfl/husarion_rusak/src/install/husarion_gz_worlds/share/husarion_gz_worlds/models/landmarks/panel/meshes/control_panel.mtl
-- Symlinking: /home/nfl/husarion_rusak/src/install/husarion_gz_worlds/share/husarion_gz_worlds/models/landmarks/panel/meshes/control_panel.obj
-- Symlinking: /home/nfl/husarion_rusak/src/install/husarion_gz_worlds/share/husarion_gz_worlds/models/landmarks/panel/model.config
-- Symlinking: /home/nfl/husarion_rusak/src/install/husarion_gz_worlds/share/husarion_gz_worlds/models/landmarks/panel/model.sdf
-- Symlinking: /home/nfl/husarion_rusak/src/install/husarion_gz_worlds/share/husarion_gz_worlds/models/landmarks/satellite_dish/meshes/Scene_-_Root_baseColor.png
-- Symlinking: /home/nfl/husarion_rusak/src/install/husarion_gz_worlds/share/husarion_gz_worlds/models/landmarks/satellite_dish/meshes/Scene_-_Root_emissive.png
-- Symlinking: /home/nfl/husarion_rusak/src/install/husarion_gz_worlds/share/husarion_gz_worlds/models/landmarks/satellite_dish/meshes/Scene_-_Root_metallicRoughness.png
-- Symlinking: /home/nfl/husarion_rusak/src/install/husarion_gz_worlds/share/husarion_gz_worlds/models/landmarks/satellite_dish/meshes/Scene_-_Root_normal.png
-- Symlinking: /home/nfl/husarion_rusak/src/install/husarion_gz_worlds/share/husarion_gz_worlds/models/landmarks/satellite_dish/meshes/satellite_dish.mtl
-- Symlinking: /home/nfl/husarion_rusak/src/install/husarion_gz_worlds/share/husarion_gz_worlds/models/landmarks/satellite_dish/meshes/satellite_dish.obj
-- Symlinking: /home/nfl/husarion_rusak/src/install/husarion_gz_worlds/share/husarion_gz_worlds/models/landmarks/satellite_dish/model.config
-- Symlinking: /home/nfl/husarion_rusak/src/install/husarion_gz_worlds/share/husarion_gz_worlds/models/landmarks/satellite_dish/model.sdf
-- Symlinking: /home/nfl/husarion_rusak/src/install/husarion_gz_worlds/share/husarion_gz_worlds/models/landmarks/screw_driver/meshes/Scene_-_Root_baseColor.png
-- Symlinking: /home/nfl/husarion_rusak/src/install/husarion_gz_worlds/share/husarion_gz_worlds/models/landmarks/screw_driver/meshes/Scene_-_Root_metallicRoughness.png
-- Symlinking: /home/nfl/husarion_rusak/src/install/husarion_gz_worlds/share/husarion_gz_worlds/models/landmarks/screw_driver/meshes/Scene_-_Root_normal.png
-- Symlinking: /home/nfl/husarion_rusak/src/install/husarion_gz_worlds/share/husarion_gz_worlds/models/landmarks/screw_driver/meshes/screw_driver.mtl
-- Symlinking: /home/nfl/husarion_rusak/src/install/husarion_gz_worlds/share/husarion_gz_worlds/models/landmarks/screw_driver/meshes/screw_driver.obj
-- Symlinking: /home/nfl/husarion_rusak/src/install/husarion_gz_worlds/share/husarion_gz_worlds/models/landmarks/screw_driver/model.config
-- Symlinking: /home/nfl/husarion_rusak/src/install/husarion_gz_worlds/share/husarion_gz_worlds/models/landmarks/screw_driver/model.sdf
-- Symlinking: /home/nfl/husarion_rusak/src/install/husarion_gz_worlds/share/husarion_gz_worlds/models/landmarks/tool_box/meshes/07_-_Default_baseColor.jpg
-- Symlinking: /home/nfl/husarion_rusak/src/install/husarion_gz_worlds/share/husarion_gz_worlds/models/landmarks/tool_box/meshes/07_-_Default_metallicRoughness.png
-- Symlinking: /home/nfl/husarion_rusak/src/install/husarion_gz_worlds/share/husarion_gz_worlds/models/landmarks/tool_box/meshes/07_-_Default_normal.png
-- Symlinking: /home/nfl/husarion_rusak/src/install/husarion_gz_worlds/share/husarion_gz_worlds/models/landmarks/tool_box/meshes/tool_box.mtl
-- Symlinking: /home/nfl/husarion_rusak/src/install/husarion_gz_worlds/share/husarion_gz_worlds/models/landmarks/tool_box/meshes/tool_box.obj
-- Symlinking: /home/nfl/husarion_rusak/src/install/husarion_gz_worlds/share/husarion_gz_worlds/models/landmarks/tool_box/model.config
-- Symlinking: /home/nfl/husarion_rusak/src/install/husarion_gz_worlds/share/husarion_gz_worlds/models/landmarks/tool_box/model.sdf
-- Symlinking: /home/nfl/husarion_rusak/src/install/husarion_gz_worlds/share/husarion_gz_worlds/models/landmarks/wrench/meshes/DefaultMaterial_baseColor.jpg
-- Symlinking: /home/nfl/husarion_rusak/src/install/husarion_gz_worlds/share/husarion_gz_worlds/models/landmarks/wrench/meshes/DefaultMaterial_metallicRoughness.png
-- Symlinking: /home/nfl/husarion_rusak/src/install/husarion_gz_worlds/share/husarion_gz_worlds/models/landmarks/wrench/meshes/DefaultMaterial_normal.png
-- Symlinking: /home/nfl/husarion_rusak/src/install/husarion_gz_worlds/share/husarion_gz_worlds/models/landmarks/wrench/meshes/wrench.mtl
-- Symlinking: /home/nfl/husarion_rusak/src/install/husarion_gz_worlds/share/husarion_gz_worlds/models/landmarks/wrench/meshes/wrench.obj
-- Symlinking: /home/nfl/husarion_rusak/src/install/husarion_gz_worlds/share/husarion_gz_worlds/models/landmarks/wrench/model.config
-- Symlinking: /home/nfl/husarion_rusak/src/install/husarion_gz_worlds/share/husarion_gz_worlds/models/landmarks/wrench/model.sdf
-- Symlinking: /home/nfl/husarion_rusak/src/install/husarion_gz_worlds/share/husarion_gz_worlds/models/lorong_nopal_v2/meshes/lorong_nopal_v2.stl
-- Symlinking: /home/nfl/husarion_rusak/src/install/husarion_gz_worlds/share/husarion_gz_worlds/models/lorong_nopal_v2/model.config
-- Symlinking: /home/nfl/husarion_rusak/src/install/husarion_gz_worlds/share/husarion_gz_worlds/models/lorong_nopal_v2/model.sdf
-- Symlinking: /home/nfl/husarion_rusak/src/install/husarion_gz_worlds/share/husarion_gz_worlds/models/mars_yard/meshes/model.mtl
-- Symlinking: /home/nfl/husarion_rusak/src/install/husarion_gz_worlds/share/husarion_gz_worlds/models/mars_yard/meshes/model.obj
-- Symlinking: /home/nfl/husarion_rusak/src/install/husarion_gz_worlds/share/husarion_gz_worlds/models/mars_yard/meshes/texture.png
-- Symlinking: /home/nfl/husarion_rusak/src/install/husarion_gz_worlds/share/husarion_gz_worlds/models/mars_yard/model.config
-- Symlinking: /home/nfl/husarion_rusak/src/install/husarion_gz_worlds/share/husarion_gz_worlds/models/mars_yard/model.sdf
-- Symlinking: /home/nfl/husarion_rusak/src/install/husarion_gz_worlds/share/husarion_gz_worlds/models/marsyard2024/meshes/base_color_4K.png
-- Symlinking: /home/nfl/husarion_rusak/src/install/husarion_gz_worlds/share/husarion_gz_worlds/models/marsyard2024/meshes/marsyard2024_processed.dae
-- Symlinking: /home/nfl/husarion_rusak/src/install/husarion_gz_worlds/share/husarion_gz_worlds/models/marsyard2024/meshes/marsyard2024_processed.stl
-- Symlinking: /home/nfl/husarion_rusak/src/install/husarion_gz_worlds/share/husarion_gz_worlds/models/marsyard2024/model.config
-- Symlinking: /home/nfl/husarion_rusak/src/install/husarion_gz_worlds/share/husarion_gz_worlds/models/marsyard2024/model.sdf
-- Symlinking: /home/nfl/husarion_rusak/src/install/husarion_gz_worlds/share/husarion_gz_worlds/models/suitcase/meshes/Suitcase2.mtl
-- Symlinking: /home/nfl/husarion_rusak/src/install/husarion_gz_worlds/share/husarion_gz_worlds/models/suitcase/meshes/Suitcase2.obj
-- Symlinking: /home/nfl/husarion_rusak/src/install/husarion_gz_worlds/share/husarion_gz_worlds/models/suitcase/meshes/Suitcase2_Col.mtl
-- Symlinking: /home/nfl/husarion_rusak/src/install/husarion_gz_worlds/share/husarion_gz_worlds/models/suitcase/meshes/Suitcase2_Col.obj
-- Symlinking: /home/nfl/husarion_rusak/src/install/husarion_gz_worlds/share/husarion_gz_worlds/models/suitcase/meshes/Suitcase2_Diffuse.png
-- Symlinking: /home/nfl/husarion_rusak/src/install/husarion_gz_worlds/share/husarion_gz_worlds/models/suitcase/meshes/Suitcase2_Metal.png
-- Symlinking: /home/nfl/husarion_rusak/src/install/husarion_gz_worlds/share/husarion_gz_worlds/models/suitcase/meshes/Suitcase2_Normal.png
-- Symlinking: /home/nfl/husarion_rusak/src/install/husarion_gz_worlds/share/husarion_gz_worlds/models/suitcase/meshes/Suitcase2_Rough.png
-- Symlinking: /home/nfl/husarion_rusak/src/install/husarion_gz_worlds/share/husarion_gz_worlds/models/suitcase/model.config
-- Symlinking: /home/nfl/husarion_rusak/src/install/husarion_gz_worlds/share/husarion_gz_worlds/models/suitcase/model.sdf
-- Symlinking: /home/nfl/husarion_rusak/src/install/husarion_gz_worlds/share/husarion_gz_worlds/models/suitcase/thumbnails/1.png
-- Symlinking: /home/nfl/husarion_rusak/src/install/husarion_gz_worlds/share/husarion_gz_worlds/models/suitcase/thumbnails/2.png
-- Symlinking: /home/nfl/husarion_rusak/src/install/husarion_gz_worlds/share/husarion_gz_worlds/models/suitcase/thumbnails/3.png
-- Symlinking: /home/nfl/husarion_rusak/src/install/husarion_gz_worlds/share/husarion_gz_worlds/models/suitcase/thumbnails/4.png
-- Symlinking: /home/nfl/husarion_rusak/src/install/husarion_gz_worlds/share/husarion_gz_worlds/models/suitcase/thumbnails/5.png
-- Symlinking: /home/nfl/husarion_rusak/src/install/husarion_gz_worlds/share/husarion_gz_worlds/models/wrench/meshes/monkey_wrench.dae
-- Symlinking: /home/nfl/husarion_rusak/src/install/husarion_gz_worlds/share/husarion_gz_worlds/models/wrench/model-1_2.sdf
-- Symlinking: /home/nfl/husarion_rusak/src/install/husarion_gz_worlds/share/husarion_gz_worlds/models/wrench/model-1_3.sdf
-- Symlinking: /home/nfl/husarion_rusak/src/install/husarion_gz_worlds/share/husarion_gz_worlds/models/wrench/model-1_4.sdf
-- Symlinking: /home/nfl/husarion_rusak/src/install/husarion_gz_worlds/share/husarion_gz_worlds/models/wrench/model.config
-- Symlinking: /home/nfl/husarion_rusak/src/install/husarion_gz_worlds/share/husarion_gz_worlds/models/wrench/model.sdf
-- Symlinking: /home/nfl/husarion_rusak/src/install/husarion_gz_worlds/share/husarion_gz_worlds/models/wrench/thumbnails/1.png
-- Symlinking: /home/nfl/husarion_rusak/src/install/husarion_gz_worlds/share/husarion_gz_worlds/models/wrench/thumbnails/2.png
-- Symlinking: /home/nfl/husarion_rusak/src/install/husarion_gz_worlds/share/husarion_gz_worlds/models/wrench/thumbnails/3.png
-- Symlinking: /home/nfl/husarion_rusak/src/install/husarion_gz_worlds/share/husarion_gz_worlds/models/wrench/thumbnails/4.png
-- Symlinking: /home/nfl/husarion_rusak/src/install/husarion_gz_worlds/share/husarion_gz_worlds/models/wrench/thumbnails/5.png
-- Symlinking: /home/nfl/husarion_rusak/src/install/husarion_gz_worlds/share/husarion_gz_worlds/worlds/empty_with_plugins.sdf
-- Symlinking: /home/nfl/husarion_rusak/src/install/husarion_gz_worlds/share/husarion_gz_worlds/worlds/gen.py
-- Symlinking: /home/nfl/husarion_rusak/src/install/husarion_gz_worlds/share/husarion_gz_worlds/worlds/husarion_office.sdf
-- Symlinking: /home/nfl/husarion_rusak/src/install/husarion_gz_worlds/share/husarion_gz_worlds/worlds/husarion_world.sdf
-- Symlinking: /home/nfl/husarion_rusak/src/install/husarion_gz_worlds/share/husarion_gz_worlds/worlds/mars_yard.sdf
-- Symlinking: /home/nfl/husarion_rusak/src/install/husarion_gz_worlds/share/husarion_gz_worlds/worlds/marsyard2024.world
-- Symlinking: /home/nfl/husarion_rusak/src/install/husarion_gz_worlds/share/husarion_gz_worlds/worlds/sonoma_raceway.sdf
-- Symlinking: /home/nfl/husarion_rusak/src/install/husarion_gz_worlds/share/husarion_gz_worlds/maps/husarion_world.pgm
-- Symlinking: /home/nfl/husarion_rusak/src/install/husarion_gz_worlds/share/husarion_gz_worlds/maps/husarion_world.yaml
-- Symlinking: /home/nfl/husarion_rusak/src/install/husarion_gz_worlds/share/husarion_gz_worlds/environment/husarion_gz_worlds.sh
-- Symlinking: /home/nfl/husarion_rusak/src/install/husarion_gz_worlds/share/ament_index/resource_index/package_run_dependencies/husarion_gz_worlds
-- Symlinking: /home/nfl/husarion_rusak/src/install/husarion_gz_worlds/share/ament_index/resource_index/parent_prefix_path/husarion_gz_worlds
-- Symlinking: /home/nfl/husarion_rusak/src/install/husarion_gz_worlds/share/husarion_gz_worlds/environment/ament_prefix_path.sh
-- Symlinking: /home/nfl/husarion_rusak/src/install/husarion_gz_worlds/share/husarion_gz_worlds/environment/ament_prefix_path.dsv
-- Symlinking: /home/nfl/husarion_rusak/src/install/husarion_gz_worlds/share/husarion_gz_worlds/environment/path.sh
-- Symlinking: /home/nfl/husarion_rusak/src/install/husarion_gz_worlds/share/husarion_gz_worlds/environment/path.dsv
-- Symlinking: /home/nfl/husarion_rusak/src/install/husarion_gz_worlds/share/husarion_gz_worlds/local_setup.bash
-- Symlinking: /home/nfl/husarion_rusak/src/install/husarion_gz_worlds/share/husarion_gz_worlds/local_setup.sh
-- Symlinking: /home/nfl/husarion_rusak/src/install/husarion_gz_worlds/share/husarion_gz_worlds/local_setup.zsh
-- Symlinking: /home/nfl/husarion_rusak/src/install/husarion_gz_worlds/share/husarion_gz_worlds/local_setup.dsv
-- Symlinking: /home/nfl/husarion_rusak/src/install/husarion_gz_worlds/share/husarion_gz_worlds/package.dsv
-- Symlinking: /home/nfl/husarion_rusak/src/install/husarion_gz_worlds/share/ament_index/resource_index/packages/husarion_gz_worlds
-- Symlinking: /home/nfl/husarion_rusak/src/install/husarion_gz_worlds/share/husarion_gz_worlds/cmake/husarion_gz_worldsConfig.cmake
-- Symlinking: /home/nfl/husarion_rusak/src/install/husarion_gz_worlds/share/husarion_gz_worlds/cmake/husarion_gz_worldsConfig-version.cmake
-- Symlinking: /home/nfl/husarion_rusak/src/install/husarion_gz_worlds/share/husarion_gz_worlds/package.xml
