[0.013s] Invoking command in '/home/nfl/husarion_rusak/src/build/husarion_gz_worlds': CMAKE_PREFIX_PATH=${CMAKE_PREFIX_PATH}:/opt/ros/jazzy DEBUGINFOD_URLS=https://debuginfod.ubuntu.com /usr/bin/cmake /home/nfl/husarion_rusak/src/husarion_gz_worlds -DCMAKE_BUILD_TYPE=Release -DBUILD_TESTING=OFF -DAMENT_CMAKE_SYMLINK_INSTALL=1 -DCMAKE_INSTALL_PREFIX=/home/nfl/husarion_rusak/src/install/husarion_gz_worlds
[0.094s] -- The C compiler identification is GNU 13.3.0
[0.176s] -- The CXX compiler identification is GNU 13.3.0
[0.192s] -- Detecting C compiler ABI info
[0.266s] -- Detecting C compiler ABI info - done
[0.274s] -- Check for working C compiler: /usr/bin/cc - skipped
[0.274s] -- Detecting C compile features
[0.274s] -- Detecting C compile features - done
[0.281s] -- Detecting CXX compiler ABI info
[0.354s] -- Detecting CXX compiler ABI info - done
[0.361s] -- Check for working CXX compiler: /usr/bin/c++ - skipped
[0.361s] -- Detecting CXX compile features
[0.362s] -- Detecting CXX compile features - done
[0.376s] -- Found ament_cmake: 2.5.4 (/opt/ros/jazzy/share/ament_cmake/cmake)
[0.493s] -- Found Python3: /usr/bin/python3 (found version "3.12.3") found components: Interpreter 
[0.557s] -- Override CMake install command with custom implementation using symlinks instead of copying resources
[0.682s] -- Configuring done (0.7s)
[0.684s] -- Generating done (0.0s)
[0.685s] -- Build files have been written to: /home/nfl/husarion_rusak/src/build/husarion_gz_worlds
[0.689s] Invoked command in '/home/nfl/husarion_rusak/src/build/husarion_gz_worlds' returned '0': CMAKE_PREFIX_PATH=${CMAKE_PREFIX_PATH}:/opt/ros/jazzy DEBUGINFOD_URLS=https://debuginfod.ubuntu.com /usr/bin/cmake /home/nfl/husarion_rusak/src/husarion_gz_worlds -DCMAKE_BUILD_TYPE=Release -DBUILD_TESTING=OFF -DAMENT_CMAKE_SYMLINK_INSTALL=1 -DCMAKE_INSTALL_PREFIX=/home/nfl/husarion_rusak/src/install/husarion_gz_worlds
[0.690s] Invoking command in '/home/nfl/husarion_rusak/src/build/husarion_gz_worlds': CMAKE_PREFIX_PATH=${CMAKE_PREFIX_PATH}:/opt/ros/jazzy DEBUGINFOD_URLS=https://debuginfod.ubuntu.com /usr/bin/cmake --build /home/nfl/husarion_rusak/src/build/husarion_gz_worlds -- -j16 -l16
[0.727s] Invoked command in '/home/nfl/husarion_rusak/src/build/husarion_gz_worlds' returned '0': CMAKE_PREFIX_PATH=${CMAKE_PREFIX_PATH}:/opt/ros/jazzy DEBUGINFOD_URLS=https://debuginfod.ubuntu.com /usr/bin/cmake --build /home/nfl/husarion_rusak/src/build/husarion_gz_worlds -- -j16 -l16
[0.735s] Invoking command in '/home/nfl/husarion_rusak/src/build/husarion_gz_worlds': CMAKE_PREFIX_PATH=${CMAKE_PREFIX_PATH}:/opt/ros/jazzy DEBUGINFOD_URLS=https://debuginfod.ubuntu.com /usr/bin/cmake --install /home/nfl/husarion_rusak/src/build/husarion_gz_worlds
[0.742s] -- Install configuration: "Release"
[0.743s] -- Execute custom install script
[0.743s] -- Symlinking: /home/nfl/husarion_rusak/src/install/husarion_gz_worlds/share/husarion_gz_worlds/config/minimap_gui.config
[0.750s] -- Symlinking: /home/nfl/husarion_rusak/src/install/husarion_gz_worlds/share/husarion_gz_worlds/config/teleop.config
[0.757s] -- Symlinking: /home/nfl/husarion_rusak/src/install/husarion_gz_worlds/share/husarion_gz_worlds/launch/gz_sim.launch.py
[0.764s] -- Symlinking: /home/nfl/husarion_rusak/src/install/husarion_gz_worlds/share/husarion_gz_worlds/launch/gz_sim_minimap.launch.py
[0.774s] -- Symlinking: /home/nfl/husarion_rusak/src/install/husarion_gz_worlds/share/husarion_gz_worlds/models/ConferenceTable/meshes/conference_table.stl
[0.781s] -- Symlinking: /home/nfl/husarion_rusak/src/install/husarion_gz_worlds/share/husarion_gz_worlds/models/ConferenceTable/model.config
[0.788s] -- Symlinking: /home/nfl/husarion_rusak/src/install/husarion_gz_worlds/share/husarion_gz_worlds/models/ConferenceTable/model.sdf
[0.795s] -- Symlinking: /home/nfl/husarion_rusak/src/install/husarion_gz_worlds/share/husarion_gz_worlds/models/Crosley_Alarm_Clock_Vintage_Metal/materials/textures/texture.png
[0.802s] -- Symlinking: /home/nfl/husarion_rusak/src/install/husarion_gz_worlds/share/husarion_gz_worlds/models/Crosley_Alarm_Clock_Vintage_Metal/meshes/model.mtl
[0.811s] -- Symlinking: /home/nfl/husarion_rusak/src/install/husarion_gz_worlds/share/husarion_gz_worlds/models/Crosley_Alarm_Clock_Vintage_Metal/meshes/model.obj
[0.817s] -- Symlinking: /home/nfl/husarion_rusak/src/install/husarion_gz_worlds/share/husarion_gz_worlds/models/Crosley_Alarm_Clock_Vintage_Metal/metadata.pbtxt
[0.825s] -- Symlinking: /home/nfl/husarion_rusak/src/install/husarion_gz_worlds/share/husarion_gz_worlds/models/Crosley_Alarm_Clock_Vintage_Metal/model.config
[0.833s] -- Symlinking: /home/nfl/husarion_rusak/src/install/husarion_gz_worlds/share/husarion_gz_worlds/models/Crosley_Alarm_Clock_Vintage_Metal/model.sdf
[0.841s] -- Symlinking: /home/nfl/husarion_rusak/src/install/husarion_gz_worlds/share/husarion_gz_worlds/models/Crosley_Alarm_Clock_Vintage_Metal/thumbnails/0.jpg
[0.847s] -- Symlinking: /home/nfl/husarion_rusak/src/install/husarion_gz_worlds/share/husarion_gz_worlds/models/Crosley_Alarm_Clock_Vintage_Metal/thumbnails/1.jpg
[0.855s] -- Symlinking: /home/nfl/husarion_rusak/src/install/husarion_gz_worlds/share/husarion_gz_worlds/models/Crosley_Alarm_Clock_Vintage_Metal/thumbnails/2.jpg
[0.863s] -- Symlinking: /home/nfl/husarion_rusak/src/install/husarion_gz_worlds/share/husarion_gz_worlds/models/Crosley_Alarm_Clock_Vintage_Metal/thumbnails/3.jpg
[0.870s] -- Symlinking: /home/nfl/husarion_rusak/src/install/husarion_gz_worlds/share/husarion_gz_worlds/models/Crosley_Alarm_Clock_Vintage_Metal/thumbnails/4.jpg
[0.878s] -- Symlinking: /home/nfl/husarion_rusak/src/install/husarion_gz_worlds/share/husarion_gz_worlds/models/DPC_Handmade_Hat_Brown/materials/textures/texture.png
[0.887s] -- Symlinking: /home/nfl/husarion_rusak/src/install/husarion_gz_worlds/share/husarion_gz_worlds/models/DPC_Handmade_Hat_Brown/meshes/model.mtl
[0.896s] -- Symlinking: /home/nfl/husarion_rusak/src/install/husarion_gz_worlds/share/husarion_gz_worlds/models/DPC_Handmade_Hat_Brown/meshes/model.obj
[0.902s] -- Symlinking: /home/nfl/husarion_rusak/src/install/husarion_gz_worlds/share/husarion_gz_worlds/models/DPC_Handmade_Hat_Brown/metadata.pbtxt
[0.910s] -- Symlinking: /home/nfl/husarion_rusak/src/install/husarion_gz_worlds/share/husarion_gz_worlds/models/DPC_Handmade_Hat_Brown/model.config
[0.916s] -- Symlinking: /home/nfl/husarion_rusak/src/install/husarion_gz_worlds/share/husarion_gz_worlds/models/DPC_Handmade_Hat_Brown/model.sdf
[0.924s] -- Symlinking: /home/nfl/husarion_rusak/src/install/husarion_gz_worlds/share/husarion_gz_worlds/models/DPC_Handmade_Hat_Brown/thumbnails/0.jpg
[0.933s] -- Symlinking: /home/nfl/husarion_rusak/src/install/husarion_gz_worlds/share/husarion_gz_worlds/models/DPC_Handmade_Hat_Brown/thumbnails/1.jpg
[0.941s] -- Symlinking: /home/nfl/husarion_rusak/src/install/husarion_gz_worlds/share/husarion_gz_worlds/models/DPC_Handmade_Hat_Brown/thumbnails/2.jpg
[0.948s] -- Symlinking: /home/nfl/husarion_rusak/src/install/husarion_gz_worlds/share/husarion_gz_worlds/models/DPC_Handmade_Hat_Brown/thumbnails/3.jpg
[0.954s] -- Symlinking: /home/nfl/husarion_rusak/src/install/husarion_gz_worlds/share/husarion_gz_worlds/models/DPC_Handmade_Hat_Brown/thumbnails/4.jpg
[0.964s] -- Symlinking: /home/nfl/husarion_rusak/src/install/husarion_gz_worlds/share/husarion_gz_worlds/models/Door/meshes/door.stl
[0.971s] -- Symlinking: /home/nfl/husarion_rusak/src/install/husarion_gz_worlds/share/husarion_gz_worlds/models/Door/model.config
[0.977s] -- Symlinking: /home/nfl/husarion_rusak/src/install/husarion_gz_worlds/share/husarion_gz_worlds/models/Door/model.sdf
[0.985s] -- Symlinking: /home/nfl/husarion_rusak/src/install/husarion_gz_worlds/share/husarion_gz_worlds/models/Extinguisher/materials/textures/Extinguisher.png
[0.994s] -- Symlinking: /home/nfl/husarion_rusak/src/install/husarion_gz_worlds/share/husarion_gz_worlds/models/Extinguisher/meshes/Extinguisher.dae
[1.003s] -- Symlinking: /home/nfl/husarion_rusak/src/install/husarion_gz_worlds/share/husarion_gz_worlds/models/Extinguisher/model.config
[1.010s] -- Symlinking: /home/nfl/husarion_rusak/src/install/husarion_gz_worlds/share/husarion_gz_worlds/models/Extinguisher/model.sdf
[1.016s] -- Symlinking: /home/nfl/husarion_rusak/src/install/husarion_gz_worlds/share/husarion_gz_worlds/models/Extinguisher/thumbnails/1.png
[1.022s] -- Symlinking: /home/nfl/husarion_rusak/src/install/husarion_gz_worlds/share/husarion_gz_worlds/models/Extinguisher/thumbnails/2.png
[1.029s] -- Symlinking: /home/nfl/husarion_rusak/src/install/husarion_gz_worlds/share/husarion_gz_worlds/models/Extinguisher/thumbnails/3.png
[1.037s] -- Symlinking: /home/nfl/husarion_rusak/src/install/husarion_gz_worlds/share/husarion_gz_worlds/models/Extinguisher/thumbnails/4.png
[1.043s] -- Symlinking: /home/nfl/husarion_rusak/src/install/husarion_gz_worlds/share/husarion_gz_worlds/models/Extinguisher/thumbnails/5.png
[1.050s] -- Symlinking: /home/nfl/husarion_rusak/src/install/husarion_gz_worlds/share/husarion_gz_worlds/models/Grais Finnish v2.stl
[1.056s] -- Symlinking: /home/nfl/husarion_rusak/src/install/husarion_gz_worlds/share/husarion_gz_worlds/models/Grais Finnish v3.stl
[1.064s] -- Symlinking: /home/nfl/husarion_rusak/src/install/husarion_gz_worlds/share/husarion_gz_worlds/models/HusarionLogo/meshes/husarion_logo.dae
[1.073s] -- Symlinking: /home/nfl/husarion_rusak/src/install/husarion_gz_worlds/share/husarion_gz_worlds/models/Kitchen/meshes/kitchen.stl
[1.081s] -- Symlinking: /home/nfl/husarion_rusak/src/install/husarion_gz_worlds/share/husarion_gz_worlds/models/Kitchen/model.config
[1.088s] -- Symlinking: /home/nfl/husarion_rusak/src/install/husarion_gz_worlds/share/husarion_gz_worlds/models/Kitchen/model.sdf
[1.097s] -- Symlinking: /home/nfl/husarion_rusak/src/install/husarion_gz_worlds/share/husarion_gz_worlds/models/Laptop/meshes/laptop.stl
[1.106s] -- Symlinking: /home/nfl/husarion_rusak/src/install/husarion_gz_worlds/share/husarion_gz_worlds/models/Laptop/model.config
[1.114s] -- Symlinking: /home/nfl/husarion_rusak/src/install/husarion_gz_worlds/share/husarion_gz_worlds/models/Laptop/model.sdf
[1.121s] -- Symlinking: /home/nfl/husarion_rusak/src/install/husarion_gz_worlds/share/husarion_gz_worlds/models/Rosbot/meshes/astra.dae
[1.127s] -- Symlinking: /home/nfl/husarion_rusak/src/install/husarion_gz_worlds/share/husarion_gz_worlds/models/Rosbot/meshes/box.dae
[1.135s] -- Symlinking: /home/nfl/husarion_rusak/src/install/husarion_gz_worlds/share/husarion_gz_worlds/models/Rosbot/meshes/rplidar.dae
[1.143s] -- Symlinking: /home/nfl/husarion_rusak/src/install/husarion_gz_worlds/share/husarion_gz_worlds/models/Rosbot/meshes/upper.dae
[1.152s] -- Symlinking: /home/nfl/husarion_rusak/src/install/husarion_gz_worlds/share/husarion_gz_worlds/models/Rosbot/meshes/wheel.dae
[1.160s] -- Symlinking: /home/nfl/husarion_rusak/src/install/husarion_gz_worlds/share/husarion_gz_worlds/models/Rosbot/model.config
[1.167s] -- Symlinking: /home/nfl/husarion_rusak/src/install/husarion_gz_worlds/share/husarion_gz_worlds/models/Rosbot/model.sdf
[1.174s] -- Symlinking: /home/nfl/husarion_rusak/src/install/husarion_gz_worlds/share/husarion_gz_worlds/models/Squirrel/materials/textures/texture.png
[1.181s] -- Symlinking: /home/nfl/husarion_rusak/src/install/husarion_gz_worlds/share/husarion_gz_worlds/models/Squirrel/meshes/model.mtl
[1.188s] -- Symlinking: /home/nfl/husarion_rusak/src/install/husarion_gz_worlds/share/husarion_gz_worlds/models/Squirrel/meshes/model.obj
[1.197s] -- Symlinking: /home/nfl/husarion_rusak/src/install/husarion_gz_worlds/share/husarion_gz_worlds/models/Squirrel/metadata.pbtxt
[1.203s] -- Symlinking: /home/nfl/husarion_rusak/src/install/husarion_gz_worlds/share/husarion_gz_worlds/models/Squirrel/model.config
[1.212s] -- Symlinking: /home/nfl/husarion_rusak/src/install/husarion_gz_worlds/share/husarion_gz_worlds/models/Squirrel/model.sdf
[1.218s] -- Symlinking: /home/nfl/husarion_rusak/src/install/husarion_gz_worlds/share/husarion_gz_worlds/models/Squirrel/thumbnails/0.jpg
[1.224s] -- Symlinking: /home/nfl/husarion_rusak/src/install/husarion_gz_worlds/share/husarion_gz_worlds/models/Squirrel/thumbnails/1.jpg
[1.232s] -- Symlinking: /home/nfl/husarion_rusak/src/install/husarion_gz_worlds/share/husarion_gz_worlds/models/Squirrel/thumbnails/2.jpg
[1.239s] -- Symlinking: /home/nfl/husarion_rusak/src/install/husarion_gz_worlds/share/husarion_gz_worlds/models/Squirrel/thumbnails/3.jpg
[1.248s] -- Symlinking: /home/nfl/husarion_rusak/src/install/husarion_gz_worlds/share/husarion_gz_worlds/models/Squirrel/thumbnails/4.jpg
[1.255s] -- Symlinking: /home/nfl/husarion_rusak/src/install/husarion_gz_worlds/share/husarion_gz_worlds/models/Surfaces/meshes/black_concrete.png
[1.263s] -- Symlinking: /home/nfl/husarion_rusak/src/install/husarion_gz_worlds/share/husarion_gz_worlds/models/Surfaces/meshes/floor_1.mtl
[1.271s] -- Symlinking: /home/nfl/husarion_rusak/src/install/husarion_gz_worlds/share/husarion_gz_worlds/models/Surfaces/meshes/floor_1.obj
[1.278s] -- Symlinking: /home/nfl/husarion_rusak/src/install/husarion_gz_worlds/share/husarion_gz_worlds/models/Surfaces/meshes/floor_10.mtl
[1.287s] -- Symlinking: /home/nfl/husarion_rusak/src/install/husarion_gz_worlds/share/husarion_gz_worlds/models/Surfaces/meshes/floor_10.obj
[1.295s] -- Symlinking: /home/nfl/husarion_rusak/src/install/husarion_gz_worlds/share/husarion_gz_worlds/models/Surfaces/meshes/floor_11.mtl
[1.302s] -- Symlinking: /home/nfl/husarion_rusak/src/install/husarion_gz_worlds/share/husarion_gz_worlds/models/Surfaces/meshes/floor_11.obj
[1.309s] -- Symlinking: /home/nfl/husarion_rusak/src/install/husarion_gz_worlds/share/husarion_gz_worlds/models/Surfaces/meshes/floor_12.mtl
[1.319s] -- Symlinking: /home/nfl/husarion_rusak/src/install/husarion_gz_worlds/share/husarion_gz_worlds/models/Surfaces/meshes/floor_12.obj
[1.327s] -- Symlinking: /home/nfl/husarion_rusak/src/install/husarion_gz_worlds/share/husarion_gz_worlds/models/Surfaces/meshes/floor_13.mtl
[1.335s] -- Symlinking: /home/nfl/husarion_rusak/src/install/husarion_gz_worlds/share/husarion_gz_worlds/models/Surfaces/meshes/floor_13.obj
[1.342s] -- Symlinking: /home/nfl/husarion_rusak/src/install/husarion_gz_worlds/share/husarion_gz_worlds/models/Surfaces/meshes/floor_14.mtl
[1.351s] -- Symlinking: /home/nfl/husarion_rusak/src/install/husarion_gz_worlds/share/husarion_gz_worlds/models/Surfaces/meshes/floor_14.obj
[1.359s] -- Symlinking: /home/nfl/husarion_rusak/src/install/husarion_gz_worlds/share/husarion_gz_worlds/models/Surfaces/meshes/floor_2.mtl
[1.366s] -- Symlinking: /home/nfl/husarion_rusak/src/install/husarion_gz_worlds/share/husarion_gz_worlds/models/Surfaces/meshes/floor_2.obj
[1.373s] -- Symlinking: /home/nfl/husarion_rusak/src/install/husarion_gz_worlds/share/husarion_gz_worlds/models/Surfaces/meshes/floor_3.mtl
[1.380s] -- Symlinking: /home/nfl/husarion_rusak/src/install/husarion_gz_worlds/share/husarion_gz_worlds/models/Surfaces/meshes/floor_3.obj
[1.388s] -- Symlinking: /home/nfl/husarion_rusak/src/install/husarion_gz_worlds/share/husarion_gz_worlds/models/Surfaces/meshes/floor_4.mtl
[1.394s] -- Symlinking: /home/nfl/husarion_rusak/src/install/husarion_gz_worlds/share/husarion_gz_worlds/models/Surfaces/meshes/floor_4.obj
[1.402s] -- Symlinking: /home/nfl/husarion_rusak/src/install/husarion_gz_worlds/share/husarion_gz_worlds/models/Surfaces/meshes/floor_5.mtl
[1.410s] -- Symlinking: /home/nfl/husarion_rusak/src/install/husarion_gz_worlds/share/husarion_gz_worlds/models/Surfaces/meshes/floor_5.obj
[1.417s] -- Symlinking: /home/nfl/husarion_rusak/src/install/husarion_gz_worlds/share/husarion_gz_worlds/models/Surfaces/meshes/floor_6.mtl
[1.423s] -- Symlinking: /home/nfl/husarion_rusak/src/install/husarion_gz_worlds/share/husarion_gz_worlds/models/Surfaces/meshes/floor_6.obj
[1.431s] -- Symlinking: /home/nfl/husarion_rusak/src/install/husarion_gz_worlds/share/husarion_gz_worlds/models/Surfaces/meshes/floor_7.mtl
[1.439s] -- Symlinking: /home/nfl/husarion_rusak/src/install/husarion_gz_worlds/share/husarion_gz_worlds/models/Surfaces/meshes/floor_7.obj
[1.448s] -- Symlinking: /home/nfl/husarion_rusak/src/install/husarion_gz_worlds/share/husarion_gz_worlds/models/Surfaces/meshes/floor_8.mtl
[1.456s] -- Symlinking: /home/nfl/husarion_rusak/src/install/husarion_gz_worlds/share/husarion_gz_worlds/models/Surfaces/meshes/floor_8.obj
[1.465s] -- Symlinking: /home/nfl/husarion_rusak/src/install/husarion_gz_worlds/share/husarion_gz_worlds/models/Surfaces/meshes/floor_9.mtl
[1.474s] -- Symlinking: /home/nfl/husarion_rusak/src/install/husarion_gz_worlds/share/husarion_gz_worlds/models/Surfaces/meshes/floor_9.obj
[1.481s] -- Symlinking: /home/nfl/husarion_rusak/src/install/husarion_gz_worlds/share/husarion_gz_worlds/models/Surfaces/meshes/model.material
[1.491s] -- Symlinking: /home/nfl/husarion_rusak/src/install/husarion_gz_worlds/share/husarion_gz_worlds/models/Surfaces/meshes/wall_1.mtl
[1.499s] -- Symlinking: /home/nfl/husarion_rusak/src/install/husarion_gz_worlds/share/husarion_gz_worlds/models/Surfaces/meshes/wall_1.obj
[1.505s] -- Symlinking: /home/nfl/husarion_rusak/src/install/husarion_gz_worlds/share/husarion_gz_worlds/models/Surfaces/meshes/wall_2.mtl
[1.512s] -- Symlinking: /home/nfl/husarion_rusak/src/install/husarion_gz_worlds/share/husarion_gz_worlds/models/Surfaces/meshes/wall_2.obj
[1.519s] -- Symlinking: /home/nfl/husarion_rusak/src/install/husarion_gz_worlds/share/husarion_gz_worlds/models/Surfaces/meshes/white_carpet.png
[1.528s] -- Symlinking: /home/nfl/husarion_rusak/src/install/husarion_gz_worlds/share/husarion_gz_worlds/models/Surfaces/meshes/white_tiles.png
[1.536s] -- Symlinking: /home/nfl/husarion_rusak/src/install/husarion_gz_worlds/share/husarion_gz_worlds/models/Surfaces/meshes/white_wall.png
[1.545s] -- Symlinking: /home/nfl/husarion_rusak/src/install/husarion_gz_worlds/share/husarion_gz_worlds/models/Surfaces/meshes/wood1.png
[1.552s] -- Symlinking: /home/nfl/husarion_rusak/src/install/husarion_gz_worlds/share/husarion_gz_worlds/models/Surfaces/meshes/wood2.png
[1.561s] -- Symlinking: /home/nfl/husarion_rusak/src/install/husarion_gz_worlds/share/husarion_gz_worlds/models/Surfaces/model.config
[1.571s] -- Symlinking: /home/nfl/husarion_rusak/src/install/husarion_gz_worlds/share/husarion_gz_worlds/models/Surfaces/model.sdf
[1.579s] -- Symlinking: /home/nfl/husarion_rusak/src/install/husarion_gz_worlds/share/husarion_gz_worlds/models/Tv/meshes/tv.stl
[1.586s] -- Symlinking: /home/nfl/husarion_rusak/src/install/husarion_gz_worlds/share/husarion_gz_worlds/models/Tv/model.config
[1.593s] -- Symlinking: /home/nfl/husarion_rusak/src/install/husarion_gz_worlds/share/husarion_gz_worlds/models/Tv/model.sdf
[1.600s] -- Symlinking: /home/nfl/husarion_rusak/src/install/husarion_gz_worlds/share/husarion_gz_worlds/models/WaterDispenser/meshes/water_dispenser.dae
[1.608s] -- Symlinking: /home/nfl/husarion_rusak/src/install/husarion_gz_worlds/share/husarion_gz_worlds/models/WaterDispenser/model.config
[1.617s] -- Symlinking: /home/nfl/husarion_rusak/src/install/husarion_gz_worlds/share/husarion_gz_worlds/models/WaterDispenser/model.sdf
[1.624s] -- Symlinking: /home/nfl/husarion_rusak/src/install/husarion_gz_worlds/share/husarion_gz_worlds/models/antenna/meshes/antenna.dae
[1.632s] -- Symlinking: /home/nfl/husarion_rusak/src/install/husarion_gz_worlds/share/husarion_gz_worlds/models/antenna/meshes/antenna.png
[1.639s] -- Symlinking: /home/nfl/husarion_rusak/src/install/husarion_gz_worlds/share/husarion_gz_worlds/models/antenna/model.config
[1.647s] -- Symlinking: /home/nfl/husarion_rusak/src/install/husarion_gz_worlds/share/husarion_gz_worlds/models/antenna/model.sdf
[1.654s] -- Symlinking: /home/nfl/husarion_rusak/src/install/husarion_gz_worlds/share/husarion_gz_worlds/models/antenna/thumbnails/1.png
[1.660s] -- Symlinking: /home/nfl/husarion_rusak/src/install/husarion_gz_worlds/share/husarion_gz_worlds/models/antenna/thumbnails/2.png
[1.668s] -- Symlinking: /home/nfl/husarion_rusak/src/install/husarion_gz_worlds/share/husarion_gz_worlds/models/antenna/thumbnails/3.png
[1.675s] -- Symlinking: /home/nfl/husarion_rusak/src/install/husarion_gz_worlds/share/husarion_gz_worlds/models/antenna/thumbnails/4.png
[1.683s] -- Symlinking: /home/nfl/husarion_rusak/src/install/husarion_gz_worlds/share/husarion_gz_worlds/models/antenna/thumbnails/5.png
[1.693s] -- Symlinking: /home/nfl/husarion_rusak/src/install/husarion_gz_worlds/share/husarion_gz_worlds/models/aruco_pole_textures/aruco_pole_0/model.config
[1.703s] -- Symlinking: /home/nfl/husarion_rusak/src/install/husarion_gz_worlds/share/husarion_gz_worlds/models/aruco_pole_textures/aruco_pole_0/model.sdf
[1.712s] -- Symlinking: /home/nfl/husarion_rusak/src/install/husarion_gz_worlds/share/husarion_gz_worlds/models/aruco_pole_textures/aruco_pole_1/model.config
[1.721s] -- Symlinking: /home/nfl/husarion_rusak/src/install/husarion_gz_worlds/share/husarion_gz_worlds/models/aruco_pole_textures/aruco_pole_1/model.sdf
[1.729s] -- Symlinking: /home/nfl/husarion_rusak/src/install/husarion_gz_worlds/share/husarion_gz_worlds/models/aruco_pole_textures/aruco_pole_10/model.config
[1.739s] -- Symlinking: /home/nfl/husarion_rusak/src/install/husarion_gz_worlds/share/husarion_gz_worlds/models/aruco_pole_textures/aruco_pole_10/model.sdf
[1.749s] -- Symlinking: /home/nfl/husarion_rusak/src/install/husarion_gz_worlds/share/husarion_gz_worlds/models/aruco_pole_textures/aruco_pole_11/model.config
[1.759s] -- Symlinking: /home/nfl/husarion_rusak/src/install/husarion_gz_worlds/share/husarion_gz_worlds/models/aruco_pole_textures/aruco_pole_11/model.sdf
[1.765s] -- Symlinking: /home/nfl/husarion_rusak/src/install/husarion_gz_worlds/share/husarion_gz_worlds/models/aruco_pole_textures/aruco_pole_12/model.config
[1.772s] -- Symlinking: /home/nfl/husarion_rusak/src/install/husarion_gz_worlds/share/husarion_gz_worlds/models/aruco_pole_textures/aruco_pole_12/model.sdf
[1.779s] -- Symlinking: /home/nfl/husarion_rusak/src/install/husarion_gz_worlds/share/husarion_gz_worlds/models/aruco_pole_textures/aruco_pole_13/model.config
[1.787s] -- Symlinking: /home/nfl/husarion_rusak/src/install/husarion_gz_worlds/share/husarion_gz_worlds/models/aruco_pole_textures/aruco_pole_13/model.sdf
[1.794s] -- Symlinking: /home/nfl/husarion_rusak/src/install/husarion_gz_worlds/share/husarion_gz_worlds/models/aruco_pole_textures/aruco_pole_14/model.config
[1.802s] -- Symlinking: /home/nfl/husarion_rusak/src/install/husarion_gz_worlds/share/husarion_gz_worlds/models/aruco_pole_textures/aruco_pole_14/model.sdf
[1.810s] -- Symlinking: /home/nfl/husarion_rusak/src/install/husarion_gz_worlds/share/husarion_gz_worlds/models/aruco_pole_textures/aruco_pole_15/model.config
[1.820s] -- Symlinking: /home/nfl/husarion_rusak/src/install/husarion_gz_worlds/share/husarion_gz_worlds/models/aruco_pole_textures/aruco_pole_15/model.sdf
[1.828s] -- Symlinking: /home/nfl/husarion_rusak/src/install/husarion_gz_worlds/share/husarion_gz_worlds/models/aruco_pole_textures/aruco_pole_16/model.config
[1.838s] -- Symlinking: /home/nfl/husarion_rusak/src/install/husarion_gz_worlds/share/husarion_gz_worlds/models/aruco_pole_textures/aruco_pole_16/model.sdf
[1.845s] -- Symlinking: /home/nfl/husarion_rusak/src/install/husarion_gz_worlds/share/husarion_gz_worlds/models/aruco_pole_textures/aruco_pole_17/model.config
[1.854s] -- Symlinking: /home/nfl/husarion_rusak/src/install/husarion_gz_worlds/share/husarion_gz_worlds/models/aruco_pole_textures/aruco_pole_17/model.sdf
[1.863s] -- Symlinking: /home/nfl/husarion_rusak/src/install/husarion_gz_worlds/share/husarion_gz_worlds/models/aruco_pole_textures/aruco_pole_18/model.config
[1.870s] -- Symlinking: /home/nfl/husarion_rusak/src/install/husarion_gz_worlds/share/husarion_gz_worlds/models/aruco_pole_textures/aruco_pole_18/model.sdf
[1.877s] -- Symlinking: /home/nfl/husarion_rusak/src/install/husarion_gz_worlds/share/husarion_gz_worlds/models/aruco_pole_textures/aruco_pole_19/model.config
[1.885s] -- Symlinking: /home/nfl/husarion_rusak/src/install/husarion_gz_worlds/share/husarion_gz_worlds/models/aruco_pole_textures/aruco_pole_19/model.sdf
[1.891s] -- Symlinking: /home/nfl/husarion_rusak/src/install/husarion_gz_worlds/share/husarion_gz_worlds/models/aruco_pole_textures/aruco_pole_2/model.config
[1.899s] -- Symlinking: /home/nfl/husarion_rusak/src/install/husarion_gz_worlds/share/husarion_gz_worlds/models/aruco_pole_textures/aruco_pole_2/model.sdf
[1.908s] -- Symlinking: /home/nfl/husarion_rusak/src/install/husarion_gz_worlds/share/husarion_gz_worlds/models/aruco_pole_textures/aruco_pole_20/model.config
[1.916s] -- Symlinking: /home/nfl/husarion_rusak/src/install/husarion_gz_worlds/share/husarion_gz_worlds/models/aruco_pole_textures/aruco_pole_20/model.sdf
[1.926s] -- Symlinking: /home/nfl/husarion_rusak/src/install/husarion_gz_worlds/share/husarion_gz_worlds/models/aruco_pole_textures/aruco_pole_21/model.config
[1.935s] -- Symlinking: /home/nfl/husarion_rusak/src/install/husarion_gz_worlds/share/husarion_gz_worlds/models/aruco_pole_textures/aruco_pole_21/model.sdf
[1.944s] -- Symlinking: /home/nfl/husarion_rusak/src/install/husarion_gz_worlds/share/husarion_gz_worlds/models/aruco_pole_textures/aruco_pole_22/model.config
[1.953s] -- Symlinking: /home/nfl/husarion_rusak/src/install/husarion_gz_worlds/share/husarion_gz_worlds/models/aruco_pole_textures/aruco_pole_22/model.sdf
[1.961s] -- Symlinking: /home/nfl/husarion_rusak/src/install/husarion_gz_worlds/share/husarion_gz_worlds/models/aruco_pole_textures/aruco_pole_23/model.config
[1.970s] -- Symlinking: /home/nfl/husarion_rusak/src/install/husarion_gz_worlds/share/husarion_gz_worlds/models/aruco_pole_textures/aruco_pole_23/model.sdf
[1.979s] -- Symlinking: /home/nfl/husarion_rusak/src/install/husarion_gz_worlds/share/husarion_gz_worlds/models/aruco_pole_textures/aruco_pole_24/model.config
[1.987s] -- Symlinking: /home/nfl/husarion_rusak/src/install/husarion_gz_worlds/share/husarion_gz_worlds/models/aruco_pole_textures/aruco_pole_24/model.sdf
[1.997s] -- Symlinking: /home/nfl/husarion_rusak/src/install/husarion_gz_worlds/share/husarion_gz_worlds/models/aruco_pole_textures/aruco_pole_25/model.config
[2.006s] -- Symlinking: /home/nfl/husarion_rusak/src/install/husarion_gz_worlds/share/husarion_gz_worlds/models/aruco_pole_textures/aruco_pole_25/model.sdf
[2.014s] -- Symlinking: /home/nfl/husarion_rusak/src/install/husarion_gz_worlds/share/husarion_gz_worlds/models/aruco_pole_textures/aruco_pole_26/model.config
[2.024s] -- Symlinking: /home/nfl/husarion_rusak/src/install/husarion_gz_worlds/share/husarion_gz_worlds/models/aruco_pole_textures/aruco_pole_26/model.sdf
[2.034s] -- Symlinking: /home/nfl/husarion_rusak/src/install/husarion_gz_worlds/share/husarion_gz_worlds/models/aruco_pole_textures/aruco_pole_27/model.config
[2.042s] -- Symlinking: /home/nfl/husarion_rusak/src/install/husarion_gz_worlds/share/husarion_gz_worlds/models/aruco_pole_textures/aruco_pole_27/model.sdf
[2.049s] -- Symlinking: /home/nfl/husarion_rusak/src/install/husarion_gz_worlds/share/husarion_gz_worlds/models/aruco_pole_textures/aruco_pole_28/model.config
[2.056s] -- Symlinking: /home/nfl/husarion_rusak/src/install/husarion_gz_worlds/share/husarion_gz_worlds/models/aruco_pole_textures/aruco_pole_28/model.sdf
[2.063s] -- Symlinking: /home/nfl/husarion_rusak/src/install/husarion_gz_worlds/share/husarion_gz_worlds/models/aruco_pole_textures/aruco_pole_29/model.config
[2.074s] -- Symlinking: /home/nfl/husarion_rusak/src/install/husarion_gz_worlds/share/husarion_gz_worlds/models/aruco_pole_textures/aruco_pole_29/model.sdf
[2.081s] -- Symlinking: /home/nfl/husarion_rusak/src/install/husarion_gz_worlds/share/husarion_gz_worlds/models/aruco_pole_textures/aruco_pole_3/model.config
[2.090s] -- Symlinking: /home/nfl/husarion_rusak/src/install/husarion_gz_worlds/share/husarion_gz_worlds/models/aruco_pole_textures/aruco_pole_3/model.sdf
[2.099s] -- Symlinking: /home/nfl/husarion_rusak/src/install/husarion_gz_worlds/share/husarion_gz_worlds/models/aruco_pole_textures/aruco_pole_30/model.config
[2.106s] -- Symlinking: /home/nfl/husarion_rusak/src/install/husarion_gz_worlds/share/husarion_gz_worlds/models/aruco_pole_textures/aruco_pole_30/model.sdf
[2.114s] -- Symlinking: /home/nfl/husarion_rusak/src/install/husarion_gz_worlds/share/husarion_gz_worlds/models/aruco_pole_textures/aruco_pole_31/model.config
[2.123s] -- Symlinking: /home/nfl/husarion_rusak/src/install/husarion_gz_worlds/share/husarion_gz_worlds/models/aruco_pole_textures/aruco_pole_31/model.sdf
[2.133s] -- Symlinking: /home/nfl/husarion_rusak/src/install/husarion_gz_worlds/share/husarion_gz_worlds/models/aruco_pole_textures/aruco_pole_32/model.config
[2.140s] -- Symlinking: /home/nfl/husarion_rusak/src/install/husarion_gz_worlds/share/husarion_gz_worlds/models/aruco_pole_textures/aruco_pole_32/model.sdf
[2.148s] -- Symlinking: /home/nfl/husarion_rusak/src/install/husarion_gz_worlds/share/husarion_gz_worlds/models/aruco_pole_textures/aruco_pole_33/model.config
[2.155s] -- Symlinking: /home/nfl/husarion_rusak/src/install/husarion_gz_worlds/share/husarion_gz_worlds/models/aruco_pole_textures/aruco_pole_33/model.sdf
[2.163s] -- Symlinking: /home/nfl/husarion_rusak/src/install/husarion_gz_worlds/share/husarion_gz_worlds/models/aruco_pole_textures/aruco_pole_34/model.config
[2.172s] -- Symlinking: /home/nfl/husarion_rusak/src/install/husarion_gz_worlds/share/husarion_gz_worlds/models/aruco_pole_textures/aruco_pole_34/model.sdf
[2.180s] -- Symlinking: /home/nfl/husarion_rusak/src/install/husarion_gz_worlds/share/husarion_gz_worlds/models/aruco_pole_textures/aruco_pole_35/model.config
[2.189s] -- Symlinking: /home/nfl/husarion_rusak/src/install/husarion_gz_worlds/share/husarion_gz_worlds/models/aruco_pole_textures/aruco_pole_35/model.sdf
[2.196s] -- Symlinking: /home/nfl/husarion_rusak/src/install/husarion_gz_worlds/share/husarion_gz_worlds/models/aruco_pole_textures/aruco_pole_36/model.config
[2.205s] -- Symlinking: /home/nfl/husarion_rusak/src/install/husarion_gz_worlds/share/husarion_gz_worlds/models/aruco_pole_textures/aruco_pole_36/model.sdf
[2.211s] -- Symlinking: /home/nfl/husarion_rusak/src/install/husarion_gz_worlds/share/husarion_gz_worlds/models/aruco_pole_textures/aruco_pole_37/model.config
[2.219s] -- Symlinking: /home/nfl/husarion_rusak/src/install/husarion_gz_worlds/share/husarion_gz_worlds/models/aruco_pole_textures/aruco_pole_37/model.sdf
[2.226s] -- Symlinking: /home/nfl/husarion_rusak/src/install/husarion_gz_worlds/share/husarion_gz_worlds/models/aruco_pole_textures/aruco_pole_38/model.config
[2.233s] -- Symlinking: /home/nfl/husarion_rusak/src/install/husarion_gz_worlds/share/husarion_gz_worlds/models/aruco_pole_textures/aruco_pole_38/model.sdf
[2.240s] -- Symlinking: /home/nfl/husarion_rusak/src/install/husarion_gz_worlds/share/husarion_gz_worlds/models/aruco_pole_textures/aruco_pole_39/model.config
[2.249s] -- Symlinking: /home/nfl/husarion_rusak/src/install/husarion_gz_worlds/share/husarion_gz_worlds/models/aruco_pole_textures/aruco_pole_39/model.sdf
[2.256s] -- Symlinking: /home/nfl/husarion_rusak/src/install/husarion_gz_worlds/share/husarion_gz_worlds/models/aruco_pole_textures/aruco_pole_4/model.config
[2.263s] -- Symlinking: /home/nfl/husarion_rusak/src/install/husarion_gz_worlds/share/husarion_gz_worlds/models/aruco_pole_textures/aruco_pole_4/model.sdf
[2.270s] -- Symlinking: /home/nfl/husarion_rusak/src/install/husarion_gz_worlds/share/husarion_gz_worlds/models/aruco_pole_textures/aruco_pole_40/model.config
[2.276s] -- Symlinking: /home/nfl/husarion_rusak/src/install/husarion_gz_worlds/share/husarion_gz_worlds/models/aruco_pole_textures/aruco_pole_40/model.sdf
[2.283s] -- Symlinking: /home/nfl/husarion_rusak/src/install/husarion_gz_worlds/share/husarion_gz_worlds/models/aruco_pole_textures/aruco_pole_41/model.config
[2.291s] -- Symlinking: /home/nfl/husarion_rusak/src/install/husarion_gz_worlds/share/husarion_gz_worlds/models/aruco_pole_textures/aruco_pole_41/model.sdf
[2.299s] -- Symlinking: /home/nfl/husarion_rusak/src/install/husarion_gz_worlds/share/husarion_gz_worlds/models/aruco_pole_textures/aruco_pole_42/model.config
[2.306s] -- Symlinking: /home/nfl/husarion_rusak/src/install/husarion_gz_worlds/share/husarion_gz_worlds/models/aruco_pole_textures/aruco_pole_42/model.sdf
[2.312s] -- Symlinking: /home/nfl/husarion_rusak/src/install/husarion_gz_worlds/share/husarion_gz_worlds/models/aruco_pole_textures/aruco_pole_43/model.config
[2.319s] -- Symlinking: /home/nfl/husarion_rusak/src/install/husarion_gz_worlds/share/husarion_gz_worlds/models/aruco_pole_textures/aruco_pole_43/model.sdf
[2.326s] -- Symlinking: /home/nfl/husarion_rusak/src/install/husarion_gz_worlds/share/husarion_gz_worlds/models/aruco_pole_textures/aruco_pole_44/model.config
[2.332s] -- Symlinking: /home/nfl/husarion_rusak/src/install/husarion_gz_worlds/share/husarion_gz_worlds/models/aruco_pole_textures/aruco_pole_44/model.sdf
[2.340s] -- Symlinking: /home/nfl/husarion_rusak/src/install/husarion_gz_worlds/share/husarion_gz_worlds/models/aruco_pole_textures/aruco_pole_45/model.config
[2.348s] -- Symlinking: /home/nfl/husarion_rusak/src/install/husarion_gz_worlds/share/husarion_gz_worlds/models/aruco_pole_textures/aruco_pole_45/model.sdf
[2.356s] -- Symlinking: /home/nfl/husarion_rusak/src/install/husarion_gz_worlds/share/husarion_gz_worlds/models/aruco_pole_textures/aruco_pole_46/model.config
[2.362s] -- Symlinking: /home/nfl/husarion_rusak/src/install/husarion_gz_worlds/share/husarion_gz_worlds/models/aruco_pole_textures/aruco_pole_46/model.sdf
[2.368s] -- Symlinking: /home/nfl/husarion_rusak/src/install/husarion_gz_worlds/share/husarion_gz_worlds/models/aruco_pole_textures/aruco_pole_47/model.config
[2.374s] -- Symlinking: /home/nfl/husarion_rusak/src/install/husarion_gz_worlds/share/husarion_gz_worlds/models/aruco_pole_textures/aruco_pole_47/model.sdf
[2.380s] -- Symlinking: /home/nfl/husarion_rusak/src/install/husarion_gz_worlds/share/husarion_gz_worlds/models/aruco_pole_textures/aruco_pole_48/model.config
[2.387s] -- Symlinking: /home/nfl/husarion_rusak/src/install/husarion_gz_worlds/share/husarion_gz_worlds/models/aruco_pole_textures/aruco_pole_48/model.sdf
[2.395s] -- Symlinking: /home/nfl/husarion_rusak/src/install/husarion_gz_worlds/share/husarion_gz_worlds/models/aruco_pole_textures/aruco_pole_49/model.config
[2.402s] -- Symlinking: /home/nfl/husarion_rusak/src/install/husarion_gz_worlds/share/husarion_gz_worlds/models/aruco_pole_textures/aruco_pole_49/model.sdf
[2.409s] -- Symlinking: /home/nfl/husarion_rusak/src/install/husarion_gz_worlds/share/husarion_gz_worlds/models/aruco_pole_textures/aruco_pole_5/model.config
[2.416s] -- Symlinking: /home/nfl/husarion_rusak/src/install/husarion_gz_worlds/share/husarion_gz_worlds/models/aruco_pole_textures/aruco_pole_5/model.sdf
[2.424s] -- Symlinking: /home/nfl/husarion_rusak/src/install/husarion_gz_worlds/share/husarion_gz_worlds/models/aruco_pole_textures/aruco_pole_50/model.config
[2.432s] -- Symlinking: /home/nfl/husarion_rusak/src/install/husarion_gz_worlds/share/husarion_gz_worlds/models/aruco_pole_textures/aruco_pole_50/model.sdf
[2.440s] -- Symlinking: /home/nfl/husarion_rusak/src/install/husarion_gz_worlds/share/husarion_gz_worlds/models/aruco_pole_textures/aruco_pole_6/model.config
[2.448s] -- Symlinking: /home/nfl/husarion_rusak/src/install/husarion_gz_worlds/share/husarion_gz_worlds/models/aruco_pole_textures/aruco_pole_6/model.sdf
[2.455s] -- Symlinking: /home/nfl/husarion_rusak/src/install/husarion_gz_worlds/share/husarion_gz_worlds/models/aruco_pole_textures/aruco_pole_7/model.config
[2.462s] -- Symlinking: /home/nfl/husarion_rusak/src/install/husarion_gz_worlds/share/husarion_gz_worlds/models/aruco_pole_textures/aruco_pole_7/model.sdf
[2.470s] -- Symlinking: /home/nfl/husarion_rusak/src/install/husarion_gz_worlds/share/husarion_gz_worlds/models/aruco_pole_textures/aruco_pole_8/model.config
[2.478s] -- Symlinking: /home/nfl/husarion_rusak/src/install/husarion_gz_worlds/share/husarion_gz_worlds/models/aruco_pole_textures/aruco_pole_8/model.sdf
[2.485s] -- Symlinking: /home/nfl/husarion_rusak/src/install/husarion_gz_worlds/share/husarion_gz_worlds/models/aruco_pole_textures/aruco_pole_9/model.config
[2.493s] -- Symlinking: /home/nfl/husarion_rusak/src/install/husarion_gz_worlds/share/husarion_gz_worlds/models/aruco_pole_textures/aruco_pole_9/model.sdf
[2.500s] -- Symlinking: /home/nfl/husarion_rusak/src/install/husarion_gz_worlds/share/husarion_gz_worlds/models/aruco_pole_textures/generate_poles.py
[2.508s] -- Symlinking: /home/nfl/husarion_rusak/src/install/husarion_gz_worlds/share/husarion_gz_worlds/models/aruco_pole_textures/materials/textures/aruco_tag_0.png
[2.515s] -- Symlinking: /home/nfl/husarion_rusak/src/install/husarion_gz_worlds/share/husarion_gz_worlds/models/aruco_pole_textures/materials/textures/aruco_tag_1.png
[2.522s] -- Symlinking: /home/nfl/husarion_rusak/src/install/husarion_gz_worlds/share/husarion_gz_worlds/models/aruco_pole_textures/materials/textures/aruco_tag_10.png
[2.529s] -- Symlinking: /home/nfl/husarion_rusak/src/install/husarion_gz_worlds/share/husarion_gz_worlds/models/aruco_pole_textures/materials/textures/aruco_tag_11.png
[2.537s] -- Symlinking: /home/nfl/husarion_rusak/src/install/husarion_gz_worlds/share/husarion_gz_worlds/models/aruco_pole_textures/materials/textures/aruco_tag_12.png
[2.544s] -- Symlinking: /home/nfl/husarion_rusak/src/install/husarion_gz_worlds/share/husarion_gz_worlds/models/aruco_pole_textures/materials/textures/aruco_tag_13.png
[2.554s] -- Symlinking: /home/nfl/husarion_rusak/src/install/husarion_gz_worlds/share/husarion_gz_worlds/models/aruco_pole_textures/materials/textures/aruco_tag_14.png
[2.566s] -- Symlinking: /home/nfl/husarion_rusak/src/install/husarion_gz_worlds/share/husarion_gz_worlds/models/aruco_pole_textures/materials/textures/aruco_tag_15.png
[2.577s] -- Symlinking: /home/nfl/husarion_rusak/src/install/husarion_gz_worlds/share/husarion_gz_worlds/models/aruco_pole_textures/materials/textures/aruco_tag_16.png
[2.588s] -- Symlinking: /home/nfl/husarion_rusak/src/install/husarion_gz_worlds/share/husarion_gz_worlds/models/aruco_pole_textures/materials/textures/aruco_tag_17.png
[2.603s] -- Symlinking: /home/nfl/husarion_rusak/src/install/husarion_gz_worlds/share/husarion_gz_worlds/models/aruco_pole_textures/materials/textures/aruco_tag_18.png
[2.614s] -- Symlinking: /home/nfl/husarion_rusak/src/install/husarion_gz_worlds/share/husarion_gz_worlds/models/aruco_pole_textures/materials/textures/aruco_tag_19.png
[2.624s] -- Symlinking: /home/nfl/husarion_rusak/src/install/husarion_gz_worlds/share/husarion_gz_worlds/models/aruco_pole_textures/materials/textures/aruco_tag_2.png
[2.634s] -- Symlinking: /home/nfl/husarion_rusak/src/install/husarion_gz_worlds/share/husarion_gz_worlds/models/aruco_pole_textures/materials/textures/aruco_tag_20.png
[2.643s] -- Symlinking: /home/nfl/husarion_rusak/src/install/husarion_gz_worlds/share/husarion_gz_worlds/models/aruco_pole_textures/materials/textures/aruco_tag_21.png
[2.651s] -- Symlinking: /home/nfl/husarion_rusak/src/install/husarion_gz_worlds/share/husarion_gz_worlds/models/aruco_pole_textures/materials/textures/aruco_tag_22.png
[2.658s] -- Symlinking: /home/nfl/husarion_rusak/src/install/husarion_gz_worlds/share/husarion_gz_worlds/models/aruco_pole_textures/materials/textures/aruco_tag_23.png
[2.665s] -- Symlinking: /home/nfl/husarion_rusak/src/install/husarion_gz_worlds/share/husarion_gz_worlds/models/aruco_pole_textures/materials/textures/aruco_tag_24.png
[2.674s] -- Symlinking: /home/nfl/husarion_rusak/src/install/husarion_gz_worlds/share/husarion_gz_worlds/models/aruco_pole_textures/materials/textures/aruco_tag_25.png
[2.680s] -- Symlinking: /home/nfl/husarion_rusak/src/install/husarion_gz_worlds/share/husarion_gz_worlds/models/aruco_pole_textures/materials/textures/aruco_tag_26.png
[2.688s] -- Symlinking: /home/nfl/husarion_rusak/src/install/husarion_gz_worlds/share/husarion_gz_worlds/models/aruco_pole_textures/materials/textures/aruco_tag_27.png
[2.698s] -- Symlinking: /home/nfl/husarion_rusak/src/install/husarion_gz_worlds/share/husarion_gz_worlds/models/aruco_pole_textures/materials/textures/aruco_tag_28.png
[2.705s] -- Symlinking: /home/nfl/husarion_rusak/src/install/husarion_gz_worlds/share/husarion_gz_worlds/models/aruco_pole_textures/materials/textures/aruco_tag_29.png
[2.712s] -- Symlinking: /home/nfl/husarion_rusak/src/install/husarion_gz_worlds/share/husarion_gz_worlds/models/aruco_pole_textures/materials/textures/aruco_tag_3.png
[2.719s] -- Symlinking: /home/nfl/husarion_rusak/src/install/husarion_gz_worlds/share/husarion_gz_worlds/models/aruco_pole_textures/materials/textures/aruco_tag_30.png
[2.729s] -- Symlinking: /home/nfl/husarion_rusak/src/install/husarion_gz_worlds/share/husarion_gz_worlds/models/aruco_pole_textures/materials/textures/aruco_tag_31.png
[2.742s] -- Symlinking: /home/nfl/husarion_rusak/src/install/husarion_gz_worlds/share/husarion_gz_worlds/models/aruco_pole_textures/materials/textures/aruco_tag_32.png
[2.748s] -- Symlinking: /home/nfl/husarion_rusak/src/install/husarion_gz_worlds/share/husarion_gz_worlds/models/aruco_pole_textures/materials/textures/aruco_tag_33.png
[2.758s] -- Symlinking: /home/nfl/husarion_rusak/src/install/husarion_gz_worlds/share/husarion_gz_worlds/models/aruco_pole_textures/materials/textures/aruco_tag_34.png
[2.770s] -- Symlinking: /home/nfl/husarion_rusak/src/install/husarion_gz_worlds/share/husarion_gz_worlds/models/aruco_pole_textures/materials/textures/aruco_tag_35.png
[2.780s] -- Symlinking: /home/nfl/husarion_rusak/src/install/husarion_gz_worlds/share/husarion_gz_worlds/models/aruco_pole_textures/materials/textures/aruco_tag_36.png
[2.790s] -- Symlinking: /home/nfl/husarion_rusak/src/install/husarion_gz_worlds/share/husarion_gz_worlds/models/aruco_pole_textures/materials/textures/aruco_tag_37.png
[2.820s] -- Symlinking: /home/nfl/husarion_rusak/src/install/husarion_gz_worlds/share/husarion_gz_worlds/models/aruco_pole_textures/materials/textures/aruco_tag_38.png
[2.830s] -- Symlinking: /home/nfl/husarion_rusak/src/install/husarion_gz_worlds/share/husarion_gz_worlds/models/aruco_pole_textures/materials/textures/aruco_tag_39.png
[2.839s] -- Symlinking: /home/nfl/husarion_rusak/src/install/husarion_gz_worlds/share/husarion_gz_worlds/models/aruco_pole_textures/materials/textures/aruco_tag_4.png
[2.859s] -- Symlinking: /home/nfl/husarion_rusak/src/install/husarion_gz_worlds/share/husarion_gz_worlds/models/aruco_pole_textures/materials/textures/aruco_tag_40.png
[2.876s] -- Symlinking: /home/nfl/husarion_rusak/src/install/husarion_gz_worlds/share/husarion_gz_worlds/models/aruco_pole_textures/materials/textures/aruco_tag_41.png
[2.899s] -- Symlinking: /home/nfl/husarion_rusak/src/install/husarion_gz_worlds/share/husarion_gz_worlds/models/aruco_pole_textures/materials/textures/aruco_tag_42.png
[2.910s] -- Symlinking: /home/nfl/husarion_rusak/src/install/husarion_gz_worlds/share/husarion_gz_worlds/models/aruco_pole_textures/materials/textures/aruco_tag_43.png
[2.917s] -- Symlinking: /home/nfl/husarion_rusak/src/install/husarion_gz_worlds/share/husarion_gz_worlds/models/aruco_pole_textures/materials/textures/aruco_tag_44.png
[2.924s] -- Symlinking: /home/nfl/husarion_rusak/src/install/husarion_gz_worlds/share/husarion_gz_worlds/models/aruco_pole_textures/materials/textures/aruco_tag_45.png
[2.931s] -- Symlinking: /home/nfl/husarion_rusak/src/install/husarion_gz_worlds/share/husarion_gz_worlds/models/aruco_pole_textures/materials/textures/aruco_tag_46.png
[2.938s] -- Symlinking: /home/nfl/husarion_rusak/src/install/husarion_gz_worlds/share/husarion_gz_worlds/models/aruco_pole_textures/materials/textures/aruco_tag_47.png
[2.947s] -- Symlinking: /home/nfl/husarion_rusak/src/install/husarion_gz_worlds/share/husarion_gz_worlds/models/aruco_pole_textures/materials/textures/aruco_tag_48.png
[2.963s] -- Symlinking: /home/nfl/husarion_rusak/src/install/husarion_gz_worlds/share/husarion_gz_worlds/models/aruco_pole_textures/materials/textures/aruco_tag_49.png
[2.980s] -- Symlinking: /home/nfl/husarion_rusak/src/install/husarion_gz_worlds/share/husarion_gz_worlds/models/aruco_pole_textures/materials/textures/aruco_tag_5.png
[2.994s] -- Symlinking: /home/nfl/husarion_rusak/src/install/husarion_gz_worlds/share/husarion_gz_worlds/models/aruco_pole_textures/materials/textures/aruco_tag_50.png
[3.010s] -- Symlinking: /home/nfl/husarion_rusak/src/install/husarion_gz_worlds/share/husarion_gz_worlds/models/aruco_pole_textures/materials/textures/aruco_tag_6.png
[3.026s] -- Symlinking: /home/nfl/husarion_rusak/src/install/husarion_gz_worlds/share/husarion_gz_worlds/models/aruco_pole_textures/materials/textures/aruco_tag_7.png
[3.038s] -- Symlinking: /home/nfl/husarion_rusak/src/install/husarion_gz_worlds/share/husarion_gz_worlds/models/aruco_pole_textures/materials/textures/aruco_tag_8.png
[3.047s] -- Symlinking: /home/nfl/husarion_rusak/src/install/husarion_gz_worlds/share/husarion_gz_worlds/models/aruco_pole_textures/materials/textures/aruco_tag_9.png
[3.054s] -- Symlinking: /home/nfl/husarion_rusak/src/install/husarion_gz_worlds/share/husarion_gz_worlds/models/aruco_pole_textures/materials/textures/generate_textures.py
[3.064s] -- Symlinking: /home/nfl/husarion_rusak/src/install/husarion_gz_worlds/share/husarion_gz_worlds/models/aruco_pole_textures/model.config
[3.071s] -- Symlinking: /home/nfl/husarion_rusak/src/install/husarion_gz_worlds/share/husarion_gz_worlds/models/car_wheel/materials/textures/car_wheel.png
[3.078s] -- Symlinking: /home/nfl/husarion_rusak/src/install/husarion_gz_worlds/share/husarion_gz_worlds/models/car_wheel/meshes/car_wheel.dae
[3.085s] -- Symlinking: /home/nfl/husarion_rusak/src/install/husarion_gz_worlds/share/husarion_gz_worlds/models/car_wheel/model.config
[3.092s] -- Symlinking: /home/nfl/husarion_rusak/src/install/husarion_gz_worlds/share/husarion_gz_worlds/models/car_wheel/model.sdf
[3.099s] -- Symlinking: /home/nfl/husarion_rusak/src/install/husarion_gz_worlds/share/husarion_gz_worlds/models/car_wheel/thumbnails/1.png
[3.108s] -- Symlinking: /home/nfl/husarion_rusak/src/install/husarion_gz_worlds/share/husarion_gz_worlds/models/car_wheel/thumbnails/2.png
[3.116s] -- Symlinking: /home/nfl/husarion_rusak/src/install/husarion_gz_worlds/share/husarion_gz_worlds/models/car_wheel/thumbnails/3.png
[3.126s] -- Symlinking: /home/nfl/husarion_rusak/src/install/husarion_gz_worlds/share/husarion_gz_worlds/models/car_wheel/thumbnails/4.png
[3.134s] -- Symlinking: /home/nfl/husarion_rusak/src/install/husarion_gz_worlds/share/husarion_gz_worlds/models/car_wheel/thumbnails/5.png
[3.141s] -- Symlinking: /home/nfl/husarion_rusak/src/install/husarion_gz_worlds/share/husarion_gz_worlds/models/cordless_drill/materials/textures/cordless_drill.png
[3.150s] -- Symlinking: /home/nfl/husarion_rusak/src/install/husarion_gz_worlds/share/husarion_gz_worlds/models/cordless_drill/meshes/cordless_drill.dae
[3.158s] -- Symlinking: /home/nfl/husarion_rusak/src/install/husarion_gz_worlds/share/husarion_gz_worlds/models/cordless_drill/meshes/cordless_drill.stl
[3.164s] -- Symlinking: /home/nfl/husarion_rusak/src/install/husarion_gz_worlds/share/husarion_gz_worlds/models/cordless_drill/model-1_2.sdf
[3.171s] -- Symlinking: /home/nfl/husarion_rusak/src/install/husarion_gz_worlds/share/husarion_gz_worlds/models/cordless_drill/model-1_3.sdf
[3.178s] -- Symlinking: /home/nfl/husarion_rusak/src/install/husarion_gz_worlds/share/husarion_gz_worlds/models/cordless_drill/model-1_4.sdf
[3.188s] -- Symlinking: /home/nfl/husarion_rusak/src/install/husarion_gz_worlds/share/husarion_gz_worlds/models/cordless_drill/model.config
[3.197s] -- Symlinking: /home/nfl/husarion_rusak/src/install/husarion_gz_worlds/share/husarion_gz_worlds/models/cordless_drill/model.sdf
[3.206s] -- Symlinking: /home/nfl/husarion_rusak/src/install/husarion_gz_worlds/share/husarion_gz_worlds/models/cordless_drill/thumbnails/1.png
[3.216s] -- Symlinking: /home/nfl/husarion_rusak/src/install/husarion_gz_worlds/share/husarion_gz_worlds/models/cordless_drill/thumbnails/2.png
[3.224s] -- Symlinking: /home/nfl/husarion_rusak/src/install/husarion_gz_worlds/share/husarion_gz_worlds/models/cordless_drill/thumbnails/3.png
[3.233s] -- Symlinking: /home/nfl/husarion_rusak/src/install/husarion_gz_worlds/share/husarion_gz_worlds/models/cordless_drill/thumbnails/4.png
[3.241s] -- Symlinking: /home/nfl/husarion_rusak/src/install/husarion_gz_worlds/share/husarion_gz_worlds/models/cordless_drill/thumbnails/5.png
[3.249s] -- Symlinking: /home/nfl/husarion_rusak/src/install/husarion_gz_worlds/share/husarion_gz_worlds/models/fire_hydrant/materials/textures/fire_hydrant_diffuse.png
[3.260s] -- Symlinking: /home/nfl/husarion_rusak/src/install/husarion_gz_worlds/share/husarion_gz_worlds/models/fire_hydrant/materials/textures/fire_hydrant_spec.png
[3.267s] -- Symlinking: /home/nfl/husarion_rusak/src/install/husarion_gz_worlds/share/husarion_gz_worlds/models/fire_hydrant/meshes/fire_hydrant.dae
[3.274s] -- Symlinking: /home/nfl/husarion_rusak/src/install/husarion_gz_worlds/share/husarion_gz_worlds/models/fire_hydrant/model-1_4.sdf
[3.282s] -- Symlinking: /home/nfl/husarion_rusak/src/install/husarion_gz_worlds/share/husarion_gz_worlds/models/fire_hydrant/model.config
[3.292s] -- Symlinking: /home/nfl/husarion_rusak/src/install/husarion_gz_worlds/share/husarion_gz_worlds/models/fire_hydrant/model.sdf
[3.300s] -- Symlinking: /home/nfl/husarion_rusak/src/install/husarion_gz_worlds/share/husarion_gz_worlds/models/fire_hydrant/thumbnails/1.png
[3.310s] -- Symlinking: /home/nfl/husarion_rusak/src/install/husarion_gz_worlds/share/husarion_gz_worlds/models/fire_hydrant/thumbnails/2.png
[3.316s] -- Symlinking: /home/nfl/husarion_rusak/src/install/husarion_gz_worlds/share/husarion_gz_worlds/models/fire_hydrant/thumbnails/3.png
[3.324s] -- Symlinking: /home/nfl/husarion_rusak/src/install/husarion_gz_worlds/share/husarion_gz_worlds/models/fire_hydrant/thumbnails/4.png
[3.331s] -- Symlinking: /home/nfl/husarion_rusak/src/install/husarion_gz_worlds/share/husarion_gz_worlds/models/fire_hydrant/thumbnails/5.png
[3.341s] -- Symlinking: /home/nfl/husarion_rusak/src/install/husarion_gz_worlds/share/husarion_gz_worlds/models/helmet/materials/textures/CavingHelmet.jpg
[3.351s] -- Symlinking: /home/nfl/husarion_rusak/src/install/husarion_gz_worlds/share/husarion_gz_worlds/models/helmet/materials/textures/CavingHelmet_Albedo.jpg
[3.361s] -- Symlinking: /home/nfl/husarion_rusak/src/install/husarion_gz_worlds/share/husarion_gz_worlds/models/helmet/materials/textures/CavingHelmet_Emissive.jpg
[3.371s] -- Symlinking: /home/nfl/husarion_rusak/src/install/husarion_gz_worlds/share/husarion_gz_worlds/models/helmet/materials/textures/CavingHelmet_Heatmap_Albedo.png
[3.381s] -- Symlinking: /home/nfl/husarion_rusak/src/install/husarion_gz_worlds/share/husarion_gz_worlds/models/helmet/materials/textures/CavingHelmet_Normal.jpg
[3.391s] -- Symlinking: /home/nfl/husarion_rusak/src/install/husarion_gz_worlds/share/husarion_gz_worlds/models/helmet/materials/textures/CavingHelmet_Roughness.jpg
[3.400s] -- Symlinking: /home/nfl/husarion_rusak/src/install/husarion_gz_worlds/share/husarion_gz_worlds/models/helmet/meshes/CavingHelmet.dae
[3.410s] -- Symlinking: /home/nfl/husarion_rusak/src/install/husarion_gz_worlds/share/husarion_gz_worlds/models/helmet/model.config
[3.419s] -- Symlinking: /home/nfl/husarion_rusak/src/install/husarion_gz_worlds/share/husarion_gz_worlds/models/helmet/model.sdf
[3.429s] -- Symlinking: /home/nfl/husarion_rusak/src/install/husarion_gz_worlds/share/husarion_gz_worlds/models/helmet/thumbnails/1.jpg
[3.438s] -- Symlinking: /home/nfl/husarion_rusak/src/install/husarion_gz_worlds/share/husarion_gz_worlds/models/helmet/thumbnails/2.jpg
[3.448s] -- Symlinking: /home/nfl/husarion_rusak/src/install/husarion_gz_worlds/share/husarion_gz_worlds/models/helmet/thumbnails/3.jpg
[3.457s] -- Symlinking: /home/nfl/husarion_rusak/src/install/husarion_gz_worlds/share/husarion_gz_worlds/models/helmet/thumbnails/4.jpg
[3.464s] -- Symlinking: /home/nfl/husarion_rusak/src/install/husarion_gz_worlds/share/husarion_gz_worlds/models/landmarks/bottle/meshes/BottleCap_baseColor.png
[3.472s] -- Symlinking: /home/nfl/husarion_rusak/src/install/husarion_gz_worlds/share/husarion_gz_worlds/models/landmarks/bottle/meshes/BottleCap_metallicRoughness.png
[3.481s] -- Symlinking: /home/nfl/husarion_rusak/src/install/husarion_gz_worlds/share/husarion_gz_worlds/models/landmarks/bottle/meshes/BottleCap_normal.png
[3.490s] -- Symlinking: /home/nfl/husarion_rusak/src/install/husarion_gz_worlds/share/husarion_gz_worlds/models/landmarks/bottle/meshes/WaterBottle1_baseColor.png
[3.500s] -- Symlinking: /home/nfl/husarion_rusak/src/install/husarion_gz_worlds/share/husarion_gz_worlds/models/landmarks/bottle/meshes/WaterBottle1_metallicRoughness.png
[3.507s] -- Symlinking: /home/nfl/husarion_rusak/src/install/husarion_gz_worlds/share/husarion_gz_worlds/models/landmarks/bottle/meshes/WaterBottle1_normal.png
[3.517s] -- Symlinking: /home/nfl/husarion_rusak/src/install/husarion_gz_worlds/share/husarion_gz_worlds/models/landmarks/bottle/meshes/bottle.mtl
[3.524s] -- Symlinking: /home/nfl/husarion_rusak/src/install/husarion_gz_worlds/share/husarion_gz_worlds/models/landmarks/bottle/meshes/bottle.obj
[3.533s] -- Symlinking: /home/nfl/husarion_rusak/src/install/husarion_gz_worlds/share/husarion_gz_worlds/models/landmarks/bottle/model.config
[3.540s] -- Symlinking: /home/nfl/husarion_rusak/src/install/husarion_gz_worlds/share/husarion_gz_worlds/models/landmarks/bottle/model.sdf
[3.549s] -- Symlinking: /home/nfl/husarion_rusak/src/install/husarion_gz_worlds/share/husarion_gz_worlds/models/landmarks/drill/meshes/M_Drill_01_baseColor.png
[3.558s] -- Symlinking: /home/nfl/husarion_rusak/src/install/husarion_gz_worlds/share/husarion_gz_worlds/models/landmarks/drill/meshes/M_Drill_01_metallicRoughness.png
[3.568s] -- Symlinking: /home/nfl/husarion_rusak/src/install/husarion_gz_worlds/share/husarion_gz_worlds/models/landmarks/drill/meshes/M_Drill_01_normal.png
[3.577s] -- Symlinking: /home/nfl/husarion_rusak/src/install/husarion_gz_worlds/share/husarion_gz_worlds/models/landmarks/drill/meshes/drill.mtl
[3.585s] -- Symlinking: /home/nfl/husarion_rusak/src/install/husarion_gz_worlds/share/husarion_gz_worlds/models/landmarks/drill/meshes/drill.obj
[3.594s] -- Symlinking: /home/nfl/husarion_rusak/src/install/husarion_gz_worlds/share/husarion_gz_worlds/models/landmarks/drill/meshes/readme.txt
[3.602s] -- Symlinking: /home/nfl/husarion_rusak/src/install/husarion_gz_worlds/share/husarion_gz_worlds/models/landmarks/drill/model.config
[3.612s] -- Symlinking: /home/nfl/husarion_rusak/src/install/husarion_gz_worlds/share/husarion_gz_worlds/models/landmarks/drill/model.sdf
[3.619s] -- Symlinking: /home/nfl/husarion_rusak/src/install/husarion_gz_worlds/share/husarion_gz_worlds/models/landmarks/hammer/meshes/Scene_-_Root_baseColor.png
[3.625s] -- Symlinking: /home/nfl/husarion_rusak/src/install/husarion_gz_worlds/share/husarion_gz_worlds/models/landmarks/hammer/meshes/Scene_-_Root_metallicRoughness.png
[3.632s] -- Symlinking: /home/nfl/husarion_rusak/src/install/husarion_gz_worlds/share/husarion_gz_worlds/models/landmarks/hammer/meshes/Scene_-_Root_normal.png
[3.638s] -- Symlinking: /home/nfl/husarion_rusak/src/install/husarion_gz_worlds/share/husarion_gz_worlds/models/landmarks/hammer/meshes/hammer.mtl
[3.644s] -- Symlinking: /home/nfl/husarion_rusak/src/install/husarion_gz_worlds/share/husarion_gz_worlds/models/landmarks/hammer/meshes/hammer.obj
[3.653s] -- Symlinking: /home/nfl/husarion_rusak/src/install/husarion_gz_worlds/share/husarion_gz_worlds/models/landmarks/hammer/model.config
[3.660s] -- Symlinking: /home/nfl/husarion_rusak/src/install/husarion_gz_worlds/share/husarion_gz_worlds/models/landmarks/hammer/model.sdf
[3.669s] -- Symlinking: /home/nfl/husarion_rusak/src/install/husarion_gz_worlds/share/husarion_gz_worlds/models/landmarks/helmet/meshes/Helmet-Body_baseColor.jpg
[3.677s] -- Symlinking: /home/nfl/husarion_rusak/src/install/husarion_gz_worlds/share/husarion_gz_worlds/models/landmarks/helmet/meshes/Helmet-Body_emissive.png
[3.687s] -- Symlinking: /home/nfl/husarion_rusak/src/install/husarion_gz_worlds/share/husarion_gz_worlds/models/landmarks/helmet/meshes/Helmet-Body_normal.png
[3.697s] -- Symlinking: /home/nfl/husarion_rusak/src/install/husarion_gz_worlds/share/husarion_gz_worlds/models/landmarks/helmet/meshes/astronaut_helmet.mtl
[3.706s] -- Symlinking: /home/nfl/husarion_rusak/src/install/husarion_gz_worlds/share/husarion_gz_worlds/models/landmarks/helmet/meshes/astronaut_helmet.obj
[3.716s] -- Symlinking: /home/nfl/husarion_rusak/src/install/husarion_gz_worlds/share/husarion_gz_worlds/models/landmarks/helmet/meshes/helmet_glass_baseColor.png
[3.724s] -- Symlinking: /home/nfl/husarion_rusak/src/install/husarion_gz_worlds/share/husarion_gz_worlds/models/landmarks/helmet/model.config
[3.734s] -- Symlinking: /home/nfl/husarion_rusak/src/install/husarion_gz_worlds/share/husarion_gz_worlds/models/landmarks/helmet/model.sdf
[3.742s] -- Symlinking: /home/nfl/husarion_rusak/src/install/husarion_gz_worlds/share/husarion_gz_worlds/models/landmarks/his/fire hydrant - used_Mat_BaseColor.png
[3.752s] -- Symlinking: /home/nfl/husarion_rusak/src/install/husarion_gz_worlds/share/husarion_gz_worlds/models/landmarks/his/fire hydrant - used_Mat_Height.png
[3.762s] -- Symlinking: /home/nfl/husarion_rusak/src/install/husarion_gz_worlds/share/husarion_gz_worlds/models/landmarks/his/fire hydrant - used_Mat_Metallic.png
[3.772s] -- Symlinking: /home/nfl/husarion_rusak/src/install/husarion_gz_worlds/share/husarion_gz_worlds/models/landmarks/his/fire hydrant - used_Mat_Normal.png
[3.781s] -- Symlinking: /home/nfl/husarion_rusak/src/install/husarion_gz_worlds/share/husarion_gz_worlds/models/landmarks/his/fire hydrant - used_Mat_Roughness.png
[3.789s] -- Symlinking: /home/nfl/husarion_rusak/src/install/husarion_gz_worlds/share/husarion_gz_worlds/models/landmarks/his/fire hydrant.c4d
[3.799s] -- Symlinking: /home/nfl/husarion_rusak/src/install/husarion_gz_worlds/share/husarion_gz_worlds/models/landmarks/his/fire hydrant.obj
[3.807s] -- Symlinking: /home/nfl/husarion_rusak/src/install/husarion_gz_worlds/share/husarion_gz_worlds/models/landmarks/hydrant/meshes/NYC_Fire_Hydrant.jpg
[3.816s] -- Symlinking: /home/nfl/husarion_rusak/src/install/husarion_gz_worlds/share/husarion_gz_worlds/models/landmarks/hydrant/meshes/firehydrant.mtl
[3.825s] -- Symlinking: /home/nfl/husarion_rusak/src/install/husarion_gz_worlds/share/husarion_gz_worlds/models/landmarks/hydrant/meshes/firehydrant.obj
[3.834s] -- Symlinking: /home/nfl/husarion_rusak/src/install/husarion_gz_worlds/share/husarion_gz_worlds/models/landmarks/hydrant/model.config
[3.843s] -- Symlinking: /home/nfl/husarion_rusak/src/install/husarion_gz_worlds/share/husarion_gz_worlds/models/landmarks/hydrant/model.sdf
[3.855s] -- Symlinking: /home/nfl/husarion_rusak/src/install/husarion_gz_worlds/share/husarion_gz_worlds/models/landmarks/panel/meshes/Material__2_baseColor.png
[3.863s] -- Symlinking: /home/nfl/husarion_rusak/src/install/husarion_gz_worlds/share/husarion_gz_worlds/models/landmarks/panel/meshes/Material__2_metallicRoughness.png
[3.869s] -- Symlinking: /home/nfl/husarion_rusak/src/install/husarion_gz_worlds/share/husarion_gz_worlds/models/landmarks/panel/meshes/Material__4_baseColor.png
[3.876s] -- Symlinking: /home/nfl/husarion_rusak/src/install/husarion_gz_worlds/share/husarion_gz_worlds/models/landmarks/panel/meshes/Material__4_metallicRoughness.png
[3.885s] -- Symlinking: /home/nfl/husarion_rusak/src/install/husarion_gz_worlds/share/husarion_gz_worlds/models/landmarks/panel/meshes/control_panel.mtl
[3.896s] -- Symlinking: /home/nfl/husarion_rusak/src/install/husarion_gz_worlds/share/husarion_gz_worlds/models/landmarks/panel/meshes/control_panel.obj
[3.905s] -- Symlinking: /home/nfl/husarion_rusak/src/install/husarion_gz_worlds/share/husarion_gz_worlds/models/landmarks/panel/model.config
[3.913s] -- Symlinking: /home/nfl/husarion_rusak/src/install/husarion_gz_worlds/share/husarion_gz_worlds/models/landmarks/panel/model.sdf
[3.920s] -- Symlinking: /home/nfl/husarion_rusak/src/install/husarion_gz_worlds/share/husarion_gz_worlds/models/landmarks/satellite_dish/meshes/Scene_-_Root_baseColor.png
[3.930s] -- Symlinking: /home/nfl/husarion_rusak/src/install/husarion_gz_worlds/share/husarion_gz_worlds/models/landmarks/satellite_dish/meshes/Scene_-_Root_emissive.png
[3.940s] -- Symlinking: /home/nfl/husarion_rusak/src/install/husarion_gz_worlds/share/husarion_gz_worlds/models/landmarks/satellite_dish/meshes/Scene_-_Root_metallicRoughness.png
[3.950s] -- Symlinking: /home/nfl/husarion_rusak/src/install/husarion_gz_worlds/share/husarion_gz_worlds/models/landmarks/satellite_dish/meshes/Scene_-_Root_normal.png
[3.958s] -- Symlinking: /home/nfl/husarion_rusak/src/install/husarion_gz_worlds/share/husarion_gz_worlds/models/landmarks/satellite_dish/meshes/satellite_dish.mtl
[3.965s] -- Symlinking: /home/nfl/husarion_rusak/src/install/husarion_gz_worlds/share/husarion_gz_worlds/models/landmarks/satellite_dish/meshes/satellite_dish.obj
[3.972s] -- Symlinking: /home/nfl/husarion_rusak/src/install/husarion_gz_worlds/share/husarion_gz_worlds/models/landmarks/satellite_dish/model.config
[3.979s] -- Symlinking: /home/nfl/husarion_rusak/src/install/husarion_gz_worlds/share/husarion_gz_worlds/models/landmarks/satellite_dish/model.sdf
[3.986s] -- Symlinking: /home/nfl/husarion_rusak/src/install/husarion_gz_worlds/share/husarion_gz_worlds/models/landmarks/screw_driver/meshes/Scene_-_Root_baseColor.png
[3.994s] -- Symlinking: /home/nfl/husarion_rusak/src/install/husarion_gz_worlds/share/husarion_gz_worlds/models/landmarks/screw_driver/meshes/Scene_-_Root_metallicRoughness.png
[4.001s] -- Symlinking: /home/nfl/husarion_rusak/src/install/husarion_gz_worlds/share/husarion_gz_worlds/models/landmarks/screw_driver/meshes/Scene_-_Root_normal.png
[4.008s] -- Symlinking: /home/nfl/husarion_rusak/src/install/husarion_gz_worlds/share/husarion_gz_worlds/models/landmarks/screw_driver/meshes/screw_driver.mtl
[4.015s] -- Symlinking: /home/nfl/husarion_rusak/src/install/husarion_gz_worlds/share/husarion_gz_worlds/models/landmarks/screw_driver/meshes/screw_driver.obj
[4.024s] -- Symlinking: /home/nfl/husarion_rusak/src/install/husarion_gz_worlds/share/husarion_gz_worlds/models/landmarks/screw_driver/model.config
[4.031s] -- Symlinking: /home/nfl/husarion_rusak/src/install/husarion_gz_worlds/share/husarion_gz_worlds/models/landmarks/screw_driver/model.sdf
[4.038s] -- Symlinking: /home/nfl/husarion_rusak/src/install/husarion_gz_worlds/share/husarion_gz_worlds/models/landmarks/tool_box/meshes/07_-_Default_baseColor.jpg
[4.047s] -- Symlinking: /home/nfl/husarion_rusak/src/install/husarion_gz_worlds/share/husarion_gz_worlds/models/landmarks/tool_box/meshes/07_-_Default_metallicRoughness.png
[4.056s] -- Symlinking: /home/nfl/husarion_rusak/src/install/husarion_gz_worlds/share/husarion_gz_worlds/models/landmarks/tool_box/meshes/07_-_Default_normal.png
[4.063s] -- Symlinking: /home/nfl/husarion_rusak/src/install/husarion_gz_worlds/share/husarion_gz_worlds/models/landmarks/tool_box/meshes/tool_box.mtl
[4.073s] -- Symlinking: /home/nfl/husarion_rusak/src/install/husarion_gz_worlds/share/husarion_gz_worlds/models/landmarks/tool_box/meshes/tool_box.obj
[4.083s] -- Symlinking: /home/nfl/husarion_rusak/src/install/husarion_gz_worlds/share/husarion_gz_worlds/models/landmarks/tool_box/model.config
[4.093s] -- Symlinking: /home/nfl/husarion_rusak/src/install/husarion_gz_worlds/share/husarion_gz_worlds/models/landmarks/tool_box/model.sdf
[4.102s] -- Symlinking: /home/nfl/husarion_rusak/src/install/husarion_gz_worlds/share/husarion_gz_worlds/models/landmarks/wrench/meshes/DefaultMaterial_baseColor.jpg
[4.110s] -- Symlinking: /home/nfl/husarion_rusak/src/install/husarion_gz_worlds/share/husarion_gz_worlds/models/landmarks/wrench/meshes/DefaultMaterial_metallicRoughness.png
[4.120s] -- Symlinking: /home/nfl/husarion_rusak/src/install/husarion_gz_worlds/share/husarion_gz_worlds/models/landmarks/wrench/meshes/DefaultMaterial_normal.png
[4.128s] -- Symlinking: /home/nfl/husarion_rusak/src/install/husarion_gz_worlds/share/husarion_gz_worlds/models/landmarks/wrench/meshes/wrench.mtl
[4.138s] -- Symlinking: /home/nfl/husarion_rusak/src/install/husarion_gz_worlds/share/husarion_gz_worlds/models/landmarks/wrench/meshes/wrench.obj
[4.147s] -- Symlinking: /home/nfl/husarion_rusak/src/install/husarion_gz_worlds/share/husarion_gz_worlds/models/landmarks/wrench/model.config
[4.157s] -- Symlinking: /home/nfl/husarion_rusak/src/install/husarion_gz_worlds/share/husarion_gz_worlds/models/landmarks/wrench/model.sdf
[4.167s] -- Symlinking: /home/nfl/husarion_rusak/src/install/husarion_gz_worlds/share/husarion_gz_worlds/models/lorong_nopal_v2/meshes/lorong_nopal_v2.stl
[4.177s] -- Symlinking: /home/nfl/husarion_rusak/src/install/husarion_gz_worlds/share/husarion_gz_worlds/models/lorong_nopal_v2/model.config
[4.186s] -- Symlinking: /home/nfl/husarion_rusak/src/install/husarion_gz_worlds/share/husarion_gz_worlds/models/lorong_nopal_v2/model.sdf
[4.196s] -- Symlinking: /home/nfl/husarion_rusak/src/install/husarion_gz_worlds/share/husarion_gz_worlds/models/mars_yard/meshes/model.mtl
[4.205s] -- Symlinking: /home/nfl/husarion_rusak/src/install/husarion_gz_worlds/share/husarion_gz_worlds/models/mars_yard/meshes/model.obj
[4.215s] -- Symlinking: /home/nfl/husarion_rusak/src/install/husarion_gz_worlds/share/husarion_gz_worlds/models/mars_yard/meshes/texture.png
[4.223s] -- Symlinking: /home/nfl/husarion_rusak/src/install/husarion_gz_worlds/share/husarion_gz_worlds/models/mars_yard/model.config
[4.233s] -- Symlinking: /home/nfl/husarion_rusak/src/install/husarion_gz_worlds/share/husarion_gz_worlds/models/mars_yard/model.sdf
[4.242s] -- Symlinking: /home/nfl/husarion_rusak/src/install/husarion_gz_worlds/share/husarion_gz_worlds/models/marsyard2024/meshes/base_color_4K.png
[4.252s] -- Symlinking: /home/nfl/husarion_rusak/src/install/husarion_gz_worlds/share/husarion_gz_worlds/models/marsyard2024/meshes/marsyard2024_processed.dae
[4.262s] -- Symlinking: /home/nfl/husarion_rusak/src/install/husarion_gz_worlds/share/husarion_gz_worlds/models/marsyard2024/meshes/marsyard2024_processed.stl
[4.270s] -- Symlinking: /home/nfl/husarion_rusak/src/install/husarion_gz_worlds/share/husarion_gz_worlds/models/marsyard2024/model.config
[4.280s] -- Symlinking: /home/nfl/husarion_rusak/src/install/husarion_gz_worlds/share/husarion_gz_worlds/models/marsyard2024/model.sdf
[4.287s] -- Symlinking: /home/nfl/husarion_rusak/src/install/husarion_gz_worlds/share/husarion_gz_worlds/models/suitcase/meshes/Suitcase2.mtl
[4.297s] -- Symlinking: /home/nfl/husarion_rusak/src/install/husarion_gz_worlds/share/husarion_gz_worlds/models/suitcase/meshes/Suitcase2.obj
[4.305s] -- Symlinking: /home/nfl/husarion_rusak/src/install/husarion_gz_worlds/share/husarion_gz_worlds/models/suitcase/meshes/Suitcase2_Col.mtl
[4.311s] -- Symlinking: /home/nfl/husarion_rusak/src/install/husarion_gz_worlds/share/husarion_gz_worlds/models/suitcase/meshes/Suitcase2_Col.obj
[4.318s] -- Symlinking: /home/nfl/husarion_rusak/src/install/husarion_gz_worlds/share/husarion_gz_worlds/models/suitcase/meshes/Suitcase2_Diffuse.png
[4.327s] -- Symlinking: /home/nfl/husarion_rusak/src/install/husarion_gz_worlds/share/husarion_gz_worlds/models/suitcase/meshes/Suitcase2_Metal.png
[4.334s] -- Symlinking: /home/nfl/husarion_rusak/src/install/husarion_gz_worlds/share/husarion_gz_worlds/models/suitcase/meshes/Suitcase2_Normal.png
[4.342s] -- Symlinking: /home/nfl/husarion_rusak/src/install/husarion_gz_worlds/share/husarion_gz_worlds/models/suitcase/meshes/Suitcase2_Rough.png
[4.352s] -- Symlinking: /home/nfl/husarion_rusak/src/install/husarion_gz_worlds/share/husarion_gz_worlds/models/suitcase/model.config
[4.363s] -- Symlinking: /home/nfl/husarion_rusak/src/install/husarion_gz_worlds/share/husarion_gz_worlds/models/suitcase/model.sdf
[4.371s] -- Symlinking: /home/nfl/husarion_rusak/src/install/husarion_gz_worlds/share/husarion_gz_worlds/models/suitcase/thumbnails/1.png
[4.379s] -- Symlinking: /home/nfl/husarion_rusak/src/install/husarion_gz_worlds/share/husarion_gz_worlds/models/suitcase/thumbnails/2.png
[4.387s] -- Symlinking: /home/nfl/husarion_rusak/src/install/husarion_gz_worlds/share/husarion_gz_worlds/models/suitcase/thumbnails/3.png
[4.398s] -- Symlinking: /home/nfl/husarion_rusak/src/install/husarion_gz_worlds/share/husarion_gz_worlds/models/suitcase/thumbnails/4.png
[4.409s] -- Symlinking: /home/nfl/husarion_rusak/src/install/husarion_gz_worlds/share/husarion_gz_worlds/models/suitcase/thumbnails/5.png
[4.419s] -- Symlinking: /home/nfl/husarion_rusak/src/install/husarion_gz_worlds/share/husarion_gz_worlds/models/wrench/meshes/monkey_wrench.dae
[4.430s] -- Symlinking: /home/nfl/husarion_rusak/src/install/husarion_gz_worlds/share/husarion_gz_worlds/models/wrench/model-1_2.sdf
[4.439s] -- Symlinking: /home/nfl/husarion_rusak/src/install/husarion_gz_worlds/share/husarion_gz_worlds/models/wrench/model-1_3.sdf
[4.454s] -- Symlinking: /home/nfl/husarion_rusak/src/install/husarion_gz_worlds/share/husarion_gz_worlds/models/wrench/model-1_4.sdf
[4.464s] -- Symlinking: /home/nfl/husarion_rusak/src/install/husarion_gz_worlds/share/husarion_gz_worlds/models/wrench/model.config
[4.473s] -- Symlinking: /home/nfl/husarion_rusak/src/install/husarion_gz_worlds/share/husarion_gz_worlds/models/wrench/model.sdf
[4.482s] -- Symlinking: /home/nfl/husarion_rusak/src/install/husarion_gz_worlds/share/husarion_gz_worlds/models/wrench/thumbnails/1.png
[4.494s] -- Symlinking: /home/nfl/husarion_rusak/src/install/husarion_gz_worlds/share/husarion_gz_worlds/models/wrench/thumbnails/2.png
[4.499s] -- Symlinking: /home/nfl/husarion_rusak/src/install/husarion_gz_worlds/share/husarion_gz_worlds/models/wrench/thumbnails/3.png
[4.509s] -- Symlinking: /home/nfl/husarion_rusak/src/install/husarion_gz_worlds/share/husarion_gz_worlds/models/wrench/thumbnails/4.png
[4.518s] -- Symlinking: /home/nfl/husarion_rusak/src/install/husarion_gz_worlds/share/husarion_gz_worlds/models/wrench/thumbnails/5.png
[4.529s] -- Symlinking: /home/nfl/husarion_rusak/src/install/husarion_gz_worlds/share/husarion_gz_worlds/worlds/empty_with_plugins.sdf
[4.537s] -- Symlinking: /home/nfl/husarion_rusak/src/install/husarion_gz_worlds/share/husarion_gz_worlds/worlds/gen.py
[4.545s] -- Symlinking: /home/nfl/husarion_rusak/src/install/husarion_gz_worlds/share/husarion_gz_worlds/worlds/husarion_office.sdf
[4.556s] -- Symlinking: /home/nfl/husarion_rusak/src/install/husarion_gz_worlds/share/husarion_gz_worlds/worlds/husarion_world.sdf
[4.568s] -- Symlinking: /home/nfl/husarion_rusak/src/install/husarion_gz_worlds/share/husarion_gz_worlds/worlds/mars_yard.sdf
[4.577s] -- Symlinking: /home/nfl/husarion_rusak/src/install/husarion_gz_worlds/share/husarion_gz_worlds/worlds/marsyard2024.world
[4.586s] -- Symlinking: /home/nfl/husarion_rusak/src/install/husarion_gz_worlds/share/husarion_gz_worlds/worlds/sonoma_raceway.sdf
[4.597s] -- Symlinking: /home/nfl/husarion_rusak/src/install/husarion_gz_worlds/share/husarion_gz_worlds/maps/husarion_world.pgm
[4.606s] -- Symlinking: /home/nfl/husarion_rusak/src/install/husarion_gz_worlds/share/husarion_gz_worlds/maps/husarion_world.yaml
[4.618s] -- Symlinking: /home/nfl/husarion_rusak/src/install/husarion_gz_worlds/share/husarion_gz_worlds/environment/husarion_gz_worlds.sh
[4.633s] -- Symlinking: /home/nfl/husarion_rusak/src/install/husarion_gz_worlds/share/ament_index/resource_index/package_run_dependencies/husarion_gz_worlds
[4.643s] -- Symlinking: /home/nfl/husarion_rusak/src/install/husarion_gz_worlds/share/ament_index/resource_index/parent_prefix_path/husarion_gz_worlds
[4.654s] -- Symlinking: /home/nfl/husarion_rusak/src/install/husarion_gz_worlds/share/husarion_gz_worlds/environment/ament_prefix_path.sh
[4.663s] -- Symlinking: /home/nfl/husarion_rusak/src/install/husarion_gz_worlds/share/husarion_gz_worlds/environment/ament_prefix_path.dsv
[4.672s] -- Symlinking: /home/nfl/husarion_rusak/src/install/husarion_gz_worlds/share/husarion_gz_worlds/environment/path.sh
[4.678s] -- Symlinking: /home/nfl/husarion_rusak/src/install/husarion_gz_worlds/share/husarion_gz_worlds/environment/path.dsv
[4.692s] -- Symlinking: /home/nfl/husarion_rusak/src/install/husarion_gz_worlds/share/husarion_gz_worlds/local_setup.bash
[4.702s] -- Symlinking: /home/nfl/husarion_rusak/src/install/husarion_gz_worlds/share/husarion_gz_worlds/local_setup.sh
[4.713s] -- Symlinking: /home/nfl/husarion_rusak/src/install/husarion_gz_worlds/share/husarion_gz_worlds/local_setup.zsh
[4.733s] -- Symlinking: /home/nfl/husarion_rusak/src/install/husarion_gz_worlds/share/husarion_gz_worlds/local_setup.dsv
[4.758s] -- Symlinking: /home/nfl/husarion_rusak/src/install/husarion_gz_worlds/share/husarion_gz_worlds/package.dsv
[4.778s] -- Symlinking: /home/nfl/husarion_rusak/src/install/husarion_gz_worlds/share/ament_index/resource_index/packages/husarion_gz_worlds
[4.800s] -- Symlinking: /home/nfl/husarion_rusak/src/install/husarion_gz_worlds/share/husarion_gz_worlds/cmake/husarion_gz_worldsConfig.cmake
[4.823s] -- Symlinking: /home/nfl/husarion_rusak/src/install/husarion_gz_worlds/share/husarion_gz_worlds/cmake/husarion_gz_worldsConfig-version.cmake
[4.840s] -- Symlinking: /home/nfl/husarion_rusak/src/install/husarion_gz_worlds/share/husarion_gz_worlds/package.xml
[4.870s] Invoked command in '/home/nfl/husarion_rusak/src/build/husarion_gz_worlds' returned '0': CMAKE_PREFIX_PATH=${CMAKE_PREFIX_PATH}:/opt/ros/jazzy DEBUGINFOD_URLS=https://debuginfod.ubuntu.com /usr/bin/cmake --install /home/nfl/husarion_rusak/src/build/husarion_gz_worlds
