[0.017s] Invoking command in '/home/nfl/husarion_rusak/src/build/husarion_ugv_manager': AMENT_PREFIX_PATH=/home/nfl/husarion_rusak/src/install/behaviortree_ros2:/home/nfl/husarion_rusak/src/install/husarion_ugv_utils:/home/nfl/husarion_rusak/src/install/husarion_ugv_msgs:/home/nfl/husarion_rusak/src/install/btcpp_ros2_interfaces:${AMENT_PREFIX_PATH} CMAKE_PREFIX_PATH=/home/nfl/husarion_rusak/src/install/behaviortree_ros2:/home/nfl/husarion_rusak/src/install/husarion_ugv_utils:/home/nfl/husarion_rusak/src/install/husarion_ugv_msgs:/home/nfl/husarion_rusak/src/install/btcpp_ros2_interfaces:/opt/ros/jazzy/opt/gz_sim_vendor:/opt/ros/jazzy/opt/gz_sensors_vendor:/opt/ros/jazzy/opt/gz_physics_vendor:/opt/ros/jazzy/opt/sdformat_vendor:/opt/ros/jazzy/opt/gz_gui_vendor:/opt/ros/jazzy/opt/gz_transport_vendor:/opt/ros/jazzy/opt/gz_rendering_vendor:/opt/ros/jazzy/opt/gz_plugin_vendor:/opt/ros/jazzy/opt/gz_fuel_tools_vendor:/opt/ros/jazzy/opt/gz_msgs_vendor:/opt/ros/jazzy/opt/gz_common_vendor:/opt/ros/jazzy/opt/gz_math_vendor:/opt/ros/jazzy/opt/gz_utils_vendor:/opt/ros/jazzy/opt/gz_tools_vendor:/opt/ros/jazzy/opt/gz_ogre_next_vendor:/opt/ros/jazzy/opt/gz_dartsim_vendor:/opt/ros/jazzy/opt/gz_cmake_vendor:/opt/ros/jazzy DEBUGINFOD_URLS=https://debuginfod.ubuntu.com LD_LIBRARY_PATH=/home/nfl/husarion_rusak/src/install/behaviortree_ros2/lib:/home/nfl/husarion_rusak/src/install/husarion_ugv_msgs/lib:/home/nfl/husarion_rusak/src/install/btcpp_ros2_interfaces/lib:/opt/ros/jazzy/opt/gz_sim_vendor/lib:/opt/ros/jazzy/opt/gz_sensors_vendor/lib:/opt/ros/jazzy/opt/gz_physics_vendor/lib:/opt/ros/jazzy/opt/sdformat_vendor/lib:/opt/ros/jazzy/opt/rviz_ogre_vendor/lib:/opt/ros/jazzy/lib/x86_64-linux-gnu:/opt/ros/jazzy/opt/libphidget22/lib:/opt/ros/jazzy/opt/gz_gui_vendor/lib:/opt/ros/jazzy/opt/gz_transport_vendor/lib:/opt/ros/jazzy/opt/gz_rendering_vendor/lib:/opt/ros/jazzy/opt/gz_plugin_vendor/lib:/opt/ros/jazzy/opt/gz_fuel_tools_vendor/lib:/opt/ros/jazzy/opt/gz_msgs_vendor/lib:/opt/ros/jazzy/opt/gz_common_vendor/lib:/opt/ros/jazzy/opt/gz_math_vendor/lib:/opt/ros/jazzy/opt/gz_utils_vendor/lib:/opt/ros/jazzy/opt/gz_tools_vendor/lib:/opt/ros/jazzy/opt/gz_ogre_next_vendor/lib:/opt/ros/jazzy/opt/gz_dartsim_vendor/lib:/opt/ros/jazzy/opt/gz_cmake_vendor/lib:/opt/ros/jazzy/lib:/usr/local/lib PYTHONPATH=/home/nfl/husarion_rusak/src/install/husarion_ugv_utils/lib/python3.12/site-packages:/home/nfl/husarion_rusak/src/install/husarion_ugv_msgs/lib/python3.12/site-packages:/home/nfl/husarion_rusak/src/install/btcpp_ros2_interfaces/lib/python3.12/site-packages:${PYTHONPATH} /usr/bin/cmake /home/nfl/husarion_rusak/src/husarion_ugv_ros/husarion_ugv_manager -DCMAKE_BUILD_TYPE=Release -DBUILD_TESTING=OFF -DAMENT_CMAKE_SYMLINK_INSTALL=1 -DCMAKE_INSTALL_PREFIX=/home/nfl/husarion_rusak/src/install/husarion_ugv_manager
[0.065s] -- The C compiler identification is GNU 13.3.0
[0.111s] -- The CXX compiler identification is GNU 13.3.0
[0.126s] -- Detecting C compiler ABI info
[0.215s] -- Detecting C compiler ABI info - done
[0.227s] -- Check for working C compiler: /usr/bin/cc - skipped
[0.227s] -- Detecting C compile features
[0.228s] -- Detecting C compile features - done
[0.238s] -- Detecting CXX compiler ABI info
[0.347s] -- Detecting CXX compiler ABI info - done
[0.359s] -- Check for working CXX compiler: /usr/bin/c++ - skipped
[0.359s] -- Detecting CXX compile features
[0.360s] -- Detecting CXX compile features - done
[0.365s] -- Found ament_cmake: 2.5.4 (/opt/ros/jazzy/share/ament_cmake/cmake)
[0.554s] -- Found Python3: /usr/bin/python3 (found version "3.12.3") found components: Interpreter 
[0.646s] -- Override CMake install command with custom implementation using symlinks instead of copying resources
[0.706s] -- Found ament_index_cpp: 1.8.1 (/opt/ros/jazzy/share/ament_index_cpp/cmake)
[0.710s] -- Found behaviortree_cpp: 4.7.1 (/opt/ros/jazzy/share/behaviortree_cpp/cmake)
[0.714s] -- Found behaviortree_ros2: 0.2.0 (/home/nfl/husarion_rusak/src/install/behaviortree_ros2/share/behaviortree_ros2/cmake)
[0.799s] -- Found rosidl_generator_c: 4.6.5 (/opt/ros/jazzy/share/rosidl_generator_c/cmake)
[0.821s] -- Found rosidl_generator_cpp: 4.6.5 (/opt/ros/jazzy/share/rosidl_generator_cpp/cmake)
[0.846s] -- Using all available rosidl_typesupport_c: rosidl_typesupport_fastrtps_c;rosidl_typesupport_introspection_c
[0.874s] -- Using all available rosidl_typesupport_cpp: rosidl_typesupport_fastrtps_cpp;rosidl_typesupport_introspection_cpp
[0.995s] -- Found rmw_implementation_cmake: 7.3.2 (/opt/ros/jazzy/share/rmw_implementation_cmake/cmake)
[1.000s] -- Found rmw_fastrtps_cpp: 8.4.2 (/opt/ros/jazzy/share/rmw_fastrtps_cpp/cmake)
[1.100s] -- Found OpenSSL: /usr/lib/x86_64-linux-gnu/libcrypto.so (found version "3.0.13")  
[1.129s] -- Found FastRTPS: /opt/ros/jazzy/include (Required is at least version "2.13") 
[1.157s] -- Using RMW implementation 'rmw_fastrtps_cpp' as default
[1.427s] -- Found geometry_msgs: 5.3.6 (/opt/ros/jazzy/share/geometry_msgs/cmake)
[1.453s] -- Found husarion_ugv_msgs: 2.3.0 (/home/nfl/husarion_rusak/src/install/husarion_ugv_msgs/share/husarion_ugv_msgs/cmake)
[1.471s] -- Found husarion_ugv_utils: 2.3.0 (/home/nfl/husarion_rusak/src/install/husarion_ugv_utils/share/husarion_ugv_utils/cmake)
[1.620s] -- Found sensor_msgs: 5.3.6 (/opt/ros/jazzy/share/sensor_msgs/cmake)
[1.651s] -- Found std_srvs: 5.3.6 (/opt/ros/jazzy/share/std_srvs/cmake)
[1.666s] -- Found tf2_geometry_msgs: 0.36.11 (/opt/ros/jazzy/share/tf2_geometry_msgs/cmake)
[1.679s] -- Found eigen3_cmake_module: 0.3.0 (/opt/ros/jazzy/share/eigen3_cmake_module/cmake)
[1.680s] -- Found Eigen3: TRUE (found version "3.4.0") 
[1.680s] -- Ensuring Eigen3 include directory is part of orocos-kdl CMake target
[1.915s] -- Configuring done (1.9s)
[2.049s] -- Generating done (0.1s)
[2.068s] -- Build files have been written to: /home/nfl/husarion_rusak/src/build/husarion_ugv_manager
[2.081s] Invoked command in '/home/nfl/husarion_rusak/src/build/husarion_ugv_manager' returned '0': AMENT_PREFIX_PATH=/home/nfl/husarion_rusak/src/install/behaviortree_ros2:/home/nfl/husarion_rusak/src/install/husarion_ugv_utils:/home/nfl/husarion_rusak/src/install/husarion_ugv_msgs:/home/nfl/husarion_rusak/src/install/btcpp_ros2_interfaces:${AMENT_PREFIX_PATH} CMAKE_PREFIX_PATH=/home/nfl/husarion_rusak/src/install/behaviortree_ros2:/home/nfl/husarion_rusak/src/install/husarion_ugv_utils:/home/nfl/husarion_rusak/src/install/husarion_ugv_msgs:/home/nfl/husarion_rusak/src/install/btcpp_ros2_interfaces:/opt/ros/jazzy/opt/gz_sim_vendor:/opt/ros/jazzy/opt/gz_sensors_vendor:/opt/ros/jazzy/opt/gz_physics_vendor:/opt/ros/jazzy/opt/sdformat_vendor:/opt/ros/jazzy/opt/gz_gui_vendor:/opt/ros/jazzy/opt/gz_transport_vendor:/opt/ros/jazzy/opt/gz_rendering_vendor:/opt/ros/jazzy/opt/gz_plugin_vendor:/opt/ros/jazzy/opt/gz_fuel_tools_vendor:/opt/ros/jazzy/opt/gz_msgs_vendor:/opt/ros/jazzy/opt/gz_common_vendor:/opt/ros/jazzy/opt/gz_math_vendor:/opt/ros/jazzy/opt/gz_utils_vendor:/opt/ros/jazzy/opt/gz_tools_vendor:/opt/ros/jazzy/opt/gz_ogre_next_vendor:/opt/ros/jazzy/opt/gz_dartsim_vendor:/opt/ros/jazzy/opt/gz_cmake_vendor:/opt/ros/jazzy DEBUGINFOD_URLS=https://debuginfod.ubuntu.com LD_LIBRARY_PATH=/home/nfl/husarion_rusak/src/install/behaviortree_ros2/lib:/home/nfl/husarion_rusak/src/install/husarion_ugv_msgs/lib:/home/nfl/husarion_rusak/src/install/btcpp_ros2_interfaces/lib:/opt/ros/jazzy/opt/gz_sim_vendor/lib:/opt/ros/jazzy/opt/gz_sensors_vendor/lib:/opt/ros/jazzy/opt/gz_physics_vendor/lib:/opt/ros/jazzy/opt/sdformat_vendor/lib:/opt/ros/jazzy/opt/rviz_ogre_vendor/lib:/opt/ros/jazzy/lib/x86_64-linux-gnu:/opt/ros/jazzy/opt/libphidget22/lib:/opt/ros/jazzy/opt/gz_gui_vendor/lib:/opt/ros/jazzy/opt/gz_transport_vendor/lib:/opt/ros/jazzy/opt/gz_rendering_vendor/lib:/opt/ros/jazzy/opt/gz_plugin_vendor/lib:/opt/ros/jazzy/opt/gz_fuel_tools_vendor/lib:/opt/ros/jazzy/opt/gz_msgs_vendor/lib:/opt/ros/jazzy/opt/gz_common_vendor/lib:/opt/ros/jazzy/opt/gz_math_vendor/lib:/opt/ros/jazzy/opt/gz_utils_vendor/lib:/opt/ros/jazzy/opt/gz_tools_vendor/lib:/opt/ros/jazzy/opt/gz_ogre_next_vendor/lib:/opt/ros/jazzy/opt/gz_dartsim_vendor/lib:/opt/ros/jazzy/opt/gz_cmake_vendor/lib:/opt/ros/jazzy/lib:/usr/local/lib PYTHONPATH=/home/nfl/husarion_rusak/src/install/husarion_ugv_utils/lib/python3.12/site-packages:/home/nfl/husarion_rusak/src/install/husarion_ugv_msgs/lib/python3.12/site-packages:/home/nfl/husarion_rusak/src/install/btcpp_ros2_interfaces/lib/python3.12/site-packages:${PYTHONPATH} /usr/bin/cmake /home/nfl/husarion_rusak/src/husarion_ugv_ros/husarion_ugv_manager -DCMAKE_BUILD_TYPE=Release -DBUILD_TESTING=OFF -DAMENT_CMAKE_SYMLINK_INSTALL=1 -DCMAKE_INSTALL_PREFIX=/home/nfl/husarion_rusak/src/install/husarion_ugv_manager
[2.082s] Invoking command in '/home/nfl/husarion_rusak/src/build/husarion_ugv_manager': AMENT_PREFIX_PATH=/home/nfl/husarion_rusak/src/install/behaviortree_ros2:/home/nfl/husarion_rusak/src/install/husarion_ugv_utils:/home/nfl/husarion_rusak/src/install/husarion_ugv_msgs:/home/nfl/husarion_rusak/src/install/btcpp_ros2_interfaces:${AMENT_PREFIX_PATH} CMAKE_PREFIX_PATH=/home/nfl/husarion_rusak/src/install/behaviortree_ros2:/home/nfl/husarion_rusak/src/install/husarion_ugv_utils:/home/nfl/husarion_rusak/src/install/husarion_ugv_msgs:/home/nfl/husarion_rusak/src/install/btcpp_ros2_interfaces:/opt/ros/jazzy/opt/gz_sim_vendor:/opt/ros/jazzy/opt/gz_sensors_vendor:/opt/ros/jazzy/opt/gz_physics_vendor:/opt/ros/jazzy/opt/sdformat_vendor:/opt/ros/jazzy/opt/gz_gui_vendor:/opt/ros/jazzy/opt/gz_transport_vendor:/opt/ros/jazzy/opt/gz_rendering_vendor:/opt/ros/jazzy/opt/gz_plugin_vendor:/opt/ros/jazzy/opt/gz_fuel_tools_vendor:/opt/ros/jazzy/opt/gz_msgs_vendor:/opt/ros/jazzy/opt/gz_common_vendor:/opt/ros/jazzy/opt/gz_math_vendor:/opt/ros/jazzy/opt/gz_utils_vendor:/opt/ros/jazzy/opt/gz_tools_vendor:/opt/ros/jazzy/opt/gz_ogre_next_vendor:/opt/ros/jazzy/opt/gz_dartsim_vendor:/opt/ros/jazzy/opt/gz_cmake_vendor:/opt/ros/jazzy DEBUGINFOD_URLS=https://debuginfod.ubuntu.com LD_LIBRARY_PATH=/home/nfl/husarion_rusak/src/install/behaviortree_ros2/lib:/home/nfl/husarion_rusak/src/install/husarion_ugv_msgs/lib:/home/nfl/husarion_rusak/src/install/btcpp_ros2_interfaces/lib:/opt/ros/jazzy/opt/gz_sim_vendor/lib:/opt/ros/jazzy/opt/gz_sensors_vendor/lib:/opt/ros/jazzy/opt/gz_physics_vendor/lib:/opt/ros/jazzy/opt/sdformat_vendor/lib:/opt/ros/jazzy/opt/rviz_ogre_vendor/lib:/opt/ros/jazzy/lib/x86_64-linux-gnu:/opt/ros/jazzy/opt/libphidget22/lib:/opt/ros/jazzy/opt/gz_gui_vendor/lib:/opt/ros/jazzy/opt/gz_transport_vendor/lib:/opt/ros/jazzy/opt/gz_rendering_vendor/lib:/opt/ros/jazzy/opt/gz_plugin_vendor/lib:/opt/ros/jazzy/opt/gz_fuel_tools_vendor/lib:/opt/ros/jazzy/opt/gz_msgs_vendor/lib:/opt/ros/jazzy/opt/gz_common_vendor/lib:/opt/ros/jazzy/opt/gz_math_vendor/lib:/opt/ros/jazzy/opt/gz_utils_vendor/lib:/opt/ros/jazzy/opt/gz_tools_vendor/lib:/opt/ros/jazzy/opt/gz_ogre_next_vendor/lib:/opt/ros/jazzy/opt/gz_dartsim_vendor/lib:/opt/ros/jazzy/opt/gz_cmake_vendor/lib:/opt/ros/jazzy/lib:/usr/local/lib PYTHONPATH=/home/nfl/husarion_rusak/src/install/husarion_ugv_utils/lib/python3.12/site-packages:/home/nfl/husarion_rusak/src/install/husarion_ugv_msgs/lib/python3.12/site-packages:/home/nfl/husarion_rusak/src/install/btcpp_ros2_interfaces/lib/python3.12/site-packages:${PYTHONPATH} /usr/bin/cmake --build /home/nfl/husarion_rusak/src/build/husarion_ugv_manager -- -j16 -l16
[2.142s] [ 10%] [32mBuilding CXX object CMakeFiles/shutdown_hosts_from_file_bt_node.dir/src/plugins/action/shutdown_hosts_from_file_node.cpp.o[0m
[2.142s] [ 14%] [32mBuilding CXX object CMakeFiles/call_set_bool_service_bt_node.dir/src/plugins/action/call_set_bool_service_node.cpp.o[0m
[2.142s] [ 14%] [32mBuilding CXX object CMakeFiles/tick_after_timeout_bt_node.dir/src/plugins/decorator/tick_after_timeout_node.cpp.o[0m
[2.142s] [ 21%] [32mBuilding CXX object CMakeFiles/call_set_led_animation_service_bt_node.dir/src/plugins/action/call_set_led_animation_service_node.cpp.o[0m
[2.142s] [ 21%] [34m[1mRunning `/opt/ros/jazzy/bin/generate_parameter_library_cpp /home/nfl/husarion_rusak/src/build/husarion_ugv_manager/include/husarion_ugv_manager/lights_manager_parameters.hpp /home/nfl/husarion_rusak/src/husarion_ugv_ros/husarion_ugv_manager/src/lights_manager_parameters.yaml `[0m
[2.143s] [ 32%] [32mBuilding CXX object CMakeFiles/execute_command_bt_node.dir/src/plugins/action/execute_command_node.cpp.o[0m
[2.143s] [ 32%] [32mBuilding CXX object CMakeFiles/check_bool_msg_bt_node.dir/src/plugins/condition/check_bool_msg.cpp.o[0m
[2.143s] [ 32%] [32mBuilding CXX object CMakeFiles/call_trigger_service_bt_node.dir/src/plugins/action/call_trigger_service_node.cpp.o[0m
[2.143s] [ 10%] [32mBuilding CXX object CMakeFiles/check_joy_msg_bt_node.dir/src/plugins/condition/check_joy_msg.cpp.o[0m
[2.143s] [ 35%] [34m[1mRunning `/opt/ros/jazzy/bin/generate_parameter_library_cpp /home/nfl/husarion_rusak/src/build/husarion_ugv_manager/include/husarion_ugv_manager/safety_manager_parameters.hpp /home/nfl/husarion_rusak/src/husarion_ugv_ros/husarion_ugv_manager/src/safety_manager_parameters.yaml `[0m
[2.146s] [ 39%] [32mBuilding CXX object CMakeFiles/signal_shutdown_bt_node.dir/src/plugins/action/signal_shutdown_node.cpp.o[0m
[3.207s] [ 42%] [34m[1mCreating deprecated header file /home/nfl/husarion_rusak/src/build/husarion_ugv_manager/include/lights_manager_parameters.hpp[0m
[3.271s] [ 42%] Built target lights_manager_parameters
[3.385s] [ 46%] [34m[1mCreating deprecated header file /home/nfl/husarion_rusak/src/build/husarion_ugv_manager/include/safety_manager_parameters.hpp[0m
[3.450s] [ 46%] Built target safety_manager_parameters
[6.360s] [ 50%] [32m[1mLinking CXX shared library libsignal_shutdown_bt_node.so[0m
[6.555s] [ 50%] Built target signal_shutdown_bt_node
[7.059s] [ 53%] [32m[1mLinking CXX shared library libtick_after_timeout_bt_node.so[0m
[7.225s] [ 53%] Built target tick_after_timeout_bt_node
[8.357s] [ 57%] [32m[1mLinking CXX shared library libexecute_command_bt_node.so[0m
[8.480s] [ 57%] Built target execute_command_bt_node
[9.128s] [ 60%] [32m[1mLinking CXX shared library libshutdown_hosts_from_file_bt_node.so[0m
[9.424s] [ 60%] Built target shutdown_hosts_from_file_bt_node
[9.487s] [ 64%] [32m[1mLinking CXX shared library libcall_set_bool_service_bt_node.so[0m
[9.614s] [ 64%] Built target call_set_bool_service_bt_node
[9.756s] [ 67%] [32m[1mLinking CXX shared library libcall_trigger_service_bt_node.so[0m
[9.887s] [ 67%] Built target call_trigger_service_bt_node
[9.950s] [ 71%] [32m[1mLinking CXX shared library libcall_set_led_animation_service_bt_node.so[0m
[10.079s] [ 71%] Built target call_set_led_animation_service_bt_node
[14.907s] [ 75%] [32m[1mLinking CXX shared library libcheck_bool_msg_bt_node.so[0m
[15.048s] [ 75%] Built target check_bool_msg_bt_node
[15.346s] [ 78%] [32m[1mLinking CXX shared library libcheck_joy_msg_bt_node.so[0m
[15.492s] [ 78%] Built target check_joy_msg_bt_node
[15.510s] [ 89%] [32mBuilding CXX object CMakeFiles/safety_manager_node.dir/src/safety_manager_node_main.cpp.o[0m
[15.510s] [ 89%] [32mBuilding CXX object CMakeFiles/lights_manager_node.dir/src/lights_manager_node_main.cpp.o[0m
[15.510s] [ 89%] [32mBuilding CXX object CMakeFiles/safety_manager_node.dir/src/safety_manager_node.cpp.o[0m
[15.510s] [ 92%] [32mBuilding CXX object CMakeFiles/lights_manager_node.dir/src/lights_manager_node.cpp.o[0m
[30.908s] [ 96%] [32m[1mLinking CXX executable lights_manager_node[0m
[31.139s] [ 96%] Built target lights_manager_node
[35.662s] [100%] [32m[1mLinking CXX executable safety_manager_node[0m
[35.906s] [100%] Built target safety_manager_node
[35.917s] Invoked command in '/home/nfl/husarion_rusak/src/build/husarion_ugv_manager' returned '0': AMENT_PREFIX_PATH=/home/nfl/husarion_rusak/src/install/behaviortree_ros2:/home/nfl/husarion_rusak/src/install/husarion_ugv_utils:/home/nfl/husarion_rusak/src/install/husarion_ugv_msgs:/home/nfl/husarion_rusak/src/install/btcpp_ros2_interfaces:${AMENT_PREFIX_PATH} CMAKE_PREFIX_PATH=/home/nfl/husarion_rusak/src/install/behaviortree_ros2:/home/nfl/husarion_rusak/src/install/husarion_ugv_utils:/home/nfl/husarion_rusak/src/install/husarion_ugv_msgs:/home/nfl/husarion_rusak/src/install/btcpp_ros2_interfaces:/opt/ros/jazzy/opt/gz_sim_vendor:/opt/ros/jazzy/opt/gz_sensors_vendor:/opt/ros/jazzy/opt/gz_physics_vendor:/opt/ros/jazzy/opt/sdformat_vendor:/opt/ros/jazzy/opt/gz_gui_vendor:/opt/ros/jazzy/opt/gz_transport_vendor:/opt/ros/jazzy/opt/gz_rendering_vendor:/opt/ros/jazzy/opt/gz_plugin_vendor:/opt/ros/jazzy/opt/gz_fuel_tools_vendor:/opt/ros/jazzy/opt/gz_msgs_vendor:/opt/ros/jazzy/opt/gz_common_vendor:/opt/ros/jazzy/opt/gz_math_vendor:/opt/ros/jazzy/opt/gz_utils_vendor:/opt/ros/jazzy/opt/gz_tools_vendor:/opt/ros/jazzy/opt/gz_ogre_next_vendor:/opt/ros/jazzy/opt/gz_dartsim_vendor:/opt/ros/jazzy/opt/gz_cmake_vendor:/opt/ros/jazzy DEBUGINFOD_URLS=https://debuginfod.ubuntu.com LD_LIBRARY_PATH=/home/nfl/husarion_rusak/src/install/behaviortree_ros2/lib:/home/nfl/husarion_rusak/src/install/husarion_ugv_msgs/lib:/home/nfl/husarion_rusak/src/install/btcpp_ros2_interfaces/lib:/opt/ros/jazzy/opt/gz_sim_vendor/lib:/opt/ros/jazzy/opt/gz_sensors_vendor/lib:/opt/ros/jazzy/opt/gz_physics_vendor/lib:/opt/ros/jazzy/opt/sdformat_vendor/lib:/opt/ros/jazzy/opt/rviz_ogre_vendor/lib:/opt/ros/jazzy/lib/x86_64-linux-gnu:/opt/ros/jazzy/opt/libphidget22/lib:/opt/ros/jazzy/opt/gz_gui_vendor/lib:/opt/ros/jazzy/opt/gz_transport_vendor/lib:/opt/ros/jazzy/opt/gz_rendering_vendor/lib:/opt/ros/jazzy/opt/gz_plugin_vendor/lib:/opt/ros/jazzy/opt/gz_fuel_tools_vendor/lib:/opt/ros/jazzy/opt/gz_msgs_vendor/lib:/opt/ros/jazzy/opt/gz_common_vendor/lib:/opt/ros/jazzy/opt/gz_math_vendor/lib:/opt/ros/jazzy/opt/gz_utils_vendor/lib:/opt/ros/jazzy/opt/gz_tools_vendor/lib:/opt/ros/jazzy/opt/gz_ogre_next_vendor/lib:/opt/ros/jazzy/opt/gz_dartsim_vendor/lib:/opt/ros/jazzy/opt/gz_cmake_vendor/lib:/opt/ros/jazzy/lib:/usr/local/lib PYTHONPATH=/home/nfl/husarion_rusak/src/install/husarion_ugv_utils/lib/python3.12/site-packages:/home/nfl/husarion_rusak/src/install/husarion_ugv_msgs/lib/python3.12/site-packages:/home/nfl/husarion_rusak/src/install/btcpp_ros2_interfaces/lib/python3.12/site-packages:${PYTHONPATH} /usr/bin/cmake --build /home/nfl/husarion_rusak/src/build/husarion_ugv_manager -- -j16 -l16
[35.919s] Invoking command in '/home/nfl/husarion_rusak/src/build/husarion_ugv_manager': AMENT_PREFIX_PATH=/home/nfl/husarion_rusak/src/install/behaviortree_ros2:/home/nfl/husarion_rusak/src/install/husarion_ugv_utils:/home/nfl/husarion_rusak/src/install/husarion_ugv_msgs:/home/nfl/husarion_rusak/src/install/btcpp_ros2_interfaces:${AMENT_PREFIX_PATH} CMAKE_PREFIX_PATH=/home/nfl/husarion_rusak/src/install/behaviortree_ros2:/home/nfl/husarion_rusak/src/install/husarion_ugv_utils:/home/nfl/husarion_rusak/src/install/husarion_ugv_msgs:/home/nfl/husarion_rusak/src/install/btcpp_ros2_interfaces:/opt/ros/jazzy/opt/gz_sim_vendor:/opt/ros/jazzy/opt/gz_sensors_vendor:/opt/ros/jazzy/opt/gz_physics_vendor:/opt/ros/jazzy/opt/sdformat_vendor:/opt/ros/jazzy/opt/gz_gui_vendor:/opt/ros/jazzy/opt/gz_transport_vendor:/opt/ros/jazzy/opt/gz_rendering_vendor:/opt/ros/jazzy/opt/gz_plugin_vendor:/opt/ros/jazzy/opt/gz_fuel_tools_vendor:/opt/ros/jazzy/opt/gz_msgs_vendor:/opt/ros/jazzy/opt/gz_common_vendor:/opt/ros/jazzy/opt/gz_math_vendor:/opt/ros/jazzy/opt/gz_utils_vendor:/opt/ros/jazzy/opt/gz_tools_vendor:/opt/ros/jazzy/opt/gz_ogre_next_vendor:/opt/ros/jazzy/opt/gz_dartsim_vendor:/opt/ros/jazzy/opt/gz_cmake_vendor:/opt/ros/jazzy DEBUGINFOD_URLS=https://debuginfod.ubuntu.com LD_LIBRARY_PATH=/home/nfl/husarion_rusak/src/install/behaviortree_ros2/lib:/home/nfl/husarion_rusak/src/install/husarion_ugv_msgs/lib:/home/nfl/husarion_rusak/src/install/btcpp_ros2_interfaces/lib:/opt/ros/jazzy/opt/gz_sim_vendor/lib:/opt/ros/jazzy/opt/gz_sensors_vendor/lib:/opt/ros/jazzy/opt/gz_physics_vendor/lib:/opt/ros/jazzy/opt/sdformat_vendor/lib:/opt/ros/jazzy/opt/rviz_ogre_vendor/lib:/opt/ros/jazzy/lib/x86_64-linux-gnu:/opt/ros/jazzy/opt/libphidget22/lib:/opt/ros/jazzy/opt/gz_gui_vendor/lib:/opt/ros/jazzy/opt/gz_transport_vendor/lib:/opt/ros/jazzy/opt/gz_rendering_vendor/lib:/opt/ros/jazzy/opt/gz_plugin_vendor/lib:/opt/ros/jazzy/opt/gz_fuel_tools_vendor/lib:/opt/ros/jazzy/opt/gz_msgs_vendor/lib:/opt/ros/jazzy/opt/gz_common_vendor/lib:/opt/ros/jazzy/opt/gz_math_vendor/lib:/opt/ros/jazzy/opt/gz_utils_vendor/lib:/opt/ros/jazzy/opt/gz_tools_vendor/lib:/opt/ros/jazzy/opt/gz_ogre_next_vendor/lib:/opt/ros/jazzy/opt/gz_dartsim_vendor/lib:/opt/ros/jazzy/opt/gz_cmake_vendor/lib:/opt/ros/jazzy/lib:/usr/local/lib PYTHONPATH=/home/nfl/husarion_rusak/src/install/husarion_ugv_utils/lib/python3.12/site-packages:/home/nfl/husarion_rusak/src/install/husarion_ugv_msgs/lib/python3.12/site-packages:/home/nfl/husarion_rusak/src/install/btcpp_ros2_interfaces/lib/python3.12/site-packages:${PYTHONPATH} /usr/bin/cmake --install /home/nfl/husarion_rusak/src/build/husarion_ugv_manager
[35.926s] -- Install configuration: "Release"
[35.926s] -- Execute custom install script
[35.927s] -- Symlinking: /home/nfl/husarion_rusak/src/install/husarion_ugv_manager/include/husarion_ugv_manager/lights_manager_parameters.hpp
[35.935s] -- Symlinking: /home/nfl/husarion_rusak/src/install/husarion_ugv_manager/include/husarion_ugv_manager/safety_manager_parameters.hpp
[35.944s] -- Up-to-date symlink: /home/nfl/husarion_rusak/src/install/husarion_ugv_manager/include/husarion_ugv_manager/lights_manager_parameters.hpp
[35.944s] -- Up-to-date symlink: /home/nfl/husarion_rusak/src/install/husarion_ugv_manager/include/husarion_ugv_manager/safety_manager_parameters.hpp
[35.944s] -- Symlinking: /home/nfl/husarion_rusak/src/install/husarion_ugv_manager/lib/libcall_set_bool_service_bt_node.so
[35.951s] -- Symlinking: /home/nfl/husarion_rusak/src/install/husarion_ugv_manager/lib/libcall_trigger_service_bt_node.so
[35.960s] -- Symlinking: /home/nfl/husarion_rusak/src/install/husarion_ugv_manager/lib/libcall_set_led_animation_service_bt_node.so
[35.968s] -- Symlinking: /home/nfl/husarion_rusak/src/install/husarion_ugv_manager/lib/libsignal_shutdown_bt_node.so
[35.976s] -- Symlinking: /home/nfl/husarion_rusak/src/install/husarion_ugv_manager/lib/libshutdown_hosts_from_file_bt_node.so
[35.984s] -- Symlinking: /home/nfl/husarion_rusak/src/install/husarion_ugv_manager/lib/libcheck_bool_msg_bt_node.so
[35.991s] -- Symlinking: /home/nfl/husarion_rusak/src/install/husarion_ugv_manager/lib/libcheck_joy_msg_bt_node.so
[35.999s] -- Symlinking: /home/nfl/husarion_rusak/src/install/husarion_ugv_manager/lib/libtick_after_timeout_bt_node.so
[36.007s] -- Symlinking: /home/nfl/husarion_rusak/src/install/husarion_ugv_manager/lib/libexecute_command_bt_node.so
[36.016s] -- Symlinking: /home/nfl/husarion_rusak/src/install/husarion_ugv_manager/lib/husarion_ugv_manager/safety_manager_node
[36.025s] -- Symlinking: /home/nfl/husarion_rusak/src/install/husarion_ugv_manager/lib/husarion_ugv_manager/lights_manager_node
[36.034s] -- Symlinking: /home/nfl/husarion_rusak/src/install/husarion_ugv_manager/share/husarion_ugv_manager/behavior_trees/LightsBT.btproj
[36.042s] -- Symlinking: /home/nfl/husarion_rusak/src/install/husarion_ugv_manager/share/husarion_ugv_manager/behavior_trees/SafetyBT.btproj
[36.049s] -- Symlinking: /home/nfl/husarion_rusak/src/install/husarion_ugv_manager/share/husarion_ugv_manager/behavior_trees/lights.xml
[36.057s] -- Symlinking: /home/nfl/husarion_rusak/src/install/husarion_ugv_manager/share/husarion_ugv_manager/behavior_trees/safety.xml
[36.064s] -- Symlinking: /home/nfl/husarion_rusak/src/install/husarion_ugv_manager/share/husarion_ugv_manager/behavior_trees/shutdown.xml
[36.073s] -- Symlinking: /home/nfl/husarion_rusak/src/install/husarion_ugv_manager/share/husarion_ugv_manager/config/lights_manager.yaml
[36.081s] -- Symlinking: /home/nfl/husarion_rusak/src/install/husarion_ugv_manager/share/husarion_ugv_manager/config/safety_manager.yaml
[36.090s] -- Symlinking: /home/nfl/husarion_rusak/src/install/husarion_ugv_manager/share/husarion_ugv_manager/config/shutdown_hosts.yaml
[36.099s] -- Symlinking: /home/nfl/husarion_rusak/src/install/husarion_ugv_manager/share/husarion_ugv_manager/launch/manager.launch.py
[36.107s] -- Symlinking: /home/nfl/husarion_rusak/src/install/husarion_ugv_manager/include/husarion_ugv_manager/husarion_ugv_manager/behavior_tree_manager.hpp
[36.116s] -- Symlinking: /home/nfl/husarion_rusak/src/install/husarion_ugv_manager/include/husarion_ugv_manager/husarion_ugv_manager/behavior_tree_utils.hpp
[36.124s] -- Symlinking: /home/nfl/husarion_rusak/src/install/husarion_ugv_manager/include/husarion_ugv_manager/husarion_ugv_manager/lights_manager_node.hpp
[36.132s] -- Symlinking: /home/nfl/husarion_rusak/src/install/husarion_ugv_manager/include/husarion_ugv_manager/husarion_ugv_manager/plugins/action/call_set_bool_service_node.hpp
[36.140s] -- Symlinking: /home/nfl/husarion_rusak/src/install/husarion_ugv_manager/include/husarion_ugv_manager/husarion_ugv_manager/plugins/action/call_set_led_animation_service_node.hpp
[36.148s] -- Symlinking: /home/nfl/husarion_rusak/src/install/husarion_ugv_manager/include/husarion_ugv_manager/husarion_ugv_manager/plugins/action/call_trigger_service_node.hpp
[36.156s] -- Symlinking: /home/nfl/husarion_rusak/src/install/husarion_ugv_manager/include/husarion_ugv_manager/husarion_ugv_manager/plugins/action/execute_command_node.hpp
[36.163s] -- Symlinking: /home/nfl/husarion_rusak/src/install/husarion_ugv_manager/include/husarion_ugv_manager/husarion_ugv_manager/plugins/action/shutdown_hosts_from_file_node.hpp
[36.169s] -- Symlinking: /home/nfl/husarion_rusak/src/install/husarion_ugv_manager/include/husarion_ugv_manager/husarion_ugv_manager/plugins/action/signal_shutdown_node.hpp
[36.177s] -- Symlinking: /home/nfl/husarion_rusak/src/install/husarion_ugv_manager/include/husarion_ugv_manager/husarion_ugv_manager/plugins/command_handler.hpp
[36.186s] -- Symlinking: /home/nfl/husarion_rusak/src/install/husarion_ugv_manager/include/husarion_ugv_manager/husarion_ugv_manager/plugins/condition/check_bool_msg.hpp
[36.194s] -- Symlinking: /home/nfl/husarion_rusak/src/install/husarion_ugv_manager/include/husarion_ugv_manager/husarion_ugv_manager/plugins/condition/check_joy_msg.hpp
[36.202s] -- Symlinking: /home/nfl/husarion_rusak/src/install/husarion_ugv_manager/include/husarion_ugv_manager/husarion_ugv_manager/plugins/decorator/tick_after_timeout_node.hpp
[36.211s] -- Symlinking: /home/nfl/husarion_rusak/src/install/husarion_ugv_manager/include/husarion_ugv_manager/husarion_ugv_manager/plugins/shutdown_host.hpp
[36.218s] -- Symlinking: /home/nfl/husarion_rusak/src/install/husarion_ugv_manager/include/husarion_ugv_manager/husarion_ugv_manager/plugins/shutdown_hosts_node.hpp
[36.227s] -- Symlinking: /home/nfl/husarion_rusak/src/install/husarion_ugv_manager/include/husarion_ugv_manager/husarion_ugv_manager/safety_manager_node.hpp
[36.235s] -- Symlinking: /home/nfl/husarion_rusak/src/install/husarion_ugv_manager/include/husarion_ugv_manager/husarion_ugv_manager/test/utils/behavior_tree_test_utils.hpp
[36.244s] -- Symlinking: /home/nfl/husarion_rusak/src/install/husarion_ugv_manager/include/husarion_ugv_manager/husarion_ugv_manager/test/utils/plugin_test_utils.hpp
[36.252s] -- Symlinking: /home/nfl/husarion_rusak/src/install/husarion_ugv_manager/share/ament_index/resource_index/package_run_dependencies/husarion_ugv_manager
[36.261s] -- Symlinking: /home/nfl/husarion_rusak/src/install/husarion_ugv_manager/share/ament_index/resource_index/parent_prefix_path/husarion_ugv_manager
[36.270s] -- Symlinking: /home/nfl/husarion_rusak/src/install/husarion_ugv_manager/share/husarion_ugv_manager/environment/ament_prefix_path.sh
[36.279s] -- Symlinking: /home/nfl/husarion_rusak/src/install/husarion_ugv_manager/share/husarion_ugv_manager/environment/ament_prefix_path.dsv
[36.287s] -- Symlinking: /home/nfl/husarion_rusak/src/install/husarion_ugv_manager/share/husarion_ugv_manager/environment/path.sh
[36.296s] -- Symlinking: /home/nfl/husarion_rusak/src/install/husarion_ugv_manager/share/husarion_ugv_manager/environment/path.dsv
[36.305s] -- Symlinking: /home/nfl/husarion_rusak/src/install/husarion_ugv_manager/share/husarion_ugv_manager/local_setup.bash
[36.313s] -- Symlinking: /home/nfl/husarion_rusak/src/install/husarion_ugv_manager/share/husarion_ugv_manager/local_setup.sh
[36.321s] -- Symlinking: /home/nfl/husarion_rusak/src/install/husarion_ugv_manager/share/husarion_ugv_manager/local_setup.zsh
[36.330s] -- Symlinking: /home/nfl/husarion_rusak/src/install/husarion_ugv_manager/share/husarion_ugv_manager/local_setup.dsv
[36.338s] -- Symlinking: /home/nfl/husarion_rusak/src/install/husarion_ugv_manager/share/husarion_ugv_manager/package.dsv
[36.345s] -- Symlinking: /home/nfl/husarion_rusak/src/install/husarion_ugv_manager/share/ament_index/resource_index/packages/husarion_ugv_manager
[36.353s] -- Symlinking: /home/nfl/husarion_rusak/src/install/husarion_ugv_manager/share/husarion_ugv_manager/cmake/ament_cmake_export_dependencies-extras.cmake
[36.363s] -- Symlinking: /home/nfl/husarion_rusak/src/install/husarion_ugv_manager/share/husarion_ugv_manager/cmake/ament_cmake_export_include_directories-extras.cmake
[36.371s] -- Symlinking: /home/nfl/husarion_rusak/src/install/husarion_ugv_manager/share/husarion_ugv_manager/cmake/husarion_ugv_managerConfig.cmake
[36.380s] -- Symlinking: /home/nfl/husarion_rusak/src/install/husarion_ugv_manager/share/husarion_ugv_manager/cmake/husarion_ugv_managerConfig-version.cmake
[36.387s] -- Symlinking: /home/nfl/husarion_rusak/src/install/husarion_ugv_manager/share/husarion_ugv_manager/package.xml
[36.395s] Invoked command in '/home/nfl/husarion_rusak/src/build/husarion_ugv_manager' returned '0': AMENT_PREFIX_PATH=/home/nfl/husarion_rusak/src/install/behaviortree_ros2:/home/nfl/husarion_rusak/src/install/husarion_ugv_utils:/home/nfl/husarion_rusak/src/install/husarion_ugv_msgs:/home/nfl/husarion_rusak/src/install/btcpp_ros2_interfaces:${AMENT_PREFIX_PATH} CMAKE_PREFIX_PATH=/home/nfl/husarion_rusak/src/install/behaviortree_ros2:/home/nfl/husarion_rusak/src/install/husarion_ugv_utils:/home/nfl/husarion_rusak/src/install/husarion_ugv_msgs:/home/nfl/husarion_rusak/src/install/btcpp_ros2_interfaces:/opt/ros/jazzy/opt/gz_sim_vendor:/opt/ros/jazzy/opt/gz_sensors_vendor:/opt/ros/jazzy/opt/gz_physics_vendor:/opt/ros/jazzy/opt/sdformat_vendor:/opt/ros/jazzy/opt/gz_gui_vendor:/opt/ros/jazzy/opt/gz_transport_vendor:/opt/ros/jazzy/opt/gz_rendering_vendor:/opt/ros/jazzy/opt/gz_plugin_vendor:/opt/ros/jazzy/opt/gz_fuel_tools_vendor:/opt/ros/jazzy/opt/gz_msgs_vendor:/opt/ros/jazzy/opt/gz_common_vendor:/opt/ros/jazzy/opt/gz_math_vendor:/opt/ros/jazzy/opt/gz_utils_vendor:/opt/ros/jazzy/opt/gz_tools_vendor:/opt/ros/jazzy/opt/gz_ogre_next_vendor:/opt/ros/jazzy/opt/gz_dartsim_vendor:/opt/ros/jazzy/opt/gz_cmake_vendor:/opt/ros/jazzy DEBUGINFOD_URLS=https://debuginfod.ubuntu.com LD_LIBRARY_PATH=/home/nfl/husarion_rusak/src/install/behaviortree_ros2/lib:/home/nfl/husarion_rusak/src/install/husarion_ugv_msgs/lib:/home/nfl/husarion_rusak/src/install/btcpp_ros2_interfaces/lib:/opt/ros/jazzy/opt/gz_sim_vendor/lib:/opt/ros/jazzy/opt/gz_sensors_vendor/lib:/opt/ros/jazzy/opt/gz_physics_vendor/lib:/opt/ros/jazzy/opt/sdformat_vendor/lib:/opt/ros/jazzy/opt/rviz_ogre_vendor/lib:/opt/ros/jazzy/lib/x86_64-linux-gnu:/opt/ros/jazzy/opt/libphidget22/lib:/opt/ros/jazzy/opt/gz_gui_vendor/lib:/opt/ros/jazzy/opt/gz_transport_vendor/lib:/opt/ros/jazzy/opt/gz_rendering_vendor/lib:/opt/ros/jazzy/opt/gz_plugin_vendor/lib:/opt/ros/jazzy/opt/gz_fuel_tools_vendor/lib:/opt/ros/jazzy/opt/gz_msgs_vendor/lib:/opt/ros/jazzy/opt/gz_common_vendor/lib:/opt/ros/jazzy/opt/gz_math_vendor/lib:/opt/ros/jazzy/opt/gz_utils_vendor/lib:/opt/ros/jazzy/opt/gz_tools_vendor/lib:/opt/ros/jazzy/opt/gz_ogre_next_vendor/lib:/opt/ros/jazzy/opt/gz_dartsim_vendor/lib:/opt/ros/jazzy/opt/gz_cmake_vendor/lib:/opt/ros/jazzy/lib:/usr/local/lib PYTHONPATH=/home/nfl/husarion_rusak/src/install/husarion_ugv_utils/lib/python3.12/site-packages:/home/nfl/husarion_rusak/src/install/husarion_ugv_msgs/lib/python3.12/site-packages:/home/nfl/husarion_rusak/src/install/btcpp_ros2_interfaces/lib/python3.12/site-packages:${PYTHONPATH} /usr/bin/cmake --install /home/nfl/husarion_rusak/src/build/husarion_ugv_manager
