-- Install configuration: "Release"
-- Execute custom install script
-- Up-to-date symlink: /home/nfl/husarion_rusak/src/install/husarion_ugv_localization/share/husarion_ugv_localization/config/enu_localization.yaml
-- Up-to-date symlink: /home/nfl/husarion_rusak/src/install/husarion_ugv_localization/share/husarion_ugv_localization/config/enu_localization_with_gps.yaml
-- Up-to-date symlink: /home/nfl/husarion_rusak/src/install/husarion_ugv_localization/share/husarion_ugv_localization/config/nmea_navsat.yaml
-- Up-to-date symlink: /home/nfl/husarion_rusak/src/install/husarion_ugv_localization/share/husarion_ugv_localization/config/relative_localization.yaml
-- Up-to-date symlink: /home/nfl/husarion_rusak/src/install/husarion_ugv_localization/share/husarion_ugv_localization/config/relative_localization_with_gps.yaml
-- Up-to-date symlink: /home/nfl/husarion_rusak/src/install/husarion_ugv_localization/share/husarion_ugv_localization/launch/localization.launch.py
-- Up-to-date symlink: /home/nfl/husarion_rusak/src/install/husarion_ugv_localization/share/husarion_ugv_localization/launch/nmea_navsat.launch.py
-- Up-to-date symlink: /home/nfl/husarion_rusak/src/install/husarion_ugv_localization/share/ament_index/resource_index/package_run_dependencies/husarion_ugv_localization
-- Up-to-date symlink: /home/nfl/husarion_rusak/src/install/husarion_ugv_localization/share/ament_index/resource_index/parent_prefix_path/husarion_ugv_localization
-- Up-to-date symlink: /home/nfl/husarion_rusak/src/install/husarion_ugv_localization/share/husarion_ugv_localization/environment/ament_prefix_path.sh
-- Up-to-date symlink: /home/nfl/husarion_rusak/src/install/husarion_ugv_localization/share/husarion_ugv_localization/environment/ament_prefix_path.dsv
-- Up-to-date symlink: /home/nfl/husarion_rusak/src/install/husarion_ugv_localization/share/husarion_ugv_localization/environment/path.sh
-- Up-to-date symlink: /home/nfl/husarion_rusak/src/install/husarion_ugv_localization/share/husarion_ugv_localization/environment/path.dsv
-- Up-to-date symlink: /home/nfl/husarion_rusak/src/install/husarion_ugv_localization/share/husarion_ugv_localization/local_setup.bash
-- Up-to-date symlink: /home/nfl/husarion_rusak/src/install/husarion_ugv_localization/share/husarion_ugv_localization/local_setup.sh
-- Up-to-date symlink: /home/nfl/husarion_rusak/src/install/husarion_ugv_localization/share/husarion_ugv_localization/local_setup.zsh
-- Up-to-date symlink: /home/nfl/husarion_rusak/src/install/husarion_ugv_localization/share/husarion_ugv_localization/local_setup.dsv
-- Symlinking: /home/nfl/husarion_rusak/src/install/husarion_ugv_localization/share/husarion_ugv_localization/package.dsv
-- Up-to-date symlink: /home/nfl/husarion_rusak/src/install/husarion_ugv_localization/share/ament_index/resource_index/packages/husarion_ugv_localization
-- Up-to-date symlink: /home/nfl/husarion_rusak/src/install/husarion_ugv_localization/share/husarion_ugv_localization/cmake/husarion_ugv_localizationConfig.cmake
-- Up-to-date symlink: /home/nfl/husarion_rusak/src/install/husarion_ugv_localization/share/husarion_ugv_localization/cmake/husarion_ugv_localizationConfig-version.cmake
-- Up-to-date symlink: /home/nfl/husarion_rusak/src/install/husarion_ugv_localization/share/husarion_ugv_localization/package.xml
