[0.020s] Invoking command in '/home/nfl/husarion_rusak/src/build/btcpp_ros2_interfaces': CMAKE_PREFIX_PATH=${CMAKE_PREFIX_PATH}:/opt/ros/jazzy DEBUGINFOD_URLS=https://debuginfod.ubuntu.com /usr/bin/cmake --build /home/nfl/husarion_rusak/src/build/btcpp_ros2_interfaces -- -j16 -l16
[0.065s] [  1%] Built target btcpp_ros2_interfaces__rosidl_generator_type_description
[0.077s] [  1%] Built target ament_cmake_python_symlink_btcpp_ros2_interfaces
[0.085s] [  3%] Built target btcpp_ros2_interfaces__cpp
[0.090s] [ 24%] Built target btcpp_ros2_interfaces__rosidl_generator_c
[0.116s] [ 33%] Built target btcpp_ros2_interfaces__rosidl_typesupport_c
[0.118s] [ 42%] Built target btcpp_ros2_interfaces__rosidl_typesupport_introspection_cpp
[0.119s] [ 51%] Built target btcpp_ros2_interfaces__rosidl_typesupport_introspection_c
[0.128s] [ 61%] Built target btcpp_ros2_interfaces__rosidl_typesupport_cpp
[0.129s] [ 70%] Built target btcpp_ros2_interfaces__rosidl_typesupport_fastrtps_c
[0.129s] [ 79%] Built target btcpp_ros2_interfaces__rosidl_typesupport_fastrtps_cpp
[0.146s] [ 79%] Built target btcpp_ros2_interfaces
[0.162s] [ 81%] Built target btcpp_ros2_interfaces__py
[0.182s] [ 88%] Built target btcpp_ros2_interfaces__rosidl_generator_py
[0.201s] [ 94%] Built target btcpp_ros2_interfaces_s__rosidl_typesupport_introspection_c
[0.201s] [ 96%] Built target btcpp_ros2_interfaces_s__rosidl_typesupport_fastrtps_c
[0.208s] [100%] Built target btcpp_ros2_interfaces_s__rosidl_typesupport_c
[0.305s] running egg_info
[0.319s] writing btcpp_ros2_interfaces.egg-info/PKG-INFO
[0.319s] writing dependency_links to btcpp_ros2_interfaces.egg-info/dependency_links.txt
[0.319s] writing top-level names to btcpp_ros2_interfaces.egg-info/top_level.txt
[0.360s] reading manifest file 'btcpp_ros2_interfaces.egg-info/SOURCES.txt'
[0.360s] writing manifest file 'btcpp_ros2_interfaces.egg-info/SOURCES.txt'
[0.381s] [100%] Built target ament_cmake_python_build_btcpp_ros2_interfaces_egg
[0.392s] Invoked command in '/home/nfl/husarion_rusak/src/build/btcpp_ros2_interfaces' returned '0': CMAKE_PREFIX_PATH=${CMAKE_PREFIX_PATH}:/opt/ros/jazzy DEBUGINFOD_URLS=https://debuginfod.ubuntu.com /usr/bin/cmake --build /home/nfl/husarion_rusak/src/build/btcpp_ros2_interfaces -- -j16 -l16
[0.395s] Invoking command in '/home/nfl/husarion_rusak/src/build/btcpp_ros2_interfaces': CMAKE_PREFIX_PATH=${CMAKE_PREFIX_PATH}:/opt/ros/jazzy DEBUGINFOD_URLS=https://debuginfod.ubuntu.com /usr/bin/cmake --install /home/nfl/husarion_rusak/src/build/btcpp_ros2_interfaces
[0.403s] -- Install configuration: "Release"
[0.404s] -- Execute custom install script
[0.404s] -- Up-to-date symlink: /home/nfl/husarion_rusak/src/install/btcpp_ros2_interfaces/share/ament_index/resource_index/rosidl_interfaces/btcpp_ros2_interfaces
[0.404s] -- Up-to-date symlink: /home/nfl/husarion_rusak/src/install/btcpp_ros2_interfaces/share/btcpp_ros2_interfaces/msg/NodeStatus.json
[0.404s] -- Up-to-date symlink: /home/nfl/husarion_rusak/src/install/btcpp_ros2_interfaces/share/btcpp_ros2_interfaces/action/ExecuteTree.json
[0.404s] -- Up-to-date symlink: /home/nfl/husarion_rusak/src/install/btcpp_ros2_interfaces/share/btcpp_ros2_interfaces/action/Sleep.json
[0.405s] -- Up-to-date symlink: /home/nfl/husarion_rusak/src/install/btcpp_ros2_interfaces/include/btcpp_ros2_interfaces/btcpp_ros2_interfaces/action/detail/execute_tree__functions.h
[0.405s] -- Up-to-date symlink: /home/nfl/husarion_rusak/src/install/btcpp_ros2_interfaces/include/btcpp_ros2_interfaces/btcpp_ros2_interfaces/action/detail/execute_tree__struct.h
[0.405s] -- Up-to-date symlink: /home/nfl/husarion_rusak/src/install/btcpp_ros2_interfaces/include/btcpp_ros2_interfaces/btcpp_ros2_interfaces/action/detail/execute_tree__type_support.h
[0.405s] -- Up-to-date symlink: /home/nfl/husarion_rusak/src/install/btcpp_ros2_interfaces/include/btcpp_ros2_interfaces/btcpp_ros2_interfaces/action/detail/sleep__functions.h
[0.405s] -- Up-to-date symlink: /home/nfl/husarion_rusak/src/install/btcpp_ros2_interfaces/include/btcpp_ros2_interfaces/btcpp_ros2_interfaces/action/detail/sleep__struct.h
[0.406s] -- Up-to-date symlink: /home/nfl/husarion_rusak/src/install/btcpp_ros2_interfaces/include/btcpp_ros2_interfaces/btcpp_ros2_interfaces/action/detail/sleep__type_support.h
[0.406s] -- Up-to-date symlink: /home/nfl/husarion_rusak/src/install/btcpp_ros2_interfaces/include/btcpp_ros2_interfaces/btcpp_ros2_interfaces/action/execute_tree.h
[0.406s] -- Up-to-date symlink: /home/nfl/husarion_rusak/src/install/btcpp_ros2_interfaces/include/btcpp_ros2_interfaces/btcpp_ros2_interfaces/action/sleep.h
[0.406s] -- Up-to-date symlink: /home/nfl/husarion_rusak/src/install/btcpp_ros2_interfaces/include/btcpp_ros2_interfaces/btcpp_ros2_interfaces/msg/detail/node_status__functions.h
[0.406s] -- Up-to-date symlink: /home/nfl/husarion_rusak/src/install/btcpp_ros2_interfaces/include/btcpp_ros2_interfaces/btcpp_ros2_interfaces/msg/detail/node_status__struct.h
[0.406s] -- Up-to-date symlink: /home/nfl/husarion_rusak/src/install/btcpp_ros2_interfaces/include/btcpp_ros2_interfaces/btcpp_ros2_interfaces/msg/detail/node_status__type_support.h
[0.406s] -- Up-to-date symlink: /home/nfl/husarion_rusak/src/install/btcpp_ros2_interfaces/include/btcpp_ros2_interfaces/btcpp_ros2_interfaces/msg/node_status.h
[0.406s] -- Up-to-date symlink: /home/nfl/husarion_rusak/src/install/btcpp_ros2_interfaces/include/btcpp_ros2_interfaces/btcpp_ros2_interfaces/msg/rosidl_generator_c__visibility_control.h
[0.407s] -- Up-to-date symlink: /home/nfl/husarion_rusak/src/install/btcpp_ros2_interfaces/share/btcpp_ros2_interfaces/environment/library_path.sh
[0.407s] -- Up-to-date symlink: /home/nfl/husarion_rusak/src/install/btcpp_ros2_interfaces/share/btcpp_ros2_interfaces/environment/library_path.dsv
[0.408s] -- Up-to-date symlink: /home/nfl/husarion_rusak/src/install/btcpp_ros2_interfaces/include/btcpp_ros2_interfaces/btcpp_ros2_interfaces/action/detail/execute_tree__rosidl_typesupport_fastrtps_c.h
[0.408s] -- Up-to-date symlink: /home/nfl/husarion_rusak/src/install/btcpp_ros2_interfaces/include/btcpp_ros2_interfaces/btcpp_ros2_interfaces/action/detail/sleep__rosidl_typesupport_fastrtps_c.h
[0.408s] -- Up-to-date symlink: /home/nfl/husarion_rusak/src/install/btcpp_ros2_interfaces/include/btcpp_ros2_interfaces/btcpp_ros2_interfaces/msg/detail/node_status__rosidl_typesupport_fastrtps_c.h
[0.408s] -- Up-to-date symlink: /home/nfl/husarion_rusak/src/install/btcpp_ros2_interfaces/include/btcpp_ros2_interfaces/btcpp_ros2_interfaces/msg/rosidl_typesupport_fastrtps_c__visibility_control.h
[0.409s] -- Up-to-date symlink: /home/nfl/husarion_rusak/src/install/btcpp_ros2_interfaces/include/btcpp_ros2_interfaces/btcpp_ros2_interfaces/action/detail/execute_tree__rosidl_typesupport_introspection_c.h
[0.409s] -- Up-to-date symlink: /home/nfl/husarion_rusak/src/install/btcpp_ros2_interfaces/include/btcpp_ros2_interfaces/btcpp_ros2_interfaces/action/detail/sleep__rosidl_typesupport_introspection_c.h
[0.409s] -- Up-to-date symlink: /home/nfl/husarion_rusak/src/install/btcpp_ros2_interfaces/include/btcpp_ros2_interfaces/btcpp_ros2_interfaces/msg/detail/node_status__rosidl_typesupport_introspection_c.h
[0.409s] -- Up-to-date symlink: /home/nfl/husarion_rusak/src/install/btcpp_ros2_interfaces/include/btcpp_ros2_interfaces/btcpp_ros2_interfaces/msg/rosidl_typesupport_introspection_c__visibility_control.h
[0.410s] -- Up-to-date symlink: /home/nfl/husarion_rusak/src/install/btcpp_ros2_interfaces/include/btcpp_ros2_interfaces/btcpp_ros2_interfaces/action/detail/execute_tree__builder.hpp
[0.410s] -- Up-to-date symlink: /home/nfl/husarion_rusak/src/install/btcpp_ros2_interfaces/include/btcpp_ros2_interfaces/btcpp_ros2_interfaces/action/detail/execute_tree__struct.hpp
[0.410s] -- Up-to-date symlink: /home/nfl/husarion_rusak/src/install/btcpp_ros2_interfaces/include/btcpp_ros2_interfaces/btcpp_ros2_interfaces/action/detail/execute_tree__traits.hpp
[0.411s] -- Up-to-date symlink: /home/nfl/husarion_rusak/src/install/btcpp_ros2_interfaces/include/btcpp_ros2_interfaces/btcpp_ros2_interfaces/action/detail/execute_tree__type_support.hpp
[0.411s] -- Up-to-date symlink: /home/nfl/husarion_rusak/src/install/btcpp_ros2_interfaces/include/btcpp_ros2_interfaces/btcpp_ros2_interfaces/action/detail/sleep__builder.hpp
[0.411s] -- Up-to-date symlink: /home/nfl/husarion_rusak/src/install/btcpp_ros2_interfaces/include/btcpp_ros2_interfaces/btcpp_ros2_interfaces/action/detail/sleep__struct.hpp
[0.411s] -- Up-to-date symlink: /home/nfl/husarion_rusak/src/install/btcpp_ros2_interfaces/include/btcpp_ros2_interfaces/btcpp_ros2_interfaces/action/detail/sleep__traits.hpp
[0.411s] -- Up-to-date symlink: /home/nfl/husarion_rusak/src/install/btcpp_ros2_interfaces/include/btcpp_ros2_interfaces/btcpp_ros2_interfaces/action/detail/sleep__type_support.hpp
[0.412s] -- Up-to-date symlink: /home/nfl/husarion_rusak/src/install/btcpp_ros2_interfaces/include/btcpp_ros2_interfaces/btcpp_ros2_interfaces/action/execute_tree.hpp
[0.412s] -- Up-to-date symlink: /home/nfl/husarion_rusak/src/install/btcpp_ros2_interfaces/include/btcpp_ros2_interfaces/btcpp_ros2_interfaces/action/sleep.hpp
[0.413s] -- Up-to-date symlink: /home/nfl/husarion_rusak/src/install/btcpp_ros2_interfaces/include/btcpp_ros2_interfaces/btcpp_ros2_interfaces/msg/detail/node_status__builder.hpp
[0.413s] -- Up-to-date symlink: /home/nfl/husarion_rusak/src/install/btcpp_ros2_interfaces/include/btcpp_ros2_interfaces/btcpp_ros2_interfaces/msg/detail/node_status__struct.hpp
[0.413s] -- Up-to-date symlink: /home/nfl/husarion_rusak/src/install/btcpp_ros2_interfaces/include/btcpp_ros2_interfaces/btcpp_ros2_interfaces/msg/detail/node_status__traits.hpp
[0.413s] -- Up-to-date symlink: /home/nfl/husarion_rusak/src/install/btcpp_ros2_interfaces/include/btcpp_ros2_interfaces/btcpp_ros2_interfaces/msg/detail/node_status__type_support.hpp
[0.414s] -- Up-to-date symlink: /home/nfl/husarion_rusak/src/install/btcpp_ros2_interfaces/include/btcpp_ros2_interfaces/btcpp_ros2_interfaces/msg/node_status.hpp
[0.414s] -- Up-to-date symlink: /home/nfl/husarion_rusak/src/install/btcpp_ros2_interfaces/include/btcpp_ros2_interfaces/btcpp_ros2_interfaces/msg/rosidl_generator_cpp__visibility_control.hpp
[0.415s] -- Up-to-date symlink: /home/nfl/husarion_rusak/src/install/btcpp_ros2_interfaces/include/btcpp_ros2_interfaces/btcpp_ros2_interfaces/action/detail/execute_tree__rosidl_typesupport_fastrtps_cpp.hpp
[0.416s] -- Up-to-date symlink: /home/nfl/husarion_rusak/src/install/btcpp_ros2_interfaces/include/btcpp_ros2_interfaces/btcpp_ros2_interfaces/action/detail/sleep__rosidl_typesupport_fastrtps_cpp.hpp
[0.416s] -- Up-to-date symlink: /home/nfl/husarion_rusak/src/install/btcpp_ros2_interfaces/include/btcpp_ros2_interfaces/btcpp_ros2_interfaces/msg/detail/node_status__rosidl_typesupport_fastrtps_cpp.hpp
[0.417s] -- Up-to-date symlink: /home/nfl/husarion_rusak/src/install/btcpp_ros2_interfaces/include/btcpp_ros2_interfaces/btcpp_ros2_interfaces/msg/rosidl_typesupport_fastrtps_cpp__visibility_control.h
[0.417s] -- Up-to-date symlink: /home/nfl/husarion_rusak/src/install/btcpp_ros2_interfaces/include/btcpp_ros2_interfaces/btcpp_ros2_interfaces/action/detail/execute_tree__rosidl_typesupport_introspection_cpp.hpp
[0.417s] -- Up-to-date symlink: /home/nfl/husarion_rusak/src/install/btcpp_ros2_interfaces/include/btcpp_ros2_interfaces/btcpp_ros2_interfaces/action/detail/sleep__rosidl_typesupport_introspection_cpp.hpp
[0.417s] -- Up-to-date symlink: /home/nfl/husarion_rusak/src/install/btcpp_ros2_interfaces/include/btcpp_ros2_interfaces/btcpp_ros2_interfaces/msg/detail/node_status__rosidl_typesupport_introspection_cpp.hpp
[0.418s] -- Up-to-date symlink: /home/nfl/husarion_rusak/src/install/btcpp_ros2_interfaces/share/btcpp_ros2_interfaces/environment/pythonpath.sh
[0.418s] -- Up-to-date symlink: /home/nfl/husarion_rusak/src/install/btcpp_ros2_interfaces/share/btcpp_ros2_interfaces/environment/pythonpath.dsv
[0.418s] -- Up-to-date symlink: /home/nfl/husarion_rusak/src/install/btcpp_ros2_interfaces/lib/python3.12/site-packages/btcpp_ros2_interfaces-0.2.0-py3.12.egg-info/PKG-INFO
[0.418s] -- Up-to-date symlink: /home/nfl/husarion_rusak/src/install/btcpp_ros2_interfaces/lib/python3.12/site-packages/btcpp_ros2_interfaces-0.2.0-py3.12.egg-info/SOURCES.txt
[0.418s] -- Up-to-date symlink: /home/nfl/husarion_rusak/src/install/btcpp_ros2_interfaces/lib/python3.12/site-packages/btcpp_ros2_interfaces-0.2.0-py3.12.egg-info/dependency_links.txt
[0.419s] -- Up-to-date symlink: /home/nfl/husarion_rusak/src/install/btcpp_ros2_interfaces/lib/python3.12/site-packages/btcpp_ros2_interfaces-0.2.0-py3.12.egg-info/top_level.txt
[0.419s] -- Up-to-date symlink: /home/nfl/husarion_rusak/src/install/btcpp_ros2_interfaces/lib/python3.12/site-packages/btcpp_ros2_interfaces/__init__.py
[0.419s] -- Up-to-date symlink: /home/nfl/husarion_rusak/src/install/btcpp_ros2_interfaces/lib/python3.12/site-packages/btcpp_ros2_interfaces/_btcpp_ros2_interfaces_s.ep.rosidl_typesupport_c.c
[0.419s] -- Up-to-date symlink: /home/nfl/husarion_rusak/src/install/btcpp_ros2_interfaces/lib/python3.12/site-packages/btcpp_ros2_interfaces/_btcpp_ros2_interfaces_s.ep.rosidl_typesupport_fastrtps_c.c
[0.419s] -- Up-to-date symlink: /home/nfl/husarion_rusak/src/install/btcpp_ros2_interfaces/lib/python3.12/site-packages/btcpp_ros2_interfaces/_btcpp_ros2_interfaces_s.ep.rosidl_typesupport_introspection_c.c
[0.420s] -- Up-to-date symlink: /home/nfl/husarion_rusak/src/install/btcpp_ros2_interfaces/lib/python3.12/site-packages/btcpp_ros2_interfaces/action/__init__.py
[0.420s] -- Up-to-date symlink: /home/nfl/husarion_rusak/src/install/btcpp_ros2_interfaces/lib/python3.12/site-packages/btcpp_ros2_interfaces/action/_execute_tree.py
[0.420s] -- Up-to-date symlink: /home/nfl/husarion_rusak/src/install/btcpp_ros2_interfaces/lib/python3.12/site-packages/btcpp_ros2_interfaces/action/_execute_tree_s.c
[0.420s] -- Up-to-date symlink: /home/nfl/husarion_rusak/src/install/btcpp_ros2_interfaces/lib/python3.12/site-packages/btcpp_ros2_interfaces/action/_sleep.py
[0.420s] -- Up-to-date symlink: /home/nfl/husarion_rusak/src/install/btcpp_ros2_interfaces/lib/python3.12/site-packages/btcpp_ros2_interfaces/action/_sleep_s.c
[0.420s] -- Up-to-date symlink: /home/nfl/husarion_rusak/src/install/btcpp_ros2_interfaces/lib/python3.12/site-packages/btcpp_ros2_interfaces/btcpp_ros2_interfaces_s__rosidl_typesupport_c.so
[0.420s] -- Up-to-date symlink: /home/nfl/husarion_rusak/src/install/btcpp_ros2_interfaces/lib/python3.12/site-packages/btcpp_ros2_interfaces/btcpp_ros2_interfaces_s__rosidl_typesupport_fastrtps_c.so
[0.421s] -- Up-to-date symlink: /home/nfl/husarion_rusak/src/install/btcpp_ros2_interfaces/lib/python3.12/site-packages/btcpp_ros2_interfaces/btcpp_ros2_interfaces_s__rosidl_typesupport_introspection_c.so
[0.421s] -- Up-to-date symlink: /home/nfl/husarion_rusak/src/install/btcpp_ros2_interfaces/lib/python3.12/site-packages/btcpp_ros2_interfaces/msg/__init__.py
[0.421s] -- Up-to-date symlink: /home/nfl/husarion_rusak/src/install/btcpp_ros2_interfaces/lib/python3.12/site-packages/btcpp_ros2_interfaces/msg/_node_status.py
[0.421s] -- Up-to-date symlink: /home/nfl/husarion_rusak/src/install/btcpp_ros2_interfaces/lib/python3.12/site-packages/btcpp_ros2_interfaces/msg/_node_status_s.c
[0.421s] -- Up-to-date symlink: /home/nfl/husarion_rusak/src/install/btcpp_ros2_interfaces/lib/python3.12/site-packages/btcpp_ros2_interfaces/btcpp_ros2_interfaces_s__rosidl_typesupport_fastrtps_c.so
[0.421s] -- Up-to-date symlink: /home/nfl/husarion_rusak/src/install/btcpp_ros2_interfaces/lib/python3.12/site-packages/btcpp_ros2_interfaces/btcpp_ros2_interfaces_s__rosidl_typesupport_introspection_c.so
[0.421s] -- Up-to-date symlink: /home/nfl/husarion_rusak/src/install/btcpp_ros2_interfaces/lib/python3.12/site-packages/btcpp_ros2_interfaces/btcpp_ros2_interfaces_s__rosidl_typesupport_c.so
[0.421s] -- Up-to-date symlink: /home/nfl/husarion_rusak/src/install/btcpp_ros2_interfaces/share/btcpp_ros2_interfaces/msg/NodeStatus.idl
[0.421s] -- Up-to-date symlink: /home/nfl/husarion_rusak/src/install/btcpp_ros2_interfaces/share/btcpp_ros2_interfaces/action/ExecuteTree.idl
[0.422s] -- Up-to-date symlink: /home/nfl/husarion_rusak/src/install/btcpp_ros2_interfaces/share/btcpp_ros2_interfaces/action/Sleep.idl
[0.422s] -- Up-to-date symlink: /home/nfl/husarion_rusak/src/install/btcpp_ros2_interfaces/share/btcpp_ros2_interfaces/msg/NodeStatus.msg
[0.422s] -- Up-to-date symlink: /home/nfl/husarion_rusak/src/install/btcpp_ros2_interfaces/share/btcpp_ros2_interfaces/action/ExecuteTree.action
[0.422s] -- Up-to-date symlink: /home/nfl/husarion_rusak/src/install/btcpp_ros2_interfaces/share/btcpp_ros2_interfaces/action/Sleep.action
[0.423s] -- Up-to-date symlink: /home/nfl/husarion_rusak/src/install/btcpp_ros2_interfaces/share/ament_index/resource_index/package_run_dependencies/btcpp_ros2_interfaces
[0.423s] -- Up-to-date symlink: /home/nfl/husarion_rusak/src/install/btcpp_ros2_interfaces/share/ament_index/resource_index/parent_prefix_path/btcpp_ros2_interfaces
[0.423s] -- Up-to-date symlink: /home/nfl/husarion_rusak/src/install/btcpp_ros2_interfaces/share/btcpp_ros2_interfaces/environment/ament_prefix_path.sh
[0.424s] -- Up-to-date symlink: /home/nfl/husarion_rusak/src/install/btcpp_ros2_interfaces/share/btcpp_ros2_interfaces/environment/ament_prefix_path.dsv
[0.424s] -- Up-to-date symlink: /home/nfl/husarion_rusak/src/install/btcpp_ros2_interfaces/share/btcpp_ros2_interfaces/environment/path.sh
[0.424s] -- Up-to-date symlink: /home/nfl/husarion_rusak/src/install/btcpp_ros2_interfaces/share/btcpp_ros2_interfaces/environment/path.dsv
[0.424s] -- Up-to-date symlink: /home/nfl/husarion_rusak/src/install/btcpp_ros2_interfaces/share/btcpp_ros2_interfaces/local_setup.bash
[0.424s] -- Up-to-date symlink: /home/nfl/husarion_rusak/src/install/btcpp_ros2_interfaces/share/btcpp_ros2_interfaces/local_setup.sh
[0.424s] -- Up-to-date symlink: /home/nfl/husarion_rusak/src/install/btcpp_ros2_interfaces/share/btcpp_ros2_interfaces/local_setup.zsh
[0.425s] -- Up-to-date symlink: /home/nfl/husarion_rusak/src/install/btcpp_ros2_interfaces/share/btcpp_ros2_interfaces/local_setup.dsv
[0.425s] -- Symlinking: /home/nfl/husarion_rusak/src/install/btcpp_ros2_interfaces/share/btcpp_ros2_interfaces/package.dsv
[0.430s] -- Up-to-date symlink: /home/nfl/husarion_rusak/src/install/btcpp_ros2_interfaces/share/ament_index/resource_index/packages/btcpp_ros2_interfaces
[0.430s] -- Up-to-date symlink: /home/nfl/husarion_rusak/src/install/btcpp_ros2_interfaces/share/btcpp_ros2_interfaces/cmake/rosidl_cmake-extras.cmake
[0.430s] -- Up-to-date symlink: /home/nfl/husarion_rusak/src/install/btcpp_ros2_interfaces/share/btcpp_ros2_interfaces/cmake/ament_cmake_export_dependencies-extras.cmake
[0.431s] -- Up-to-date symlink: /home/nfl/husarion_rusak/src/install/btcpp_ros2_interfaces/share/btcpp_ros2_interfaces/cmake/ament_cmake_export_include_directories-extras.cmake
[0.431s] -- Up-to-date symlink: /home/nfl/husarion_rusak/src/install/btcpp_ros2_interfaces/share/btcpp_ros2_interfaces/cmake/ament_cmake_export_libraries-extras.cmake
[0.431s] -- Up-to-date symlink: /home/nfl/husarion_rusak/src/install/btcpp_ros2_interfaces/share/btcpp_ros2_interfaces/cmake/ament_cmake_export_targets-extras.cmake
[0.431s] -- Up-to-date symlink: /home/nfl/husarion_rusak/src/install/btcpp_ros2_interfaces/share/btcpp_ros2_interfaces/cmake/rosidl_cmake_export_typesupport_targets-extras.cmake
[0.432s] -- Up-to-date symlink: /home/nfl/husarion_rusak/src/install/btcpp_ros2_interfaces/share/btcpp_ros2_interfaces/cmake/rosidl_cmake_export_typesupport_libraries-extras.cmake
[0.432s] -- Up-to-date symlink: /home/nfl/husarion_rusak/src/install/btcpp_ros2_interfaces/share/btcpp_ros2_interfaces/cmake/btcpp_ros2_interfacesConfig.cmake
[0.432s] -- Up-to-date symlink: /home/nfl/husarion_rusak/src/install/btcpp_ros2_interfaces/share/btcpp_ros2_interfaces/cmake/btcpp_ros2_interfacesConfig-version.cmake
[0.432s] -- Up-to-date symlink: /home/nfl/husarion_rusak/src/install/btcpp_ros2_interfaces/share/btcpp_ros2_interfaces/package.xml
[0.433s] -- Up-to-date: /home/nfl/husarion_rusak/src/install/btcpp_ros2_interfaces/lib/libbtcpp_ros2_interfaces__rosidl_generator_c.so
[0.434s] -- Up-to-date: /home/nfl/husarion_rusak/src/install/btcpp_ros2_interfaces/lib/libbtcpp_ros2_interfaces__rosidl_typesupport_fastrtps_c.so
[0.435s] -- Up-to-date: /home/nfl/husarion_rusak/src/install/btcpp_ros2_interfaces/lib/libbtcpp_ros2_interfaces__rosidl_typesupport_introspection_c.so
[0.435s] -- Up-to-date: /home/nfl/husarion_rusak/src/install/btcpp_ros2_interfaces/lib/libbtcpp_ros2_interfaces__rosidl_typesupport_c.so
[0.436s] -- Up-to-date: /home/nfl/husarion_rusak/src/install/btcpp_ros2_interfaces/lib/libbtcpp_ros2_interfaces__rosidl_typesupport_fastrtps_cpp.so
[0.436s] -- Up-to-date: /home/nfl/husarion_rusak/src/install/btcpp_ros2_interfaces/lib/libbtcpp_ros2_interfaces__rosidl_typesupport_introspection_cpp.so
[0.437s] -- Up-to-date: /home/nfl/husarion_rusak/src/install/btcpp_ros2_interfaces/lib/libbtcpp_ros2_interfaces__rosidl_typesupport_cpp.so
[0.465s] Listing '/home/nfl/husarion_rusak/src/install/btcpp_ros2_interfaces/lib/python3.12/site-packages/btcpp_ros2_interfaces'...
[0.465s] Listing '/home/nfl/husarion_rusak/src/install/btcpp_ros2_interfaces/lib/python3.12/site-packages/btcpp_ros2_interfaces/action'...
[0.465s] Listing '/home/nfl/husarion_rusak/src/install/btcpp_ros2_interfaces/lib/python3.12/site-packages/btcpp_ros2_interfaces/msg'...
[0.469s] -- Up-to-date: /home/nfl/husarion_rusak/src/install/btcpp_ros2_interfaces/lib/libbtcpp_ros2_interfaces__rosidl_generator_py.so
[0.470s] -- Up-to-date: /home/nfl/husarion_rusak/src/install/btcpp_ros2_interfaces/share/btcpp_ros2_interfaces/cmake/export_btcpp_ros2_interfaces__rosidl_generator_cExport.cmake
[0.470s] -- Up-to-date: /home/nfl/husarion_rusak/src/install/btcpp_ros2_interfaces/share/btcpp_ros2_interfaces/cmake/export_btcpp_ros2_interfaces__rosidl_generator_cExport-release.cmake
[0.470s] -- Up-to-date: /home/nfl/husarion_rusak/src/install/btcpp_ros2_interfaces/share/btcpp_ros2_interfaces/cmake/export_btcpp_ros2_interfaces__rosidl_typesupport_fastrtps_cExport.cmake
[0.470s] -- Up-to-date: /home/nfl/husarion_rusak/src/install/btcpp_ros2_interfaces/share/btcpp_ros2_interfaces/cmake/export_btcpp_ros2_interfaces__rosidl_typesupport_fastrtps_cExport-release.cmake
[0.470s] -- Up-to-date: /home/nfl/husarion_rusak/src/install/btcpp_ros2_interfaces/share/btcpp_ros2_interfaces/cmake/btcpp_ros2_interfaces__rosidl_typesupport_introspection_cExport.cmake
[0.470s] -- Up-to-date: /home/nfl/husarion_rusak/src/install/btcpp_ros2_interfaces/share/btcpp_ros2_interfaces/cmake/btcpp_ros2_interfaces__rosidl_typesupport_introspection_cExport-release.cmake
[0.471s] -- Up-to-date: /home/nfl/husarion_rusak/src/install/btcpp_ros2_interfaces/share/btcpp_ros2_interfaces/cmake/btcpp_ros2_interfaces__rosidl_typesupport_cExport.cmake
[0.471s] -- Up-to-date: /home/nfl/husarion_rusak/src/install/btcpp_ros2_interfaces/share/btcpp_ros2_interfaces/cmake/btcpp_ros2_interfaces__rosidl_typesupport_cExport-release.cmake
[0.471s] -- Up-to-date: /home/nfl/husarion_rusak/src/install/btcpp_ros2_interfaces/share/btcpp_ros2_interfaces/cmake/export_btcpp_ros2_interfaces__rosidl_generator_cppExport.cmake
[0.471s] -- Up-to-date: /home/nfl/husarion_rusak/src/install/btcpp_ros2_interfaces/share/btcpp_ros2_interfaces/cmake/export_btcpp_ros2_interfaces__rosidl_typesupport_fastrtps_cppExport.cmake
[0.471s] -- Up-to-date: /home/nfl/husarion_rusak/src/install/btcpp_ros2_interfaces/share/btcpp_ros2_interfaces/cmake/export_btcpp_ros2_interfaces__rosidl_typesupport_fastrtps_cppExport-release.cmake
[0.471s] -- Up-to-date: /home/nfl/husarion_rusak/src/install/btcpp_ros2_interfaces/share/btcpp_ros2_interfaces/cmake/btcpp_ros2_interfaces__rosidl_typesupport_introspection_cppExport.cmake
[0.471s] -- Up-to-date: /home/nfl/husarion_rusak/src/install/btcpp_ros2_interfaces/share/btcpp_ros2_interfaces/cmake/btcpp_ros2_interfaces__rosidl_typesupport_introspection_cppExport-release.cmake
[0.472s] -- Up-to-date: /home/nfl/husarion_rusak/src/install/btcpp_ros2_interfaces/share/btcpp_ros2_interfaces/cmake/btcpp_ros2_interfaces__rosidl_typesupport_cppExport.cmake
[0.472s] -- Up-to-date: /home/nfl/husarion_rusak/src/install/btcpp_ros2_interfaces/share/btcpp_ros2_interfaces/cmake/btcpp_ros2_interfaces__rosidl_typesupport_cppExport-release.cmake
[0.472s] -- Up-to-date: /home/nfl/husarion_rusak/src/install/btcpp_ros2_interfaces/share/btcpp_ros2_interfaces/cmake/export_btcpp_ros2_interfaces__rosidl_generator_pyExport.cmake
[0.472s] -- Up-to-date: /home/nfl/husarion_rusak/src/install/btcpp_ros2_interfaces/share/btcpp_ros2_interfaces/cmake/export_btcpp_ros2_interfaces__rosidl_generator_pyExport-release.cmake
[0.482s] Invoked command in '/home/nfl/husarion_rusak/src/build/btcpp_ros2_interfaces' returned '0': CMAKE_PREFIX_PATH=${CMAKE_PREFIX_PATH}:/opt/ros/jazzy DEBUGINFOD_URLS=https://debuginfod.ubuntu.com /usr/bin/cmake --install /home/nfl/husarion_rusak/src/build/btcpp_ros2_interfaces
