-- The C compiler identification is GNU 13.3.0
-- The CXX compiler identification is GNU 13.3.0
-- Detecting C compiler ABI info
-- Detecting C compiler ABI info - done
-- Check for working C compiler: /usr/bin/cc - skipped
-- Detecting C compile features
-- Detecting C compile features - done
-- Detecting CXX compiler ABI info
-- Detecting CXX compiler ABI info - done
-- Check for working CXX compiler: /usr/bin/c++ - skipped
-- Detecting CXX compile features
-- Detecting CXX compile features - done
-- Found ament_cmake: 2.5.4 (/opt/ros/jazzy/share/ament_cmake/cmake)
-- Found Python3: /usr/bin/python3 (found version "3.12.3") found components: Interpreter 
-- Override CMake install command with custom implementation using symlinks instead of copying resources
-- Found rclcpp: 28.1.9 (/opt/ros/jazzy/share/rclcpp/cmake)
-- Found rosidl_generator_c: 4.6.5 (/opt/ros/jazzy/share/rosidl_generator_c/cmake)
-- Found rosidl_generator_cpp: 4.6.5 (/opt/ros/jazzy/share/rosidl_generator_cpp/cmake)
-- Using all available rosidl_typesupport_c: rosidl_typesupport_fastrtps_c;rosidl_typesupport_introspection_c
-- Using all available rosidl_typesupport_cpp: rosidl_typesupport_fastrtps_cpp;rosidl_typesupport_introspection_cpp
-- Found rmw_implementation_cmake: 7.3.2 (/opt/ros/jazzy/share/rmw_implementation_cmake/cmake)
-- Found rmw_fastrtps_cpp: 8.4.2 (/opt/ros/jazzy/share/rmw_fastrtps_cpp/cmake)
-- Found OpenSSL: /usr/lib/x86_64-linux-gnu/libcrypto.so (found version "3.0.13")  
-- Found FastRTPS: /opt/ros/jazzy/include (Required is at least version "2.13") 
-- Using RMW implementation 'rmw_fastrtps_cpp' as default
-- Found rclcpp_action: 28.1.9 (/opt/ros/jazzy/share/rclcpp_action/cmake)
-- Found behaviortree_cpp: 4.7.1 (/opt/ros/jazzy/share/behaviortree_cpp/cmake)
-- Found btcpp_ros2_interfaces: 0.2.0 (/home/nfl/husarion_rusak/src/install/btcpp_ros2_interfaces/share/btcpp_ros2_interfaces/cmake)
-- Found generate_parameter_library: 0.4.0 (/opt/ros/jazzy/share/generate_parameter_library/cmake)
-- Found parameter_traits: 0.4.0 (/opt/ros/jazzy/share/parameter_traits/cmake)
-- Found rclcpp_lifecycle: 28.1.9 (/opt/ros/jazzy/share/rclcpp_lifecycle/cmake)
-- Configuring done (1.0s)
-- Generating done (0.0s)
-- Build files have been written to: /home/nfl/husarion_rusak/src/build/behaviortree_ros2
[ 16%] [34m[1mRunning `/opt/ros/jazzy/bin/generate_parameter_library_cpp /home/nfl/husarion_rusak/src/build/behaviortree_ros2/include/behaviortree_ros2/bt_executor_parameters.hpp /home/nfl/husarion_rusak/src/behaviortree_ros2/behaviortree_ros2/src/bt_executor_parameters.yaml `[0m
[ 33%] [34m[1mCreating deprecated header file /home/nfl/husarion_rusak/src/build/behaviortree_ros2/include/bt_executor_parameters.hpp[0m
[ 33%] Built target bt_executor_parameters
[ 50%] [32mBuilding CXX object CMakeFiles/behaviortree_ros2.dir/src/bt_ros2.cpp.o[0m
[ 66%] [32mBuilding CXX object CMakeFiles/behaviortree_ros2.dir/src/tree_execution_server.cpp.o[0m
[ 83%] [32mBuilding CXX object CMakeFiles/behaviortree_ros2.dir/src/bt_utils.cpp.o[0m
[100%] [32m[1mLinking CXX static library libbehaviortree_ros2.a[0m
[100%] Built target behaviortree_ros2
-- Install configuration: "Release"
-- Execute custom install script
-- Symlinking: /home/nfl/husarion_rusak/src/install/behaviortree_ros2/include/behaviortree_ros2/bt_executor_parameters.hpp
-- Symlinking: /home/nfl/husarion_rusak/src/install/behaviortree_ros2/include//behaviortree_ros2/bt_action_node.hpp
-- Symlinking: /home/nfl/husarion_rusak/src/install/behaviortree_ros2/include//behaviortree_ros2/bt_service_node.hpp
-- Symlinking: /home/nfl/husarion_rusak/src/install/behaviortree_ros2/include//behaviortree_ros2/bt_topic_pub_node.hpp
-- Symlinking: /home/nfl/husarion_rusak/src/install/behaviortree_ros2/include//behaviortree_ros2/bt_topic_sub_node.hpp
-- Symlinking: /home/nfl/husarion_rusak/src/install/behaviortree_ros2/include//behaviortree_ros2/bt_utils.hpp
-- Symlinking: /home/nfl/husarion_rusak/src/install/behaviortree_ros2/include//behaviortree_ros2/plugins.hpp
-- Symlinking: /home/nfl/husarion_rusak/src/install/behaviortree_ros2/include//behaviortree_ros2/ros_node_params.hpp
-- Symlinking: /home/nfl/husarion_rusak/src/install/behaviortree_ros2/include//behaviortree_ros2/tree_execution_server.hpp
-- Symlinking: /home/nfl/husarion_rusak/src/install/behaviortree_ros2/share/behaviortree_ros2/environment/library_path.sh
-- Symlinking: /home/nfl/husarion_rusak/src/install/behaviortree_ros2/share/behaviortree_ros2/environment/library_path.dsv
-- Symlinking: /home/nfl/husarion_rusak/src/install/behaviortree_ros2/share/ament_index/resource_index/package_run_dependencies/behaviortree_ros2
-- Symlinking: /home/nfl/husarion_rusak/src/install/behaviortree_ros2/share/ament_index/resource_index/parent_prefix_path/behaviortree_ros2
-- Symlinking: /home/nfl/husarion_rusak/src/install/behaviortree_ros2/share/behaviortree_ros2/environment/ament_prefix_path.sh
-- Symlinking: /home/nfl/husarion_rusak/src/install/behaviortree_ros2/share/behaviortree_ros2/environment/ament_prefix_path.dsv
-- Symlinking: /home/nfl/husarion_rusak/src/install/behaviortree_ros2/share/behaviortree_ros2/environment/path.sh
-- Symlinking: /home/nfl/husarion_rusak/src/install/behaviortree_ros2/share/behaviortree_ros2/environment/path.dsv
-- Symlinking: /home/nfl/husarion_rusak/src/install/behaviortree_ros2/share/behaviortree_ros2/local_setup.bash
-- Symlinking: /home/nfl/husarion_rusak/src/install/behaviortree_ros2/share/behaviortree_ros2/local_setup.sh
-- Symlinking: /home/nfl/husarion_rusak/src/install/behaviortree_ros2/share/behaviortree_ros2/local_setup.zsh
-- Symlinking: /home/nfl/husarion_rusak/src/install/behaviortree_ros2/share/behaviortree_ros2/local_setup.dsv
-- Symlinking: /home/nfl/husarion_rusak/src/install/behaviortree_ros2/share/behaviortree_ros2/package.dsv
-- Symlinking: /home/nfl/husarion_rusak/src/install/behaviortree_ros2/share/ament_index/resource_index/packages/behaviortree_ros2
-- Symlinking: /home/nfl/husarion_rusak/src/install/behaviortree_ros2/share/behaviortree_ros2/cmake/ament_cmake_export_dependencies-extras.cmake
-- Symlinking: /home/nfl/husarion_rusak/src/install/behaviortree_ros2/share/behaviortree_ros2/cmake/ament_cmake_export_targets-extras.cmake
-- Symlinking: /home/nfl/husarion_rusak/src/install/behaviortree_ros2/share/behaviortree_ros2/cmake/ament_cmake_export_include_directories-extras.cmake
-- Symlinking: /home/nfl/husarion_rusak/src/install/behaviortree_ros2/share/behaviortree_ros2/cmake/ament_cmake_export_libraries-extras.cmake
-- Symlinking: /home/nfl/husarion_rusak/src/install/behaviortree_ros2/share/behaviortree_ros2/cmake/behaviortree_ros2Config.cmake
-- Symlinking: /home/nfl/husarion_rusak/src/install/behaviortree_ros2/share/behaviortree_ros2/cmake/behaviortree_ros2Config-version.cmake
-- Symlinking: /home/nfl/husarion_rusak/src/install/behaviortree_ros2/share/behaviortree_ros2/package.xml
-- Installing: /home/nfl/husarion_rusak/src/install/behaviortree_ros2/lib/libbehaviortree_ros2.a
-- Installing: /home/nfl/husarion_rusak/src/install/behaviortree_ros2/share/behaviortree_ros2/cmake/behaviortree_ros2TargetsExport.cmake
-- Installing: /home/nfl/husarion_rusak/src/install/behaviortree_ros2/share/behaviortree_ros2/cmake/behaviortree_ros2TargetsExport-release.cmake
