[0.009s] Invoking command in '/home/nfl/husarion_rusak/src/build/husarion_ugv_lights': AMENT_PREFIX_PATH=/home/nfl/husarion_rusak/src/install/husarion_ugv_utils:/home/nfl/husarion_rusak/src/install/husarion_ugv_msgs:${AMENT_PREFIX_PATH} CMAKE_PREFIX_PATH=/home/nfl/husarion_rusak/src/install/husarion_ugv_utils:/home/nfl/husarion_rusak/src/install/husarion_ugv_msgs:/opt/ros/jazzy/opt/gz_sim_vendor:/opt/ros/jazzy/opt/gz_sensors_vendor:/opt/ros/jazzy/opt/gz_physics_vendor:/opt/ros/jazzy/opt/sdformat_vendor:/opt/ros/jazzy/opt/gz_gui_vendor:/opt/ros/jazzy/opt/gz_transport_vendor:/opt/ros/jazzy/opt/gz_rendering_vendor:/opt/ros/jazzy/opt/gz_plugin_vendor:/opt/ros/jazzy/opt/gz_fuel_tools_vendor:/opt/ros/jazzy/opt/gz_msgs_vendor:/opt/ros/jazzy/opt/gz_common_vendor:/opt/ros/jazzy/opt/gz_math_vendor:/opt/ros/jazzy/opt/gz_utils_vendor:/opt/ros/jazzy/opt/gz_tools_vendor:/opt/ros/jazzy/opt/gz_ogre_next_vendor:/opt/ros/jazzy/opt/gz_dartsim_vendor:/opt/ros/jazzy/opt/gz_cmake_vendor:/opt/ros/jazzy DEBUGINFOD_URLS=https://debuginfod.ubuntu.com LD_LIBRARY_PATH=/home/nfl/husarion_rusak/src/install/husarion_ugv_msgs/lib:/opt/ros/jazzy/opt/gz_sim_vendor/lib:/opt/ros/jazzy/opt/gz_sensors_vendor/lib:/opt/ros/jazzy/opt/gz_physics_vendor/lib:/opt/ros/jazzy/opt/sdformat_vendor/lib:/opt/ros/jazzy/opt/rviz_ogre_vendor/lib:/opt/ros/jazzy/lib/x86_64-linux-gnu:/opt/ros/jazzy/opt/libphidget22/lib:/opt/ros/jazzy/opt/gz_gui_vendor/lib:/opt/ros/jazzy/opt/gz_transport_vendor/lib:/opt/ros/jazzy/opt/gz_rendering_vendor/lib:/opt/ros/jazzy/opt/gz_plugin_vendor/lib:/opt/ros/jazzy/opt/gz_fuel_tools_vendor/lib:/opt/ros/jazzy/opt/gz_msgs_vendor/lib:/opt/ros/jazzy/opt/gz_common_vendor/lib:/opt/ros/jazzy/opt/gz_math_vendor/lib:/opt/ros/jazzy/opt/gz_utils_vendor/lib:/opt/ros/jazzy/opt/gz_tools_vendor/lib:/opt/ros/jazzy/opt/gz_ogre_next_vendor/lib:/opt/ros/jazzy/opt/gz_dartsim_vendor/lib:/opt/ros/jazzy/opt/gz_cmake_vendor/lib:/opt/ros/jazzy/lib:/usr/local/lib PYTHONPATH=/home/nfl/husarion_rusak/src/install/husarion_ugv_utils/lib/python3.12/site-packages:/home/nfl/husarion_rusak/src/install/husarion_ugv_msgs/lib/python3.12/site-packages:${PYTHONPATH} /usr/bin/cmake /home/nfl/husarion_rusak/src/husarion_ugv_ros/husarion_ugv_lights -DCMAKE_BUILD_TYPE=Release -DBUILD_TESTING=OFF -DAMENT_CMAKE_SYMLINK_INSTALL=1 -DCMAKE_INSTALL_PREFIX=/home/nfl/husarion_rusak/src/install/husarion_ugv_lights
[0.059s] -- The C compiler identification is GNU 13.3.0
[0.101s] -- The CXX compiler identification is GNU 13.3.0
[0.117s] -- Detecting C compiler ABI info
[0.201s] -- Detecting C compiler ABI info - done
[0.210s] -- Check for working C compiler: /usr/bin/cc - skipped
[0.210s] -- Detecting C compile features
[0.210s] -- Detecting C compile features - done
[0.219s] -- Detecting CXX compiler ABI info
[0.313s] -- Detecting CXX compiler ABI info - done
[0.320s] -- Check for working CXX compiler: /usr/bin/c++ - skipped
[0.320s] -- Detecting CXX compile features
[0.320s] -- Detecting CXX compile features - done
[0.323s] -- Found ament_cmake: 2.5.4 (/opt/ros/jazzy/share/ament_cmake/cmake)
[0.455s] -- Found Python3: /usr/bin/python3 (found version "3.12.3") found components: Interpreter 
[0.518s] -- Override CMake install command with custom implementation using symlinks instead of copying resources
[0.552s] -- Found ament_index_cpp: 1.8.1 (/opt/ros/jazzy/share/ament_index_cpp/cmake)
[0.554s] -- Found diagnostic_updater: 4.2.4 (/opt/ros/jazzy/share/diagnostic_updater/cmake)
[0.600s] -- Found rosidl_generator_c: 4.6.5 (/opt/ros/jazzy/share/rosidl_generator_c/cmake)
[0.613s] -- Found rosidl_generator_cpp: 4.6.5 (/opt/ros/jazzy/share/rosidl_generator_cpp/cmake)
[0.627s] -- Using all available rosidl_typesupport_c: rosidl_typesupport_fastrtps_c;rosidl_typesupport_introspection_c
[0.644s] -- Using all available rosidl_typesupport_cpp: rosidl_typesupport_fastrtps_cpp;rosidl_typesupport_introspection_cpp
[0.741s] -- Found rmw_implementation_cmake: 7.3.2 (/opt/ros/jazzy/share/rmw_implementation_cmake/cmake)
[0.744s] -- Found rmw_fastrtps_cpp: 8.4.2 (/opt/ros/jazzy/share/rmw_fastrtps_cpp/cmake)
[0.822s] -- Found OpenSSL: /usr/lib/x86_64-linux-gnu/libcrypto.so (found version "3.0.13")  
[0.842s] -- Found FastRTPS: /opt/ros/jazzy/include (Required is at least version "2.13") 
[0.869s] -- Using RMW implementation 'rmw_fastrtps_cpp' as default
[0.932s] -- Found generate_parameter_library: 0.4.0 (/opt/ros/jazzy/share/generate_parameter_library/cmake)
[0.937s] -- Found parameter_traits: 0.4.0 (/opt/ros/jazzy/share/parameter_traits/cmake)
[0.956s] -- Found rclcpp_lifecycle: 28.1.9 (/opt/ros/jazzy/share/rclcpp_lifecycle/cmake)
[0.987s] -- Found image_transport: 5.1.6 (/opt/ros/jazzy/share/image_transport/cmake)
[1.044s] -- Found husarion_ugv_msgs: 2.3.0 (/home/nfl/husarion_rusak/src/install/husarion_ugv_msgs/share/husarion_ugv_msgs/cmake)
[1.062s] -- Found husarion_ugv_utils: 2.3.0 (/home/nfl/husarion_rusak/src/install/husarion_ugv_utils/share/husarion_ugv_utils/cmake)
[1.197s] -- Found rclcpp_components: 28.1.9 (/opt/ros/jazzy/share/rclcpp_components/cmake)
[1.224s] -- Found std_srvs: 5.3.6 (/opt/ros/jazzy/share/std_srvs/cmake)
[1.327s] -- Configuring done (1.3s)
[1.361s] -- Generating done (0.0s)
[1.369s] -- Build files have been written to: /home/nfl/husarion_rusak/src/build/husarion_ugv_lights
[1.380s] Invoked command in '/home/nfl/husarion_rusak/src/build/husarion_ugv_lights' returned '0': AMENT_PREFIX_PATH=/home/nfl/husarion_rusak/src/install/husarion_ugv_utils:/home/nfl/husarion_rusak/src/install/husarion_ugv_msgs:${AMENT_PREFIX_PATH} CMAKE_PREFIX_PATH=/home/nfl/husarion_rusak/src/install/husarion_ugv_utils:/home/nfl/husarion_rusak/src/install/husarion_ugv_msgs:/opt/ros/jazzy/opt/gz_sim_vendor:/opt/ros/jazzy/opt/gz_sensors_vendor:/opt/ros/jazzy/opt/gz_physics_vendor:/opt/ros/jazzy/opt/sdformat_vendor:/opt/ros/jazzy/opt/gz_gui_vendor:/opt/ros/jazzy/opt/gz_transport_vendor:/opt/ros/jazzy/opt/gz_rendering_vendor:/opt/ros/jazzy/opt/gz_plugin_vendor:/opt/ros/jazzy/opt/gz_fuel_tools_vendor:/opt/ros/jazzy/opt/gz_msgs_vendor:/opt/ros/jazzy/opt/gz_common_vendor:/opt/ros/jazzy/opt/gz_math_vendor:/opt/ros/jazzy/opt/gz_utils_vendor:/opt/ros/jazzy/opt/gz_tools_vendor:/opt/ros/jazzy/opt/gz_ogre_next_vendor:/opt/ros/jazzy/opt/gz_dartsim_vendor:/opt/ros/jazzy/opt/gz_cmake_vendor:/opt/ros/jazzy DEBUGINFOD_URLS=https://debuginfod.ubuntu.com LD_LIBRARY_PATH=/home/nfl/husarion_rusak/src/install/husarion_ugv_msgs/lib:/opt/ros/jazzy/opt/gz_sim_vendor/lib:/opt/ros/jazzy/opt/gz_sensors_vendor/lib:/opt/ros/jazzy/opt/gz_physics_vendor/lib:/opt/ros/jazzy/opt/sdformat_vendor/lib:/opt/ros/jazzy/opt/rviz_ogre_vendor/lib:/opt/ros/jazzy/lib/x86_64-linux-gnu:/opt/ros/jazzy/opt/libphidget22/lib:/opt/ros/jazzy/opt/gz_gui_vendor/lib:/opt/ros/jazzy/opt/gz_transport_vendor/lib:/opt/ros/jazzy/opt/gz_rendering_vendor/lib:/opt/ros/jazzy/opt/gz_plugin_vendor/lib:/opt/ros/jazzy/opt/gz_fuel_tools_vendor/lib:/opt/ros/jazzy/opt/gz_msgs_vendor/lib:/opt/ros/jazzy/opt/gz_common_vendor/lib:/opt/ros/jazzy/opt/gz_math_vendor/lib:/opt/ros/jazzy/opt/gz_utils_vendor/lib:/opt/ros/jazzy/opt/gz_tools_vendor/lib:/opt/ros/jazzy/opt/gz_ogre_next_vendor/lib:/opt/ros/jazzy/opt/gz_dartsim_vendor/lib:/opt/ros/jazzy/opt/gz_cmake_vendor/lib:/opt/ros/jazzy/lib:/usr/local/lib PYTHONPATH=/home/nfl/husarion_rusak/src/install/husarion_ugv_utils/lib/python3.12/site-packages:/home/nfl/husarion_rusak/src/install/husarion_ugv_msgs/lib/python3.12/site-packages:${PYTHONPATH} /usr/bin/cmake /home/nfl/husarion_rusak/src/husarion_ugv_ros/husarion_ugv_lights -DCMAKE_BUILD_TYPE=Release -DBUILD_TESTING=OFF -DAMENT_CMAKE_SYMLINK_INSTALL=1 -DCMAKE_INSTALL_PREFIX=/home/nfl/husarion_rusak/src/install/husarion_ugv_lights
[1.381s] Invoking command in '/home/nfl/husarion_rusak/src/build/husarion_ugv_lights': AMENT_PREFIX_PATH=/home/nfl/husarion_rusak/src/install/husarion_ugv_utils:/home/nfl/husarion_rusak/src/install/husarion_ugv_msgs:${AMENT_PREFIX_PATH} CMAKE_PREFIX_PATH=/home/nfl/husarion_rusak/src/install/husarion_ugv_utils:/home/nfl/husarion_rusak/src/install/husarion_ugv_msgs:/opt/ros/jazzy/opt/gz_sim_vendor:/opt/ros/jazzy/opt/gz_sensors_vendor:/opt/ros/jazzy/opt/gz_physics_vendor:/opt/ros/jazzy/opt/sdformat_vendor:/opt/ros/jazzy/opt/gz_gui_vendor:/opt/ros/jazzy/opt/gz_transport_vendor:/opt/ros/jazzy/opt/gz_rendering_vendor:/opt/ros/jazzy/opt/gz_plugin_vendor:/opt/ros/jazzy/opt/gz_fuel_tools_vendor:/opt/ros/jazzy/opt/gz_msgs_vendor:/opt/ros/jazzy/opt/gz_common_vendor:/opt/ros/jazzy/opt/gz_math_vendor:/opt/ros/jazzy/opt/gz_utils_vendor:/opt/ros/jazzy/opt/gz_tools_vendor:/opt/ros/jazzy/opt/gz_ogre_next_vendor:/opt/ros/jazzy/opt/gz_dartsim_vendor:/opt/ros/jazzy/opt/gz_cmake_vendor:/opt/ros/jazzy DEBUGINFOD_URLS=https://debuginfod.ubuntu.com LD_LIBRARY_PATH=/home/nfl/husarion_rusak/src/install/husarion_ugv_msgs/lib:/opt/ros/jazzy/opt/gz_sim_vendor/lib:/opt/ros/jazzy/opt/gz_sensors_vendor/lib:/opt/ros/jazzy/opt/gz_physics_vendor/lib:/opt/ros/jazzy/opt/sdformat_vendor/lib:/opt/ros/jazzy/opt/rviz_ogre_vendor/lib:/opt/ros/jazzy/lib/x86_64-linux-gnu:/opt/ros/jazzy/opt/libphidget22/lib:/opt/ros/jazzy/opt/gz_gui_vendor/lib:/opt/ros/jazzy/opt/gz_transport_vendor/lib:/opt/ros/jazzy/opt/gz_rendering_vendor/lib:/opt/ros/jazzy/opt/gz_plugin_vendor/lib:/opt/ros/jazzy/opt/gz_fuel_tools_vendor/lib:/opt/ros/jazzy/opt/gz_msgs_vendor/lib:/opt/ros/jazzy/opt/gz_common_vendor/lib:/opt/ros/jazzy/opt/gz_math_vendor/lib:/opt/ros/jazzy/opt/gz_utils_vendor/lib:/opt/ros/jazzy/opt/gz_tools_vendor/lib:/opt/ros/jazzy/opt/gz_ogre_next_vendor/lib:/opt/ros/jazzy/opt/gz_dartsim_vendor/lib:/opt/ros/jazzy/opt/gz_cmake_vendor/lib:/opt/ros/jazzy/lib:/usr/local/lib PYTHONPATH=/home/nfl/husarion_rusak/src/install/husarion_ugv_utils/lib/python3.12/site-packages:/home/nfl/husarion_rusak/src/install/husarion_ugv_msgs/lib/python3.12/site-packages:${PYTHONPATH} /usr/bin/cmake --build /home/nfl/husarion_rusak/src/build/husarion_ugv_lights -- -j16 -l16
[1.432s] [  9%] [34m[1mRunning `/opt/ros/jazzy/bin/generate_parameter_library_cpp /home/nfl/husarion_rusak/src/build/husarion_ugv_lights/include/husarion_ugv_lights/lights_controller_parameters.hpp /home/nfl/husarion_rusak/src/husarion_ugv_ros/husarion_ugv_lights/src/lights_controller_parameters.yaml `[0m
[1.432s] [  9%] [32mBuilding CXX object CMakeFiles/lights_driver_node.dir/rclcpp_components/node_main_lights_driver_node.cpp.o[0m
[1.438s] [ 28%] [32mBuilding CXX object CMakeFiles/animation_plugins.dir/src/animation/image_animation.cpp.o[0m
[1.438s] [ 28%] [32mBuilding CXX object CMakeFiles/lights_controller_node.dir/rclcpp_components/node_main_lights_controller_node.cpp.o[0m
[1.438s] [ 28%] [34m[1mRunning `/opt/ros/jazzy/bin/generate_parameter_library_cpp /home/nfl/husarion_rusak/src/build/husarion_ugv_lights/include/husarion_ugv_lights/lights_driver_parameters.hpp /home/nfl/husarion_rusak/src/husarion_ugv_ros/husarion_ugv_lights/src/lights_driver_parameters.yaml `[0m
[1.439s] [ 28%] [32mBuilding CXX object CMakeFiles/animation_plugins.dir/src/animation/moving_image_animation.cpp.o[0m
[1.896s] [ 33%] [34m[1mCreating deprecated header file /home/nfl/husarion_rusak/src/build/husarion_ugv_lights/include/lights_controller_parameters.hpp[0m
[1.936s] [ 33%] Built target lights_controller_parameters
[1.964s] [ 47%] [32mBuilding CXX object CMakeFiles/lights_controller_node_component.dir/src/lights_controller_node.cpp.o[0m
[1.964s] [ 47%] [32mBuilding CXX object CMakeFiles/lights_controller_node_component.dir/src/led_components/led_segment.cpp.o[0m
[1.964s] [ 47%] [32mBuilding CXX object CMakeFiles/lights_controller_node_component.dir/src/led_components/segment_queue_layer.cpp.o[0m
[1.968s] [ 61%] [32mBuilding CXX object CMakeFiles/lights_controller_node_component.dir/src/led_components/led_panel.cpp.o[0m
[1.968s] [ 61%] [32mBuilding CXX object CMakeFiles/lights_controller_node_component.dir/src/led_components/segment_converter.cpp.o[0m
[1.970s] [ 61%] [32mBuilding CXX object CMakeFiles/lights_controller_node_component.dir/src/led_components/segment_layer.cpp.o[0m
[2.194s] [ 66%] [34m[1mCreating deprecated header file /home/nfl/husarion_rusak/src/build/husarion_ugv_lights/include/lights_driver_parameters.hpp[0m
[2.271s] [ 66%] Built target lights_driver_parameters
[2.299s] [ 76%] [32mBuilding CXX object CMakeFiles/lights_driver_node_component.dir/src/apa102.cpp.o[0m
[2.299s] [ 76%] [32mBuilding CXX object CMakeFiles/lights_driver_node_component.dir/src/lights_driver_node.cpp.o[0m
[4.610s] [ 80%] [32m[1mLinking CXX executable lights_controller_node[0m
[4.792s] [ 80%] Built target lights_controller_node
[5.701s] [ 85%] [32m[1mLinking CXX executable lights_driver_node[0m
[5.811s] [ 85%] Built target lights_driver_node
[8.426s] [ 90%] [32m[1mLinking CXX shared library libanimation_plugins.so[0m
[8.609s] [ 90%] Built target animation_plugins
[13.836s] [ 95%] [32m[1mLinking CXX shared library liblights_controller_node_component.so[0m
[14.040s] [ 95%] Built target lights_controller_node_component
[19.296s] [100%] [32m[1mLinking CXX shared library liblights_driver_node_component.so[0m
[19.420s] [100%] Built target lights_driver_node_component
[19.431s] Invoked command in '/home/nfl/husarion_rusak/src/build/husarion_ugv_lights' returned '0': AMENT_PREFIX_PATH=/home/nfl/husarion_rusak/src/install/husarion_ugv_utils:/home/nfl/husarion_rusak/src/install/husarion_ugv_msgs:${AMENT_PREFIX_PATH} CMAKE_PREFIX_PATH=/home/nfl/husarion_rusak/src/install/husarion_ugv_utils:/home/nfl/husarion_rusak/src/install/husarion_ugv_msgs:/opt/ros/jazzy/opt/gz_sim_vendor:/opt/ros/jazzy/opt/gz_sensors_vendor:/opt/ros/jazzy/opt/gz_physics_vendor:/opt/ros/jazzy/opt/sdformat_vendor:/opt/ros/jazzy/opt/gz_gui_vendor:/opt/ros/jazzy/opt/gz_transport_vendor:/opt/ros/jazzy/opt/gz_rendering_vendor:/opt/ros/jazzy/opt/gz_plugin_vendor:/opt/ros/jazzy/opt/gz_fuel_tools_vendor:/opt/ros/jazzy/opt/gz_msgs_vendor:/opt/ros/jazzy/opt/gz_common_vendor:/opt/ros/jazzy/opt/gz_math_vendor:/opt/ros/jazzy/opt/gz_utils_vendor:/opt/ros/jazzy/opt/gz_tools_vendor:/opt/ros/jazzy/opt/gz_ogre_next_vendor:/opt/ros/jazzy/opt/gz_dartsim_vendor:/opt/ros/jazzy/opt/gz_cmake_vendor:/opt/ros/jazzy DEBUGINFOD_URLS=https://debuginfod.ubuntu.com LD_LIBRARY_PATH=/home/nfl/husarion_rusak/src/install/husarion_ugv_msgs/lib:/opt/ros/jazzy/opt/gz_sim_vendor/lib:/opt/ros/jazzy/opt/gz_sensors_vendor/lib:/opt/ros/jazzy/opt/gz_physics_vendor/lib:/opt/ros/jazzy/opt/sdformat_vendor/lib:/opt/ros/jazzy/opt/rviz_ogre_vendor/lib:/opt/ros/jazzy/lib/x86_64-linux-gnu:/opt/ros/jazzy/opt/libphidget22/lib:/opt/ros/jazzy/opt/gz_gui_vendor/lib:/opt/ros/jazzy/opt/gz_transport_vendor/lib:/opt/ros/jazzy/opt/gz_rendering_vendor/lib:/opt/ros/jazzy/opt/gz_plugin_vendor/lib:/opt/ros/jazzy/opt/gz_fuel_tools_vendor/lib:/opt/ros/jazzy/opt/gz_msgs_vendor/lib:/opt/ros/jazzy/opt/gz_common_vendor/lib:/opt/ros/jazzy/opt/gz_math_vendor/lib:/opt/ros/jazzy/opt/gz_utils_vendor/lib:/opt/ros/jazzy/opt/gz_tools_vendor/lib:/opt/ros/jazzy/opt/gz_ogre_next_vendor/lib:/opt/ros/jazzy/opt/gz_dartsim_vendor/lib:/opt/ros/jazzy/opt/gz_cmake_vendor/lib:/opt/ros/jazzy/lib:/usr/local/lib PYTHONPATH=/home/nfl/husarion_rusak/src/install/husarion_ugv_utils/lib/python3.12/site-packages:/home/nfl/husarion_rusak/src/install/husarion_ugv_msgs/lib/python3.12/site-packages:${PYTHONPATH} /usr/bin/cmake --build /home/nfl/husarion_rusak/src/build/husarion_ugv_lights -- -j16 -l16
[19.433s] Invoking command in '/home/nfl/husarion_rusak/src/build/husarion_ugv_lights': AMENT_PREFIX_PATH=/home/nfl/husarion_rusak/src/install/husarion_ugv_utils:/home/nfl/husarion_rusak/src/install/husarion_ugv_msgs:${AMENT_PREFIX_PATH} CMAKE_PREFIX_PATH=/home/nfl/husarion_rusak/src/install/husarion_ugv_utils:/home/nfl/husarion_rusak/src/install/husarion_ugv_msgs:/opt/ros/jazzy/opt/gz_sim_vendor:/opt/ros/jazzy/opt/gz_sensors_vendor:/opt/ros/jazzy/opt/gz_physics_vendor:/opt/ros/jazzy/opt/sdformat_vendor:/opt/ros/jazzy/opt/gz_gui_vendor:/opt/ros/jazzy/opt/gz_transport_vendor:/opt/ros/jazzy/opt/gz_rendering_vendor:/opt/ros/jazzy/opt/gz_plugin_vendor:/opt/ros/jazzy/opt/gz_fuel_tools_vendor:/opt/ros/jazzy/opt/gz_msgs_vendor:/opt/ros/jazzy/opt/gz_common_vendor:/opt/ros/jazzy/opt/gz_math_vendor:/opt/ros/jazzy/opt/gz_utils_vendor:/opt/ros/jazzy/opt/gz_tools_vendor:/opt/ros/jazzy/opt/gz_ogre_next_vendor:/opt/ros/jazzy/opt/gz_dartsim_vendor:/opt/ros/jazzy/opt/gz_cmake_vendor:/opt/ros/jazzy DEBUGINFOD_URLS=https://debuginfod.ubuntu.com LD_LIBRARY_PATH=/home/nfl/husarion_rusak/src/install/husarion_ugv_msgs/lib:/opt/ros/jazzy/opt/gz_sim_vendor/lib:/opt/ros/jazzy/opt/gz_sensors_vendor/lib:/opt/ros/jazzy/opt/gz_physics_vendor/lib:/opt/ros/jazzy/opt/sdformat_vendor/lib:/opt/ros/jazzy/opt/rviz_ogre_vendor/lib:/opt/ros/jazzy/lib/x86_64-linux-gnu:/opt/ros/jazzy/opt/libphidget22/lib:/opt/ros/jazzy/opt/gz_gui_vendor/lib:/opt/ros/jazzy/opt/gz_transport_vendor/lib:/opt/ros/jazzy/opt/gz_rendering_vendor/lib:/opt/ros/jazzy/opt/gz_plugin_vendor/lib:/opt/ros/jazzy/opt/gz_fuel_tools_vendor/lib:/opt/ros/jazzy/opt/gz_msgs_vendor/lib:/opt/ros/jazzy/opt/gz_common_vendor/lib:/opt/ros/jazzy/opt/gz_math_vendor/lib:/opt/ros/jazzy/opt/gz_utils_vendor/lib:/opt/ros/jazzy/opt/gz_tools_vendor/lib:/opt/ros/jazzy/opt/gz_ogre_next_vendor/lib:/opt/ros/jazzy/opt/gz_dartsim_vendor/lib:/opt/ros/jazzy/opt/gz_cmake_vendor/lib:/opt/ros/jazzy/lib:/usr/local/lib PYTHONPATH=/home/nfl/husarion_rusak/src/install/husarion_ugv_utils/lib/python3.12/site-packages:/home/nfl/husarion_rusak/src/install/husarion_ugv_msgs/lib/python3.12/site-packages:${PYTHONPATH} /usr/bin/cmake --install /home/nfl/husarion_rusak/src/build/husarion_ugv_lights
[19.439s] -- Install configuration: "Release"
[19.439s] -- Execute custom install script
[19.439s] -- Symlinking: /home/nfl/husarion_rusak/src/install/husarion_ugv_lights/share/husarion_ugv_lights//plugins.xml
[19.449s] -- Symlinking: /home/nfl/husarion_rusak/src/install/husarion_ugv_lights/include/husarion_ugv_lights/lights_controller_parameters.hpp
[19.458s] -- Symlinking: /home/nfl/husarion_rusak/src/install/husarion_ugv_lights/include/husarion_ugv_lights/lights_driver_parameters.hpp
[19.465s] -- Up-to-date symlink: /home/nfl/husarion_rusak/src/install/husarion_ugv_lights/include/husarion_ugv_lights/lights_controller_parameters.hpp
[19.465s] -- Up-to-date symlink: /home/nfl/husarion_rusak/src/install/husarion_ugv_lights/include/husarion_ugv_lights/lights_driver_parameters.hpp
[19.465s] -- Symlinking: /home/nfl/husarion_rusak/src/install/husarion_ugv_lights/lib/husarion_ugv_lights/lights_driver_node
[19.472s] -- Symlinking: /home/nfl/husarion_rusak/src/install/husarion_ugv_lights/lib/husarion_ugv_lights/lights_controller_node
[19.479s] -- Symlinking: /home/nfl/husarion_rusak/src/install/husarion_ugv_lights/share/husarion_ugv_lights/animations/lynx/autonomous_action_front.png
[19.486s] -- Symlinking: /home/nfl/husarion_rusak/src/install/husarion_ugv_lights/share/husarion_ugv_lights/animations/lynx/autonomous_action_rear.png
[19.494s] -- Symlinking: /home/nfl/husarion_rusak/src/install/husarion_ugv_lights/share/husarion_ugv_lights/animations/lynx/autonomous_ready_front.png
[19.502s] -- Symlinking: /home/nfl/husarion_rusak/src/install/husarion_ugv_lights/share/husarion_ugv_lights/animations/lynx/autonomous_ready_rear.png
[19.509s] -- Symlinking: /home/nfl/husarion_rusak/src/install/husarion_ugv_lights/share/husarion_ugv_lights/animations/lynx/battery_charged_front.png
[19.516s] -- Symlinking: /home/nfl/husarion_rusak/src/install/husarion_ugv_lights/share/husarion_ugv_lights/animations/lynx/battery_charged_rear.png
[19.524s] -- Symlinking: /home/nfl/husarion_rusak/src/install/husarion_ugv_lights/share/husarion_ugv_lights/animations/lynx/blinker.png
[19.531s] -- Symlinking: /home/nfl/husarion_rusak/src/install/husarion_ugv_lights/share/husarion_ugv_lights/animations/lynx/charger_inserted_front.png
[19.539s] -- Symlinking: /home/nfl/husarion_rusak/src/install/husarion_ugv_lights/share/husarion_ugv_lights/animations/lynx/charger_inserted_rear.png
[19.546s] -- Symlinking: /home/nfl/husarion_rusak/src/install/husarion_ugv_lights/share/husarion_ugv_lights/animations/lynx/charging_battery_front.png
[19.557s] -- Symlinking: /home/nfl/husarion_rusak/src/install/husarion_ugv_lights/share/husarion_ugv_lights/animations/lynx/charging_battery_rear.png
[19.567s] -- Symlinking: /home/nfl/husarion_rusak/src/install/husarion_ugv_lights/share/husarion_ugv_lights/animations/lynx/critical_battery.png
[19.573s] -- Symlinking: /home/nfl/husarion_rusak/src/install/husarion_ugv_lights/share/husarion_ugv_lights/animations/lynx/empty.png
[19.581s] -- Symlinking: /home/nfl/husarion_rusak/src/install/husarion_ugv_lights/share/husarion_ugv_lights/animations/lynx/error.png
[19.589s] -- Symlinking: /home/nfl/husarion_rusak/src/install/husarion_ugv_lights/share/husarion_ugv_lights/animations/lynx/estop_front.png
[19.595s] -- Symlinking: /home/nfl/husarion_rusak/src/install/husarion_ugv_lights/share/husarion_ugv_lights/animations/lynx/estop_rear.png
[19.602s] -- Symlinking: /home/nfl/husarion_rusak/src/install/husarion_ugv_lights/share/husarion_ugv_lights/animations/lynx/goal_achieved_front.png
[19.609s] -- Symlinking: /home/nfl/husarion_rusak/src/install/husarion_ugv_lights/share/husarion_ugv_lights/animations/lynx/goal_achieved_rear.png
[19.616s] -- Symlinking: /home/nfl/husarion_rusak/src/install/husarion_ugv_lights/share/husarion_ugv_lights/animations/lynx/low_battery.png
[19.623s] -- Symlinking: /home/nfl/husarion_rusak/src/install/husarion_ugv_lights/share/husarion_ugv_lights/animations/lynx/lynx_animations.svg
[19.631s] -- Symlinking: /home/nfl/husarion_rusak/src/install/husarion_ugv_lights/share/husarion_ugv_lights/animations/lynx/manual_action_front.png
[19.639s] -- Symlinking: /home/nfl/husarion_rusak/src/install/husarion_ugv_lights/share/husarion_ugv_lights/animations/lynx/manual_action_rear.png
[19.647s] -- Symlinking: /home/nfl/husarion_rusak/src/install/husarion_ugv_lights/share/husarion_ugv_lights/animations/lynx/ready_front.png
[19.655s] -- Symlinking: /home/nfl/husarion_rusak/src/install/husarion_ugv_lights/share/husarion_ugv_lights/animations/lynx/ready_rear.png
[19.662s] -- Symlinking: /home/nfl/husarion_rusak/src/install/husarion_ugv_lights/share/husarion_ugv_lights/animations/panther/autonomous_action_front.png
[19.670s] -- Symlinking: /home/nfl/husarion_rusak/src/install/husarion_ugv_lights/share/husarion_ugv_lights/animations/panther/autonomous_action_rear.png
[19.677s] -- Symlinking: /home/nfl/husarion_rusak/src/install/husarion_ugv_lights/share/husarion_ugv_lights/animations/panther/autonomous_ready_front.png
[19.684s] -- Symlinking: /home/nfl/husarion_rusak/src/install/husarion_ugv_lights/share/husarion_ugv_lights/animations/panther/autonomous_ready_rear.png
[19.692s] -- Symlinking: /home/nfl/husarion_rusak/src/install/husarion_ugv_lights/share/husarion_ugv_lights/animations/panther/battery_charged_front.png
[19.700s] -- Symlinking: /home/nfl/husarion_rusak/src/install/husarion_ugv_lights/share/husarion_ugv_lights/animations/panther/battery_charged_rear.png
[19.708s] -- Symlinking: /home/nfl/husarion_rusak/src/install/husarion_ugv_lights/share/husarion_ugv_lights/animations/panther/blinker.png
[19.717s] -- Symlinking: /home/nfl/husarion_rusak/src/install/husarion_ugv_lights/share/husarion_ugv_lights/animations/panther/charger_inserted_front.png
[19.724s] -- Symlinking: /home/nfl/husarion_rusak/src/install/husarion_ugv_lights/share/husarion_ugv_lights/animations/panther/charger_inserted_rear.png
[19.732s] -- Symlinking: /home/nfl/husarion_rusak/src/install/husarion_ugv_lights/share/husarion_ugv_lights/animations/panther/charging_battery_front.png
[19.739s] -- Symlinking: /home/nfl/husarion_rusak/src/install/husarion_ugv_lights/share/husarion_ugv_lights/animations/panther/charging_battery_rear.png
[19.749s] -- Symlinking: /home/nfl/husarion_rusak/src/install/husarion_ugv_lights/share/husarion_ugv_lights/animations/panther/critical_battery.png
[19.757s] -- Symlinking: /home/nfl/husarion_rusak/src/install/husarion_ugv_lights/share/husarion_ugv_lights/animations/panther/empty.png
[19.765s] -- Symlinking: /home/nfl/husarion_rusak/src/install/husarion_ugv_lights/share/husarion_ugv_lights/animations/panther/error.png
[19.771s] -- Symlinking: /home/nfl/husarion_rusak/src/install/husarion_ugv_lights/share/husarion_ugv_lights/animations/panther/estop_front.png
[19.779s] -- Symlinking: /home/nfl/husarion_rusak/src/install/husarion_ugv_lights/share/husarion_ugv_lights/animations/panther/estop_rear.png
[19.786s] -- Symlinking: /home/nfl/husarion_rusak/src/install/husarion_ugv_lights/share/husarion_ugv_lights/animations/panther/goal_achieved_front.png
[19.792s] -- Symlinking: /home/nfl/husarion_rusak/src/install/husarion_ugv_lights/share/husarion_ugv_lights/animations/panther/goal_achieved_rear.png
[19.800s] -- Symlinking: /home/nfl/husarion_rusak/src/install/husarion_ugv_lights/share/husarion_ugv_lights/animations/panther/low_battery.png
[19.806s] -- Symlinking: /home/nfl/husarion_rusak/src/install/husarion_ugv_lights/share/husarion_ugv_lights/animations/panther/manual_action_front.png
[19.814s] -- Symlinking: /home/nfl/husarion_rusak/src/install/husarion_ugv_lights/share/husarion_ugv_lights/animations/panther/manual_action_rear.png
[19.821s] -- Symlinking: /home/nfl/husarion_rusak/src/install/husarion_ugv_lights/share/husarion_ugv_lights/animations/panther/panther_animations.svg
[19.831s] -- Symlinking: /home/nfl/husarion_rusak/src/install/husarion_ugv_lights/share/husarion_ugv_lights/animations/panther/ready_front.png
[19.838s] -- Symlinking: /home/nfl/husarion_rusak/src/install/husarion_ugv_lights/share/husarion_ugv_lights/animations/panther/ready_rear.png
[19.846s] -- Symlinking: /home/nfl/husarion_rusak/src/install/husarion_ugv_lights/share/husarion_ugv_lights/config/lynx_animations.yaml
[19.853s] -- Symlinking: /home/nfl/husarion_rusak/src/install/husarion_ugv_lights/share/husarion_ugv_lights/config/lynx_driver.yaml
[19.860s] -- Symlinking: /home/nfl/husarion_rusak/src/install/husarion_ugv_lights/share/husarion_ugv_lights/config/panther_animations.yaml
[19.868s] -- Symlinking: /home/nfl/husarion_rusak/src/install/husarion_ugv_lights/share/husarion_ugv_lights/config/panther_driver.yaml
[19.877s] -- Symlinking: /home/nfl/husarion_rusak/src/install/husarion_ugv_lights/share/husarion_ugv_lights/config/user_animations.yaml
[19.885s] -- Symlinking: /home/nfl/husarion_rusak/src/install/husarion_ugv_lights/share/husarion_ugv_lights/launch/lights.launch.py
[19.892s] -- Symlinking: /home/nfl/husarion_rusak/src/install/husarion_ugv_lights/share/husarion_ugv_lights/test/files/animation.png
[19.899s] -- Symlinking: /home/nfl/husarion_rusak/src/install/husarion_ugv_lights/share/husarion_ugv_lights/test/integration/husarion_ugv_lights.test.py
[19.908s] -- Symlinking: /home/nfl/husarion_rusak/src/install/husarion_ugv_lights/share/husarion_ugv_lights/test/unit/animation/test_animation.cpp
[19.916s] -- Symlinking: /home/nfl/husarion_rusak/src/install/husarion_ugv_lights/share/husarion_ugv_lights/test/unit/animation/test_image_animation.cpp
[19.923s] -- Symlinking: /home/nfl/husarion_rusak/src/install/husarion_ugv_lights/share/husarion_ugv_lights/test/unit/animation/test_moving_image_animation.cpp
[19.930s] -- Symlinking: /home/nfl/husarion_rusak/src/install/husarion_ugv_lights/share/husarion_ugv_lights/test/unit/led_components/test_led_animation.cpp
[19.938s] -- Symlinking: /home/nfl/husarion_rusak/src/install/husarion_ugv_lights/share/husarion_ugv_lights/test/unit/led_components/test_led_panel.cpp
[19.946s] -- Symlinking: /home/nfl/husarion_rusak/src/install/husarion_ugv_lights/share/husarion_ugv_lights/test/unit/led_components/test_led_segment.cpp
[19.954s] -- Symlinking: /home/nfl/husarion_rusak/src/install/husarion_ugv_lights/share/husarion_ugv_lights/test/unit/led_components/test_segment_converter.cpp
[19.961s] -- Symlinking: /home/nfl/husarion_rusak/src/install/husarion_ugv_lights/share/husarion_ugv_lights/test/unit/led_components/test_segment_layer_interface.cpp
[19.968s] -- Symlinking: /home/nfl/husarion_rusak/src/install/husarion_ugv_lights/share/husarion_ugv_lights/test/unit/test_apa102.cpp
[19.977s] -- Symlinking: /home/nfl/husarion_rusak/src/install/husarion_ugv_lights/share/husarion_ugv_lights/test/unit/test_lights_controller_node.cpp
[19.983s] -- Symlinking: /home/nfl/husarion_rusak/src/install/husarion_ugv_lights/share/husarion_ugv_lights/test/unit/test_lights_driver_node.cpp
[19.992s] -- Symlinking: /home/nfl/husarion_rusak/src/install/husarion_ugv_lights/include/husarion_ugv_lights/husarion_ugv_lights/animation/animation.hpp
[19.999s] -- Symlinking: /home/nfl/husarion_rusak/src/install/husarion_ugv_lights/include/husarion_ugv_lights/husarion_ugv_lights/animation/image_animation.hpp
[20.005s] -- Symlinking: /home/nfl/husarion_rusak/src/install/husarion_ugv_lights/include/husarion_ugv_lights/husarion_ugv_lights/animation/moving_image_animation.hpp
[20.014s] -- Symlinking: /home/nfl/husarion_rusak/src/install/husarion_ugv_lights/include/husarion_ugv_lights/husarion_ugv_lights/apa102.hpp
[20.021s] -- Symlinking: /home/nfl/husarion_rusak/src/install/husarion_ugv_lights/include/husarion_ugv_lights/husarion_ugv_lights/led_components/led_animation.hpp
[20.028s] -- Symlinking: /home/nfl/husarion_rusak/src/install/husarion_ugv_lights/include/husarion_ugv_lights/husarion_ugv_lights/led_components/led_panel.hpp
[20.035s] -- Symlinking: /home/nfl/husarion_rusak/src/install/husarion_ugv_lights/include/husarion_ugv_lights/husarion_ugv_lights/led_components/led_segment.hpp
[20.042s] -- Symlinking: /home/nfl/husarion_rusak/src/install/husarion_ugv_lights/include/husarion_ugv_lights/husarion_ugv_lights/led_components/segment_converter.hpp
[20.049s] -- Symlinking: /home/nfl/husarion_rusak/src/install/husarion_ugv_lights/include/husarion_ugv_lights/husarion_ugv_lights/led_components/segment_layer.hpp
[20.059s] -- Symlinking: /home/nfl/husarion_rusak/src/install/husarion_ugv_lights/include/husarion_ugv_lights/husarion_ugv_lights/led_components/segment_layer_interface.hpp
[20.068s] -- Symlinking: /home/nfl/husarion_rusak/src/install/husarion_ugv_lights/include/husarion_ugv_lights/husarion_ugv_lights/led_components/segment_queue_layer.hpp
[20.077s] -- Symlinking: /home/nfl/husarion_rusak/src/install/husarion_ugv_lights/include/husarion_ugv_lights/husarion_ugv_lights/lights_controller_node.hpp
[20.083s] -- Symlinking: /home/nfl/husarion_rusak/src/install/husarion_ugv_lights/include/husarion_ugv_lights/husarion_ugv_lights/lights_driver_node.hpp
[20.090s] -- Symlinking: /home/nfl/husarion_rusak/src/install/husarion_ugv_lights/share/husarion_ugv_lights/environment/library_path.sh
[20.097s] -- Symlinking: /home/nfl/husarion_rusak/src/install/husarion_ugv_lights/share/husarion_ugv_lights/environment/library_path.dsv
[20.104s] -- Up-to-date symlink: /home/nfl/husarion_rusak/src/install/husarion_ugv_lights/share/husarion_ugv_lights//plugins.xml
[20.104s] -- Symlinking: /home/nfl/husarion_rusak/src/install/husarion_ugv_lights/share/ament_index/resource_index/package_run_dependencies/husarion_ugv_lights
[20.111s] -- Symlinking: /home/nfl/husarion_rusak/src/install/husarion_ugv_lights/share/ament_index/resource_index/parent_prefix_path/husarion_ugv_lights
[20.121s] -- Symlinking: /home/nfl/husarion_rusak/src/install/husarion_ugv_lights/share/husarion_ugv_lights/environment/ament_prefix_path.sh
[20.128s] -- Symlinking: /home/nfl/husarion_rusak/src/install/husarion_ugv_lights/share/husarion_ugv_lights/environment/ament_prefix_path.dsv
[20.136s] -- Symlinking: /home/nfl/husarion_rusak/src/install/husarion_ugv_lights/share/husarion_ugv_lights/environment/path.sh
[20.143s] -- Symlinking: /home/nfl/husarion_rusak/src/install/husarion_ugv_lights/share/husarion_ugv_lights/environment/path.dsv
[20.150s] -- Symlinking: /home/nfl/husarion_rusak/src/install/husarion_ugv_lights/share/husarion_ugv_lights/local_setup.bash
[20.156s] -- Symlinking: /home/nfl/husarion_rusak/src/install/husarion_ugv_lights/share/husarion_ugv_lights/local_setup.sh
[20.166s] -- Symlinking: /home/nfl/husarion_rusak/src/install/husarion_ugv_lights/share/husarion_ugv_lights/local_setup.zsh
[20.172s] -- Symlinking: /home/nfl/husarion_rusak/src/install/husarion_ugv_lights/share/husarion_ugv_lights/local_setup.dsv
[20.181s] -- Symlinking: /home/nfl/husarion_rusak/src/install/husarion_ugv_lights/share/husarion_ugv_lights/package.dsv
[20.188s] -- Symlinking: /home/nfl/husarion_rusak/src/install/husarion_ugv_lights/share/ament_index/resource_index/packages/husarion_ugv_lights
[20.194s] -- Symlinking: /home/nfl/husarion_rusak/src/install/husarion_ugv_lights/share/ament_index/resource_index/husarion_ugv_lights__pluginlib__plugin/husarion_ugv_lights
[20.203s] -- Symlinking: /home/nfl/husarion_rusak/src/install/husarion_ugv_lights/share/ament_index/resource_index/rclcpp_components/husarion_ugv_lights
[20.213s] -- Symlinking: /home/nfl/husarion_rusak/src/install/husarion_ugv_lights/share/husarion_ugv_lights/cmake/ament_cmake_export_dependencies-extras.cmake
[20.220s] -- Symlinking: /home/nfl/husarion_rusak/src/install/husarion_ugv_lights/share/husarion_ugv_lights/cmake/ament_cmake_export_include_directories-extras.cmake
[20.228s] -- Symlinking: /home/nfl/husarion_rusak/src/install/husarion_ugv_lights/share/husarion_ugv_lights/cmake/ament_cmake_export_targets-extras.cmake
[20.235s] -- Symlinking: /home/nfl/husarion_rusak/src/install/husarion_ugv_lights/share/husarion_ugv_lights/cmake/husarion_ugv_lightsConfig.cmake
[20.244s] -- Symlinking: /home/nfl/husarion_rusak/src/install/husarion_ugv_lights/share/husarion_ugv_lights/cmake/husarion_ugv_lightsConfig-version.cmake
[20.251s] -- Symlinking: /home/nfl/husarion_rusak/src/install/husarion_ugv_lights/share/husarion_ugv_lights/package.xml
[20.258s] -- Installing: /home/nfl/husarion_rusak/src/install/husarion_ugv_lights/lib/libanimation_plugins.so
[20.258s] -- Set non-toolchain portion of runtime path of "/home/nfl/husarion_rusak/src/install/husarion_ugv_lights/lib/libanimation_plugins.so" to ""
[20.259s] -- Installing: /home/nfl/husarion_rusak/src/install/husarion_ugv_lights/lib/liblights_driver_node_component.so
[20.259s] -- Set non-toolchain portion of runtime path of "/home/nfl/husarion_rusak/src/install/husarion_ugv_lights/lib/liblights_driver_node_component.so" to ""
[20.260s] -- Installing: /home/nfl/husarion_rusak/src/install/husarion_ugv_lights/lib/liblights_controller_node_component.so
[20.260s] -- Set non-toolchain portion of runtime path of "/home/nfl/husarion_rusak/src/install/husarion_ugv_lights/lib/liblights_controller_node_component.so" to ""
[20.260s] -- Installing: /home/nfl/husarion_rusak/src/install/husarion_ugv_lights/share/husarion_ugv_lights/cmake/export_husarion_ugv_lightsExport.cmake
[20.260s] -- Installing: /home/nfl/husarion_rusak/src/install/husarion_ugv_lights/share/husarion_ugv_lights/cmake/export_husarion_ugv_lightsExport-release.cmake
[20.262s] Invoked command in '/home/nfl/husarion_rusak/src/build/husarion_ugv_lights' returned '0': AMENT_PREFIX_PATH=/home/nfl/husarion_rusak/src/install/husarion_ugv_utils:/home/nfl/husarion_rusak/src/install/husarion_ugv_msgs:${AMENT_PREFIX_PATH} CMAKE_PREFIX_PATH=/home/nfl/husarion_rusak/src/install/husarion_ugv_utils:/home/nfl/husarion_rusak/src/install/husarion_ugv_msgs:/opt/ros/jazzy/opt/gz_sim_vendor:/opt/ros/jazzy/opt/gz_sensors_vendor:/opt/ros/jazzy/opt/gz_physics_vendor:/opt/ros/jazzy/opt/sdformat_vendor:/opt/ros/jazzy/opt/gz_gui_vendor:/opt/ros/jazzy/opt/gz_transport_vendor:/opt/ros/jazzy/opt/gz_rendering_vendor:/opt/ros/jazzy/opt/gz_plugin_vendor:/opt/ros/jazzy/opt/gz_fuel_tools_vendor:/opt/ros/jazzy/opt/gz_msgs_vendor:/opt/ros/jazzy/opt/gz_common_vendor:/opt/ros/jazzy/opt/gz_math_vendor:/opt/ros/jazzy/opt/gz_utils_vendor:/opt/ros/jazzy/opt/gz_tools_vendor:/opt/ros/jazzy/opt/gz_ogre_next_vendor:/opt/ros/jazzy/opt/gz_dartsim_vendor:/opt/ros/jazzy/opt/gz_cmake_vendor:/opt/ros/jazzy DEBUGINFOD_URLS=https://debuginfod.ubuntu.com LD_LIBRARY_PATH=/home/nfl/husarion_rusak/src/install/husarion_ugv_msgs/lib:/opt/ros/jazzy/opt/gz_sim_vendor/lib:/opt/ros/jazzy/opt/gz_sensors_vendor/lib:/opt/ros/jazzy/opt/gz_physics_vendor/lib:/opt/ros/jazzy/opt/sdformat_vendor/lib:/opt/ros/jazzy/opt/rviz_ogre_vendor/lib:/opt/ros/jazzy/lib/x86_64-linux-gnu:/opt/ros/jazzy/opt/libphidget22/lib:/opt/ros/jazzy/opt/gz_gui_vendor/lib:/opt/ros/jazzy/opt/gz_transport_vendor/lib:/opt/ros/jazzy/opt/gz_rendering_vendor/lib:/opt/ros/jazzy/opt/gz_plugin_vendor/lib:/opt/ros/jazzy/opt/gz_fuel_tools_vendor/lib:/opt/ros/jazzy/opt/gz_msgs_vendor/lib:/opt/ros/jazzy/opt/gz_common_vendor/lib:/opt/ros/jazzy/opt/gz_math_vendor/lib:/opt/ros/jazzy/opt/gz_utils_vendor/lib:/opt/ros/jazzy/opt/gz_tools_vendor/lib:/opt/ros/jazzy/opt/gz_ogre_next_vendor/lib:/opt/ros/jazzy/opt/gz_dartsim_vendor/lib:/opt/ros/jazzy/opt/gz_cmake_vendor/lib:/opt/ros/jazzy/lib:/usr/local/lib PYTHONPATH=/home/nfl/husarion_rusak/src/install/husarion_ugv_utils/lib/python3.12/site-packages:/home/nfl/husarion_rusak/src/install/husarion_ugv_msgs/lib/python3.12/site-packages:${PYTHONPATH} /usr/bin/cmake --install /home/nfl/husarion_rusak/src/build/husarion_ugv_lights
